connected to 192.168.1.14
time,left,right,piLeft,piRight,piConf,piP,piI,piD,cam0Left,cam0Right,cam0Conf,cam0P,cam0I,cam0D,cam1Left,cam1Right,cam1Conf,cam1P,cam1I,cam1D
1554768122.71,36,30,36.3333333333,30.0,9.74545454547,-18.981,-18.981,-18.981,0,0,0,0,0,0,0,0,0,0,0,0
1554768122.75,36,30,36.0,30.3333333333,4.80303030303,-17.649,-36.63,1.332,0,0,0,0,0,0,0,0,0,0,0,0
1554768122.84,36,29,36.6666666667,29.6666666667,10.2121212121,-20.1465,-56.7765,-2.4975,0,0,0,0,0,0,0,0,0,0,0,0
1554768122.94,37,29,37.0,29.3333333333,11.0636363636,-22.644,-79.4205,-2.4975,0,0,0,0,0,0,0,0,0,0,0,0
1554768123.03,37,28,37.3333333333,29.0,11.5818181818,-25.4745,-104.895,-2.8305,0,0,0,0,0,0,0,0,0,0,0,0
1554768123.12,37,28,37.6666666667,28.6666666667,12.4121212121,-27.639,-132.534,-2.1645,0,0,0,0,0,0,0,0,0,0,0,0
1554768123.22,38,28,38.3333333333,28.0,12.2363636364,-31.8015,-164.3355,-4.1625,0,0,0,0,0,0,0,0,0,0,0,0
1554768123.31,39,27,39.3333333333,27.0,11.9757575758,-37.7955,-202.131,-5.994,0,0,0,0,0,0,0,0,0,0,0,0
1554768123.4,40,26,40.0,26.3333333333,11.5696969697,-41.1255,-243.2565,-3.33,0,0,0,0,0,0,0,0,0,0,0,0
1554768123.5,40,26,40.3333333333,26.0,9.1212121212,-43.7895,-287.046,-2.664,0,0,0,0,0,0,0,0,0,0,0,0
1554768123.59,40,25,40.6666666667,25.6666666667,7.2787878788,-45.7874898376,-332.833489838,-1.99798983765,0,0,0,0,0,0,0,0,0,0,0,0
1554768123.69,41,25,41.0,25.3333333333,5.8696969697,-47.286,-380.119489838,-1.49851016235,0,0,0,0,0,0,0,0,0,0,0,0
1554768123.78,41,25,41.3333333333,25.0,3.42424242423,-48.285,-428.404489838,-0.999,0,0,0,0,0,0,0,0,0,0,0,0
1554768123.87,41,25,41.3333333333,25.0,1.94545454545,-48.7845,-477.188989838,-0.4995,0,0,0,0,0,0,0,0,0,0,0,0
1554768123.97,41,24,41.6666666667,24.6666666667,0.436363636363,-50.1165,-527.305489838,-1.332,0,0,0,0,0,0,0,0,0,0,0,0
1554768124.06,41,24,0.0,0.0,0.0,0.0,0.0,0.0,0,0,0,0,0,0,0,0,0,0,0,0,-1
1554768124.15,41,24,0.0,0.0,0.0,0.0,0.0,0.0,0,0,0,0,0,0,0,0,0,0,0,0,-1
1554768124.25,41,24,0.0,0.0,0.0,0.0,0.0,0.0,0,0,0,0,0,0,0,0,0,0,0,0,-1
1554768124.34,41,24,0.0,0.0,0.0,0.0,0.0,0.0,0,0,0,0,0,0,0,0,0,0,0,0,-1
1554768124.44,41,24,0.0,0.0,0.0,0.0,0.0,0.0,0,0,0,0,0,0,0,0,0,0,0,0,-1
1554768124.53,41,24,0.0,0.0,0.0,0.0,0.0,0.0,0,0,0,0,0,0,0,0,0,0,0,0,-1
1554768124.64,41,24,0.0,0.0,0.0,0.0,0.0,0.0,0,0,0,0,0,0,0,0,0,0,0,0,-1
1554768124.72,41,24,0.0,0.0,0.0,0.0,0.0,0.0,0,0,0,0,0,0,0,0,0,0,0,0,-1
1554768124.81,41,24,0.0,0.0,0.0,0.0,0.0,0.0,0,0,0,0,0,0,0,0,0,0,0,0,-1
1554768124.9,41,24,0.0,0.0,0.0,0.0,0.0,0.0,0,0,0,0,0,0,0,0,0,0,0,0,-1
1554768125.0,41,24,0.0,0.0,0.0,0.0,0.0,0.0,0,0,0,0,0,0,0,0,0,0,0,0,-1
1554768125.09,41,24,0.0,0.0,0.0,0.0,0.0,0.0,0,0,0,0,0,0,0,0,0,0,0,0,-1
1554768125.19,41,24,0.0,0.0,0.0,0.0,0.0,0.0,0,0,0,0,0,0,0,0,0,0,0,0,-1
1554768125.28,41,24,0.0,0.0,0.0,0.0,0.0,0.0,0,0,0,0,0,0,0,0,0,0,0,0,-1
1554768125.37,41,24,41.6666666667,24.6666666667,0.336363636363,-50.4495,-577.754989838,-0.333,0,0,0,0,0,0,0,0,0,0,0,0
1554768125.51,41,25,41.0,25.3333333333,1.15454545455,-47.4525,-625.207489838,2.997,0,0,0,0,0,0,0,0,0,0,0,0
1554768125.6,40,25,40.6666666667,25.6666666667,2.55757575758,-44.5653550415,-669.772844879,2.8871449585,0,0,0,0,0,0,0,0,0,0,0,0
1554768125.69,39,27,39.3333333333,27.0,2.5303030303,-37.1502921753,-706.923137054,7.41506286621,0,0,0,0,0,0,0,0,0,0,0,0
1554768125.78,38,28,38.0,28.3333333333,2.70303030303,-28.971,-735.894137054,8.17929217529,0,0,0,0,0,0,0,0,0,0,0,0
1554768125.87,38,28,38.0,28.3333333333,4.36666666667,-29.0176096344,-764.911746689,-0.0466096343994,0,0,0,0,0,0,0,0,0,0,0,0
1554768125.97,35,30,35.6666666667,30.6666666667,2.68787878788,-15.651,-780.562746689,13.3666096344,0,0,0,0,0,0,0,0,0,0,0,0
1554768126.06,35,31,35.0,31.3333333333,5.7090909091,-11.0376471863,-791.600393875,4.61335281372,0,0,0,0,0,0,0,0,0,0,0,0
1554768126.15,34,32,34.3333333333,32.0,10.4393939394,-6.29850476074,-797.898898636,4.73914242554,0,0,0,0,0,0,0,0,0,0,0,0
1554768126.25,32,33,32.6666666667,33.6666666667,12.5121212121,2.38802096558,-795.51087767,8.68652572632,0,0,0,0,0,0,0,0,0,0,0,0
1554768126.34,31,35,31.0,35.3333333333,11.7393939394,13.9526979675,-781.558179703,11.564677002,0,0,0,0,0,0,0,0,0,0,0,0
1554768126.44,28,38,28.0,38.3333333333,10.2606060606,30.1365,-751.421679703,16.1838020325,0,0,0,0,0,0,0,0,0,0,0,0
1554768126.53,26,39,26.6666666667,39.6666666667,12.9212121212,38.4615,-712.960179703,8.325,0,0,0,0,0,0,0,0,0,0,0,0
1554768126.62,26,40,26.3333333333,40.0,6.41515151517,41.4585,-671.501679703,2.997,0,0,0,0,0,0,0,0,0,0,0,0
1554768126.72,25,41,25.3333333333,41.0,3.27878787879,46.62,-624.881679703,5.1615,0,0,0,0,0,0,0,0,0,0,0,0
1554768126.81,25,41,0.0,0.0,0.0,0.0,0.0,0.0,0,0,0,0,0,0,0,0,0,0,0,0,-1
1554768126.9,25,41,0.0,0.0,0.0,0.0,0.0,0.0,0,0,0,0,0,0,0,0,0,0,0,0,-1
1554768127.05,25,41,0.0,0.0,0.0,0.0,0.0,0.0,0,0,0,0,0,0,0,0,0,0,0,0,-1
1554768127.13,25,41,0.0,0.0,0.0,0.0,0.0,0.0,0,0,0,0,0,0,0,0,0,0,0,0,-1
1554768127.22,25,41,0.0,0.0,0.0,0.0,0.0,0.0,0,0,0,0,0,0,0,0,0,0,0,0,-1
1554768127.31,25,41,0.0,0.0,0.0,0.0,0.0,0.0,0,0,0,0,0,0,0,0,0,0,0,0,-1
1554768127.4,25,41,0.0,0.0,0.0,0.0,0.0,0.0,0,0,0,0,0,0,0,0,0,0,0,0,-1
1554768127.5,25,41,0.0,0.0,0.0,0.0,0.0,0.0,0,0,0,0,0,0,0,0,0,0,0,0,-1
1554768127.59,25,41,0.0,0.0,0.0,0.0,0.0,0.0,0,0,0,0,0,0,0,0,0,0,0,0,-1
1554768127.68,25,41,0.0,0.0,0.0,0.0,0.0,0.0,0,0,0,0,0,0,0,0,0,0,0,0,-1
1554768127.78,25,41,0.0,0.0,0.0,0.0,0.0,0.0,0,0,0,0,0,0,0,0,0,0,0,0,-1
1554768127.87,25,41,0.0,0.0,0.0,0.0,0.0,0.0,0,0,0,0,0,0,0,0,0,0,0,0,-1
1554768127.96,25,41,0.0,0.0,0.0,0.0,0.0,0.0,0,0,0,0,0,0,0,0,0,0,0,0,-1
1554768128.06,25,41,0.0,0.0,0.0,0.0,0.0,0.0,0,0,0,0,0,0,0,0,0,0,0,0,-1
1554768128.15,25,41,0.0,0.0,0.0,0.0,0.0,0.0,0,0,0,0,0,0,0,0,0,0,0,0,-1
1554768128.25,25,41,0.0,0.0,0.0,0.0,0.0,0.0,0,0,0,0,0,0,0,0,0,0,0,0,-1
1554768128.34,25,41,0.0,0.0,0.0,0.0,0.0,0.0,0,0,0,0,0,0,0,0,0,0,0,0,-1
1554768128.44,25,41,0.0,0.0,0.0,0.0,0.0,0.0,0,0,0,0,0,0,0,0,0,0,0,0,-1
1554768128.53,25,41,0.0,0.0,0.0,0.0,0.0,0.0,0,0,0,0,0,0,0,0,0,0,0,0,-1
1554768128.62,25,41,0.0,0.0,0.0,0.0,0.0,0.0,0,0,0,0,0,0,0,0,0,0,0,0,-1
1554768128.71,25,41,0.0,0.0,0.0,0.0,0.0,0.0,0,0,0,0,0,0,0,0,0,0,0,0,-1
1554768128.81,25,41,0.0,0.0,0.0,0.0,0.0,0.0,0,0,0,0,0,0,0,0,0,0,0,0,-1
1554768128.9,25,41,0.0,0.0,0.0,0.0,0.0,0.0,0,0,0,0,0,0,0,0,0,0,0,0,-1
1554768129.0,25,41,0.0,0.0,0.0,0.0,0.0,0.0,0,0,0,0,0,0,0,0,0,0,0,0,-1
1554768129.09,25,41,0.0,0.0,0.0,0.0,0.0,0.0,0,0,0,0,0,0,0,0,0,0,0,0,-1
1554768129.18,25,41,0.0,0.0,0.0,0.0,0.0,0.0,0,0,0,0,0,0,0,0,0,0,0,0,-1
1554768129.28,25,41,0.0,0.0,0.0,0.0,0.0,0.0,0,0,0,0,0,0,0,0,0,0,0,0,-1
1554768129.37,25,41,0.0,0.0,0.0,0.0,0.0,0.0,0,0,0,0,0,0,0,0,0,0,0,0,-1
