connected to 192.168.1.14
time,left,right,piLeft,piRight,piConf,piP,piI,piD,cam0Left,cam0Right,cam0Conf,cam0P,cam0I,cam0D,cam1Left,cam1Right,cam1Conf,cam1P,cam1I,cam1D
1554664508.19,36,29,0,0,0,0,0,0,36.3333333333,30.0,18.7051282051,-18.8470310342,-37.5703085727,-5.05031781866,0,0,0,0,0,0
1554664508.19,36,29,0,0,0,0,0,0,36.3333333333,30.0,18.7051282051,-18.8470310342,-37.5703085727,-5.05031781866,36.6666666667,29.6666666667,16.5512820513,-20.2003520194,-40.3996382026,-6.77058700567
1554664508.2,36,29,0,0,0,0,0,0,36.3333333333,30.0,18.3717948718,-18.6365104621,-37.4216647484,-5.14332776739,36.6666666667,29.6666666667,16.5512820513,-20.2003520194,-40.3996382026,-6.77058700567
1554664508.2,36,29,0,0,0,0,0,0,36.3333333333,30.0,18.3717948718,-18.6365104621,-37.4216647484,-5.14332776739,36.6666666667,29.6666666667,17.358974359,-21.0074289074,-41.2072480087,-6.787590402
1554664508.2,36,29,0,0,0,0,0,0,36.3333333333,30.0,19.1025641026,-19.2709360355,-37.9817684097,-5.05031781866,36.6666666667,29.6666666667,17.358974359,-21.0074289074,-41.2072480087,-6.787590402
1554664508.21,36,29,0,0,0,0,0,0,36.3333333333,30.0,19.1025641026,-19.2709360355,-37.9817684097,-5.05031781866,36.6666666667,29.6666666667,16.9871794872,-20.590224681,-41.1938486853,-6.86526016241
1554664508.22,36,29,0,0,0,0,0,0,36.3333333333,30.0,19.1153846154,-18.6873160954,-37.6782003002,-4.48316259754,36.6666666667,29.6666666667,16.9871794872,-20.590224681,-41.1938486853,-6.86526016241
1554664508.25,36,29,0,0,0,0,0,0,36.3333333333,30.0,19.1153846154,-18.6873160954,-37.6782003002,-4.48316259754,36.6666666667,29.6666666667,16.7564102564,-20.590224681,-41.1871490236,-6.86526016241
1554664508.25,36,29,0,0,0,0,0,0,36.3333333333,30.0,18.6794871795,-18.8005895968,-37.6396897469,-5.05031781866,36.6666666667,29.6666666667,16.7564102564,-20.590224681,-41.1871490236,-6.86526016241
1554664508.29,36,29,0,0,0,0,0,0,36.3333333333,30.0,18.6794871795,-18.8005895968,-37.6396897469,-5.05031781866,36.6666666667,29.6666666667,16.7051282051,-20.3052483135,-40.8988228253,-6.89728836065
1554664508.29,36,29,0,0,0,0,0,0,36.3333333333,30.0,18.6153846154,-18.7837695743,-37.6036144477,-5.05031781866,36.6666666667,29.6666666667,16.7051282051,-20.3052483135,-40.8988228253,-6.89728836065
1554664508.32,36,29,0,0,0,0,0,0,36.3333333333,30.0,18.6153846154,-18.7837695743,-37.6036144477,-5.05031781866,36.6666666667,29.6666666667,17.0769230769,-20.6370812046,-41.0864926172,-6.77058700567
1554664508.32,36,29,0,0,0,0,0,0,36.3333333333,30.0,18.1153846154,-18.3390245042,-37.1408317281,-4.06000585926,36.6666666667,29.6666666667,17.0769230769,-20.6370812046,-41.0864926172,-6.77058700567
1554664508.35,36,29,0,0,0,0,0,0,36.3333333333,30.0,18.1153846154,-18.3390245042,-37.1408317281,-4.06000585926,36.6666666667,29.6666666667,16.7307692308,-20.9081683252,-41.4514146338,-7.0278044129
1554664508.36,36,29,0,0,0,0,0,0,36.3333333333,30.0,18.4487179487,-19.812490711,-38.382906575,-5.26463438911,36.6666666667,29.6666666667,16.7307692308,-20.9081683252,-41.4514146338,-7.0278044129
1554664508.38,36,29,0,0,0,0,0,0,36.3333333333,30.0,18.4487179487,-19.812490711,-38.382906575,-5.26463438911,36.6666666667,29.6666666667,16.7051282051,-21.3791539849,-42.1048613018,-7.30096725469
1554664508.39,36,29,0,0,0,0,0,0,36.3333333333,30.0,18.3974358974,-19.0175790445,-38.209032332,-6.21796484363,36.6666666667,29.6666666667,16.7051282051,-21.3791539849,-42.1048613018,-7.30096725469
1554664508.41,36,29,0,0,0,0,0,0,36.3333333333,30.0,18.3974358974,-19.0175790445,-38.209032332,-6.21796484363,37.0,29.3333333333,17.358974359,-22.5631316814,-43.6155623324,-6.89728836065
1554664508.42,36,29,0,0,0,0,0,0,36.3333333333,30.0,18.6794871795,-19.8748482327,-38.9793643987,-6.46022100818,37.0,29.3333333333,17.358974359,-22.5631316814,-43.6155623324,-6.89728836065
1554664508.45,36,29,0,0,0,0,0,0,36.3333333333,30.0,18.6794871795,-19.8748482327,-38.9793643987,-6.46022100818,37.0,29.3333333333,17.1025641026,-22.9436104823,-44.7513916485,-7.44398788457
1554664508.45,36,29,0,0,0,0,0,0,36.6666666667,29.6666666667,18.8333333333,-20.8485201599,-40.3382023592,-6.21796484363,37.0,29.3333333333,17.1025641026,-22.9436104823,-44.7513916485,-7.44398788457
1554664508.48,36,29,0,0,0,0,0,0,36.6666666667,29.6666666667,18.8333333333,-20.8485201599,-40.3382023592,-6.21796484363,37.3333333333,29.0,17.2564102564,-24.3475258753,-46.7232216996,-7.98742713296
1554664508.48,36,29,0,0,0,0,0,0,36.6666666667,29.6666666667,18.0128205128,-20.3255399605,-40.4946411401,-7.38500650997,37.3333333333,29.0,17.2564102564,-24.3475258753,-46.7232216996,-7.98742713296
1554664508.51,36,29,0,0,0,0,0,0,36.6666666667,29.6666666667,18.0128205128,-20.3255399605,-40.4946411401,-7.38500650997,36.6666666667,29.6666666667,17.2435897436,-21.4644173985,-44.8260282483,-7.44244249117
1554664508.52,36,29,0,0,0,0,0,0,37.0,29.3333333333,18.8974358974,-22.0140120148,-42.2613325848,-7.74623175037,36.6666666667,29.6666666667,17.2435897436,-21.4644173985,-44.8260282483,-7.44244249117
1554664508.55,37,29,0,0,0,0,0,0,37.0,29.3333333333,18.8974358974,-22.0140120148,-42.2613325848,-7.74623175037,37.0,29.3333333333,17.5384615385,-23.430053497,-45.8430676211,-7.85072191012
1554664508.55,36,29,0,0,0,0,0,0,36.3333333333,30.0,18.8717948718,-19.2592547013,-40.3899209937,-7.1943715139,37.0,29.3333333333,17.5384615385,-23.430053497,-45.8430676211,-7.85072191012
1554664508.58,36,29,0,0,0,0,0,0,36.3333333333,30.0,18.8717948718,-19.2592547013,-40.3899209937,-7.1943715139,37.3333333333,29.0,17.7051282051,-24.9491661878,-47.8706999984,-8.17852647555
1554664508.59,36,29,0,0,0,0,0,0,36.6666666667,29.6666666667,19.0,-20.1770399731,-40.3720004699,-7.04198198753,37.3333333333,29.0,17.7051282051,-24.9491661878,-47.8706999984,-8.17852647555
1554664508.61,37,29,0,0,0,0,0,0,36.6666666667,29.6666666667,19.0,-20.1770399731,-40.3720004699,-7.04198198753,37.6666666667,28.6666666667,18.8333333333,-27.3318195532,-51.2671695524,-7.26226670992
1554664508.62,37,29,0,0,0,0,0,0,36.6666666667,29.6666666667,18.9615384615,-20.8335229165,-41.0195231515,-8.03689318138,37.6666666667,28.6666666667,18.8333333333,-27.3318195532,-51.2671695524,-7.26226670992
1554664508.65,36,29,0,0,0,0,0,0,36.6666666667,29.6666666667,18.9615384615,-20.8335229165,-41.0195231515,-8.03689318138,37.3333333333,29.0,18.9358974359,-24.8337412438,-50.46732602,-15.0655122544
1554664508.66,36,29,0,0,0,0,0,0,36.6666666667,29.6666666667,19.3461538462,-21.3856611145,-41.8954226903,-8.00619049737,37.3333333333,29.0,18.9358974359,-24.8337412438,-50.46732602,-15.0655122544
1554664508.68,37,29,0,0,0,0,0,0,36.6666666667,29.6666666667,19.3461538462,-21.3856611145,-41.8954226903,-8.00619049737,37.3333333333,29.0,19.5256410256,-24.4224787803,-49.6561417903,-16.0179005018
1554664508.69,37,29,0,0,0,0,0,0,37.0,29.3333333333,19.858974359,-23.2635510417,-44.2112623869,-8.47581787774,37.3333333333,29.0,19.5256410256,-24.4224787803,-49.6561417903,-16.0179005018
1554664508.71,37,29,0,0,0,0,0,0,37.0,29.3333333333,19.858974359,-23.2635510417,-44.2112623869,-8.47581787774,37.3333333333,29.0,19.9743589744,-25.3918087839,-50.2198796791,-17.3664477868
1554664508.72,36,29,0,0,0,0,0,0,36.6666666667,29.6666666667,21.1282051282,-20.225881515,-42.3315127084,-13.762204481,37.3333333333,29.0,19.9743589744,-25.3918087839,-50.2198796791,-17.3664477868
1554664508.75,37,29,0,0,0,0,0,0,36.6666666667,29.6666666667,21.1282051282,-20.225881515,-42.3315127084,-13.762204481,37.6666666667,28.6666666667,20.4487179487,-27.1063262803,-52.2162661198,-18.7923434777
1554664508.76,37,29,0,0,0,0,0,0,36.6666666667,29.6666666667,21.4230769231,-21.3768016794,-42.5425580336,-15.5706914195,37.6666666667,28.6666666667,20.4487179487,-27.1063262803,-52.2162661198,-18.7923434777
1554664508.78,37,29,0,0,0,0,0,0,36.6666666667,29.6666666667,21.4230769231,-21.3768016794,-42.5425580336,-15.5706914195,37.6666666667,28.6666666667,20.5256410256,-27.162199459,-53.2703325189,-19.1860228684
1554664508.79,37,29,0,0,0,0,0,0,36.6666666667,29.6666666667,21.3205128205,-20.8676564051,-42.1389354219,-16.7419131799,37.6666666667,28.6666666667,20.5256410256,-27.162199459,-53.2703325189,-19.1860228684
1554664508.81,37,29,0,0,0,0,0,0,36.6666666667,29.6666666667,21.3205128205,-20.8676564051,-42.1389354219,-16.7419131799,38.0,28.3333333333,20.9230769231,-29.0210942562,-55.6562605156,-20.2604399827
1554664508.82,37,28,0,0,0,0,0,0,37.0,29.3333333333,21.7435897436,-23.0723682929,-44.1418360038,-17.956390719,38.0,28.3333333333,20.9230769231,-29.0210942562,-55.6562605156,-20.2604399827
1554664508.85,37,28,0,0,0,0,0,0,37.0,29.3333333333,21.7435897436,-23.0723682929,-44.1418360038,-17.956390719,38.3333333333,28.0,21.6153846154,-31.307888109,-59.1360183668,-22.3223151598
1554664508.85,37,28,0,0,0,0,0,0,37.0,29.3333333333,22.2307692308,-23.9107191577,-45.9816371596,-19.8711093469,38.3333333333,28.0,21.6153846154,-31.307888109,-59.1360183668,-22.3223151598
1554664508.88,37,28,0,0,0,0,0,0,37.0,29.3333333333,22.2307692308,-23.9107191577,-45.9816371596,-19.8711093469,38.6666666667,27.6666666667,21.9358974359,-33.1067249876,-62.674734171,-23.323345128
1554664508.89,38,28,0,0,0,0,0,0,37.6666666667,28.6666666667,23.3333333333,-27.1814314861,-50.1722500659,-21.2364713758,38.6666666667,27.6666666667,21.9358974359,-33.1067249876,-62.674734171,-23.323345128
1554664508.92,38,28,0,0,0,0,0,0,37.6666666667,28.6666666667,23.3333333333,-27.1814314861,-50.1722500659,-21.2364713758,38.6666666667,27.6666666667,22.3974358974,-32.2964074387,-63.6337745242,-23.9812893972
1554664508.92,37,28,0,0,0,0,0,0,37.3333333333,29.0,23.8717948718,-25.4736934855,-50.5598185185,-21.0792050466,38.6666666667,27.6666666667,22.3974358974,-32.2964074387,-63.6337745242,-23.9812893972
1554664508.95,38,28,0,0,0,0,0,0,37.3333333333,29.0,23.8717948718,-25.4736934855,-50.5598185185,-21.0792050466,39.0,27.3333333333,22.641025641,-34.0407491678,-65.8576364299,-25.0088067185
1554664508.95,38,28,0,0,0,0,0,0,37.6666666667,28.6666666667,24.1923076923,-27.3772315631,-52.6571408224,-22.8367085561,39.0,27.3333333333,22.641025641,-34.0407491678,-65.8576364299,-25.0088067185
1554664508.98,38,28,0,0,0,0,0,0,37.6666666667,28.6666666667,24.1923076923,-27.3772315631,-52.6571408224,-22.8367085561,39.0,27.3333333333,23.2692307692,-35.2455388427,-68.1743570577,-25.6181040671
1554664508.99,38,27,0,0,0,0,0,0,38.0,28.3333333333,24.5,-29.1040866622,-55.4326570734,-24.4175877676,39.0,27.3333333333,23.2692307692,-35.2455388427,-68.1743570577,-25.6181040671
1554664509.01,38,27,0,0,0,0,0,0,38.0,28.3333333333,24.5,-29.1040866622,-55.4326570734,-24.4175877676,39.3333333333,27.0,24.0,-36.0666989292,-70.153877458,-31.6374684629
1554664509.02,38,27,0,0,0,0,0,0,38.0,28.3333333333,24.2820512821,-29.3795546765,-57.0958832132,-25.0699445066,39.3333333333,27.0,24.0,-36.0666989292,-70.153877458,-31.6374684629
1554664509.05,38,27,0,0,0,0,0,0,38.0,28.3333333333,24.2820512821,-29.3795546765,-57.0958832132,-25.0699445066,39.3333333333,27.0,25.2179487179,-37.3309560611,-72.4078947901,-32.7825757322
1554664509.06,38,27,0,0,0,0,0,0,38.3333333333,28.0,25.4615384615,-30.6295306295,-59.1774722361,-25.804889163,39.3333333333,27.0,25.2179487179,-37.3309560611,-72.4078947901,-32.7825757322
1554664509.08,38,27,0,0,0,0,0,0,38.3333333333,28.0,25.4615384615,-30.6295306295,-59.1774722361,-25.804889163,39.3333333333,27.0,25.9102564103,-37.7716715576,-73.9756189527,-33.0632242765
1554664509.09,38,27,0,0,0,0,0,0,38.3333333333,28.0,26.3974358974,-31.4451544922,-61.0338906102,-26.6279444303,39.3333333333,27.0,25.9102564103,-37.7716715576,-73.9756189527,-33.0632242765
1554664509.12,39,26,0,0,0,0,0,0,38.3333333333,28.0,26.3974358974,-31.4451544922,-61.0338906102,-26.6279444303,40.6666666667,25.6666666667,26.2948717949,-44.9936507813,-81.9814602577,-24.7473135947
1554664509.12,39,26,0,0,0,0,0,0,38.6666666667,27.6666666667,27.1923076923,-33.2814806,-63.7984259051,-32.4466400395,40.6666666667,25.6666666667,26.2948717949,-44.9936507813,-81.9814602577,-24.7473135947
1554664509.15,39,26,0,0,0,0,0,0,38.6666666667,27.6666666667,27.1923076923,-33.2814806,-63.7984259051,-32.4466400395,40.6666666667,25.6666666667,26.3974358974,-44.2755088219,-85.2662389507,-23.0983374533
1554664509.15,39,26,0,0,0,0,0,0,38.6666666667,27.6666666667,27.8974358974,-32.8806362267,-64.7798491793,-32.7490899162,40.6666666667,25.6666666667,26.3974358974,-44.2755088219,-85.2662389507,-23.0983374533
1554664509.18,39,26,0,0,0,0,0,0,38.6666666667,27.6666666667,27.8974358974,-32.8806362267,-64.7798491793,-32.7490899162,40.6666666667,25.6666666667,26.0769230769,-44.6139240596,-87.247043535,-22.7887755176
1554664509.19,39,26,0,0,0,0,0,0,39.0,27.3333333333,28.1923076923,-35.0975883495,-67.4875129392,-33.1181962089,40.6666666667,25.6666666667,26.0769230769,-44.6139240596,-87.247043535,-22.7887755176
1554664509.21,39,26,0,0,0,0,0,0,39.0,27.3333333333,28.1923076923,-35.0975883495,-67.4875129392,-33.1181962089,41.0,25.3333333333,26.0512820513,-46.6978346035,-90.321356371,-23.0384436389
1554664509.22,39,26,0,0,0,0,0,0,39.0,27.3333333333,28.8974358974,-35.8172158682,-69.5609723378,-33.2874010193,41.0,25.3333333333,26.0512820513,-46.6978346035,-90.321356371,-23.0384436389
1554664509.25,39,26,0,0,0,0,0,0,39.0,27.3333333333,28.8974358974,-35.8172158682,-69.5609723378,-33.2874010193,40.6666666667,25.6666666667,26.4871794872,-45.8814397748,-91.0421179603,-21.6089906571
1554664509.25,40,25,0,0,0,0,0,0,40.3333333333,26.0,29.0256410256,-43.0677211793,-77.8482073483,-24.4221297046,40.6666666667,25.6666666667,26.4871794872,-45.8814397748,-91.0421179603,-21.6089906571
1554664509.28,40,25,0,0,0,0,0,0,40.3333333333,26.0,29.0256410256,-43.0677211793,-77.8482073483,-24.4221297046,41.0,25.3333333333,25.1794871795,-47.8567881986,-93.3778471788,-23.7100801346
1554664509.29,40,25,0,0,0,0,0,0,40.3333333333,26.0,29.0769230769,-42.3912985014,-81.3154021755,-23.4640961039,41.0,25.3333333333,25.1794871795,-47.8567881986,-93.3778471788,-23.7100801346
1554664509.31,40,25,0,0,0,0,0,0,40.3333333333,26.0,29.0769230769,-42.3912985014,-81.3154021755,-23.4640961039,41.3333333333,25.0,23.6923076923,-48.2545449755,-94.9434685649,-26.5650561513
1554664509.32,40,25,0,0,0,0,0,0,40.3333333333,26.0,29.3461538462,-43.3292514948,-83.9869525826,-22.5944168421,41.3333333333,25.0,23.6923076923,-48.2545449755,-94.9434685649,-26.5650561513
1554664509.35,40,25,0,0,0,0,0,0,40.3333333333,26.0,29.3461538462,-43.3292514948,-83.9869525826,-22.5944168421,41.0,25.3333333333,22.2692307692,-47.9190210998,-95.3907553822,-31.7924093475
1554664509.35,40,25,0,0,0,0,0,0,40.6666666667,25.6666666667,29.1153846154,-44.8568122586,-86.8502885499,-22.7275501192,41.0,25.3333333333,22.2692307692,-47.9190210998,-95.3907553822,-31.7924093475
1554664509.38,41,25,0,0,0,0,0,0,40.6666666667,25.6666666667,29.1153846154,-44.8568122586,-86.8502885499,-22.7275501192,41.6666666667,24.6666666667,20.9871794872,-50.2784392469,-97.973816938,-32.1970230973
1554664509.39,41,25,0,0,0,0,0,0,40.6666666667,25.6666666667,28.9743589744,-45.1214971727,-88.5466414477,-22.4609677341,41.6666666667,24.6666666667,20.9871794872,-50.2784392469,-97.973816938,-32.1970230973
1554664509.41,41,25,0,0,0,0,0,0,40.6666666667,25.6666666667,28.9743589744,-45.1214971727,-88.5466414477,-22.4609677341,42.0,24.3333333333,20.6282051282,-52.9347803273,-101.921688796,-31.7995869663
1554664509.42,41,25,0,0,0,0,0,0,40.6666666667,25.6666666667,27.6153846154,-45.548113117,-89.8214338408,-24.4832346157,42.0,24.3333333333,20.6282051282,-52.9347803273,-101.921688796,-31.7995869663
1554664509.45,41,24,0,0,0,0,0,0,40.6666666667,25.6666666667,27.6153846154,-45.548113117,-89.8214338408,-24.4832346157,42.3333333333,24.0,20.2692307692,-54.0952968142,-105.056141212,-33.2638590054
1554664509.46,41,24,0,0,0,0,0,0,40.6666666667,25.6666666667,25.4615384615,-44.3923386789,-89.3030555993,-30.169868104,42.3333333333,24.0,20.2692307692,-54.0952968142,-105.056141212,-33.2638590054
1554664509.48,41,24,0,0,0,0,0,0,40.6666666667,25.6666666667,25.4615384615,-44.3923386789,-89.3030555993,-30.169868104,42.3333333333,24.0,19.5641025641,-55.7300219067,-108.258092513,-34.1345249338
1554664509.49,41,24,0,0,0,0,0,0,40.6666666667,25.6666666667,25.2435897436,-45.3969792563,-90.048507056,-30.8573408778,42.3333333333,24.0,19.5641025641,-55.7300219067,-108.258092513,-34.1345249338
1554664509.51,41,24,0,0,0,0,0,0,40.6666666667,25.6666666667,25.2435897436,-45.3969792563,-90.048507056,-30.8573408778,42.6666666667,23.6666666667,19.141025641,-56.8907713287,-111.019817585,-35.2037869389
1554664509.52,41,24,0,0,0,0,0,0,41.3333333333,25.0,23.8846153846,-49.6583452277,-94.6825987557,-32.1800193817,42.6666666667,23.6666666667,19.141025641,-56.8907713287,-111.019817585,-35.2037869389
1554664509.55,41,24,0,0,0,0,0,0,41.3333333333,25.0,23.8846153846,-49.6583452277,-94.6825987557,-32.1800193817,42.6666666667,23.6666666667,18.0256410256,-57.4048772422,-112.914786035,-34.5821428729
1554664509.56,42,24,0,0,0,0,0,0,41.6666666667,24.6666666667,23.4230769231,-50.2165322648,-97.5578316426,-30.9534299296,42.6666666667,23.6666666667,18.0256410256,-57.4048772422,-112.914786035,-34.5821428729
1554664509.58,42,24,0,0,0,0,0,0,41.6666666667,24.6666666667,23.4230769231,-50.2165322648,-97.5578316426,-30.9534299296,43.0,23.3333333333,18.0384615385,-59.4122568801,-115.869649897,-34.8933084095
1554664509.59,42,24,0,0,0,0,0,0,41.6666666667,24.6666666667,22.2564102564,-50.2619988394,-99.0409146607,-33.4533080763,43.0,23.3333333333,18.0384615385,-59.4122568801,-115.869649897,-34.8933084095
1554664509.61,42,23,0,0,0,0,0,0,41.6666666667,24.6666666667,22.2564102564,-50.2619988394,-99.0409146607,-33.4533080763,43.6666666667,22.6666666667,17.5512820513,-62.4404572685,-120.375282217,-37.0543801868
1554664509.62,42,23,0,0,0,0,0,0,42.0,24.3333333333,21.6282051282,-53.0617164258,-102.582173756,-33.3832626051,43.6666666667,22.6666666667,17.5512820513,-62.4404572685,-120.375282217,-37.0543801868
1554664509.65,42,23,0,0,0,0,0,0,42.0,24.3333333333,21.6282051282,-53.0617164258,-102.582173756,-33.3832626051,44.0,22.3333333333,16.8205128205,-64.0695689162,-124.257210025,-37.588106087
1554664509.65,42,23,0,0,0,0,0,0,42.0,24.3333333333,21.2564102564,-53.5976866966,-104.888773575,-32.8736896697,44.0,22.3333333333,16.8205128205,-64.0695689162,-124.257210025,-37.588106087
1554664509.68,42,23,0,0,0,0,0,0,42.0,24.3333333333,21.2564102564,-53.5976866966,-104.888773575,-32.8736896697,44.0,22.3333333333,16.0769230769,-65.189421636,-127.318026648,-36.8027285148
1554664509.69,42,23,0,0,0,0,0,0,42.0,24.3333333333,19.8205128205,-53.1867253755,-105.631112163,-30.5652732986,44.0,22.3333333333,16.0769230769,-65.189421636,-127.318026648,-36.8027285148
1554664509.71,43,23,0,0,0,0,0,0,42.0,24.3333333333,19.8205128205,-53.1867253755,-105.631112163,-30.5652732986,44.3333333333,22.0,15.8076923077,-66.4235653166,-130.082578641,-39.6634541956
1554664509.72,43,23,0,0,0,0,0,0,42.3333333333,24.0,19.7435897436,-54.8668499272,-107.682406009,-32.5572842458,44.3333333333,22.0,15.8076923077,-66.4235653166,-130.082578641,-39.6634541956
1554664509.75,43,23,0,0,0,0,0,0,42.3333333333,24.0,19.7435897436,-54.8668499272,-107.682406009,-32.5572842458,44.3333333333,22.0,15.7948717949,-67.8529893396,-132.89427866,-40.9414700368
1554664509.77,43,22,0,0,0,0,0,0,42.6666666667,23.6666666667,20.0512820513,-56.677052059,-110.518255063,-36.2836492904,44.3333333333,22.0,15.7948717949,-67.8529893396,-132.89427866,-40.9414700368
1554664509.78,43,22,0,0,0,0,0,0,42.6666666667,23.6666666667,20.0512820513,-56.677052059,-110.518255063,-36.2836492904,44.6666666667,21.6666666667,15.8333333333,-69.4999970723,-135.947136402,-40.9796341088
1554664509.8,43,22,0,0,0,0,0,0,42.6666666667,23.6666666667,19.1282051282,-57.8836871256,-113.142814657,-37.5005403319,44.6666666667,21.6666666667,15.8333333333,-69.4999970723,-135.947136402,-40.9796341088
1554664509.81,43,22,0,0,0,0,0,0,42.6666666667,23.6666666667,19.1282051282,-57.8836871256,-113.142814657,-37.5005403319,45.0,21.3333333333,15.3717948718,-71.9183352131,-139.891903414,-40.6917398818
1554664509.82,43,22,0,0,0,0,0,0,43.0,23.3333333333,18.858974359,-59.9734159118,-116.54482324,-38.0677936499,45.0,21.3333333333,15.3717948718,-71.9183352131,-139.891903414,-40.6917398818
1554664509.85,44,22,0,0,0,0,0,0,43.0,23.3333333333,18.858974359,-59.9734159118,-116.54482324,-38.0677936499,45.3333333333,21.0,14.858974359,-72.5902287587,-142.536180466,-39.2261264746
1554664509.85,44,22,0,0,0,0,0,0,43.3333333333,23.0,18.0256410256,-60.2317997723,-118.504211392,-41.1410375042,45.3333333333,21.0,14.858974359,-72.5902287587,-142.536180466,-39.2261264746
1554664509.88,44,21,0,0,0,0,0,0,43.3333333333,23.0,18.0256410256,-60.2317997723,-118.504211392,-41.1410375042,46.0,20.3333333333,14.8461538462,-76.0592920851,-147.327382318,-39.2261264746
1554664509.89,44,21,0,0,0,0,0,0,43.6666666667,22.6666666667,16.8846153846,-62.8840984014,-122.136204098,-36.6077428867,46.0,20.3333333333,14.8461538462,-76.0592920851,-147.327382318,-39.2261264746
1554664509.92,44,21,0,0,0,0,0,0,43.6666666667,22.6666666667,16.8846153846,-62.8840984014,-122.136204098,-36.6077428867,45.6666666667,20.6666666667,14.0128205128,-75.9601084591,-149.623799618,-37.9151692791
1554664509.92,44,21,0,0,0,0,0,0,43.6666666667,22.6666666667,15.4358974359,-63.8742010714,-124.94230312,-40.2538585065,45.6666666667,20.6666666667,14.0128205128,-75.9601084591,-149.623799618,-37.9151692791
1554664509.96,44,21,0,0,0,0,0,0,43.6666666667,22.6666666667,15.4358974359,-63.8742010714,-124.94230312,-40.2538585065,45.6666666667,20.6666666667,13.8974358974,-75.4747148924,-150.286614701,-42.7394991408
1554664509.96,44,21,0,0,0,0,0,0,44.3333333333,22.0,14.7051282051,-67.6272731081,-130.098424668,-38.2320619196,45.6666666667,20.6666666667,13.8974358974,-75.4747148924,-150.286614701,-42.7394991408
1554664509.98,45,21,0,0,0,0,0,0,44.3333333333,22.0,14.7051282051,-67.6272731081,-130.098424668,-38.2320619196,46.3333333333,20.0,13.3461538462,-78.0457158254,-153.189023176,-45.893430204
1554664509.99,45,20,0,0,0,0,0,0,44.6666666667,21.6666666667,13.1794871795,-68.4567400605,-133.505952395,-37.6566774089,46.3333333333,20.0,13.3461538462,-78.0457158254,-153.189023176,-45.893430204
1554664510.01,45,20,0,0,0,0,0,0,44.6666666667,21.6666666667,13.1794871795,-68.4567400605,-133.505952395,-37.6566774089,46.3333333333,20.0,13.9102564103,-78.6327500145,-155.227261603,-41.1859262177
1554664510.02,45,20,0,0,0,0,0,0,45.3333333333,21.0,12.0512820513,-72.343590693,-139.09656689,-38.1408540447,46.3333333333,20.0,13.9102564103,-78.6327500145,-155.227261603,-41.1859262177
1554664510.05,46,20,0,0,0,0,0,0,45.3333333333,21.0,12.0512820513,-72.343590693,-139.09656689,-38.1408540447,46.6666666667,19.6666666667,13.6538461538,-80.969861471,-158.583492272,-40.6304094036
1554664510.06,46,20,0,0,0,0,0,0,45.3333333333,21.0,10.358974359,-73.7913802041,-143.339663649,-36.2538363525,46.6666666667,19.6666666667,13.6538461538,-80.969861471,-158.583492272,-40.6304094036
1554664510.08,46,20,0,0,0,0,0,0,45.3333333333,21.0,10.358974359,-73.7913802041,-143.339663649,-36.2538363525,47.0,19.3333333333,13.3205128205,-82.5774806061,-161.869226742,-37.7947172414
1554664510.09,46,19,0,0,0,0,0,0,46.0,20.3333333333,10.641025641,-77.161630759,-148.831462584,-36.0014892526,47.0,19.3333333333,13.3205128205,-82.5774806061,-161.869226742,-37.7947172414
1554664510.11,46,19,0,0,0,0,0,0,46.0,20.3333333333,10.641025641,-77.161630759,-148.831462584,-36.0014892526,47.0,19.3333333333,13.8461538462,-82.2115170805,-163.146130452,-42.5766578622
1554664510.12,46,19,0,0,0,0,0,0,46.0,20.3333333333,9.1282051282,-76.0429555576,-150.458686849,-64.2495258727,47.0,19.3333333333,13.8461538462,-82.2115170805,-163.146130452,-42.5766578622
1554664510.15,46,19,0,0,0,0,0,0,46.0,20.3333333333,9.1282051282,-76.0429555576,-150.458686849,-64.2495258727,47.0,19.3333333333,13.1538461538,-82.2195133158,-163.792578542,-42.4481190123
1554664510.16,46,19,0,0,0,0,0,0,46.3333333333,20.0,8.5,-79.100902057,-154.330245482,-62.8918771292,47.0,19.3333333333,13.1538461538,-82.2195133158,-163.792578542,-42.4481190123
1554664510.18,46,19,0,0,0,0,0,0,46.3333333333,20.0,8.5,-79.100902057,-154.330245482,-62.8918771292,47.3333333333,19.0,13.6794871795,-84.3016311113,-166.197920382,-39.4724587411
1554664510.19,47,19,0,0,0,0,0,0,46.6666666667,19.6666666667,7.26923076923,-80.0813126607,-157.246435402,28.7571208973,47.3333333333,19.0,13.6794871795,-84.3016311113,-166.197920382,-39.4724587411
1554664510.21,47,19,0,0,0,0,0,0,46.6666666667,19.6666666667,7.26923076923,-80.0813126607,-157.246435402,28.7571208973,47.3333333333,19.0,13.7051282051,-85.0947801727,-168.193740364,-37.2958786216
1554664510.22,47,19,0,0,0,0,0,0,46.6666666667,19.6666666667,5.28205128207,-81.7974605956,-160.420678296,30.1243179984,47.3333333333,19.0,13.7051282051,-85.0947801727,-168.193740364,-37.2958786216
1554664510.25,47,19,0,0,0,0,0,0,46.6666666667,19.6666666667,5.28205128207,-81.7974605956,-160.420678296,30.1243179984,47.3333333333,19.0,13.6923076923,-85.9124779588,-170.009348141,-34.3803457758
1554664510.26,47,19,0,0,0,0,0,0,0.0,0.0,0.0,0.0,0.0,0.0,47.3333333333,19.0,13.6923076923,-85.9124779588,-170.009348141,-34.3803457758
1554664510.28,47,19,0,0,0,0,0,0,0.0,0.0,0.0,0.0,0.0,0.0,47.3333333333,19.0,13.4743589744,-85.5677779202,-170.572451991,-34.8999758774
1554664510.29,47,19,0,0,0,0,0,0,0.0,0.0,0.0,0.0,0.0,0.0,47.3333333333,19.0,13.4743589744,-85.5677779202,-170.572451991,-34.8999758774
1554664510.31,47,19,0,0,0,0,0,0,0.0,0.0,0.0,0.0,0.0,0.0,47.3333333333,19.0,13.7051282051,-85.3838570404,-170.670083036,-33.1913754698
1554664510.32,47,19,0,0,0,0,0,0,0.0,0.0,0.0,0.0,0.0,0.0,47.3333333333,19.0,13.7051282051,-85.3838570404,-170.670083036,-33.1913754698
1554664510.35,47,19,0,0,0,0,0,0,0.0,0.0,0.0,0.0,0.0,0.0,47.3333333333,19.0,13.4102564103,-84.1399131303,-169.474954648,-31.7252867206
1554664510.35,47,19,0,0,0,0,0,0,0.0,0.0,0.0,0.0,0.0,0.0,47.3333333333,19.0,13.4102564103,-84.1399131303,-169.474954648,-31.7252867206
1554664510.38,47,19,0,0,0,0,0,0,0.0,0.0,0.0,0.0,0.0,0.0,47.3333333333,19.0,13.3205128205,-85.5390440121,-170.276521336,-30.7499711551
1554664510.39,47,19,0,0,0,0,0,0,0.0,0.0,0.0,0.0,0.0,0.0,47.3333333333,19.0,13.3205128205,-85.5390440121,-170.276521336,-30.7499711551
1554664510.41,47,19,0,0,0,0,0,0,0.0,0.0,0.0,0.0,0.0,0.0,47.3333333333,19.0,14.0128205128,-84.7769006389,-169.915161307,-28.8956311961
1554664510.42,47,19,0,0,0,0,0,0,0.0,0.0,0.0,0.0,0.0,0.0,47.3333333333,19.0,14.0128205128,-84.7769006389,-169.915161307,-28.8956311961
1554664510.45,47,19,0,0,0,0,0,0,0.0,0.0,0.0,0.0,0.0,0.0,47.3333333333,19.0,13.6538461538,-84.3722745269,-169.32985518,-27.873473509
1554664510.45,47,19,0,0,0,0,0,0,0.0,0.0,0.0,0.0,0.0,0.0,47.3333333333,19.0,13.6538461538,-84.3722745269,-169.32985518,-27.873473509
1554664510.48,47,19,0,0,0,0,0,0,0.0,0.0,0.0,0.0,0.0,0.0,47.3333333333,19.0,14.4615384615,-84.3421998823,-169.007127472,-25.9764156093
1554664510.49,47,19,0,0,0,0,0,0,0.0,0.0,0.0,0.0,0.0,0.0,47.3333333333,19.0,14.4615384615,-84.3421998823,-169.007127472,-25.9764156093
1554664510.52,47,19,0,0,0,0,0,0,0.0,0.0,0.0,0.0,0.0,0.0,47.0,19.3333333333,14.5128205128,-82.9205486332,-167.424112369,-24.052530465
1554664510.52,47,19,0,0,0,0,0,0,0.0,0.0,0.0,0.0,0.0,0.0,47.0,19.3333333333,14.5128205128,-82.9205486332,-167.424112369,-24.052530465
1554664510.55,47,19,0,0,0,0,0,0,0.0,0.0,0.0,0.0,0.0,0.0,47.0,19.3333333333,14.641025641,-82.5601740316,-166.272230216,-22.619866
1554664510.55,47,19,0,0,0,0,0,0,0.0,0.0,0.0,0.0,0.0,0.0,47.0,19.3333333333,14.641025641,-82.5601740316,-166.272230216,-22.619866
1554664510.58,47,19,0,0,0,0,0,0,0.0,0.0,0.0,0.0,0.0,0.0,47.0,19.3333333333,15.2179487179,-83.5742906587,-166.710405767,-21.6921718155
1554664510.59,47,19,0,0,0,0,0,0,0.0,0.0,0.0,0.0,0.0,0.0,47.0,19.3333333333,15.2179487179,-83.5742906587,-166.710405767,-21.6921718155
1554664510.61,47,19,0,0,0,0,0,0,0.0,0.0,0.0,0.0,0.0,0.0,47.0,19.3333333333,16.0256410256,-82.24321293,-165.598415813,-18.7512059144
1554664510.62,47,19,0,0,0,0,0,0,0.0,0.0,0.0,0.0,0.0,0.0,47.0,19.3333333333,16.0256410256,-82.24321293,-165.598415813,-18.7512059144
1554664510.65,46,20,0,0,0,0,0,0,0.0,0.0,0.0,0.0,0.0,0.0,46.3333333333,20.0,16.6025641026,-79.4436348613,-162.242842768,-16.4540031565
1554664510.65,46,20,0,0,0,0,0,0,0.0,0.0,0.0,0.0,0.0,0.0,46.3333333333,20.0,16.6025641026,-79.4436348613,-162.242842768,-16.4540031565
1554664510.68,46,20,0,0,0,0,0,0,0.0,0.0,0.0,0.0,0.0,0.0,46.3333333333,20.0,16.8846153846,-79.82449137,-160.945912754,-14.9692722649
1554664510.69,46,20,0,0,0,0,0,0,0.0,0.0,0.0,0.0,0.0,0.0,46.3333333333,20.0,16.8846153846,-79.82449137,-160.945912754,-14.9692722649
1554664510.72,46,20,0,0,0,0,0,0,0.0,0.0,0.0,0.0,0.0,0.0,46.3333333333,20.0,16.9743589744,-78.8950382962,-159.367994673,-13.186598375
1554664510.72,46,20,0,0,0,0,0,0,0.0,0.0,0.0,0.0,0.0,0.0,46.3333333333,20.0,16.9743589744,-78.8950382962,-159.367994673,-13.186598375
1554664510.75,46,20,0,0,0,0,0,0,0.0,0.0,0.0,0.0,0.0,0.0,46.0,20.3333333333,17.5,-77.372903137,-157.056900474,-11.6203340813
1554664510.75,46,20,0,0,0,0,0,0,0.0,0.0,0.0,0.0,0.0,0.0,46.0,20.3333333333,17.5,-77.372903137,-157.056900474,-11.6203340813
1554664510.78,46,20,0,0,0,0,0,0,0.0,0.0,0.0,0.0,0.0,0.0,46.0,20.3333333333,17.7307692308,-76.6177700421,-155.146220279,-9.94444611388
1554664510.79,46,20,0,0,0,0,0,0,0.0,0.0,0.0,0.0,0.0,0.0,46.0,20.3333333333,17.7307692308,-76.6177700421,-155.146220279,-9.94444611388
1554664510.81,45,20,0,0,0,0,0,0,0.0,0.0,0.0,0.0,0.0,0.0,45.6666666667,20.6666666667,18.1794871795,-74.5972542589,-152.170364398,-8.07048978004
1554664510.82,45,20,0,0,0,0,0,0,0.0,0.0,0.0,0.0,0.0,0.0,45.6666666667,20.6666666667,18.1794871795,-74.5972542589,-152.170364398,-8.07048978004
1554664510.85,45,21,0,0,0,0,0,0,0.0,0.0,0.0,0.0,0.0,0.0,45.3333333333,21.0,18.3333333333,-73.5365306371,-149.621712836,-6.84620568378
1554664510.85,45,21,0,0,0,0,0,0,0.0,0.0,0.0,0.0,0.0,0.0,45.3333333333,21.0,18.3333333333,-73.5365306371,-149.621712836,-6.84620568378
1554664510.88,45,21,0,0,0,0,0,0,0.0,0.0,0.0,0.0,0.0,0.0,45.0,21.3333333333,18.8717948718,-71.9221498065,-146.733006225,-4.79293219572
1554664510.88,45,21,0,0,0,0,0,0,0.0,0.0,0.0,0.0,0.0,0.0,45.0,21.3333333333,18.8717948718,-71.9221498065,-146.733006225,-4.79293219572
1554664510.92,45,21,0,0,0,0,0,0,0.0,0.0,0.0,0.0,0.0,0.0,45.0,21.3333333333,19.1794871795,-71.3663912313,-144.732894344,-3.9634658032
1554664510.92,45,21,0,0,0,0,0,0,0.0,0.0,0.0,0.0,0.0,0.0,45.0,21.3333333333,19.1794871795,-71.3663912313,-144.732894344,-3.9634658032
1554664510.95,44,21,0,0,0,0,0,0,0.0,0.0,0.0,0.0,0.0,0.0,44.6666666667,21.6666666667,19.5256410256,-68.6597922434,-141.026239415,-2.56245187126
1554664510.95,44,21,0,0,0,0,0,0,0.0,0.0,0.0,0.0,0.0,0.0,44.6666666667,21.6666666667,19.5256410256,-68.6597922434,-141.026239415,-2.56245187126
1554664510.98,44,22,0,0,0,0,0,0,0.0,0.0,0.0,0.0,0.0,0.0,44.3333333333,22.0,20.4358974359,-66.6911737947,-137.204293502,1.47682785267
1554664510.98,44,22,0,0,0,0,0,0,0.0,0.0,0.0,0.0,0.0,0.0,44.3333333333,22.0,20.4358974359,-66.6911737947,-137.204293502,1.47682785267
1554664511.01,44,22,0,0,0,0,0,0,0.0,0.0,0.0,0.0,0.0,0.0,44.0,22.3333333333,20.8076923077,-64.3291557481,-132.931302499,4.56601379648
1554664511.02,44,22,0,0,0,0,0,0,0.0,0.0,0.0,0.0,0.0,0.0,44.0,22.3333333333,20.8076923077,-64.3291557481,-132.931302499,4.56601379648
1554664511.05,43,23,0,0,0,0,0,0,0.0,0.0,0.0,0.0,0.0,0.0,43.0,23.3333333333,21.1538461538,-59.683885758,-126.149537008,9.13134632843
1554664511.05,43,23,0,0,0,0,0,0,0.0,0.0,0.0,0.0,0.0,0.0,43.0,23.3333333333,21.1538461538,-59.683885758,-126.149537008,9.13134632843
1554664511.08,42,23,0,0,0,0,0,0,0.0,0.0,0.0,0.0,0.0,0.0,42.6666666667,23.6666666667,22.1025641026,-57.2859122521,-120.360680756,12.0488152954
1554664511.09,42,23,0,0,0,0,0,0,0.0,0.0,0.0,0.0,0.0,0.0,42.6666666667,23.6666666667,22.1025641026,-57.2859122521,-120.360680756,12.0488152954
1554664511.11,42,24,0,0,0,0,0,0,0.0,0.0,0.0,0.0,0.0,0.0,42.3333333333,24.0,24.0512820513,-54.6276663025,-114.80800668,14.4321967403
1554664511.12,42,24,0,0,0,0,0,0,0.0,0.0,0.0,0.0,0.0,0.0,42.3333333333,24.0,24.0512820513,-54.6276663025,-114.80800668,14.4321967403
1554664511.15,41,24,0,0,0,0,0,0,0.0,0.0,0.0,0.0,0.0,0.0,41.6666666667,24.6666666667,25.0512820513,-50.0241163105,-107.428119651,18.2073301676
1554664511.15,41,24,0,0,0,0,0,0,0.0,0.0,0.0,0.0,0.0,0.0,41.6666666667,24.6666666667,25.0512820513,-50.0241163105,-107.428119651,18.2073301676
1554664511.18,41,25,0,0,0,0,0,0,0.0,0.0,0.0,0.0,0.0,0.0,41.0,25.3333333333,25.2179487179,-46.4301846229,-100.144244448,20.6139380691
1554664511.19,41,25,0,0,0,0,0,0,0.0,0.0,0.0,0.0,0.0,0.0,41.0,25.3333333333,25.2179487179,-46.4301846229,-100.144244448,20.6139380691
1554664511.21,40,26,0,0,0,0,0,0,0.0,0.0,0.0,0.0,0.0,0.0,40.0,26.3333333333,25.6538461538,-41.8979704913,-91.9700927154,23.0602605503
1554664511.22,40,26,0,0,0,0,0,0,0.0,0.0,0.0,0.0,0.0,0.0,40.0,26.3333333333,25.6538461538,-41.8979704913,-91.9700927154,23.0602605503
1554664511.25,39,27,0,0,0,0,0,0,0.0,0.0,0.0,0.0,0.0,0.0,39.3333333333,27.0,26.3717948718,-36.6218004035,-82.6068467612,26.1068146927
1554664511.25,39,27,0,0,0,0,0,0,0.0,0.0,0.0,0.0,0.0,0.0,39.3333333333,27.0,26.3717948718,-36.6218004035,-82.6068467612,26.1068146927
1554664511.28,38,27,0,0,0,0,0,0,0.0,0.0,0.0,0.0,0.0,0.0,38.6666666667,27.6666666667,26.8076923077,-33.7016311378,-75.0050545184,27.8853373349
1554664511.28,38,27,0,0,0,0,0,0,0.0,0.0,0.0,0.0,0.0,0.0,38.6666666667,27.6666666667,26.8076923077,-33.7016311378,-75.0050545184,27.8853373349
1554664511.31,37,28,0,0,0,0,0,0,0.0,0.0,0.0,0.0,0.0,0.0,37.6666666667,28.6666666667,27.9743589744,-27.1902386737,-64.6927659329,30.2979607992
1554664511.33,37,28,0,0,0,0,0,0,0.0,0.0,0.0,0.0,0.0,0.0,37.6666666667,28.6666666667,27.9743589744,-27.1902386737,-64.6927659329,30.2979607992
1554664511.35,37,29,0,0,0,0,0,0,0.0,0.0,0.0,0.0,0.0,0.0,37.0,29.3333333333,29.2307692308,-22.8097349491,-55.1561179156,32.7374455181
1554664511.35,37,29,0,0,0,0,0,0,0.0,0.0,0.0,0.0,0.0,0.0,37.0,29.3333333333,29.2307692308,-22.8097349491,-55.1561179156,32.7374455181
1554664511.38,35,31,0,0,0,0,0,0,0.0,0.0,0.0,0.0,0.0,0.0,35.3333333333,31.0,30.2948717949,-13.5595021344,-41.1375610922,36.9113524447
1554664511.39,35,31,0,0,0,0,0,0,0.0,0.0,0.0,0.0,0.0,0.0,35.3333333333,31.0,30.2948717949,-13.5595021344,-41.1375610922,36.9113524447
1554664511.41,34,31,0,0,0,0,0,0,0.0,0.0,0.0,0.0,0.0,0.0,34.6666666667,31.6666666667,31.5512820513,-8.10281164504,-28.6715921911,40.5421154289
1554664511.42,34,31,0,0,0,0,0,0,0.0,0.0,0.0,0.0,0.0,0.0,34.6666666667,31.6666666667,31.5512820513,-8.10281164504,-28.6715921911,40.5421154289
1554664511.45,33,33,0,0,0,0,0,0,0.0,0.0,0.0,0.0,0.0,0.0,33.0,33.3333333333,33.4743589743,0.0597862350857,-14.2760098605,44.6491374773
1554664511.45,33,33,0,0,0,0,0,0,0.0,0.0,0.0,0.0,0.0,0.0,33.0,33.3333333333,33.4743589743,0.0597862350857,-14.2760098605,44.6491374773
1554664511.48,32,33,0,0,0,0,0,0,0.0,0.0,0.0,0.0,0.0,0.0,32.6666666667,33.6666666667,36.0897435897,2.31422848365,-4.82377644659,45.3824275089
1554664511.49,32,33,0,0,0,0,0,0,0.0,0.0,0.0,0.0,0.0,0.0,32.6666666667,33.6666666667,36.0897435897,2.31422848365,-4.82377644659,45.3824275089
1554664511.51,32,34,0,0,0,0,0,0,0.0,0.0,0.0,0.0,0.0,0.0,32.3333333333,34.0,37.794871795,4.2723835429,1.8604953196,46.937062794
1554664511.52,32,34,0,0,0,0,0,0,0.0,0.0,0.0,0.0,0.0,0.0,32.3333333333,34.0,37.794871795,4.2723835429,1.8604953196,46.937062794
1554664511.55,32,34,0,0,0,0,0,0,0.0,0.0,0.0,0.0,0.0,0.0,32.0,34.3333333333,37.3076923077,7.31981700972,8.25006466953,47.9799285472
1554664511.55,32,34,0,0,0,0,0,0,0.0,0.0,0.0,0.0,0.0,0.0,32.0,34.3333333333,37.3076923077,7.31981700972,8.25006466953,47.9799285472
1554664511.58,31,35,0,0,0,0,0,0,0.0,0.0,0.0,0.0,0.0,0.0,31.0,35.3333333333,35.8333333333,12.4004449942,16.525477329,48.8526961584
1554664511.59,31,35,0,0,0,0,0,0,0.0,0.0,0.0,0.0,0.0,0.0,31.0,35.3333333333,35.8333333333,12.4004449942,16.525477329,48.8526961584
1554664511.61,31,35,0,0,0,0,0,0,0.0,0.0,0.0,0.0,0.0,0.0,31.0,35.3333333333,34.205128205,13.665325069,21.9280637335,49.4945655406
1554664511.62,31,35,0,0,0,0,0,0,0.0,0.0,0.0,0.0,0.0,0.0,31.0,35.3333333333,34.205128205,13.665325069,21.9280637335,49.4945655406
1554664511.65,30,36,0,0,0,0,0,0,0.0,0.0,0.0,0.0,0.0,0.0,30.3333333333,36.0,32.3717948718,16.2846567912,27.2486886579,50.1074538767
1554664511.65,30,36,0,0,0,0,0,0,0.0,0.0,0.0,0.0,0.0,0.0,30.3333333333,36.0,32.3717948718,16.2846567912,27.2486886579,50.1074538767
1554664511.68,30,36,0,0,0,0,0,0,0.0,0.0,0.0,0.0,0.0,0.0,30.0,36.3333333333,30.0769230769,18.1867019814,31.8110463103,51.1640983164
1554664511.69,30,36,0,0,0,0,0,0,0.0,0.0,0.0,0.0,0.0,0.0,30.0,36.3333333333,30.0769230769,18.1867019814,31.8110463103,51.1640983164
1554664511.71,29,36,0,0,0,0,0,0,0.0,0.0,0.0,0.0,0.0,0.0,29.6666666667,36.6666666667,28.8076923077,21.8739111723,37.7794343275,51.4594245494
1554664511.72,29,36,0,0,0,0,0,0,0.0,0.0,0.0,0.0,0.0,0.0,29.6666666667,36.6666666667,28.8076923077,21.8739111723,37.7794343275,51.4594245494
1554664511.75,29,37,0,0,0,0,0,0,0.0,0.0,0.0,0.0,0.0,0.0,29.0,37.3333333333,27.8846153846,24.4864334812,43.3761506449,51.30314825
1554664511.76,29,37,0,0,0,0,0,0,0.0,0.0,0.0,0.0,0.0,0.0,29.0,37.3333333333,27.8846153846,24.4864334812,43.3761506449,51.30314825
1554664511.78,28,37,0,0,0,0,0,0,0.0,0.0,0.0,0.0,0.0,0.0,28.6666666667,37.6666666667,26.7435897436,27.3378666141,49.0259419366,51.6405658525
1554664511.79,28,37,0,0,0,0,0,0,0.0,0.0,0.0,0.0,0.0,0.0,28.6666666667,37.6666666667,26.7435897436,27.3378666141,49.0259419366,51.6405658525
1554664511.81,28,38,0,0,0,0,0,0,0.0,0.0,0.0,0.0,0.0,0.0,28.3333333333,38.0,25.9871794872,28.0731291585,52.5861001268,51.9705994207
1554664511.82,28,38,0,0,0,0,0,0,0.0,0.0,0.0,0.0,0.0,0.0,28.3333333333,38.0,25.9871794872,28.0731291585,52.5861001268,51.9705994207
1554664511.85,28,38,0,0,0,0,0,0,0.0,0.0,0.0,0.0,0.0,0.0,28.0,38.3333333333,25.0128205128,31.7367955297,58.0298455931,52.4013855536
1554664511.85,28,38,0,0,0,0,0,0,0.0,0.0,0.0,0.0,0.0,0.0,28.0,38.3333333333,25.0128205128,31.7367955297,58.0298455931,52.4013855536
1554664511.88,27,38,0,0,0,0,0,0,0.0,0.0,0.0,0.0,0.0,0.0,27.6666666667,38.6666666667,23.6923076923,33.9584006364,62.9733234329,52.1462563636
1554664511.89,27,38,0,0,0,0,0,0,0.0,0.0,0.0,0.0,0.0,0.0,27.6666666667,38.6666666667,23.6923076923,33.9584006364,62.9733234329,52.1462563636
1554664511.91,26,39,0,0,0,0,0,0,0.0,0.0,0.0,0.0,0.0,0.0,26.6666666667,39.6666666667,22.3076923077,38.4042148602,69.8908765767,53.0745858313
1554664511.92,26,39,0,0,0,0,0,0,0.0,0.0,0.0,0.0,0.0,0.0,26.6666666667,39.6666666667,22.3076923077,38.4042148602,69.8908765767,53.0745858313
1554664511.95,26,40,0,0,0,0,0,0,0.0,0.0,0.0,0.0,0.0,0.0,26.3333333333,40.0,21.8076923077,40.8506555924,75.7960938807,53.9711192373
1554664511.95,26,40,0,0,0,0,0,0,0.0,0.0,0.0,0.0,0.0,0.0,26.3333333333,40.0,21.8076923077,40.8506555924,75.7960938807,53.9711192373
1554664511.98,26,40,0,0,0,0,0,0,0.0,0.0,0.0,0.0,0.0,0.0,26.0,40.3333333333,20.7051282051,43.261723694,81.1597706344,53.4598201039
1554664511.99,26,40,0,0,0,0,0,0,0.0,0.0,0.0,0.0,0.0,0.0,26.0,40.3333333333,20.7051282051,43.261723694,81.1597706344,53.4598201039
1554664512.01,25,40,0,0,0,0,0,0,0.0,0.0,0.0,0.0,0.0,0.0,25.6666666667,40.6666666667,19.8461538462,44.9652409276,85.5451262447,53.5415970452
1554664512.02,25,40,0,0,0,0,0,0,0.0,0.0,0.0,0.0,0.0,0.0,25.6666666667,40.6666666667,19.8461538462,44.9652409276,85.5451262447,53.5415970452
1554664512.05,25,41,0,0,0,0,0,0,0.0,0.0,0.0,0.0,0.0,0.0,25.0,41.3333333333,18.4230769231,48.6769836189,91.4495467413,54.3592926629
1554664512.05,25,41,0,0,0,0,0,0,0.0,0.0,0.0,0.0,0.0,0.0,25.0,41.3333333333,18.4230769231,48.6769836189,91.4495467413,54.3592926629
1554664512.08,24,41,0,0,0,0,0,0,0.0,0.0,0.0,0.0,0.0,0.0,24.6666666667,41.6666666667,18.3974358974,51.745564687,97.4703380576,55.2595078449
1554664512.08,24,41,0,0,0,0,0,0,0.0,0.0,0.0,0.0,0.0,0.0,24.6666666667,41.6666666667,18.3974358974,51.745564687,97.4703380576,55.2595078449
1554664512.12,24,42,0,0,0,0,0,0,0.0,0.0,0.0,0.0,0.0,0.0,24.3333333333,42.0,17.0897435897,53.4824490175,102.217618046,55.4008328086
1554664512.12,24,42,0,0,0,0,0,0,0.0,0.0,0.0,0.0,0.0,0.0,24.3333333333,42.0,17.0897435897,53.4824490175,102.217618046,55.4008328086
1554664512.15,23,42,0,0,0,0,0,0,0.0,0.0,0.0,0.0,0.0,0.0,23.6666666667,42.6666666667,15.7435897436,57.2269167416,108.335725765,55.537307418
1554664512.16,23,42,0,0,0,0,0,0,0.0,0.0,0.0,0.0,0.0,0.0,23.6666666667,42.6666666667,15.7435897436,57.2269167416,108.335725765,55.537307418
1554664512.18,24,42,0,0,0,0,0,0,0.0,0.0,0.0,0.0,0.0,0.0,24.0,42.3333333333,15.2435897436,55.7713305091,109.939193392,53.738803773
1554664512.18,24,42,0,0,0,0,0,0,0.0,0.0,0.0,0.0,0.0,0.0,24.0,42.3333333333,15.2435897436,55.7713305091,109.939193392,53.738803773
1554664512.21,23,43,0,0,0,0,0,0,0.0,0.0,0.0,0.0,0.0,0.0,23.3333333333,43.0,13.9615384615,59.5022535219,114.471850218,50.6808934138
1554664512.22,23,43,0,0,0,0,0,0,0.0,0.0,0.0,0.0,0.0,0.0,23.3333333333,43.0,13.9615384615,59.5022535219,114.471850218,50.6808934138
1554664512.25,23,43,0,0,0,0,0,0,0.0,0.0,0.0,0.0,0.0,0.0,23.3333333333,43.0,12.7179487179,59.5130442707,116.74896938,52.0315760423
1554664512.25,23,43,0,0,0,0,0,0,0.0,0.0,0.0,0.0,0.0,0.0,23.3333333333,43.0,12.7179487179,59.5130442707,116.74896938,52.0315760423
1554664512.28,22,43,0,0,0,0,0,0,0.0,0.0,0.0,0.0,0.0,0.0,23.0,43.3333333333,12.0128205128,60.8833485769,119.257833267,51.0352862405
1554664512.29,22,43,0,0,0,0,0,0,0.0,0.0,0.0,0.0,0.0,0.0,23.0,43.3333333333,12.0128205128,60.8833485769,119.257833267,51.0352862405
1554664512.32,23,43,0,0,0,0,0,0,0.0,0.0,0.0,0.0,0.0,0.0,23.0,43.3333333333,10.8076923077,60.8667454313,120.495662065,50.4664930991
1554664512.33,23,43,0,0,0,0,0,0,0.0,0.0,0.0,0.0,0.0,0.0,23.0,43.3333333333,10.8076923077,60.8667454313,120.495662065,50.4664930991
1554664512.35,22,44,0,0,0,0,0,0,0.0,0.0,0.0,0.0,0.0,0.0,22.3333333333,44.0,9.83333333333,64.3751115518,124.622942584,47.4895523996
1554664512.36,22,44,0,0,0,0,0,0,0.0,0.0,0.0,0.0,0.0,0.0,22.3333333333,44.0,9.83333333333,64.3751115518,124.622942584,47.4895523996
1554664512.38,22,43,0,0,0,0,0,0,0.0,0.0,0.0,0.0,0.0,0.0,22.6666666667,43.6666666667,9.5641025641,63.0035230934,125.314994385,53.0500706793
1554664512.39,22,43,0,0,0,0,0,0,0.0,0.0,0.0,0.0,0.0,0.0,22.6666666667,43.6666666667,9.5641025641,63.0035230934,125.314994385,53.0500706793
1554664512.41,22,43,0,0,0,0,0,0,0.0,0.0,0.0,0.0,0.0,0.0,22.6666666667,43.6666666667,8.79487179487,63.6755241991,126.333021392,50.6582967878
1554664512.42,22,43,0,0,0,0,0,0,0.0,0.0,0.0,0.0,0.0,0.0,22.6666666667,43.6666666667,8.79487179487,63.6755241991,126.333021392,50.6582967878
1554664512.45,22,43,0,0,0,0,0,0,0.0,0.0,0.0,0.0,0.0,0.0,22.6666666667,43.6666666667,7.97435897437,62.5959885391,125.762499235,50.7823906116
1554664512.46,22,43,0,0,0,0,0,0,0.0,0.0,0.0,0.0,0.0,0.0,22.6666666667,43.6666666667,7.97435897437,62.5959885391,125.762499235,50.7823906116
1554664512.48,22,44,0,0,0,0,0,0,0.0,0.0,0.0,0.0,0.0,0.0,22.3333333333,44.0,7.1923076923,64.1129105819,126.994160199,50.3231702048
1554664512.49,22,44,0,0,0,0,0,0,0.0,0.0,0.0,0.0,0.0,0.0,22.3333333333,44.0,7.1923076923,64.1129105819,126.994160199,50.3231702048
1554664512.52,22,44,0,0,0,0,0,0,0.0,0.0,0.0,0.0,0.0,0.0,22.3333333333,44.0,6.9358974359,64.7757798366,128.272859936,48.5763326642
1554664512.52,22,44,0,0,0,0,0,0,0.0,0.0,0.0,0.0,0.0,0.0,22.3333333333,44.0,6.9358974359,64.7757798366,128.272859936,48.5763326642
1554664512.55,22,44,0,0,0,0,0,0,0.0,0.0,0.0,0.0,0.0,0.0,22.3333333333,44.0,6.46153846153,64.4346118304,128.571041799,55.1246716554
1554664512.55,22,44,0,0,0,0,0,0,0.0,0.0,0.0,0.0,0.0,0.0,22.3333333333,44.0,6.46153846153,64.4346118304,128.571041799,55.1246716554
1554664512.58,22,44,0,0,0,0,0,0,0.0,0.0,0.0,0.0,0.0,0.0,22.3333333333,44.0,5.8205128205,65.6191576844,129.904678584,54.1301764823
1554664512.59,22,44,0,0,0,0,0,0,0.0,0.0,0.0,0.0,0.0,0.0,22.3333333333,44.0,5.8205128205,65.6191576844,129.904678584,54.1301764823
1554664512.61,22,44,0,0,0,0,0,0,0.0,0.0,0.0,0.0,0.0,0.0,0.0,0.0,0.0,0.0,0.0,0.0,-1
1554664512.62,22,44,0,0,0,0,0,0,0.0,0.0,0.0,0.0,0.0,0.0,0.0,0.0,0.0,0.0,0.0,0.0,-1
1554664512.65,22,44,0,0,0,0,0,0,0.0,0.0,0.0,0.0,0.0,0.0,0.0,0.0,0.0,0.0,0.0,0.0,-1
1554664512.66,22,44,0,0,0,0,0,0,0.0,0.0,0.0,0.0,0.0,0.0,0.0,0.0,0.0,0.0,0.0,0.0,-1
1554664512.68,22,44,0,0,0,0,0,0,0.0,0.0,0.0,0.0,0.0,0.0,0.0,0.0,0.0,0.0,0.0,0.0,-1
1554664512.68,22,44,0,0,0,0,0,0,0.0,0.0,0.0,0.0,0.0,0.0,0.0,0.0,0.0,0.0,0.0,0.0,-1
1554664512.72,22,44,0,0,0,0,0,0,0.0,0.0,0.0,0.0,0.0,0.0,0.0,0.0,0.0,0.0,0.0,0.0,-1
1554664512.75,22,44,0,0,0,0,0,0,0.0,0.0,0.0,0.0,0.0,0.0,0.0,0.0,0.0,0.0,0.0,0.0,-1
1554664512.75,22,44,0,0,0,0,0,0,0.0,0.0,0.0,0.0,0.0,0.0,0.0,0.0,0.0,0.0,0.0,0.0,-1
1554664512.79,22,44,0,0,0,0,0,0,0.0,0.0,0.0,0.0,0.0,0.0,0.0,0.0,0.0,0.0,0.0,0.0,-1
1554664512.82,22,44,0,0,0,0,0,0,0.0,0.0,0.0,0.0,0.0,0.0,0.0,0.0,0.0,0.0,0.0,0.0,-1
1554664512.82,22,44,0,0,0,0,0,0,0.0,0.0,0.0,0.0,0.0,0.0,0.0,0.0,0.0,0.0,0.0,0.0,-1
1554664512.85,22,44,0,0,0,0,0,0,0.0,0.0,0.0,0.0,0.0,0.0,0.0,0.0,0.0,0.0,0.0,0.0,-1
1554664512.85,22,44,0,0,0,0,0,0,0.0,0.0,0.0,0.0,0.0,0.0,0.0,0.0,0.0,0.0,0.0,0.0,-1
1554664512.89,22,44,0,0,0,0,0,0,0.0,0.0,0.0,0.0,0.0,0.0,0.0,0.0,0.0,0.0,0.0,0.0,-1
1554664512.92,22,44,0,0,0,0,0,0,0.0,0.0,0.0,0.0,0.0,0.0,0.0,0.0,0.0,0.0,0.0,0.0,-1
1554664512.92,22,44,0,0,0,0,0,0,0.0,0.0,0.0,0.0,0.0,0.0,0.0,0.0,0.0,0.0,0.0,0.0,-1
1554664512.95,22,44,0,0,0,0,0,0,0.0,0.0,0.0,0.0,0.0,0.0,0.0,0.0,0.0,0.0,0.0,0.0,-1
1554664512.95,22,44,0,0,0,0,0,0,0.0,0.0,0.0,0.0,0.0,0.0,0.0,0.0,0.0,0.0,0.0,0.0,-1
1554664512.98,22,44,0,0,0,0,0,0,0.0,0.0,0.0,0.0,0.0,0.0,0.0,0.0,0.0,0.0,0.0,0.0,-1
1554664512.99,22,44,0,0,0,0,0,0,0.0,0.0,0.0,0.0,0.0,0.0,0.0,0.0,0.0,0.0,0.0,0.0,-1
1554664513.02,22,44,0,0,0,0,0,0,0.0,0.0,0.0,0.0,0.0,0.0,0.0,0.0,0.0,0.0,0.0,0.0,-1
1554664513.05,22,44,0,0,0,0,0,0,0.0,0.0,0.0,0.0,0.0,0.0,0.0,0.0,0.0,0.0,0.0,0.0,-1
1554664513.05,22,44,0,0,0,0,0,0,0.0,0.0,0.0,0.0,0.0,0.0,0.0,0.0,0.0,0.0,0.0,0.0,-1
1554664513.08,22,44,0,0,0,0,0,0,0.0,0.0,0.0,0.0,0.0,0.0,0.0,0.0,0.0,0.0,0.0,0.0,-1
1554664513.08,22,44,0,0,0,0,0,0,0.0,0.0,0.0,0.0,0.0,0.0,0.0,0.0,0.0,0.0,0.0,0.0,-1
1554664513.12,22,44,0,0,0,0,0,0,0.0,0.0,0.0,0.0,0.0,0.0,0.0,0.0,0.0,0.0,0.0,0.0,-1
1554664513.12,22,44,0,0,0,0,0,0,0.0,0.0,0.0,0.0,0.0,0.0,0.0,0.0,0.0,0.0,0.0,0.0,-1
1554664513.15,20,46,0,0,0,0,0,0,0.0,0.0,0.0,0.0,0.0,0.0,20.3333333333,46.0,5.41025641027,76.3919784845,141.344317776,36.2188372656
1554664513.16,20,46,0,0,0,0,0,0,0.0,0.0,0.0,0.0,0.0,0.0,20.3333333333,46.0,5.41025641027,76.3919784845,141.344317776,36.2188372656
1554664513.18,20,46,0,0,0,0,0,0,0.0,0.0,0.0,0.0,0.0,0.0,20.3333333333,46.0,5.70512820513,76.1916652299,146.863824118,34.9393102047
1554664513.18,20,46,0,0,0,0,0,0,0.0,0.0,0.0,0.0,0.0,0.0,20.3333333333,46.0,5.70512820513,76.1916652299,146.863824118,34.9393102047
1554664513.22,20,45,0,0,0,0,0,0,0.0,0.0,0.0,0.0,0.0,0.0,20.3333333333,46.0,6.47435897437,76.5345740894,149.966486148,34.0459373566
1554664513.22,20,45,0,0,0,0,0,0,0.0,0.0,0.0,0.0,0.0,0.0,20.3333333333,46.0,6.47435897437,76.5345740894,149.966486148,34.0459373566
1554664513.25,20,46,0,0,0,0,0,0,0.0,0.0,0.0,0.0,0.0,0.0,20.3333333333,46.0,7.35897435897,77.1076872046,152.090930279,32.6192430712
1554664513.26,20,46,0,0,0,0,0,0,0.0,0.0,0.0,0.0,0.0,0.0,20.3333333333,46.0,7.35897435897,77.1076872046,152.090930279,32.6192430712
1554664513.28,20,46,0,0,0,0,0,0,0.0,0.0,0.0,0.0,0.0,0.0,20.0,46.3333333333,8.29487179487,78.9657716172,155.011236757,31.9384489167
1554664513.29,20,46,0,0,0,0,0,0,0.0,0.0,0.0,0.0,0.0,0.0,20.0,46.3333333333,8.29487179487,78.9657716172,155.011236757,31.9384489167
1554664513.32,19,47,0,0,0,0,0,0,0.0,0.0,0.0,0.0,0.0,0.0,19.3333333333,47.0,19.7307692308,82.0932481999,159.598866578,31.0716580608
1554664513.32,19,47,0,0,0,0,0,0,0.0,0.0,0.0,0.0,0.0,0.0,19.3333333333,47.0,19.7307692308,82.0932481999,159.598866578,31.0716580608
1554664513.35,19,46,0,0,0,0,0,0,0.0,0.0,0.0,0.0,0.0,0.0,19.6666666667,46.6666666667,20.6025641026,81.9724747403,161.771908029,29.6667152069
1554664513.52,19,46,0,0,0,0,0,0,0.0,0.0,0.0,0.0,0.0,0.0,19.6666666667,46.6666666667,20.6025641026,81.9724747403,161.771908029,29.6667152069
1554664513.52,19,47,0,0,0,0,0,0,0.0,0.0,0.0,0.0,0.0,0.0,19.3333333333,47.0,21.1666666667,82.1268952631,163.012849278,28.5112462941
1554664513.53,19,47,0,0,0,0,0,0,0.0,0.0,0.0,0.0,0.0,0.0,19.3333333333,47.0,21.1666666667,82.1268952631,163.012849278,28.5112462941
1554664513.53,19,47,0,0,0,0,0,0,0.0,0.0,0.0,0.0,0.0,0.0,19.3333333333,47.0,19.641025641,82.5378851658,164.044309805,27.6720782228
1554664513.54,19,47,0,0,0,0,0,0,0.0,0.0,0.0,0.0,0.0,0.0,19.3333333333,47.0,19.641025641,82.5378851658,164.044309805,27.6720782228
1554664513.54,19,47,0,0,0,0,0,0,0.0,0.0,0.0,0.0,0.0,0.0,19.3333333333,47.0,19.641025641,82.5378851658,164.044309805,27.6720782228
1554664513.55,19,47,0,0,0,0,0,0,0.0,0.0,0.0,0.0,0.0,0.0,19.3333333333,47.0,19.5897435897,82.5010832012,164.523238104,26.2882621249
1554664513.55,19,47,0,0,0,0,0,0,0.0,0.0,0.0,0.0,0.0,0.0,19.3333333333,47.0,19.0128205128,83.0463075559,165.307926608,25.4633450619
1554664513.56,19,47,0,0,0,0,0,0,0.0,0.0,0.0,0.0,0.0,0.0,19.3333333333,47.0,19.0128205128,83.0463075559,165.307926608,25.4633450619
1554664513.56,19,47,0,0,0,0,0,0,0.0,0.0,0.0,0.0,0.0,0.0,19.3333333333,47.0,16.2179487179,83.8044035016,166.458366805,24.6467708519
1554664513.57,19,47,0,0,0,0,0,0,0.0,0.0,0.0,0.0,0.0,0.0,19.3333333333,47.0,16.2179487179,83.8044035016,166.458366805,24.6467708519
1554664513.59,19,47,0,0,0,0,0,0,0.0,0.0,0.0,0.0,0.0,0.0,19.0,47.3333333333,15.2051282051,85.6601500732,168.889333476,23.8387401832
1554664513.61,19,47,0,0,0,0,0,0,0.0,0.0,0.0,0.0,0.0,0.0,19.0,47.3333333333,15.2051282051,85.6601500732,168.889333476,23.8387401832
1554664513.61,48,18,0,0,0,0,0,0,0.0,0.0,0.0,0.0,0.0,0.0,48.0,18.3333333333,10.6666666667,-89.7580000541,-5.31333331614,22.8045404713
1554664513.62,48,18,0,0,0,0,0,0,0.0,0.0,0.0,0.0,0.0,0.0,48.0,18.3333333333,10.6666666667,-89.7580000541,-5.31333331614,22.8045404713
1554664513.62,48,18,0,0,0,0,0,0,0.0,0.0,0.0,0.0,0.0,0.0,48.0,18.3333333333,12.6666666667,-88.8295610871,-91.4862277451,20.6954507341
1554664513.63,48,18,0,0,0,0,0,0,0.0,0.0,0.0,0.0,0.0,0.0,48.0,18.3333333333,12.6666666667,-88.8295610871,-91.4862277451,20.6954507341
1554664513.65,47,18,0,0,0,0,0,0,0.0,0.0,0.0,0.0,0.0,0.0,47.6666666667,18.6666666667,8.79487179487,-86.3918945956,-132.135008468,20.3441012559
1554664513.66,47,18,0,0,0,0,0,0,0.0,0.0,0.0,0.0,0.0,0.0,47.6666666667,18.6666666667,8.79487179487,-86.3918945956,-132.135008468,20.3441012559
1554664513.71,47,19,0,0,0,0,0,0,0.0,0.0,0.0,0.0,0.0,0.0,47.0,19.3333333333,7.1794871795,-83.5332689026,-149.600773137,19.3741397687
1554664513.72,47,19,0,0,0,0,0,0,0.0,0.0,0.0,0.0,0.0,0.0,47.0,19.3333333333,7.1794871795,-83.5332689026,-149.600773137,19.3741397687
1554664513.72,46,19,0,0,0,0,0,0,0.0,0.0,0.0,0.0,0.0,0.0,46.6666666667,19.6666666667,5.76923076923,-80.7766536294,-155.577040198,18.6215793665
1554664513.73,46,19,0,0,0,0,0,0,0.0,0.0,0.0,0.0,0.0,0.0,46.6666666667,19.6666666667,5.76923076923,-80.7766536294,-155.577040198,18.6215793665
1554664513.75,46,20,0,0,0,0,0,0,0.0,0.0,0.0,0.0,0.0,0.0,46.3333333333,20.0,5.76923076923,-79.0159062414,-156.80442634,18.0604719362
1554664513.76,46,20,0,0,0,0,0,0,0.0,0.0,0.0,0.0,0.0,0.0,46.3333333333,20.0,5.76923076923,-79.0159062414,-156.80442634,18.0604719362
1554664513.78,46,20,0,0,0,0,0,0,0.0,0.0,0.0,0.0,0.0,0.0,0.0,0.0,0.0,0.0,0.0,0.0,-1
1554664513.79,46,20,0,0,0,0,0,0,0.0,0.0,0.0,0.0,0.0,0.0,0.0,0.0,0.0,0.0,0.0,0.0,-1
1554664513.82,46,20,0,0,0,0,0,0,0.0,0.0,0.0,0.0,0.0,0.0,0.0,0.0,0.0,0.0,0.0,0.0,-1
1554664513.82,46,20,0,0,0,0,0,0,0.0,0.0,0.0,0.0,0.0,0.0,0.0,0.0,0.0,0.0,0.0,0.0,-1
1554664513.85,46,20,0,0,0,0,0,0,0.0,0.0,0.0,0.0,0.0,0.0,0.0,0.0,0.0,0.0,0.0,0.0,-1
1554664513.85,46,20,0,0,0,0,0,0,0.0,0.0,0.0,0.0,0.0,0.0,0.0,0.0,0.0,0.0,0.0,0.0,-1
1554664513.89,46,20,0,0,0,0,0,0,0.0,0.0,0.0,0.0,0.0,0.0,0.0,0.0,0.0,0.0,0.0,0.0,-1
1554664513.91,46,20,0,0,0,0,0,0,0.0,0.0,0.0,0.0,0.0,0.0,0.0,0.0,0.0,0.0,0.0,0.0,-1
1554664513.92,46,20,0,0,0,0,0,0,0.0,0.0,0.0,0.0,0.0,0.0,0.0,0.0,0.0,0.0,0.0,0.0,-1
1554664513.95,46,20,0,0,0,0,0,0,0.0,0.0,0.0,0.0,0.0,0.0,0.0,0.0,0.0,0.0,0.0,0.0,-1
1554664513.95,46,20,0,0,0,0,0,0,0.0,0.0,0.0,0.0,0.0,0.0,0.0,0.0,0.0,0.0,0.0,0.0,-1
1554664513.98,46,20,0,0,0,0,0,0,0.0,0.0,0.0,0.0,0.0,0.0,0.0,0.0,0.0,0.0,0.0,0.0,-1
1554664513.98,46,20,0,0,0,0,0,0,0.0,0.0,0.0,0.0,0.0,0.0,0.0,0.0,0.0,0.0,0.0,0.0,-1
1554664514.01,46,20,0,0,0,0,0,0,0.0,0.0,0.0,0.0,0.0,0.0,0.0,0.0,0.0,0.0,0.0,0.0,-1
1554664514.02,46,20,0,0,0,0,0,0,0.0,0.0,0.0,0.0,0.0,0.0,0.0,0.0,0.0,0.0,0.0,0.0,-1
