connected to 192.168.1.17
time,left,right,piLeft,piRight,piConf,piP,piI,piD,cam0Left,cam0Right,cam0Conf,cam0P,cam0I,cam0D,cam1Left,cam1Right,cam1Conf,cam1P,cam1I,cam1D
1551401446.64,55,11,55.3333333333,11.0,12.3333333333,-43.4564898376,-86.9129793441,0.0,0,0,0,0,0,0,0,0,0,0,0,0
1551401446.67,55,11,55.3333333333,11.0,12.3333333333,-43.4564898376,-86.9129795097,0.0,0,0,0,0,0,0,0,0,0,0,0,0
1551401446.7,55,11,55.3333333333,11.0,12.3333333333,-43.4564898376,-86.9129795925,0.0,0,0,0,0,0,0,0,0,0,0,0,0
1551401446.74,55,11,55.0,11.3333333333,12.3606060606,-43.2899898376,-86.7464796339,0.1665,0,0,0,0,0,0,0,0,0,0,0,0
1551401446.88,51,15,51.0,15.3333333333,10.8151515152,-38.4615,-81.8347398169,4.82848983765,0,0,0,0,0,0,0,0,0,0,0,0
1551401446.97,39,27,39.0,27.3333333333,9.88181818183,-22.1445,-63.0618699085,16.317,0,0,0,0,0,0,0,0,0,0,0,0
1551401447.44,0,0,0,0,0
1551401447.46,32,34,32.0,34.3333333333,10.0939393939,-7.15949491882,-38.6904298731,14.9850050812,0,0,0,0,0,0,0,0,0,0,0,0
1551401447.6,-4,70,-4.0,70.6666666667,7.49393939393,42.0481819954,22.7029670589,49.2076769142,0,0,0,0,0,0,0,0,0,0,0,0
1551401447.69,9,57,9.0,57.3333333333,4.43333333333,45.7875,57.1389835294,3.73931800461,0,0,0,0,0,0,0,0,0,0,0,0
1551401447.78,10,55,11.0,55.3333333333,6.4696969697,44.4555,73.0249917647,-1.332,0,0,0,0,0,0,0,0,0,0,0,0
1551401447.87,15,50,15.6666666667,50.6666666667,11.6,38.295,74.8074958824,-6.1605,0,0,0,0,0,0,0,0,0,0,0,0
1551401447.96,27,38,27.6666666667,38.6666666667,11.2939393939,21.645,59.0487479412,-16.65,0,0,0,0,0,0,0,0,0,0,0,0
1551401448.11,40,26,40.0,26.3333333333,10.0181818182,0.4995,30.0238739706,-21.1455,0,0,0,0,0,0,0,0,0,0,0,0
1551401448.2,51,14,52.0,14.3333333333,12.596969697,-22.4775,-7.46556301471,-22.977,0,0,0,0,0,0,0,0,0,0,0,0
1551401448.28,49,16,49.6666666667,16.6666666667,13.1878787879,-28.638,-32.3707815074,-6.1605,0,0,0,0,0,0,0,0,0,0,0,0
1551401448.37,49,17,49.0,17.3333333333,12.8060606061,-30.1365,-46.3218907537,-1.4985,0,0,0,0,0,0,0,0,0,0,0,0
1551401448.47,49,17,49.3333333333,17.0,12.6636363636,-31.302,-54.4629453768,-1.1655,0,0,0,0,0,0,0,0,0,0,0,0
1551401448.56,49,16,49.6666666667,16.6666666667,12.7212121212,-31.968,-59.1994726884,-0.666,0,0,0,0,0,0,0,0,0,0,0,0
1551401448.65,48,18,48.0,18.3333333333,13.5121212121,-30.303,-59.9027363442,1.665,0,0,0,0,0,0,0,0,0,0,0,0
1551401448.75,46,20,46.3333333333,20.0,13.596969697,-27.8055,-57.7568681721,2.4975,0,0,0,0,0,0,0,0,0,0,0,0
1551401448.84,43,23,43.3333333333,23.0,14.3272727273,-23.1435,-52.0219340861,4.662,0,0,0,0,0,0,0,0,0,0,0,0
1551401448.93,43,22,43.6666666667,22.6666666667,13.5939393939,-21.6449898376,-47.6559568807,1.49851016235,0,0,0,0,0,0,0,0,0,0,0,0
1551401449.03,46,20,46.3333333333,20.0,12.9242424242,-24.1425,-47.9704784403,-2.49751016235,0,0,0,0,0,0,0,0,0,0,0,0
1551401449.12,45,20,45.6666666667,20.6666666667,12.6848484848,-24.642,-48.6272392202,-0.4995,0,0,0,0,0,0,0,0,0,0,0,0
1551401449.21,44,21,44.6666666667,21.6666666667,12.6878787879,-23.6429898376,-47.9566094477,0.999010162354,0,0,0,0,0,0,0,0,0,0,0,0
1551401449.31,44,22,44.0,22.3333333333,12.4787878788,-22.1445,-46.1228047239,1.49848983765,0,0,0,0,0,0,0,0,0,0,0,0
1551401449.4,43,23,43.0,23.3333333333,12.096969697,-20.4795,-43.5409023619,1.665,0,0,0,0,0,0,0,0,0,0,0,0
1551401449.55,42,24,42.0,24.3333333333,11.4636363636,-18.8145,-40.584951181,1.665,0,0,0,0,0,0,0,0,0,0,0,0
1551401449.59,42,24,42.3333333333,24.0,11.2515151515,-18.315,-38.6074755905,0.4995,0,0,0,0,0,0,0,0,0,0,0,0
1551401449.73,41,25,41.3333333333,25.0,11.1242424242,-17.1495,-36.4532377952,1.1655,0,0,0,0,0,0,0,0,0,0,0,0
1551401449.82,41,25,41.0,25.3333333333,10.7242424242,-16.3169949188,-34.5436138164,0.832505081177,0,0,0,0,0,0,0,0,0,0,0,0
1551401449.91,40,25,40.6666666667,25.6666666667,10.5212121212,-15.3179949188,-32.589801827,0.999,0,0,0,0,0,0,0,0,0,0,0,0
1551401450.0,37,28,37.6666666667,28.6666666667,10.2606060606,-11.3219949188,-27.6168958323,3.996,0,0,0,0,0,0,0,0,0,0,0,0
1551401450.09,35,30,35.3333333333,31.0,10.3151515152,-6.993,-20.8014479162,4.32899491882,0,0,0,0,0,0,0,0,0,0,0,0
1551401450.18,34,32,34.3333333333,32.0,10.8393939394,-3.996,-14.3967239581,2.997,0,0,0,0,0,0,0,0,0,0,0,0
1551401450.28,33,33,33.0,33.3333333333,11.1121212121,-1.332,-8.53036197904,2.664,0,0,0,0,0,0,0,0,0,0,0,0
1551401450.37,33,33,33.0,33.3333333333,11.1151515152,-0.166494918823,-4.43167590834,1.16550508118,0,0,0,0,0,0,0,0,0,0,0,0
1551401450.85,0,0,0,0,0
1551401450.87,31,35,31.3333333333,35.0,11.1272727273,2.1645,-0.0513379541724,2.33099491882,0,0,0,0,0,0,0,0,0,0,0,0
1551401451.01,21,45,21.3333333333,45.0,10.8666666667,14.8185050812,14.7928361041,12.6540050812,0,0,0,0,0,0,0,0,0,0,0,0
1551401451.1,22,44,22.3333333333,44.0,12.2606060606,18.8145,26.210918052,3.99599491882,0,0,0,0,0,0,0,0,0,0,0,0
1551401451.19,22,43,22.6666666667,43.6666666667,12.4484848485,19.8135,32.918959026,0.999,0,0,0,0,0,0,0,0,0,0,0,0
1551401451.28,22,44,22.0,44.3333333333,12.3393939394,21.1455,37.604979513,1.332,0,0,0,0,0,0,0,0,0,0,0,0
1551401451.37,22,44,22.3333333333,44.0,12.3333333333,21.312,40.1144897565,0.1665,0,0,0,0,0,0,0,0,0,0,0,0
1551401451.84,0,0,0,0,0
1551401451.87,21,44,21.6666666667,44.6666666667,12.0848484848,22.1445,42.2017448783,0.8325,0,0,0,0,0,0,0,0,0,0,0,0
1551401452.01,22,44,22.0,44.3333333333,8.3909090909,22.2403513184,43.3412237575,0.0958513183594,0,0,0,0,0,0,0,0,0,0,0,0
1551401452.09,17,48,17.6666666667,48.6666666667,8.95757575757,27.1395,48.8101118787,4.89914868164,0,0,0,0,0,0,0,0,0,0,0,0
1551401452.19,19,47,19.3333333333,47.0,7.75454545453,27.1395,51.5445559394,0.0,0,0,0,0,0,0,0,0,0,0,0,0
1551401452.28,21,45,21.3333333333,45.0,7.5909090909,24.8085,50.5807779697,-2.331,0,0,0,0,0,0,0,0,0,0,0,0
1551401452.37,21,45,21.0,45.3333333333,6.98787878787,24.4755,49.7658889848,-0.333,0,0,0,0,0,0,0,0,0,0,0,0
1551401452.84,0,0,0,0,0
1551401452.86,22,43,22.6666666667,43.6666666667,8.70303030303,22.1949560852,47.0779005776,-2.28054391479,0,0,0,0,0,0,0,0,0,0,0,0
1551401453.01,17,48,17.6666666667,48.6666666667,9.6606060606,27.306,50.8449502888,5.11104391479,0,0,0,0,0,0,0,0,0,0,0,0
1551401453.09,19,47,19.3333333333,47.0,9.9212121212,27.290131485,52.7126066294,-0.0158685150146,0,0,0,0,0,0,0,0,0,0,0,0
1551401453.18,16,49,16.6666666667,49.6666666667,10.5060606061,30.4695,56.8258033147,3.17936851501,0,0,0,0,0,0,0,0,0,0,0,0
1551401453.28,14,51,14.6666666667,51.6666666667,10.696969697,34.1325,62.5454016573,3.663,0,0,0,0,0,0,0,0,0,0,0,0
1551401453.37,15,50,15.6666666667,50.6666666667,12.0454545455,34.2785076141,65.5512084428,0.146007614136,0,0,0,0,0,0,0,0,0,0,0,0
1551401453.84,0,0,0,0,0
1551401453.87,18,48,18.0,48.3333333333,18.2606060606,31.6350025406,64.410606762,-2.64350507355,0,0,0,0,0,0,0,0,0,0,0,0
1551401454.39,0,0,0,0,0
1551401454.41,11,54,11.6666666667,54.6666666667,13.6606060606,38.1285,70.333803381,6.49349745941,0,0,0,0,0,0,0,0,0,0,0,0
1551401454.5,30,35,31.0,35.3333333333,9.1,17.649,52.8159016905,-20.4795,0,0,0,0,0,0,0,0,0,0,0,0
1551401454.59,31,35,31.3333333333,35.0,10.3909090909,8.991,35.3989508452,-8.658,0,0,0,0,0,0,0,0,0,0,0,0
1551401454.68,33,33,33.0,33.3333333333,8.9696969697,3.663,21.3624754226,-5.328,0,0,0,0,0,0,0,0,0,0,0,0
1551401454.78,32,33,32.6666666667,33.6666666667,10.3696969697,2.1645,12.8457377113,-1.4985,0,0,0,0,0,0,0,0,0,0,0,0
1551401454.87,32,34,32.3333333333,34.0,9.6393939394,1.665,8.08786885566,-0.4995,0,0,0,0,0,0,0,0,0,0,0,0
1551401454.96,32,33,32.6666666667,33.6666666667,10.0181818182,1.332,5.37593442783,-0.333,0,0,0,0,0,0,0,0,0,0,0,0
1551401455.06,32,33,32.6666666667,33.6666666667,8.50606060607,1.1655,3.85346721391,-0.1665,0,0,0,0,0,0,0,0,0,0,0,0
1551401455.15,33,33,33.0,33.3333333333,8.93333333333,0.666,2.59273360696,-0.4995,0,0,0,0,0,0,0,0,0,0,0,0
1551401455.25,33,33,33.0,33.3333333333,8.8787878788,0.333,1.62936680348,-0.333,0,0,0,0,0,0,0,0,0,0,0,0
1551401455.34,33,33,33.0,33.3333333333,10.3939393939,0.333,1.14768340174,0.0,0,0,0,0,0,0,0,0,0,0,0,0
1551401455.43,33,33,33.0,33.3333333333,10.5848484848,0.4995,1.07334170087,0.1665,0,0,0,0,0,0,0,0,0,0,0,0
1551401455.53,32,33,32.6666666667,33.6666666667,10.6878787879,0.666,1.20267085043,0.1665,0,0,0,0,0,0,0,0,0,0,0,0
1551401455.62,32,34,32.3333333333,34.0,10.5666666667,1.16550508118,1.76684050639,0.499505081177,0,0,0,0,0,0,0,0,0,0,0,0
1551401455.71,33,33,33.0,33.3333333333,10.5121212121,0.4995,1.3829202532,-0.666005081177,0,0,0,0,0,0,0,0,0,0,0,0
1551401455.81,33,32,33.6666666667,32.6666666667,10.1515151515,-0.332994918823,0.358465207775,-0.832494918823,0,0,0,0,0,0,0,0,0,0,0,0
1551401455.9,33,33,33.0,33.3333333333,10.4121212121,0.166505081177,0.345737685064,0.4995,0,0,0,0,0,0,0,0,0,0,0,0
1551401456.0,33,33,33.0,33.3333333333,10.4454545455,0.333005081177,0.505873923709,0.1665,0,0,0,0,0,0,0,0,0,0,0,0
1551401456.09,33,33,33.0,33.3333333333,10.4363636364,0.166505081177,0.419442043031,-0.1665,0,0,0,0,0,0,0,0,0,0,0,0
1551401456.18,33,33,33.3333333333,33.0,10.5121212121,-0.1665,0.0432210215156,-0.333005081177,0,0,0,0,0,0,0,0,0,0,0,0
1551401456.28,33,33,33.3333333333,33.0,10.5545454545,-0.1665,-0.144889489242,0.0,0,0,0,0,0,0,0,0,0,0,0,0
1551401456.37,33,33,33.3333333333,33.0,10.6878787879,-0.333,-0.405444744621,-0.1665,0,0,0,0,0,0,0,0,0,0,0,0
1551401456.46,34,32,34.0,32.3333333333,10.6484848485,-0.999,-1.20172237231,-0.666,0,0,0,0,0,0,0,0,0,0,0,0
1551401456.55,33,32,33.6666666667,32.6666666667,10.6545454545,-1.16549491882,-1.76635610498,-0.166494918823,0,0,0,0,0,0,0,0,0,0,0,0
1551401456.7,33,32,33.6666666667,32.6666666667,10.7060606061,-1.16549491882,-2.04867297131,0.0,0,0,0,0,0,0,0,0,0,0,0,0
1551401456.78,34,32,34.3333333333,32.0,10.5787878788,-1.665,-2.68933648566,-0.499505081177,0,0,0,0,0,0,0,0,0,0,0,0
1551401456.87,34,32,34.0,32.3333333333,10.6121212121,-1.665,-3.00966824283,0.0,0,0,0,0,0,0,0,0,0,0,0,0
1551401456.97,33,32,33.6666666667,32.6666666667,10.5242424242,-1.16549491882,-2.67032904024,0.499505081177,0,0,0,0,0,0,0,0,0,0,0,0
1551401457.06,34,32,34.0,32.3333333333,10.5454545455,-1.332,-2.66716452012,-0.166505081177,0,0,0,0,0,0,0,0,0,0,0,0
1551401457.15,33,32,33.6666666667,32.6666666667,10.5212121212,-0.999,-2.33258226006,0.333,0,0,0,0,0,0,0,0,0,0,0,0
1551401457.29,33,32,33.6666666667,32.6666666667,10.4121212121,-0.998994918823,-2.16528604885,5.0811767579e-06,0,0,0,0,0,0,0,0,0,0,0,0
1551401457.38,33,32,33.6666666667,32.6666666667,10.3818181818,-0.832494918823,-1.91513794325,0.1665,0,0,0,0,0,0,0,0,0,0,0,0
1551401457.47,33,32,33.6666666667,32.6666666667,10.3515151515,-0.832494918823,-1.79006389045,0.0,0,0,0,0,0,0,0,0,0,0,0,0
1551401457.56,33,33,33.3333333333,33.0,10.3727272727,-0.499494918823,-1.39452686405,0.333,0,0,0,0,0,0,0,0,0,0,0,0
1551401457.65,34,32,34.0,32.3333333333,10.3848484848,-0.998994918823,-1.69625835085,-0.4995,0,0,0,0,0,0,0,0,0,0,0,0
1551401458.13,0,0,0,0,0
1551401458.15,33,32,33.6666666667,32.6666666667,10.496969697,-0.999,-1.84712917542,-5.0811767579e-06,0,0,0,0,0,0,0,0,0,0,0,0
1551401458.29,34,32,34.0,32.3333333333,10.7727272727,-1.332,-2.25556458771,-0.333,0,0,0,0,0,0,0,0,0,0,0,0
1551401458.38,34,32,34.0,32.3333333333,10.7939393939,-1.4985,-2.62628229386,-0.1665,0,0,0,0,0,0,0,0,0,0,0,0
1551401458.47,34,31,34.6666666667,31.6666666667,10.7090909091,-2.331,-3.64414114693,-0.8325,0,0,0,0,0,0,0,0,0,0,0,0
1551401458.56,34,32,34.3333333333,32.0,10.7727272727,-2.331,-4.15307057346,0.0,0,0,0,0,0,0,0,0,0,0,0,0
1551401458.65,34,32,34.3333333333,32.0,10.7424242424,-2.331,-4.40753528673,0.0,0,0,0,0,0,0,0,0,0,0,0,0
1551401459.18,0,0,0,0,0
1551401459.2,34,32,34.0,32.3333333333,10.7424242424,-1.998,-4.20176764337,0.333,0,0,0,0,0,0,0,0,0,0,0,0
1551401459.67,0,0,0,0,0
1551401459.69,19,46,19.6666666667,46.6666666667,11.2484848485,15.318,13.2171161783,17.316,0,0,0,0,0,0,0,0,0,0,0,0
1551401460.16,0,0,0,0,0
1551401460.18,0,0,0,0,0
1551401460.32,0,0,0,0,0
1551401460.4,0,0,0,0,0
1551401460.5,0,0,0,0,0
1551401460.59,0,0,0,0,0
1551401460.68,0,0,0,0,0
1551401460.82,0,0,0,0,0
1551401460.91,0,0,0,0,0
1551401461.0,0,0,0,0,0
1551401461.09,0,0,0,0,0
1551401461.24,0,0,0,0,0
1551401461.27,0,0,0,0,0
1551401461.3,0,0,0,0,0
1551401461.4,0,0,0,0,0
1551401461.49,0,0,0,0,0
1551401461.64,0,0,0,0,0
1551401461.73,0,0,0,0,0
1551401461.82,0,0,0,0,0
1551401461.91,0,0,0,0,0
1551401461.99,0,0,0,0,0
1551401462.09,0,0,0,0,0
1551401462.18,0,0,0,0,0
1551401462.27,0,0,0,0,0
1551401462.37,-5,71,-5.0,71.6666666667,0.0818181818183,52.1145,58.7230580892,36.7965,0,0,0,0,0,0,0,0,0,0,0,0
1551401462.46,10,56,10.0,56.3333333333,1.3303030303,48.285,77.6465290446,-3.8295,0,0,0,0,0,0,0,0,0,0,0,0
1551401462.94,0,0,0,0,0
1551401462.96,14,51,14.6666666667,51.6666666667,8.19696969697,41.1255,79.9487645223,-7.1595,0,0,0,0,0,0,0,0,0,0,0,0
1551401463.1,0,0,0,0,0
1551401463.19,0,0,0,0,0
1551401463.28,0,0,0,0,0
1551401463.37,0,0,0,0,0
1551401463.46,0,0,0,0,0
1551401463.56,0,0,0,0,0
1551401463.65,0,0,0,0,0
1551401463.74,0,0,0,0,0
1551401463.84,0,0,0,0,0
1551401463.93,0,0,0,0,0
1551401464.02,0,0,0,0,0
1551401464.12,0,0,0,0,0
1551401464.21,87,-20,87.3333333333,-20.6666666667,0.4,-48.618,-8.64361773886,-89.7435,0,0,0,0,0,0,0,0,0,0,0,0
