connected to 192.168.1.17
time,left,right,piLeft,piRight,piConf,piP,piI,piD,cam0Left,cam0Right,cam0Conf,cam0P,cam0I,cam0D,cam1Left,cam1Right,cam1Conf,cam1P,cam1I,cam1D
1551402467.16,45,20,45.6666666667,20.6666666667,11.2121212121,-24.975,-49.9538039452,0.0,0,0,0,0,0,0,0,0,0,0,0,0
1551402467.16,45,20,45.6666666667,20.6666666667,11.2181818182,-24.975,-49.9519019726,0.0,0,0,0,0,0,0,0,0,0,0,0,0
1551402467.25,46,20,46.0,20.3333333333,11.203030303,-25.308,-50.2839509863,-0.333,0,0,0,0,0,0,0,0,0,0,0,0
1551402467.35,45,20,45.6666666667,20.6666666667,11.1939393939,-24.8085,-49.9504754931,0.4995,0,0,0,0,0,0,0,0,0,0,0,0
1551402467.44,39,27,39.0,27.3333333333,10.6060606061,-16.8165,-41.7917377466,7.992,0,0,0,0,0,0,0,0,0,0,0,0
1551402467.53,33,33,33.3333333333,33.0,10.4606060606,-6.66,-27.5558688733,10.1565,0,0,0,0,0,0,0,0,0,0,0,0
1551402467.63,29,37,29.3333333333,37.0,11.1787878788,2.1645,-11.6134344366,8.8245,0,0,0,0,0,0,0,0,0,0,0,0
1551402467.72,30,36,30.0,36.3333333333,11.6060606061,4.4955,-1.31121721832,2.331,0,0,0,0,0,0,0,0,0,0,0,0
1551402467.81,33,33,33.0,33.3333333333,12.1575757576,1.8315,1.17589139084,-2.664,0,0,0,0,0,0,0,0,0,0,0,0
1551402467.91,36,30,36.0,30.3333333333,12.4515151515,-2.8305,-2.24255430458,-4.662,0,0,0,0,0,0,0,0,0,0,0,0
1551402468.0,39,27,39.3333333333,27.0,12.4060606061,-8.4915,-9.61277715229,-5.661,0,0,0,0,0,0,0,0,0,0,0,0
1551402468.09,41,24,41.3333333333,25.0,12.4151515152,-13.32,-18.1263885761,-4.8285,0,0,0,0,0,0,0,0,0,0,0,0
1551402468.19,42,24,42.3333333333,24.0,12.2090909091,-16.1505,-25.2136942881,-2.8305,0,0,0,0,0,0,0,0,0,0,0,0
1551402468.28,42,23,42.6666666667,23.6666666667,11.9515151515,-17.8155,-30.422347144,-1.665,0,0,0,0,0,0,0,0,0,0,0,0
1551402468.38,42,23,42.6666666667,23.6666666667,11.7818181818,-18.315,-33.526173572,-0.4995,0,0,0,0,0,0,0,0,0,0,0,0
1551402468.47,43,23,43.0,23.3333333333,11.6606060606,-18.981,-35.744086786,-0.666,0,0,0,0,0,0,0,0,0,0,0,0
1551402468.56,44,22,44.0,22.3333333333,12.2636363636,-20.4795,-38.351543393,-1.4985,0,0,0,0,0,0,0,0,0,0,0,0
1551402468.66,43,23,43.0,23.3333333333,12.9121212121,-19.8135,-38.9892716965,0.666,0,0,0,0,0,0,0,0,0,0,0,0
1551402468.75,42,24,42.3333333333,24.0,13.7393939394,-18.648,-38.1426358483,1.1655,0,0,0,0,0,0,0,0,0,0,0,0
1551402468.84,43,22,43.3333333333,23.0,13.4212121212,-19.314,-38.3853179241,-0.666,0,0,0,0,0,0,0,0,0,0,0,0
1551402468.94,45,21,45.3333333333,21.0,13.1393939394,-21.978,-41.1706589621,-2.664,0,0,0,0,0,0,0,0,0,0,0,0
1551402469.03,45,21,45.0,21.3333333333,12.6878787879,-22.8105,-43.395829481,-0.8325,0,0,0,0,0,0,0,0,0,0,0,0
1551402469.12,45,21,45.0,21.3333333333,12.7636363636,-23.3099898376,-45.0079045782,-0.499489837646,0,0,0,0,0,0,0,0,0,0,0,0
1551402469.22,44,21,44.6666666667,21.6666666667,12.4909090909,-22.8105,-45.3144522891,0.499489837646,0,0,0,0,0,0,0,0,0,0,0,0
1551402469.31,44,21,44.6666666667,21.6666666667,12.0454545455,-22.8105,-45.4677261445,0.0,0,0,0,0,0,0,0,0,0,0,0,0
1551402469.41,43,23,43.3333333333,23.0,11.5848484848,-21.1455,-43.8793630723,1.665,0,0,0,0,0,0,0,0,0,0,0,0
1551402469.5,43,23,43.0,23.3333333333,11.3363636364,-20.1464898376,-42.0861713738,0.999010162354,0,0,0,0,0,0,0,0,0,0,0,0
1551402469.59,42,24,42.0,24.3333333333,11.0939393939,-18.648,-39.6910856869,1.49848983765,0,0,0,0,0,0,0,0,0,0,0,0
1551402469.69,42,24,42.0,24.3333333333,10.8575757576,-17.8154949188,-37.6610377623,0.832505081177,0,0,0,0,0,0,0,0,0,0,0,0
1551402469.78,41,25,41.3333333333,25.0,10.6636363636,-16.6499949188,-35.4805138,1.1655,0,0,0,0,0,0,0,0,0,0,0,0
1551402469.93,40,26,40.0,26.3333333333,10.2757575758,-14.8185,-32.5587569,1.83149491882,0,0,0,0,0,0,0,0,0,0,0,0
1551402469.96,37,29,37.3333333333,29.0,10.2787878788,-10.6559949188,-26.9353733688,4.16250508118,0,0,0,0,0,0,0,0,0,0,0,0
1551402470.49,0,0,0,0,0
1551402470.51,35,31,35.0,31.3333333333,10.3878787879,-6.4935,-19.9611866844,4.16249491882,0,0,0,0,0,0,0,0,0,0,0,0
1551402470.6,18,48,18.3333333333,48.0,11.3484848485,15.318,5.3374066578,21.8115,0,0,0,0,0,0,0,0,0,0,0,0
1551402470.69,21,44,21.6666666667,44.6666666667,11.4606060606,19.647,22.3157033289,4.329,0,0,0,0,0,0,0,0,0,0,0,0
1551402470.78,22,43,22.6666666667,43.6666666667,11.1666666667,20.1465,31.3043516644,0.4995,0,0,0,0,0,0,0,0,0,0,0,0
1551402470.88,25,41,25.3333333333,41.0,10.8545454545,17.316,32.9681758322,-2.8305,0,0,0,0,0,0,0,0,0,0,0,0
1551402470.97,28,38,28.3333333333,38.0,10.7393939394,12.654,29.1380879161,-4.662,0,0,0,0,0,0,0,0,0,0,0,0
1551402471.07,28,38,28.0,38.3333333333,11.7090909091,10.989,25.5580439581,-1.665,0,0,0,0,0,0,0,0,0,0,0,0
1551402471.16,27,39,27.3333333333,39.0,11.7787878788,11.1555050812,23.9345270602,0.166505081177,0,0,0,0,0,0,0,0,0,0,0,0
1551402471.25,26,39,26.6666666667,39.6666666667,12.1939393939,11.988,23.9552635301,0.832494918823,0,0,0,0,0,0,0,0,0,0,0,0
1551402471.34,24,41,24.6666666667,41.6666666667,12.0303030303,14.8185,26.7961317651,2.8305,0,0,0,0,0,0,0,0,0,0,0,0
1551402471.44,23,43,23.3333333333,43.0,11.8666666667,17.649,31.0470658825,2.8305,0,0,0,0,0,0,0,0,0,0,0,0
1551402471.91,0,0,0,0,0
1551402471.93,23,43,23.0,43.3333333333,11.9272727273,19.1475,34.6710329413,1.4985,0,0,0,0,0,0,0,0,0,0,0,0
1551402472.07,18,48,18.3333333333,48.0,9.48181818183,25.1415,42.4770164706,5.994,0,0,0,0,0,0,0,0,0,0,0,0
1551402472.16,16,49,16.6666666667,49.6666666667,8.00303030303,29.4705,50.7090082353,4.329,0,0,0,0,0,0,0,0,0,0,0,0
1551402472.25,17,49,17.3333333333,49.0,6.51818181817,30.4866565933,55.841160711,1.01615659332,0,0,0,0,0,0,0,0,0,0,0,0
1551402472.34,19,46,19.3333333333,47.0,6.33333333333,28.4715,56.3920803555,-2.01515659332,0,0,0,0,0,0,0,0,0,0,0,0
1551402472.44,20,45,20.6666666667,45.6666666667,8.2909090909,26.1405,54.3365401777,-2.331,0,0,0,0,0,0,0,0,0,0,0,0
1551402472.91,0,0,0,0,0
1551402472.93,22,44,22.3333333333,44.0,8.67272727273,23.3846018372,50.552871926,-2.75589816284,0,0,0,0,0,0,0,0,0,0,0,0
1551402473.45,0,0,0,0,0
1551402473.48,19,47,19.0,47.3333333333,11.2484848485,25.974,51.250435963,2.58939816284,0,0,0,0,0,0,0,0,0,0,0,0
1551402473.57,10,55,10.6666666667,55.6666666667,10.4272727273,36.963,62.5882179815,10.989,0,0,0,0,0,0,0,0,0,0,0,0
1551402473.66,10,56,10.3333333333,56.0,3.84545454547,41.7915,73.0856089908,4.8285,0,0,0,0,0,0,0,0,0,0,0,0
1551402473.75,8,58,8.33333333333,58.0,1.93333333333,46.1205012703,82.6633057657,4.32900127029,0,0,0,0,0,0,0,0,0,0,0,0
1551402473.84,9,56,9.33333333333,57.0,2.33333333333,46.62,87.9516528828,0.499498729706,0,0,0,0,0,0,0,0,0,0,0,0
1551402473.94,11,55,11.3333333333,55.0,6.4606060606,44.4555,88.4313264414,-2.1645,0,0,0,0,0,0,0,0,0,0,0,0
1551402474.03,13,53,13.3333333333,53.0,12.1515151515,41.1255,85.3411632207,-3.33,0,0,0,0,0,0,0,0,0,0,0,0
1551402474.13,17,48,17.3333333333,49.0,12.5575757576,34.965,77.6355816104,-6.1605,0,0,0,0,0,0,0,0,0,0,0,0
1551402474.22,22,44,22.0,44.3333333333,11.8787878788,27.306,66.1237908052,-7.659,0,0,0,0,0,0,0,0,0,0,0,0
1551402474.31,23,42,23.6666666667,42.6666666667,11.5151515152,22.1445,55.2063954026,-5.1615,0,0,0,0,0,0,0,0,0,0,0,0
1551402474.41,24,42,24.3333333333,42.0,11.2212121212,19.314,46.9171977013,-2.8305,0,0,0,0,0,0,0,0,0,0,0,0
1551402474.5,25,40,25.6666666667,40.6666666667,10.9363636364,16.65,40.1085988506,-2.664,0,0,0,0,0,0,0,0,0,0,0,0
1551402474.59,26,40,26.0,40.3333333333,10.8939393939,14.985,35.0392994253,-1.665,0,0,0,0,0,0,0,0,0,0,0,0
1551402474.69,27,38,27.6666666667,38.6666666667,9.13636363637,12.321,29.8406497127,-2.664,0,0,0,0,0,0,0,0,0,0,0,0
1551402474.78,28,37,28.6666666667,37.6666666667,10.5878787879,10.1565,25.0768248563,-2.1645,0,0,0,0,0,0,0,0,0,0,0,0
1551402474.88,29,36,29.6666666667,36.6666666667,10.6,8.325,20.8634124282,-1.8315,0,0,0,0,0,0,0,0,0,0,0,0
1551402475.35,0,0,0,0,0
1551402475.37,30,35,30.6666666667,35.6666666667,9.1,6.327,16.7587062141,-1.998,0,0,0,0,0,0,0,0,0,0,0,0
1551402475.51,38,28,38.3333333333,28.0,10.5545454545,-3.8295,4.54985310704,-10.1565,0,0,0,0,0,0,0,0,0,0,0,0
1551402475.6,37,29,37.3333333333,29.0,10.6696969697,-6.66,-4.38507344648,-2.8305,0,0,0,0,0,0,0,0,0,0,0,0
1551402475.69,36,29,36.6666666667,29.6666666667,10.5878787879,-6.993,-9.18553672324,-0.333,0,0,0,0,0,0,0,0,0,0,0,0
1551402475.78,36,30,36.0,30.3333333333,10.4939393939,-6.32699491882,-10.9197632804,0.666005081177,0,0,0,0,0,0,0,0,0,0,0,0
1551402475.88,36,30,36.0,30.3333333333,10.3878787879,-5.82749491882,-11.287376559,0.4995,0,0,0,0,0,0,0,0,0,0,0,0
1551402476.36,0,0,0,0,0
1551402476.37,35,30,35.3333333333,31.0,10.4212121212,-4.99499491882,-10.6386831983,0.8325,0,0,0,0,0,0,0,0,0,0,0,0
1551402476.51,29,37,29.0,37.3333333333,10.6272727273,2.8305,-2.48884159917,7.82549491882,0,0,0,0,0,0,0,0,0,0,0,0
1551402476.6,28,37,28.6666666667,37.6666666667,10.7212121212,6.4935,5.24907920041,3.663,0,0,0,0,0,0,0,0,0,0,0,0
1551402476.69,30,36,30.0,36.3333333333,10.7181818182,6.4935,9.11803960021,0.0,0,0,0,0,0,0,0,0,0,0,0,0
1551402476.78,28,37,28.6666666667,37.6666666667,10.8333333333,7.992,12.5510198001,1.4985,0,0,0,0,0,0,0,0,0,0,0,0
1551402476.88,28,38,28.0,38.3333333333,10.8121212121,9.4905,15.7660099001,1.4985,0,0,0,0,0,0,0,0,0,0,0,0
1551402476.97,26,39,26.6666666667,39.6666666667,10.7424242424,11.4885,19.37150495,1.998,0,0,0,0,0,0,0,0,0,0,0,0
1551402477.06,26,40,26.0,40.3333333333,10.6424242424,13.1535,22.839252475,1.665,0,0,0,0,0,0,0,0,0,0,0,0
1551402477.16,25,41,25.3333333333,41.0,10.7212121212,14.6520050812,26.0716313187,1.49850508118,0,0,0,0,0,0,0,0,0,0,0,0
1551402477.25,24,42,24.3333333333,42.0,10.7121212121,16.317,29.3528156593,1.66499491882,0,0,0,0,0,0,0,0,0,0,0,0
1551402477.34,23,42,23.6666666667,42.6666666667,10.5909090909,17.8155,32.4919078297,1.4985,0,0,0,0,0,0,0,0,0,0,0,0
1551402477.44,21,44,21.6666666667,44.6666666667,10.6909090909,20.646,36.8919539148,2.8305,0,0,0,0,0,0,0,0,0,0,0,0
1551402477.53,21,45,21.3333333333,45.0,10.7878787879,22.4775,40.9234769574,1.8315,0,0,0,0,0,0,0,0,0,0,0,0
1551402477.63,21,44,21.6666666667,44.6666666667,10.7363636364,22.4775,42.9392384787,0.0,0,0,0,0,0,0,0,0,0,0,0,0
1551402477.72,24,41,24.6666666667,41.6666666667,10.5757575758,18.981,40.4506192394,-3.4965,0,0,0,0,0,0,0,0,0,0,0,0
1551402477.81,27,38,27.6666666667,38.6666666667,10.396969697,13.986,34.2113096197,-4.995,0,0,0,0,0,0,0,0,0,0,0,0
1551402477.91,30,36,30.3333333333,36.0,10.4303030303,8.8245,25.9301548098,-5.1615,0,0,0,0,0,0,0,0,0,0,0,0
1551402478.0,32,33,32.6666666667,33.6666666667,10.4484848485,3.996,16.9610774049,-4.8285,0,0,0,0,0,0,0,0,0,0,0,0
1551402478.1,33,33,33.3333333333,33.0,10.5151515152,1.4985,9.97903870246,-2.4975,0,0,0,0,0,0,0,0,0,0,0,0
1551402478.19,34,31,34.6666666667,31.6666666667,10.5848484848,-1.1655,3.82401935123,-2.664,0,0,0,0,0,0,0,0,0,0,0,0
1551402478.28,35,31,35.0,31.3333333333,10.7878787879,-2.49749491882,-0.585485243208,-1.33199491882,0,0,0,0,0,0,0,0,0,0,0,0
1551402478.76,0,0,0,0,0
1551402478.78,35,30,35.6666666667,30.6666666667,10.6454545455,-4.1625,-4.4552426216,-1.66500508118,0,0,0,0,0,0,0,0,0,0,0,0
1551402478.92,37,28,37.6666666667,28.6666666667,10.7939393939,-6.993,-9.2206213108,-2.8305,0,0,0,0,0,0,0,0,0,0,0,0
1551402479.01,37,29,37.3333333333,29.0,10.6909090909,-7.82549491882,-12.4358055742,-0.832494918823,0,0,0,0,0,0,0,0,0,0,0,0
1551402479.1,37,28,37.3333333333,29.0,10.7545454545,-7.992,-14.2099027871,-0.166505081177,0,0,0,0,0,0,0,0,0,0,0,0
1551402479.19,38,28,38.3333333333,28.0,10.9484848485,-9.1575,-16.2624513936,-1.1655,0,0,0,0,0,0,0,0,0,0,0,0
1551402479.28,37,28,37.6666666667,28.6666666667,10.7272727273,-8.99098983765,-17.1222155344,0.166510162354,0,0,0,0,0,0,0,0,0,0,0,0
1551402479.38,37,29,37.3333333333,29.0,10.7787878788,-8.49148983765,-17.0525976049,0.4995,0,0,0,0,0,0,0,0,0,0,0,0
1551402479.47,35,30,35.6666666667,30.6666666667,10.7545454545,-6.327,-14.8532988024,2.16448983765,0,0,0,0,0,0,0,0,0,0,0,0
1551402479.56,34,32,34.3333333333,32.0,10.7727272727,-3.8295,-11.2561494012,2.4975,0,0,0,0,0,0,0,0,0,0,0,0
1551402479.66,34,32,34.0,32.3333333333,10.7151515152,-2.331,-7.95907470061,1.4985,0,0,0,0,0,0,0,0,0,0,0,0
1551402479.75,30,36,30.0,36.3333333333,11.5878787879,2.8305,-1.1490373503,5.1615,0,0,0,0,0,0,0,0,0,0,0,0
1551402479.84,27,39,27.0,39.3333333333,12.8575757576,8.325,7.75048132485,5.4945,0,0,0,0,0,0,0,0,0,0,0,0
1551402479.94,25,40,25.6666666667,40.6666666667,14.6454545455,12.1545,16.0297406624,3.8295,0,0,0,0,0,0,0,0,0,0,0,0
1551402480.03,21,44,21.6666666667,44.6666666667,14.7,18.4815,26.4963703312,6.327,0,0,0,0,0,0,0,0,0,0,0,0
1551402480.12,14,52,14.3333333333,52.0,14.9060606061,29.97,43.2181851656,11.4885,0,0,0,0,0,0,0,0,0,0,0,0
1551402480.22,15,51,15.0,51.3333333333,15.8060606061,33.4665,55.0755925828,3.4965,0,0,0,0,0,0,0,0,0,0,0,0
1551402480.31,15,51,15.3333333333,51.0,15.7666666667,34.632,62.1697962914,1.1655,0,0,0,0,0,0,0,0,0,0,0,0
1551402480.4,16,50,16.0,50.3333333333,15.5424242424,34.1325,65.2173981457,-0.4995,0,0,0,0,0,0,0,0,0,0,0,0
1551402480.5,14,52,14.3333333333,52.0,12.0606060606,35.7975,68.4061990729,1.665,0,0,0,0,0,0,0,0,0,0,0,0
1551402480.59,11,54,11.6666666667,54.6666666667,9.7393939394,39.627,73.8300995364,3.8295,0,0,0,0,0,0,0,0,0,0,0,0
1551402480.69,11,54,11.6666666667,54.6666666667,9.35757575757,41.292,78.2070497682,1.665,0,0,0,0,0,0,0,0,0,0,0,0
1551402481.16,0,0,0,0,0
1551402481.18,12,53,12.6666666667,53.6666666667,11.2484848485,40.959,80.0625248841,-0.333,0,0,0,0,0,0,0,0,0,0,0,0
1551402481.7,0,0,0,0,0
1551402481.72,46,20,46.0,20.3333333333,7.75454545453,0.8325,40.8637624421,-40.1265,0,0,0,0,0,0,0,0,0,0,0,0
1551402481.81,0,0,0,0,0
1551402481.9,0,0,0,0,0
1551402481.99,0,0,0,0,0
1551402482.14,0,0,0,0,0
1551402482.22,75,-8,75.3333333333,-8.66666666667,0.930303030303,-49.95,-29.518118779,-50.7825,0,0,0,0,0,0,0,0,0,0,0,0
1551402482.31,56,9,56.6666666667,9.66666666667,2.73939393939,-47.7855,-62.5445593895,2.1645,0,0,0,0,0,0,0,0,0,0,0,0
1551402482.41,53,13,53.0,13.3333333333,8.94242424243,-42.4575,-73.7297796947,5.328,0,0,0,0,0,0,0,0,0,0,0,0
1551402482.55,46,20,46.3333333333,20.0,10.0818181818,-32.634,-69.4988898474,9.8235,0,0,0,0,0,0,0,0,0,0,0,0
1551402483.02,0,0,0,0,0
1551402483.04,35,31,35.3333333333,31.0,10.2090909091,-15.4845,-50.2339449237,17.1495,0,0,0,0,0,0,0,0,0,0,0,0
1551402483.13,-9,76,-9.66666666667,76.3333333333,9.03333333333,45.4545,20.3375275382,60.939,0,0,0,0,0,0,0,0,0,0,0,0
1551402483.22,5,61,5.33333333333,61.0,2.01818181818,51.4485,61.6172637691,5.994,0,0,0,0,0,0,0,0,0,0,0,0
1551402483.31,8,57,8.66666666667,57.6666666667,4.2,49.617,80.4256318845,-1.8315,0,0,0,0,0,0,0,0,0,0,0,0
1551402483.4,13,53,13.0,53.3333333333,11.2848484848,43.623,83.8358159423,-5.994,0,0,0,0,0,0,0,0,0,0,0,0
1551402483.5,22,44,22.0,44.3333333333,10.6787878788,30.6360025406,72.5539105117,-12.9869974594,0,0,0,0,0,0,0,0,0,0,0,0
1551402483.97,0,0,0,0,0
1551402483.99,27,38,27.6666666667,38.6666666667,10.5727272727,18.6480050812,54.924960337,-11.9879974594,0,0,0,0,0,0,0,0,0,0,0,0
1551402484.52,0,0,0,0,0
1551402484.54,62,3,62.6666666667,3.66666666667,10.7,-27.8055,-0.343019831481,-46.4535050812,0,0,0,0,0,0,0,0,0,0,0,0
1551402484.62,0,0,0,0,0
1551402484.72,0,0,0,0,0
1551402484.81,63,3,63.3333333333,3.0,4.94242424243,-47.1195,-47.2910099157,-19.314,0,0,0,0,0,0,0,0,0,0,0,0
1551402484.95,51,15,51.3333333333,15.0,10.203030303,-40.293,-63.9385049579,6.8265,0,0,0,0,0,0,0,0,0,0,0,0
1551402485.42,0,0,0,0,0
1551402485.44,33,32,33.6666666667,32.6666666667,10.1787878788,-16.4835,-48.4527524789,23.8095,0,0,0,0,0,0,0,0,0,0,0,0
1551402485.53,0,0,0,0,0
1551402485.62,0,0,0,0,0
1551402485.72,0,0,0,0,0
1551402485.81,0,0,0,0,0
1551402485.9,0,0,0,0,0
1551402486.0,0,0,0,0,0
1551402486.09,67,-1,67.6666666667,-1.0,0.71515151515,-47.619,-71.8453762395,-31.1355,0,0,0,0,0,0,0,0,0,0,0,0
1551402486.19,51,14,51.6666666667,14.6666666667,3.35757575757,-41.1255,-77.0481881197,6.4935,0,0,0,0,0,0,0,0,0,0,0,0
1551402486.28,46,20,46.0,20.3333333333,10.403030303,-31.4685,-69.9925940599,9.657,0,0,0,0,0,0,0,0,0,0,0,0
1551402486.37,37,28,37.6666666667,28.6666666667,26.0393939394,-17.649,-52.6452970299,13.8195,0,0,0,0,0,0,0,0,0,0,0,0
1551402486.47,27,39,27.3333333333,39.0,50.993939394,0.1665,-26.156148515,17.8155,0,0,0,0,0,0,0,0,0,0,0,0
1551402486.56,33,33,33.0,33.3333333333,68.893939394,0.1665,-12.9115742575,0.0,0,0,0,0,0,0,0,0,0,0,0,0
1551402486.66,33,33,33.0,33.3333333333,71.084848485,0.1665,-6.28928712874,0.0,0,0,0,0,0,0,0,0,0,0,0,0
1551402486.75,33,33,33.0,33.3333333333,71.084848485,0.1665,-2.97814356437,0.0,0,0,0,0,0,0,0,0,0,0,0,0
1551402486.84,24,42,24.3333333333,42.0,56.806060606,10.656,9.16692821781,10.4895,0,0,0,0,0,0,0,0,0,0,0,0
