connected to 192.168.1.17
time,left,right,piLeft,piRight,piConf,piP,piI,piD,cam0Left,cam0Right,cam0Conf,cam0P,cam0I,cam0D,cam1Left,cam1Right,cam1Conf,cam1P,cam1I,cam1D
1551400978.97,48,17,48.6666666667,17.6666666667,11.0757575758,-30.4695,-60.9390000795,0.0,0,0,0,0,0,0,0,0,0,0,0,0
1551400978.97,48,17,48.6666666667,17.6666666667,11.0939393939,-30.4695,-60.9390000397,0.0,0,0,0,0,0,0,0,0,0,0,0,0
1551400978.98,48,17,48.6666666667,17.6666666667,11.0818181818,-30.4695,-60.9390000199,0.0,0,0,0,0,0,0,0,0,0,0,0,0
1551400979.04,48,17,48.6666666667,17.6666666667,11.1,-30.4695,-60.9390000099,0.0,0,0,0,0,0,0,0,0,0,0,0,0
1551400979.13,47,19,47.3333333333,19.0,10.8878787879,-29.1375,-59.607000005,1.332,0,0,0,0,0,0,0,0,0,0,0,0
1551400979.23,41,25,41.3333333333,25.0,10.5181818182,-21.312,-51.1155000025,7.8255,0,0,0,0,0,0,0,0,0,0,0,0
1551400979.32,35,31,35.0,31.3333333333,10.2303030303,-10.656,-36.2137500012,10.656,0,0,0,0,0,0,0,0,0,0,0,0
1551400979.41,29,36,29.6666666667,36.6666666667,10.4272727273,0.1665,-17.9403750006,10.8225,0,0,0,0,0,0,0,0,0,0,0,0
1551400979.51,26,40,26.3333333333,40.0,10.7484848485,8.325,-0.64518750031,8.1585,0,0,0,0,0,0,0,0,0,0,0,0
1551400979.6,25,40,25.6666666667,40.6666666667,11.4787878788,12.3210050812,11.998411331,3.99600508118,0,0,0,0,0,0,0,0,0,0,0,0
1551400979.7,28,38,28.3333333333,38.0,11.6151515152,10.8225,16.8217056655,-1.49850508118,0,0,0,0,0,0,0,0,0,0,0,0
1551400979.79,31,35,31.3333333333,35.0,12.0424242424,6.327,14.7378528328,-4.4955,0,0,0,0,0,0,0,0,0,0,0,0
1551400980.26,0,0,0,0,0
1551400980.28,37,29,37.3333333333,29.0,12.1242424242,-2.331,5.03792641638,-8.658,0,0,0,0,0,0,0,0,0,0,0,0
1551400980.42,65,0,65.6666666667,0.666666666667,12.5848484848,-39.627,-37.1080367918,-37.296,0,0,0,0,0,0,0,0,0,0,0,0
1551400980.51,55,10,55.6666666667,10.6666666667,10.1242424242,-42.7905,-61.3445183959,-3.1635,0,0,0,0,0,0,0,0,0,0,0,0
1551400980.6,52,14,52.3333333333,14.0,12.4787878788,-39.96,-70.632259198,2.8305,0,0,0,0,0,0,0,0,0,0,0,0
1551400980.69,49,17,49.0,17.3333333333,13.6939393939,-34.632,-69.948129599,5.328,0,0,0,0,0,0,0,0,0,0,0,0
1551400980.79,44,22,44.3333333333,22.0,12.7757575758,-26.8065,-61.7805647995,7.8255,0,0,0,0,0,0,0,0,0,0,0,0
1551400980.88,41,24,42.0,24.3333333333,12.4878787879,-20.979,-51.8692823997,5.8275,0,0,0,0,0,0,0,0,0,0,0,0
1551400980.98,42,23,42.6666666667,23.6666666667,12.203030303,-19.647,-45.5816411999,1.332,0,0,0,0,0,0,0,0,0,0,0,0
1551400981.07,40,25,40.6666666667,25.6666666667,12.1878787879,-16.65,-39.4408205999,2.997,0,0,0,0,0,0,0,0,0,0,0,0
1551400981.16,41,25,41.3333333333,25.0,11.9818181818,-16.4835,-36.2039103,0.1665,0,0,0,0,0,0,0,0,0,0,0,0
1551400981.26,41,24,41.6666666667,24.6666666667,11.7939393939,-16.8164898376,-34.9184449876,-0.332989837646,0,0,0,0,0,0,0,0,0,0,0,0
1551400981.35,41,25,41.0,25.3333333333,11.4636363636,-16.1505,-33.6097224938,0.665989837646,0,0,0,0,0,0,0,0,0,0,0,0
1551400981.44,41,24,41.6666666667,24.6666666667,11.3272727273,-16.4834898376,-33.2883510846,-0.332989837646,0,0,0,0,0,0,0,0,0,0,0,0
1551400981.54,40,25,40.6666666667,25.6666666667,11.1636363636,-15.4845,-32.1286755423,0.998989837646,0,0,0,0,0,0,0,0,0,0,0,0
1551400981.63,39,26,39.6666666667,26.6666666667,10.8606060606,-13.986,-30.0503377711,1.4985,0,0,0,0,0,0,0,0,0,0,0,0
1551400981.72,39,26,39.6666666667,26.6666666667,10.8333333333,-13.1534949188,-28.1786638044,0.832505081177,0,0,0,0,0,0,0,0,0,0,0,0
1551400981.87,37,29,37.3333333333,29.0,10.4060606061,-10.1565,-24.2458319022,2.99699491882,0,0,0,0,0,0,0,0,0,0,0,0
1551400981.96,33,33,33.0,33.3333333333,10.3272727273,-3.996,-16.1189159511,6.1605,0,0,0,0,0,0,0,0,0,0,0,0
1551400982.05,31,35,31.3333333333,35.0,10.9636363636,0.666,-7.39345797555,4.662,0,0,0,0,0,0,0,0,0,0,0,0
1551400982.14,30,35,30.6666666667,35.6666666667,9.9,3.1635,-0.533228987775,2.4975,0,0,0,0,0,0,0,0,0,0,0,0
1551400982.22,31,35,31.3333333333,35.0,11.2151515152,3.4965,3.22988550611,0.333,0,0,0,0,0,0,0,0,0,0,0,0
1551400982.32,30,36,30.3333333333,36.0,11.0242424242,4.8285,6.44344275306,1.332,0,0,0,0,0,0,0,0,0,0,0,0
1551400982.41,29,37,29.3333333333,37.0,11.2363636364,6.4935,9.71522137653,1.665,0,0,0,0,0,0,0,0,0,0,0,0
1551400982.51,28,38,28.3333333333,38.0,11.1060606061,8.4915,13.3491106883,1.998,0,0,0,0,0,0,0,0,0,0,0,0
1551400982.6,28,38,28.3333333333,38.0,8.4515151515,9.324,15.9985553441,0.8325,0,0,0,0,0,0,0,0,0,0,0,0
1551400982.69,29,36,29.6666666667,36.6666666667,10.6515151515,7.8255,15.8247776721,-1.4985,0,0,0,0,0,0,0,0,0,0,0,0
1551400982.79,29,37,29.3333333333,37.0,10.6818181818,7.4925,15.404888836,-0.333,0,0,0,0,0,0,0,0,0,0,0,0
1551400982.88,29,37,29.0,37.3333333333,11.4151515152,7.8255,15.527944418,0.333,0,0,0,0,0,0,0,0,0,0,0,0
1551400982.97,27,38,27.6666666667,38.6666666667,11.7454545455,9.657,17.420972209,1.8315,0,0,0,0,0,0,0,0,0,0,0,0
1551400983.07,27,39,27.3333333333,39.0,12.4151515152,10.8225,19.5329861045,1.1655,0,0,0,0,0,0,0,0,0,0,0,0
1551400983.16,24,41,24.6666666667,41.6666666667,12.3909090909,14.319,24.0854930523,3.4965,0,0,0,0,0,0,0,0,0,0,0,0
1551400983.26,23,43,23.0,43.3333333333,12.1272727273,17.982,30.0247465261,3.663,0,0,0,0,0,0,0,0,0,0,0,0
1551400983.35,21,44,21.6666666667,44.6666666667,12.0909090909,20.8125,35.8248732631,2.8305,0,0,0,0,0,0,0,0,0,0,0,0
1551400983.44,21,44,21.6666666667,44.6666666667,12.1606060606,22.1445,40.0569366315,1.332,0,0,0,0,0,0,0,0,0,0,0,0
1551400983.54,20,46,20.0,46.3333333333,13.1272727273,24.642,44.6704683158,2.4975,0,0,0,0,0,0,0,0,0,0,0,0
1551400983.63,20,46,20.0,46.3333333333,12.0636363636,25.6410050812,47.9762392391,0.999005081177,0,0,0,0,0,0,0,0,0,0,0,0
1551400984.1,0,0,0,0,0
1551400984.12,21,45,21.3333333333,45.0,13.796969697,24.309,48.2971196195,-1.33200508118,0,0,0,0,0,0,0,0,0,0,0,0
1551400984.27,20,45,20.6666666667,45.6666666667,9.02727272727,24.642,48.7905598098,0.333,0,0,0,0,0,0,0,0,0,0,0,0
1551400984.35,21,45,21.3333333333,45.0,10.4878787879,23.8574104156,48.2526903205,-0.784589584351,0,0,0,0,0,0,0,0,0,0,0,0
1551400984.44,22,44,22.3333333333,44.0,10.5272727273,22.2555135498,46.3818587101,-1.60189686584,0,0,0,0,0,0,0,0,0,0,0,0
1551400984.54,19,46,19.3333333333,47.0,11.6,25.1415,48.332429355,2.8859864502,0,0,0,0,0,0,0,0,0,0,0,0
1551400984.63,18,48,18.3333333333,48.0,10.5939393939,27.639,51.8052146775,2.4975,0,0,0,0,0,0,0,0,0,0,0,0
1551400984.78,15,51,15.3333333333,51.0,10.8757575758,32.1345025406,58.0371098793,4.49550254059,0,0,0,0,0,0,0,0,0,0,0,0
1551400984.87,17,48,17.6666666667,48.6666666667,13.4242424242,31.1355,60.1540549397,-0.999002540588,0,0,0,0,0,0,0,0,0,0,0,0
1551400984.9,18,47,18.6666666667,47.6666666667,11.7545454545,29.637,59.7140274698,-1.4985,0,0,0,0,0,0,0,0,0,0,0,0
1551400984.94,19,46,19.6666666667,46.6666666667,12.4060606061,27.639,57.4960137349,-1.998,0,0,0,0,0,0,0,0,0,0,0,0
1551400985.08,15,50,15.6666666667,50.6666666667,9.8606060606,31.8015,60.5495068675,4.1625,0,0,0,0,0,0,0,0,0,0,0,0
1551400985.17,15,50,15.6666666667,50.6666666667,13.3181818182,33.3,63.5747534337,1.4985,0,0,0,0,0,0,0,0,0,0,0,0
1551400985.26,17,49,17.3333333333,49.0,15.4121212121,32.1345,63.9218767169,-1.1655,0,0,0,0,0,0,0,0,0,0,0,0
1551400985.35,18,47,18.6666666667,47.6666666667,16.4727272727,30.1365050812,62.0974434396,-1.99799491882,0,0,0,0,0,0,0,0,0,0,0,0
1551400985.44,15,51,15.3333333333,51.0,14.7818181818,33.1335025406,64.1822242604,2.99699745941,0,0,0,0,0,0,0,0,0,0,0,0
1551400985.54,10,56,10.3333333333,56.0,11.6696969697,40.293,72.3841121302,7.15949745941,0,0,0,0,0,0,0,0,0,0,0,0
1551400985.63,12,53,12.6666666667,53.6666666667,10.6727272727,40.4595,76.6515560651,0.1665,0,0,0,0,0,0,0,0,0,0,0,0
1551400986.1,0,0,0,0,0
1551400986.12,13,53,13.0,53.3333333333,12.5818181818,39.96,78.2857780325,-0.4995,0,0,0,0,0,0,0,0,0,0,0,0
1551400986.27,46,20,46.0,20.3333333333,10.4848484848,0.333,39.4758890163,-39.627,0,0,0,0,0,0,0,0,0,0,0,0
1551400986.35,45,21,45.0,21.3333333333,10.2636363636,-13.986,5.75194450814,-14.319,0,0,0,0,0,0,0,0,0,0,0,0
1551400986.44,42,24,42.3333333333,24.0,10.6121212121,-16.4835,-13.6075277459,-2.4975,0,0,0,0,0,0,0,0,0,0,0,0
1551400986.54,38,27,38.3333333333,28.0,10.496969697,-12.654,-19.457763873,3.8295,0,0,0,0,0,0,0,0,0,0,0,0
1551400986.63,35,31,35.3333333333,31.0,10.4,-7.4925,-17.2213819365,5.1615,0,0,0,0,0,0,0,0,0,0,0,0
1551400987.1,0,0,0,0,0
1551400987.12,33,33,33.3333333333,33.0,10.5212121212,-3.33,-11.9406909682,4.1625,0,0,0,0,0,0,0,0,0,0,0,0
1551400987.65,0,0,0,0,0
1551400987.67,23,42,23.6666666667,42.6666666667,10.2727272727,10.1565,4.18615451588,13.4865,0,0,0,0,0,0,0,0,0,0,0,0
1551400988.14,0,0,0,0,0
1551400988.16,19,46,19.6666666667,46.6666666667,10.8090909091,20.313,22.4060772579,10.1565,0,0,0,0,0,0,0,0,0,0,0,0
1551400988.3,38,27,38.3333333333,28.0,10.4515151515,1.8315,13.034538629,-18.4815,0,0,0,0,0,0,0,0,0,0,0,0
1551400988.39,41,25,41.0,25.3333333333,10.4272727273,-8.65799491882,-2.14072560434,-10.4894949188,0,0,0,0,0,0,0,0,0,0,0,0
1551400988.48,41,25,41.0,25.3333333333,10.5818181818,-12.987,-14.0573628022,-4.32900508118,0,0,0,0,0,0,0,0,0,0,0,0
1551400988.57,38,27,38.6666666667,27.6666666667,10.5212121212,-11.8214949188,-18.8501763199,1.16550508118,0,0,0,0,0,0,0,0,0,0,0,0
1551400988.66,38,28,38.3333333333,28.0,10.5060606061,-10.8224949188,-20.2475830788,0.999,0,0,0,0,0,0,0,0,0,0,0,0
1551400989.14,0,0,0,0,0
1551400989.16,37,28,37.3333333333,29.0,10.4242424242,-9.15749491882,-19.2812864582,1.665,0,0,0,0,0,0,0,0,0,0,0,0
1551400989.3,31,35,31.3333333333,35.0,10.4939393939,-1.49849491882,-11.1391381479,7.659,0,0,0,0,0,0,0,0,0,0,0,0
1551400989.39,31,35,31.3333333333,35.0,10.6151515152,1.4985,-4.07106907396,2.99699491882,0,0,0,0,0,0,0,0,0,0,0,0
1551400989.47,32,34,32.3333333333,34.0,10.5787878788,1.4985,-0.537034536982,0.0,0,0,0,0,0,0,0,0,0,0,0,0
1551400989.57,32,33,32.6666666667,33.6666666667,10.6696969697,1.332,1.06348273151,-0.1665,0,0,0,0,0,0,0,0,0,0,0,0
1551400989.66,32,33,32.6666666667,33.6666666667,10.6818181818,1.16550508118,1.69724644693,-0.166494918823,0,0,0,0,0,0,0,0,0,0,0,0
1551400990.13,0,0,0,0,0
1551400990.15,33,33,33.0,33.3333333333,10.6393939394,0.832505081177,1.68112830464,-0.333,0,0,0,0,0,0,0,0,0,0,0,0
1551400990.63,0,0,0,0,0
1551400990.65,35,31,35.0,31.3333333333,10.5636363636,-1.665,-0.824435847679,-2.49750508118,0,0,0,0,0,0,0,0,0,0,0,0
1551400990.74,35,31,35.3333333333,31.0,11.1848484848,-3.16349491882,-3.57571284266,-1.49849491882,0,0,0,0,0,0,0,0,0,0,0,0
1551400990.83,33,32,33.6666666667,32.6666666667,11.2303030303,-1.665,-3.45285642133,1.49849491882,0,0,0,0,0,0,0,0,0,0,0,0
1551400990.91,29,37,29.3333333333,37.0,11.0787878788,3.8295,2.10307178933,5.4945,0,0,0,0,0,0,0,0,0,0,0,0
1551400991.01,28,38,28.3333333333,38.0,11.2909090909,7.326,8.37753589467,3.4965,0,0,0,0,0,0,0,0,0,0,0,0
1551400991.1,27,39,27.0,39.3333333333,11.303030303,10.1565,14.3452679473,2.8305,0,0,0,0,0,0,0,0,0,0,0,0
1551400991.57,0,0,0,0,0
1551400991.59,24,42,24.0,42.3333333333,12.4818181818,15.1515,22.3241339737,4.995,0,0,0,0,0,0,0,0,0,0,0,0
1551400991.73,2,63,2.66666666667,63.6666666667,8.43636363637,42.4575,53.6195669868,27.306,0,0,0,0,0,0,0,0,0,0,0,0
1551400991.82,8,57,8.66666666667,57.6666666667,1.9,45.954,72.7637834934,3.4965,0,0,0,0,0,0,0,0,0,0,0,0
1551400991.91,6,60,6.0,60.3333333333,0.193939393939,50.616,86.9978917467,4.662,0,0,0,0,0,0,0,0,0,0,0,0
1551400992.0,8,57,8.66666666667,57.6666666667,0.730303030303,49.284,92.7829458734,-1.332,0,0,0,0,0,0,0,0,0,0,0,0
1551400992.1,11,55,11.0,55.3333333333,4.34545454547,45.7875,92.1789729367,-3.4965,0,0,0,0,0,0,0,0,0,0,0,0
1551400992.19,13,53,13.3333333333,53.0,10.9848484848,41.7915,87.8809864683,-3.996,0,0,0,0,0,0,0,0,0,0,0,0
1551400992.29,17,49,17.3333333333,49.0,12.2606060606,35.4645,79.4049932342,-6.327,0,0,0,0,0,0,0,0,0,0,0,0
1551400992.38,21,45,21.3333333333,45.0,11.5393939394,28.305,68.0074966171,-7.1595,0,0,0,0,0,0,0,0,0,0,0,0
1551400992.47,23,43,23.3333333333,43.0,11.0606060606,22.977,56.9807483085,-5.328,0,0,0,0,0,0,0,0,0,0,0,0
1551400992.57,24,42,24.0,42.3333333333,10.8666666667,20.1465050812,48.6368792354,-2.83049491882,0,0,0,0,0,0,0,0,0,0,0,0
1551400992.66,24,41,24.6666666667,41.6666666667,10.7212121212,17.982,42.3004396177,-2.16450508118,0,0,0,0,0,0,0,0,0,0,0,0
1551400992.75,26,40,26.0,40.3333333333,10.6939393939,15.4845050812,36.63472489,-2.49749491882,0,0,0,0,0,0,0,0,0,0,0,0
1551400992.85,26,39,26.6666666667,39.6666666667,10.3878787879,13.8195,32.136862445,-1.66500508118,0,0,0,0,0,0,0,0,0,0,0,0
1551400992.94,27,38,27.6666666667,38.6666666667,10.2393939394,11.8215,27.8899312225,-1.998,0,0,0,0,0,0,0,0,0,0,0,0
1551400993.47,0,0,0,0,0
1551400993.49,28,38,28.3333333333,38.0,8.75757575757,10.4895,24.4344656113,-1.332,0,0,0,0,0,0,0,0,0,0,0,0
1551400993.58,38,28,38.0,28.3333333333,10.2818181818,-1.66499491882,10.5522378868,-12.1544949188,0,0,0,0,0,0,0,0,0,0,0,0
1551400993.66,36,30,36.3333333333,30.0,10.296969697,-4.49549491882,0.780624024579,-2.8305,0,0,0,0,0,0,0,0,0,0,0,0
1551400993.76,35,31,35.3333333333,31.0,10.2303030303,-4.329,-3.93868798771,0.166494918823,0,0,0,0,0,0,0,0,0,0,0,0
1551400993.85,35,31,35.0,31.3333333333,10.2424242424,-3.82949491882,-5.79883891268,0.499505081177,0,0,0,0,0,0,0,0,0,0,0,0
1551400993.94,34,31,34.6666666667,31.6666666667,10.1787878788,-3.1635,-6.06291945634,0.665994918823,0,0,0,0,0,0,0,0,0,0,0,0
1551400994.04,34,32,34.0,32.3333333333,10.1545454545,-2.1645,-5.19595972817,0.999,0,0,0,0,0,0,0,0,0,0,0,0
1551400994.13,33,33,33.0,33.3333333333,10.303030303,-0.666,-3.26397986408,1.4985,0,0,0,0,0,0,0,0,0,0,0,0
1551400994.22,33,33,33.3333333333,33.0,10.3424242424,-0.332994918823,-1.96498485087,0.333005081177,0,0,0,0,0,0,0,0,0,0,0,0
1551400994.32,33,33,33.0,33.3333333333,10.4393939394,5.08117675781e-06,-0.982487344256,0.333,0,0,0,0,0,0,0,0,0,0,0,0
1551400994.41,33,33,33.0,33.3333333333,10.4757575758,0.333005081177,-0.158238590951,0.333,0,0,0,0,0,0,0,0,0,0,0,0
1551400994.5,33,33,33.0,33.3333333333,10.5333333333,0.333,0.253880704524,-5.08117675779e-06,0,0,0,0,0,0,0,0,0,0,0,0
1551400994.6,32,34,32.0,34.3333333333,10.6181818182,1.332,1.45894035226,0.999,0,0,0,0,0,0,0,0,0,0,0,0
1551400994.69,32,34,32.3333333333,34.0,10.6121212121,1.665,2.39447017613,0.333,0,0,0,0,0,0,0,0,0,0,0,0
1551400994.79,33,33,33.0,33.3333333333,10.5515151515,0.999,2.19623508807,-0.666,0,0,0,0,0,0,0,0,0,0,0,0
1551400994.88,33,33,33.0,33.3333333333,10.6151515152,0.4995,1.59761754403,-0.4995,0,0,0,0,0,0,0,0,0,0,0,0
1551400994.97,33,33,33.0,33.3333333333,10.6303030303,0.333,1.13180877202,-0.1665,0,0,0,0,0,0,0,0,0,0,0,0
1551400995.07,33,33,33.3333333333,33.0,10.6121212121,0.0,0.565904386008,-0.333,0,0,0,0,0,0,0,0,0,0,0,0
1551400995.16,33,33,33.0,33.3333333333,10.6545454545,0.0,0.282952193004,0.0,0,0,0,0,0,0,0,0,0,0,0,0
1551400995.25,33,33,33.3333333333,33.0,10.5454545455,-0.166494918823,-0.0250188223212,-0.166494918823,0,0,0,0,0,0,0,0,0,0,0,0
1551400995.35,33,32,33.6666666667,32.6666666667,10.4303030303,-0.832494918823,-0.845004329984,-0.666,0,0,0,0,0,0,0,0,0,0,0,0
1551400995.44,33,32,33.6666666667,32.6666666667,10.5393939394,-0.999,-1.42150216499,-0.166505081177,0,0,0,0,0,0,0,0,0,0,0,0
1551400995.54,34,32,34.3333333333,32.0,10.4333333333,-1.66499491882,-2.37574600132,-0.665994918823,0,0,0,0,0,0,0,0,0,0,0,0
1551400995.63,34,32,34.0,32.3333333333,10.5212121212,-1.665,-2.85287300066,-5.08117675779e-06,0,0,0,0,0,0,0,0,0,0,0,0
1551400995.72,34,32,34.3333333333,32.0,10.4757575758,-1.99799491882,-3.42443141915,-0.332994918823,0,0,0,0,0,0,0,0,0,0,0,0
1551400995.82,34,32,34.0,32.3333333333,10.5666666667,-1.8315,-3.54371570958,0.166494918823,0,0,0,0,0,0,0,0,0,0,0,0
1551400996.29,0,0,0,0,0
1551400996.31,34,32,34.0,32.3333333333,10.5454545455,-1.665,-3.43685785479,0.1665,0,0,0,0,0,0,0,0,0,0,0,0
1551400996.45,31,34,31.6666666667,34.6666666667,10.8878787879,1.332,-0.386428927394,2.997,0,0,0,0,0,0,0,0,0,0,0,0
1551400996.54,31,34,31.6666666667,34.6666666667,11.4757575758,2.331,2.1377855363,0.999,0,0,0,0,0,0,0,0,0,0,0,0
1551400996.63,30,36,30.3333333333,36.0,11.3818181818,4.329,5.39789276815,1.998,0,0,0,0,0,0,0,0,0,0,0,0
1551400996.72,28,38,28.3333333333,38.0,11.696969697,7.326,10.0249463841,2.997,0,0,0,0,0,0,0,0,0,0,0,0
1551400996.82,26,40,26.0,40.3333333333,11.4424242424,11.322,16.334473192,3.996,0,0,0,0,0,0,0,0,0,0,0,0
1551400996.91,25,41,25.3333333333,41.0,11.3939393939,13.9860050812,22.1532416772,2.66400508118,0,0,0,0,0,0,0,0,0,0,0,0
1551400997.0,25,41,25.0,41.3333333333,11.3515151515,15.3180050812,26.3946259198,1.332,0,0,0,0,0,0,0,0,0,0,0,0
1551400997.15,25,41,25.0,41.3333333333,11.2060606061,15.651,28.8483129599,0.332994918823,0,0,0,0,0,0,0,0,0,0,0,0
1551400997.24,25,40,25.6666666667,40.6666666667,11.1848484848,15.1515,29.5756564799,-0.4995,0,0,0,0,0,0,0,0,0,0,0,0
1551400997.33,26,40,26.3333333333,40.0,11.1212121212,14.1525,28.94032824,-0.999,0,0,0,0,0,0,0,0,0,0,0,0
1551400997.42,27,39,27.0,39.3333333333,11.1272727273,12.987,27.45716412,-1.1655,0,0,0,0,0,0,0,0,0,0,0,0
1551400997.51,28,38,28.3333333333,38.0,11.0848484848,10.989,24.71758206,-1.998,0,0,0,0,0,0,0,0,0,0,0,0
1551400997.6,27,38,27.6666666667,38.6666666667,12.3060606061,10.8225,23.18129103,-0.1665,0,0,0,0,0,0,0,0,0,0,0,0
1551400997.69,26,40,26.3333333333,40.0,12.7939393939,12.321,23.911645515,1.4985,0,0,0,0,0,0,0,0,0,0,0,0
1551400997.78,25,41,25.3333333333,41.0,13.5242424242,14.1525,26.1083227575,1.8315,0,0,0,0,0,0,0,0,0,0,0,0
1551400997.88,21,44,21.6666666667,44.6666666667,13.2787878788,19.4805,32.5346613787,5.328,0,0,0,0,0,0,0,0,0,0,0,0
1551400997.97,20,46,20.0,46.3333333333,12.9484848485,23.4765,39.7438306894,3.996,0,0,0,0,0,0,0,0,0,0,0,0
1551400998.07,19,47,19.3333333333,47.0,12.6363636364,25.641,45.5129153447,2.1645,0,0,0,0,0,0,0,0,0,0,0,0
1551400998.16,20,45,21.0,45.3333333333,12.2424242424,24.8085,47.5649576723,-0.8325,0,0,0,0,0,0,0,0,0,0,0,0
1551400998.25,22,43,22.6666666667,43.6666666667,11.9272727273,22.311,46.0934788362,-2.4975,0,0,0,0,0,0,0,0,0,0,0,0
1551400998.35,24,41,24.6666666667,41.6666666667,11.6454545455,19.1475050812,42.1942444993,-3.16349491882,0,0,0,0,0,0,0,0,0,0,0,0
1551400998.44,24,42,24.0,42.3333333333,12.0727272727,18.3150050812,39.4121273308,-0.8325,0,0,0,0,0,0,0,0,0,0,0,0
1551400998.53,23,43,23.0,43.3333333333,13.5484848485,19.4805,39.1865636654,1.16549491882,0,0,0,0,0,0,0,0,0,0,0,0
1551400998.63,23,43,23.0,43.3333333333,10.6454545455,19.8135,39.4067818327,0.333,0,0,0,0,0,0,0,0,0,0,0,0
1551400998.72,21,45,21.3333333333,45.0,7.90303030303,22.020199173,41.7235900893,2.20669917297,0,0,0,0,0,0,0,0,0,0,0,0
1551400998.82,14,52,14.3333333333,52.0,8.8787878788,31.1355,51.9972950447,9.11530082703,0,0,0,0,0,0,0,0,0,0,0,0
1551400998.91,16,50,16.0,50.3333333333,10.8212121212,32.8005,58.7991475223,1.665,0,0,0,0,0,0,0,0,0,0,0,0
1551400999.0,20,46,20.3333333333,46.0,12.3303030303,28.1385,57.5380737612,-4.662,0,0,0,0,0,0,0,0,0,0,0,0
1551400999.1,22,43,22.6666666667,43.6666666667,9.98484848483,23.4765,52.2455368806,-4.662,0,0,0,0,0,0,0,0,0,0,0,0
1551400999.19,25,41,25.0,41.3333333333,8.56666666667,18.8145,44.9372684403,-4.662,0,0,0,0,0,0,0,0,0,0,0,0
1551400999.29,26,40,26.0,40.3333333333,7.6515151515,16.1505,38.6191342201,-2.664,0,0,0,0,0,0,0,0,0,0,0,0
1551400999.38,27,39,27.3333333333,39.0,7.8393939394,13.4865050812,32.7960721912,-2.66399491882,0,0,0,0,0,0,0,0,0,0,0,0
1551400999.47,28,38,28.0,38.3333333333,9.90303030303,11.4885,27.8865360956,-1.99800508118,0,0,0,0,0,0,0,0,0,0,0,0
1551400999.57,27,38,27.6666666667,38.6666666667,9.10303030303,11.1555,25.0987680478,-0.333,0,0,0,0,0,0,0,0,0,0,0,0
1551400999.66,28,38,28.0,38.3333333333,6.65454545453,10.4895,23.0388840239,-0.666,0,0,0,0,0,0,0,0,0,0,0,0
1551400999.76,28,37,28.6666666667,37.6666666667,6.68787878787,9.324,20.843442012,-1.1655,0,0,0,0,0,0,0,0,0,0,0,0
1551400999.85,29,36,29.6666666667,36.6666666667,6.35454545453,7.659,18.080721006,-1.665,0,0,0,0,0,0,0,0,0,0,0,0
1551400999.94,30,36,30.0,36.3333333333,6.46363636363,6.8265,15.866860503,-0.8325,0,0,0,0,0,0,0,0,0,0,0,0
1551401000.04,28,38,28.3333333333,38.0,6.67575757577,8.4915,16.4249302515,1.665,0,0,0,0,0,0,0,0,0,0,0,0
1551401000.13,27,38,27.6666666667,38.6666666667,9.31818181817,10.0352885284,18.2477536542,1.54378852844,0,0,0,0,0,0,0,0,0,0,0,0
1551401000.22,24,42,24.0,42.3333333333,9.16666666667,14.8185,23.9423768271,4.78321147156,0,0,0,0,0,0,0,0,0,0,0,0
1551401000.32,21,45,21.3333333333,45.0,7.4696969697,20.1465,32.1176884135,5.328,0,0,0,0,0,0,0,0,0,0,0,0
1551401000.41,22,44,22.3333333333,44.0,7.75757575757,20.979,37.0378442068,0.8325,0,0,0,0,0,0,0,0,0,0,0,0
1551401000.5,25,41,25.0,41.3333333333,8.55757575757,17.982,36.5009221034,-2.997,0,0,0,0,0,0,0,0,0,0,0,0
1551401000.6,25,41,25.3333333333,41.0,8.19696969697,16.317,34.5674610517,-1.665,0,0,0,0,0,0,0,0,0,0,0,0
1551401000.69,25,40,25.6666666667,40.6666666667,9.6212121212,15.318,32.6017305258,-0.999,0,0,0,0,0,0,0,0,0,0,0,0
1551401000.78,26,40,26.3333333333,40.0,8.92727272727,14.1525,30.4533652629,-1.1655,0,0,0,0,0,0,0,0,0,0,0,0
1551401000.88,26,40,26.3333333333,40.0,9.2212121212,13.8195,29.0461826315,-0.333,0,0,0,0,0,0,0,0,0,0,0,0
1551401000.97,25,41,25.0,41.3333333333,10.1515151515,15.318,29.8410913157,1.4985,0,0,0,0,0,0,0,0,0,0,0,0
1551401001.07,24,42,24.3333333333,42.0,11.6454545455,16.4835,31.4040456579,1.1655,0,0,0,0,0,0,0,0,0,0,0,0
1551401001.16,21,45,21.3333333333,45.0,7.23636363637,20.646,36.3480228289,4.1625,0,0,0,0,0,0,0,0,0,0,0,0
1551401001.25,21,45,21.0,45.3333333333,10.0696969697,22.6440025406,40.8180139551,1.99800254059,0,0,0,0,0,0,0,0,0,0,0,0
1551401001.35,20,46,20.3333333333,46.0,7.2606060606,24.1425,44.5515069775,1.49849745941,0,0,0,0,0,0,0,0,0,0,0,0
1551401001.44,20,45,20.6666666667,45.6666666667,9.30303030303,24.309,46.5847534888,0.1665,0,0,0,0,0,0,0,0,0,0,0,0
1551401001.54,21,44,21.6666666667,44.6666666667,8.7212121212,23.31,46.6023767444,-0.999,0,0,0,0,0,0,0,0,0,0,0,0
1551401001.63,22,43,22.6666666667,43.6666666667,5.22424242423,21.6450050812,44.9461934534,-1.66499491882,0,0,0,0,0,0,0,0,0,0,0,0
1551401001.72,24,42,24.0,42.3333333333,5.3787878788,19.4805,41.9535967267,-2.16450508118,0,0,0,0,0,0,0,0,0,0,0,0
1551401001.82,25,41,25.3333333333,41.0,8.80303030303,16.983,37.9597983633,-2.4975,0,0,0,0,0,0,0,0,0,0,0,0
1551401001.91,26,40,26.3333333333,40.0,5.10303030303,14.985,33.9648991817,-1.998,0,0,0,0,0,0,0,0,0,0,0,0
1551401002.0,27,38,28.0,38.3333333333,10.5363636364,12.1545,29.1369495908,-2.8305,0,0,0,0,0,0,0,0,0,0,0,0
1551401002.1,25,40,25.6666666667,40.6666666667,5.94545454547,13.653,28.2214747954,1.4985,0,0,0,0,0,0,0,0,0,0,0,0
1551401002.19,24,42,24.0,42.3333333333,5.99696969697,16.317,30.4277373977,2.664,0,0,0,0,0,0,0,0,0,0,0,0
1551401002.28,22,43,22.6666666667,43.6666666667,6.03333333333,18.8145,34.0283686989,2.4975,0,0,0,0,0,0,0,0,0,0,0,0
1551401002.38,23,43,23.3333333333,43.0,5.2303030303,19.1369133682,36.1510977177,0.322413368225,0,0,0,0,0,0,0,0,0,0,0,0
1551401002.47,22,43,22.6666666667,43.6666666667,4.4606060606,20.1465,38.2220488588,1.00958663177,0,0,0,0,0,0,0,0,0,0,0,0
1551401002.57,24,41,24.6666666667,41.6666666667,5.9909090909,17.982,37.0930244294,-2.1645,0,0,0,0,0,0,0,0,0,0,0,0
1551401002.66,24,41,24.6666666667,41.6666666667,3.8909090909,17.1495,35.6960122147,-0.8325,0,0,0,0,0,0,0,0,0,0,0,0
1551401002.75,26,40,26.0,40.3333333333,4.62727272727,15.4845,33.3325061074,-1.665,0,0,0,0,0,0,0,0,0,0,0,0
1551401002.85,27,39,27.0,39.3333333333,3.6909090909,13.32,29.9862530537,-2.1645,0,0,0,0,0,0,0,0,0,0,0,0
1551401003.32,0,0,0,0,0
1551401003.34,28,38,28.3333333333,38.0,3.76363636363,11.1555,26.1486265268,-2.1645,0,0,0,0,0,0,0,0,0,0,0,0
1551401003.49,41,25,41.0,25.3333333333,4.97575757577,-4.995,8.07931326342,-16.1505,0,0,0,0,0,0,0,0,0,0,0,0
1551401003.57,43,23,43.3333333333,23.0,5.61212121213,-14.1525,-10.1128433683,-9.1575,0,0,0,0,0,0,0,0,0,0,0,0
1551401003.66,43,23,43.3333333333,23.0,7.0909090909,-17.8155,-22.8719216841,-3.663,0,0,0,0,0,0,0,0,0,0,0,0
1551401003.75,44,21,45.0,21.3333333333,7.36363636363,-21.1455,-32.5814608421,-3.33,0,0,0,0,0,0,0,0,0,0,0,0
1551401003.85,45,21,45.3333333333,21.0,8.30606060607,-22.977,-39.267730421,-1.8315,0,0,0,0,0,0,0,0,0,0,0,0
1551401003.94,45,21,45.3333333333,21.0,8.91818181817,-23.4765,-43.1103652105,-0.4995,0,0,0,0,0,0,0,0,0,0,0,0
1551401004.03,45,21,45.0,21.3333333333,7.83333333333,-23.2301848755,-44.7853674807,0.246315124512,0,0,0,0,0,0,0,0,0,0,0,0
1551401004.13,44,22,44.0,22.3333333333,8.8606060606,-21.978,-44.3706837404,1.25218487549,0,0,0,0,0,0,0,0,0,0,0,0
1551401004.22,43,23,43.3333333333,23.0,9.58181818183,-20.8124949188,-42.997836789,1.16550508118,0,0,0,0,0,0,0,0,0,0,0,0
1551401004.32,42,23,42.6666666667,23.6666666667,9.31515151517,-19.6469949188,-41.1459133133,1.1655,0,0,0,0,0,0,0,0,0,0,0,0
1551401004.41,42,24,42.0,24.3333333333,9.27272727273,-18.3149898376,-38.8879464943,1.33200508118,0,0,0,0,0,0,0,0,0,0,0,0
1551401004.51,41,24,41.6666666667,24.6666666667,9.6606060606,-17.316,-36.7599732472,0.998989837646,0,0,0,0,0,0,0,0,0,0,0,0
1551401004.6,40,26,40.3333333333,26.0,13.4545454545,-15.318,-33.6979866236,1.998,0,0,0,0,0,0,0,0,0,0,0,0
1551401004.69,43,23,43.3333333333,23.0,12.8393939394,-18.1485,-34.9974933118,-2.8305,0,0,0,0,0,0,0,0,0,0,0,0
1551401004.79,44,22,44.3333333333,22.0,12.6060606061,-20.4795,-37.9782466559,-2.331,0,0,0,0,0,0,0,0,0,0,0,0
1551401004.88,45,21,45.3333333333,21.0,12.2909090909,-22.4775,-41.4666233279,-1.998,0,0,0,0,0,0,0,0,0,0,0,0
1551401004.97,43,23,43.0,23.3333333333,12.8333333333,-20.6459898376,-41.3793015016,1.83151016235,0,0,0,0,0,0,0,0,0,0,0,0
1551401005.07,44,21,44.6666666667,21.6666666667,12.3545454545,-21.9779898376,-42.6676405885,-1.332,0,0,0,0,0,0,0,0,0,0,0,0
1551401005.16,43,23,43.3333333333,23.0,10.9151515152,-20.979,-42.3128202942,0.998989837646,0,0,0,0,0,0,0,0,0,0,0,0
1551401005.26,43,23,43.0,23.3333333333,11.5424242424,-20.1465,-41.3029101471,0.8325,0,0,0,0,0,0,0,0,0,0,0,0
1551401005.35,41,25,41.0,25.3333333333,11.3060606061,-17.3159949188,-37.9674499924,2.83050508118,0,0,0,0,0,0,0,0,0,0,0,0
1551401005.44,41,25,41.3333333333,25.0,11.2424242424,-16.4835,-35.4672249962,0.832494918823,0,0,0,0,0,0,0,0,0,0,0,0
1551401005.54,39,27,39.3333333333,27.0,10.8606060606,-13.8195,-31.5531124981,2.664,0,0,0,0,0,0,0,0,0,0,0,0
1551401005.63,39,27,39.0,27.3333333333,10.8151515152,-12.3209949188,-28.0975511679,1.49850508118,0,0,0,0,0,0,0,0,0,0,0,0
1551401005.72,37,29,37.3333333333,29.0,10.4787878788,-9.657,-23.7057755839,2.66399491882,0,0,0,0,0,0,0,0,0,0,0,0
1551401005.82,34,32,34.3333333333,32.0,10.4575757576,-5.328,-17.180887792,4.329,0,0,0,0,0,0,0,0,0,0,0,0
1551401005.91,33,33,33.0,33.3333333333,10.7060606061,-1.83149491882,-10.4219388148,3.49650508118,0,0,0,0,0,0,0,0,0,0,0,0
1551401006.06,32,34,32.0,34.3333333333,11.1242424242,0.832505081177,-4.37846432623,2.664,0,0,0,0,0,0,0,0,0,0,0,0
1551401006.09,32,34,32.0,34.3333333333,11.3424242424,1.8315,-0.357732163113,0.998994918823,0,0,0,0,0,0,0,0,0,0,0,0
1551401006.19,30,36,30.3333333333,36.0,11.1333333333,3.996,3.81713391844,2.1645,0,0,0,0,0,0,0,0,0,0,0,0
1551401006.29,29,37,29.0,37.3333333333,11.1787878788,6.4935,8.40206695922,2.4975,0,0,0,0,0,0,0,0,0,0,0,0
1551401006.38,28,38,28.3333333333,38.0,11.2090909091,8.1585,12.3595334796,1.665,0,0,0,0,0,0,0,0,0,0,0,0
1551401006.48,28,37,28.6666666667,37.6666666667,8.29393939393,8.658,14.8377667398,0.4995,0,0,0,0,0,0,0,0,0,0,0,0
1551401006.57,28,37,28.6666666667,37.6666666667,10.6090909091,8.991,16.4098833699,0.333,0,0,0,0,0,0,0,0,0,0,0,0
1551401006.66,28,37,29.0,37.3333333333,10.6939393939,8.4915,16.696441685,-0.4995,0,0,0,0,0,0,0,0,0,0,0,0
1551401006.76,29,37,29.0,37.3333333333,11.2333333333,8.1585,16.5067208425,-0.333,0,0,0,0,0,0,0,0,0,0,0,0
1551401006.85,27,38,28.0,38.3333333333,11.8545454545,9.4905,17.7438604212,1.332,0,0,0,0,0,0,0,0,0,0,0,0
1551401006.94,27,39,27.3333333333,39.0,12.3939393939,10.656,19.5279302106,1.1655,0,0,0,0,0,0,0,0,0,0,0,0
1551401007.04,25,41,25.3333333333,41.0,12.4181818182,13.4865,23.2504651053,2.8305,0,0,0,0,0,0,0,0,0,0,0,0
1551401007.13,23,43,23.3333333333,43.0,12.2393939394,17.1495,28.7747325527,3.663,0,0,0,0,0,0,0,0,0,0,0,0
1551401007.61,0,0,0,0,0
1551401007.63,21,44,22.0,44.3333333333,12.1666666667,20.1465,34.5338662763,2.997,0,0,0,0,0,0,0,0,0,0,0,0
1551401007.77,14,52,14.3333333333,52.0,10.1363636364,30.4695,47.7364331382,10.323,0,0,0,0,0,0,0,0,0,0,0,0
1551401007.86,14,51,14.6666666667,51.6666666667,10.5333333333,33.966,57.8342165691,3.4965,0,0,0,0,0,0,0,0,0,0,0,0
1551401007.95,16,50,16.3333333333,50.0,8.7212121212,33.4665,62.3836082845,-0.4995,0,0,0,0,0,0,0,0,0,0,0,0
1551401008.04,21,44,21.6666666667,44.6666666667,8.31818181817,26.973,58.1648041423,-6.4935,0,0,0,0,0,0,0,0,0,0,0,0
1551401008.13,22,44,22.0,44.3333333333,7.4,23.9095102615,52.9919123327,-3.06348973846,0,0,0,0,0,0,0,0,0,0,0,0
1551401008.22,23,42,23.6666666667,42.6666666667,9.11515151517,20.6249080353,47.1208642016,-3.28460222626,0,0,0,0,0,0,0,0,0,0,0,0
1551401008.32,22,44,22.0,44.3333333333,11.996969697,21.4785,45.0389321008,0.853591964722,0,0,0,0,0,0,0,0,0,0,0,0
1551401008.41,22,44,22.0,44.3333333333,10.0121212121,21.978,44.4974660504,0.4995,0,0,0,0,0,0,0,0,0,0,0,0
1551401008.5,18,48,18.0,48.3333333333,10.1909090909,26.8065,49.0552330252,4.8285,0,0,0,0,0,0,0,0,0,0,0,0
1551401008.6,15,51,15.0,51.3333333333,10.0212121212,32.1345,56.6621165126,5.328,0,0,0,0,0,0,0,0,0,0,0,0
1551401009.07,0,0,0,0,0
1551401009.09,18,48,18.0,48.3333333333,10.1696969697,30.969,59.3000582563,-1.1655,0,0,0,0,0,0,0,0,0,0,0,0
1551401009.24,21,45,21.0,45.3333333333,16.1363636364,26.8065,56.4565291282,-4.1625,0,0,0,0,0,0,0,0,0,0,0,0
1551401009.32,16,50,16.3333333333,50.0,17.5242424242,30.636,58.8642645641,3.8295,0,0,0,0,0,0,0,0,0,0,0,0
1551401009.42,15,51,15.0,51.3333333333,13.7484848485,33.966,63.398132282,3.33,0,0,0,0,0,0,0,0,0,0,0,0
1551401009.51,15,50,15.6666666667,50.6666666667,15.1575757576,34.4655,66.164566141,0.4995,0,0,0,0,0,0,0,0,0,0,0,0
1551401009.6,14,52,14.3333333333,52.0,14.7515151515,36.1305025406,69.2127856111,1.66500254059,0,0,0,0,0,0,0,0,0,0,0,0
1551401009.69,13,52,13.6666666667,52.6666666667,13.6636363636,37.629,72.2353928055,1.49849745941,0,0,0,0,0,0,0,0,0,0,0,0
1551401009.79,19,46,19.6666666667,46.6666666667,12.7090909091,31.1355,67.2531964028,-6.4935,0,0,0,0,0,0,0,0,0,0,0,0
1551401009.88,22,44,22.3333333333,44.0,11.9848484848,25.1415,58.7680982014,-5.994,0,0,0,0,0,0,0,0,0,0,0,0
1551401009.97,24,42,24.3333333333,42.0,11.6545454545,20.313,49.6970491007,-4.8285,0,0,0,0,0,0,0,0,0,0,0,0
1551401010.07,24,41,24.6666666667,41.6666666667,11.3606060606,17.982,42.8305245503,-2.331,0,0,0,0,0,0,0,0,0,0,0,0
1551401010.54,0,0,0,0,0
1551401010.56,26,40,26.0,40.3333333333,11.2848484848,15.8175,37.2327622752,-2.1645,0,0,0,0,0,0,0,0,0,0,0,0
1551401010.7,36,30,36.3333333333,30.0,9.0,2.331,20.9473811376,-13.4865,0,0,0,0,0,0,0,0,0,0,0,0
1551401010.79,35,30,35.6666666667,30.6666666667,10.5515151515,-1.998,8.47569056879,-4.329,0,0,0,0,0,0,0,0,0,0,0,0
1551401010.88,34,31,34.6666666667,31.6666666667,10.5121212121,-2.49749491882,1.74035036557,-0.499494918823,0,0,0,0,0,0,0,0,0,0,0,0
1551401010.98,34,32,34.3333333333,32.0,10.4393939394,-2.33099491882,-1.46081973604,0.1665,0,0,0,0,0,0,0,0,0,0,0,0
1551401011.08,33,32,33.6666666667,32.6666666667,10.4363636364,-1.332,-2.06240986802,0.998994918823,0,0,0,0,0,0,0,0,0,0,0,0
1551401011.17,33,32,33.6666666667,32.6666666667,10.3818181818,-1.16549491882,-2.19669985283,0.166505081177,0,0,0,0,0,0,0,0,0,0,0,0
1551401011.26,33,32,33.6666666667,32.6666666667,10.3,-0.998994918823,-2.09734484524,0.1665,0,0,0,0,0,0,0,0,0,0,0,0
1551401011.35,33,33,33.3333333333,33.0,10.203030303,-0.499494918823,-1.54816734144,0.4995,0,0,0,0,0,0,0,0,0,0,0,0
1551401011.44,32,33,32.6666666667,33.6666666667,10.5393939394,0.333,-0.441083670721,0.832494918823,0,0,0,0,0,0,0,0,0,0,0,0
1551401011.54,32,33,32.6666666667,33.6666666667,10.5727272727,0.8325,0.611958164639,0.4995,0,0,0,0,0,0,0,0,0,0,0,0
1551401012.01,0,0,0,0,0
1551401012.03,32,33,32.6666666667,33.6666666667,9.25757575757,0.832505081177,1.1384841635,5.08117675779e-06,0,0,0,0,0,0,0,0,0,0,0,0
1551401012.13,33,33,33.3333333333,33.0,10.6696969697,0.166505081177,0.735747162925,-0.666,0,0,0,0,0,0,0,0,0,0,0,0
1551401012.22,33,33,33.0,33.3333333333,10.6939393939,0.166505081177,0.534378662639,0.0,0,0,0,0,0,0,0,0,0,0,0,0
1551401012.32,33,33,33.3333333333,33.0,10.6181818182,0.0,0.26718933132,-0.166505081177,0,0,0,0,0,0,0,0,0,0,0,0
1551401012.41,33,33,33.3333333333,33.0,10.5181818182,-0.1665,-0.0329053343402,-0.1665,0,0,0,0,0,0,0,0,0,0,0,0
1551401012.5,33,32,33.6666666667,32.6666666667,10.4060606061,-0.832494918823,-0.848947585993,-0.665994918823,0,0,0,0,0,0,0,0,0,0,0,0
1551401012.6,33,32,33.6666666667,32.6666666667,10.3606060606,-0.832494918823,-1.25696871182,0.0,0,0,0,0,0,0,0,0,0,0,0,0
1551401012.69,34,32,34.0,32.3333333333,10.3393939394,-1.16549491882,-1.79397927473,-0.333,0,0,0,0,0,0,0,0,0,0,0,0
1551401012.79,33,32,33.6666666667,32.6666666667,10.3818181818,-1.16549491882,-2.06248455619,0.0,0,0,0,0,0,0,0,0,0,0,0,0
1551401012.88,34,32,34.3333333333,32.0,10.3303030303,-1.99799491882,-3.02923719692,-0.8325,0,0,0,0,0,0,0,0,0,0,0,0
1551401012.97,34,32,34.3333333333,32.0,10.3545454545,-1.99799491882,-3.51261351728,0.0,0,0,0,0,0,0,0,0,0,0,0,0
1551401013.07,33,33,33.3333333333,33.0,10.5333333333,-1.16549491882,-2.92180167746,0.8325,0,0,0,0,0,0,0,0,0,0,0,0
1551401013.16,33,33,33.3333333333,33.0,10.6060606061,-0.499494918823,-1.96039575756,0.666,0,0,0,0,0,0,0,0,0,0,0,0
1551401013.25,34,32,34.0,32.3333333333,10.2818181818,-1.332,-2.31219787878,-0.832505081177,0,0,0,0,0,0,0,0,0,0,0,0
1551401013.35,33,33,33.3333333333,33.0,10.6696969697,-0.832494918823,-1.98859385821,0.499505081177,0,0,0,0,0,0,0,0,0,0,0,0
1551401013.44,34,32,34.0,32.3333333333,10.7121212121,-1.332,-2.32629692911,-0.499505081177,0,0,0,0,0,0,0,0,0,0,0,0
1551401013.53,34,32,34.0,32.3333333333,10.7363636364,-1.4985,-2.66164846455,-0.1665,0,0,0,0,0,0,0,0,0,0,0,0
1551401013.63,34,31,34.6666666667,31.6666666667,10.3727272727,-2.331,-3.66182423228,-0.8325,0,0,0,0,0,0,0,0,0,0,0,0
1551401013.72,33,32,33.6666666667,32.6666666667,10.6454545455,-1.4985,-3.32941211614,0.8325,0,0,0,0,0,0,0,0,0,0,0,0
1551401013.82,33,32,33.6666666667,32.6666666667,10.6272727273,-1.332,-2.99670605807,0.1665,0,0,0,0,0,0,0,0,0,0,0,0
1551401013.91,33,32,33.6666666667,32.6666666667,10.6242424242,-0.999,-2.49735302903,0.333,0,0,0,0,0,0,0,0,0,0,0,0
1551401014.38,0,0,0,0,0
1551401014.4,34,32,34.0,32.3333333333,10.6090909091,-1.49849491882,-2.74717143334,-0.499494918823,0,0,0,0,0,0,0,0,0,0,0,0
1551401014.55,34,32,34.0,32.3333333333,11.2424242424,-1.49849491882,-2.87208063549,0.0,0,0,0,0,0,0,0,0,0,0,0,0
1551401014.63,32,34,32.0,34.3333333333,11.1696969697,0.8325,-0.603540317747,2.33099491882,0,0,0,0,0,0,0,0,0,0,0,0
1551401014.72,29,37,29.0,37.3333333333,11.1242424242,5.4945,5.19272984113,4.662,0,0,0,0,0,0,0,0,0,0,0,0
1551401014.82,27,38,27.6666666667,38.6666666667,11.3151515152,8.658,11.2543649206,3.1635,0,0,0,0,0,0,0,0,0,0,0,0
1551401014.91,27,39,27.0,39.3333333333,11.3181818182,10.989,16.6161824603,2.331,0,0,0,0,0,0,0,0,0,0,0,0
1551401015.0,23,42,23.6666666667,42.6666666667,12.1757575758,15.651,23.9590912301,4.662,0,0,0,0,0,0,0,0,0,0,0,0
1551401015.1,21,45,21.0,45.3333333333,13.7,20.646,32.6255456151,4.995,0,0,0,0,0,0,0,0,0,0,0,0
1551401015.19,21,45,21.3333333333,45.0,14.8363636364,22.1445,38.4572728075,1.4985,0,0,0,0,0,0,0,0,0,0,0,0
1551401015.28,17,49,17.0,49.3333333333,14.4393939394,28.1385025406,47.3671389444,5.99400254059,0,0,0,0,0,0,0,0,0,0,0,0
1551401015.43,13,52,13.6666666667,52.6666666667,14.6212121212,34.4655,58.1490694722,6.32699745941,0,0,0,0,0,0,0,0,0,0,0,0
1551401015.52,14,51,14.6666666667,51.6666666667,15.2787878788,35.631,64.7055347361,1.1655,0,0,0,0,0,0,0,0,0,0,0,0
1551401015.61,16,50,16.3333333333,50.0,16.0515151515,34.299,66.651767368,-1.332,0,0,0,0,0,0,0,0,0,0,0,0
1551401015.7,16,49,16.6666666667,49.6666666667,15.3454545455,33.3,66.625883684,-0.999,0,0,0,0,0,0,0,0,0,0,0,0
1551401015.79,13,52,14.0,52.3333333333,14.4242424242,35.964,69.276941842,2.664,0,0,0,0,0,0,0,0,0,0,0,0
1551401015.88,14,52,14.0,52.3333333333,14.2787878788,37.2960025406,71.9344734616,1.33200254059,0,0,0,0,0,0,0,0,0,0,0,0
1551401015.97,14,52,14.3333333333,52.0,13.9606060606,37.1295,73.0967367308,-0.166502540588,0,0,0,0,0,0,0,0,0,0,0,0
1551401016.07,18,48,18.0,48.3333333333,12.7212121212,32.967,69.5153683654,-4.1625,0,0,0,0,0,0,0,0,0,0,0,0
1551401016.16,20,46,20.3333333333,46.0,11.9454545455,28.1385,62.8961841827,-4.8285,0,0,0,0,0,0,0,0,0,0,0,0
1551401016.25,23,43,23.0,43.3333333333,11.5333333333,23.31,54.7580920913,-4.8285,0,0,0,0,0,0,0,0,0,0,0,0
1551401016.35,23,42,23.6666666667,42.6666666667,10.996969697,20.646,48.0250460457,-2.664,0,0,0,0,0,0,0,0,0,0,0,0
1551401016.44,24,41,25.0,41.3333333333,10.8636363636,17.982,41.9945230228,-2.664,0,0,0,0,0,0,0,0,0,0,0,0
1551401016.53,26,40,26.0,40.3333333333,10.6424242424,15.651,36.6482615114,-2.331,0,0,0,0,0,0,0,0,0,0,0,0
1551401016.63,27,39,27.0,39.3333333333,10.296969697,13.4865,31.8106307557,-2.1645,0,0,0,0,0,0,0,0,0,0,0,0
1551401016.72,27,39,27.3333333333,39.0,9.99393939393,12.1545,28.0598153779,-1.332,0,0,0,0,0,0,0,0,0,0,0,0
1551401016.82,28,37,28.6666666667,37.6666666667,7.13333333333,9.99,24.0199076889,-2.1645,0,0,0,0,0,0,0,0,0,0,0,0
1551401016.91,29,36,29.6666666667,36.6666666667,10.4424242424,7.992,20.0019538445,-1.998,0,0,0,0,0,0,0,0,0,0,0,0
1551401017.0,29,36,29.6666666667,36.6666666667,10.4666666667,7.326,17.3269769222,-0.666,0,0,0,0,0,0,0,0,0,0,0,0
1551401017.1,30,36,30.0,36.3333333333,10.4090909091,6.8265,15.4899884611,-0.4995,0,0,0,0,0,0,0,0,0,0,0,0
1551401017.19,30,35,30.6666666667,35.6666666667,10.3333333333,5.8275,13.5724942306,-0.999,0,0,0,0,0,0,0,0,0,0,0,0
1551401017.28,31,35,31.0,35.3333333333,10.4333333333,4.995,11.7812471153,-0.8325,0,0,0,0,0,0,0,0,0,0,0,0
1551401017.38,32,34,32.0,34.3333333333,10.3909090909,3.4965,9.38712355764,-1.4985,0,0,0,0,0,0,0,0,0,0,0,0
1551401017.53,31,34,31.6666666667,34.6666666667,10.4242424242,3.1635,7.85706177882,-0.333,0,0,0,0,0,0,0,0,0,0,0,0
1551401017.62,32,34,32.3333333333,34.0,10.2848484848,2.1645,6.09303088941,-0.999,0,0,0,0,0,0,0,0,0,0,0,0
1551401017.65,32,34,32.3333333333,34.0,10.3121212121,1.998,5.0445154447,-0.1665,0,0,0,0,0,0,0,0,0,0,0,0
1551401018.07,0,0,0,0,0
1551401018.09,32,34,32.3333333333,34.0,10.3454545455,1.8315,4.35375772235,-0.1665,0,0,0,0,0,0,0,0,0,0,0,0
1551401018.18,35,31,35.0,31.3333333333,10.303030303,-1.49849491882,0.678383942353,-3.32999491882,0,0,0,0,0,0,0,0,0,0,0,0
1551401018.21,34,32,34.3333333333,32.0,10.3818181818,-2.16449491882,-1.82530294765,-0.666,0,0,0,0,0,0,0,0,0,0,0,0
1551401018.25,34,32,34.0,32.3333333333,10.4636363636,-1.99799491882,-2.91064639265,0.1665,0,0,0,0,0,0,0,0,0,0,0,0
1551401018.28,34,32,34.3333333333,32.0,10.4939393939,-2.33099491882,-3.78631811515,-0.333,0,0,0,0,0,0,0,0,0,0,0,0
1551401018.43,34,32,34.3333333333,32.0,10.5939393939,-2.331,-4.22415905757,-5.08117675757e-06,0,0,0,0,0,0,0,0,0,0,0,0
1551401018.51,34,32,34.3333333333,32.0,10.5878787879,-2.331,-4.44307952879,0.0,0,0,0,0,0,0,0,0,0,0,0,0
1551401018.6,34,32,34.3333333333,32.0,10.5909090909,-2.1645,-4.38603976439,0.1665,0,0,0,0,0,0,0,0,0,0,0,0
1551401018.69,34,32,34.3333333333,32.0,10.5939393939,-2.331,-4.5240198822,-0.1665,0,0,0,0,0,0,0,0,0,0,0,0
1551401018.78,34,32,34.0,32.3333333333,10.6242424242,-1.998,-4.2600099411,0.333,0,0,0,0,0,0,0,0,0,0,0,0
1551401018.88,33,32,33.6666666667,32.6666666667,10.6848484848,-1.332,-3.46200497055,0.666,0,0,0,0,0,0,0,0,0,0,0,0
1551401018.97,33,32,33.6666666667,32.6666666667,10.6,-0.999,-2.73000248527,0.333,0,0,0,0,0,0,0,0,0,0,0,0
1551401019.45,0,0,0,0,0
1551401019.47,33,32,33.6666666667,32.6666666667,10.5454545455,-0.832494918823,-2.19749616146,0.166505081177,0,0,0,0,0,0,0,0,0,0,0,0
1551401019.99,0,0,0,0,0
1551401020.01,33,33,33.3333333333,33.0,10.5272727273,-0.666,-1.76474808073,0.166494918823,0,0,0,0,0,0,0,0,0,0,0,0
1551401020.1,32,34,32.3333333333,34.0,10.8696969697,0.666,-0.216374040365,1.332,0,0,0,0,0,0,0,0,0,0,0,0
1551401020.19,32,34,32.3333333333,34.0,11.2060606061,1.1655,1.05731297982,0.4995,0,0,0,0,0,0,0,0,0,0,0,0
1551401020.28,31,34,31.6666666667,34.6666666667,11.2151515152,2.331,2.85965648991,1.1655,0,0,0,0,0,0,0,0,0,0,0,0
1551401020.38,31,35,31.0,35.3333333333,11.6303030303,3.663,5.09282824495,1.332,0,0,0,0,0,0,0,0,0,0,0,0
1551401020.47,27,38,27.6666666667,38.6666666667,11.6121212121,7.992,10.5384141225,4.329,0,0,0,0,0,0,0,0,0,0,0,0
1551401020.57,25,40,25.6666666667,40.6666666667,11.5545454545,11.988,17.2572070612,3.996,0,0,0,0,0,0,0,0,0,0,0,0
1551401020.66,25,41,25.0,41.3333333333,11.4060606061,14.4855,23.1141035306,2.4975,0,0,0,0,0,0,0,0,0,0,0,0
1551401020.75,25,41,25.0,41.3333333333,11.2666666667,15.4845,27.0415517653,0.999,0,0,0,0,0,0,0,0,0,0,0,0
1551401020.85,25,40,25.6666666667,40.6666666667,11.0818181818,15.1515,28.6722758827,-0.333,0,0,0,0,0,0,0,0,0,0,0,0
1551401020.95,25,41,25.3333333333,41.0,11.1,15.1515,29.4876379413,0.0,0,0,0,0,0,0,0,0,0,0,0,0
1551401021.42,0,0,0,0,0
1551401021.44,25,40,25.6666666667,40.6666666667,11.0272727273,14.8185050812,29.5623240518,-0.332994918823,0,0,0,0,0,0,0,0,0,0,0,0
1551401021.53,24,41,24.6666666667,41.6666666667,13.3181818182,16.1505,30.9316620259,1.33199491882,0,0,0,0,0,0,0,0,0,0,0,0
1551401021.68,21,44,22.0,44.3333333333,12.8939393939,19.647,35.112831013,3.4965,0,0,0,0,0,0,0,0,0,0,0,0
1551401021.77,20,46,20.0,46.3333333333,12.603030303,23.31,40.8664155065,3.663,0,0,0,0,0,0,0,0,0,0,0,0
1551401021.86,20,46,20.3333333333,46.0,12.2848484848,24.4755,44.9087077532,1.1655,0,0,0,0,0,0,0,0,0,0,0,0
1551401021.95,21,44,21.6666666667,44.6666666667,11.9909090909,23.31,45.7643538766,-1.1655,0,0,0,0,0,0,0,0,0,0,0,0
1551401022.04,23,43,23.3333333333,43.0,11.6515151515,20.8125050812,43.6946820195,-2.49749491882,0,0,0,0,0,0,0,0,0,0,0,0
1551401022.13,23,43,23.0,43.3333333333,12.0212121212,20.313,42.1603410097,-0.499505081177,0,0,0,0,0,0,0,0,0,0,0,0
1551401022.22,22,43,22.6666666667,43.6666666667,11.7090909091,20.646,41.7261705049,0.333,0,0,0,0,0,0,0,0,0,0,0,0
1551401022.32,23,43,23.3333333333,43.0,9.8393939394,19.9394826965,40.802567949,-0.706517303467,0,0,0,0,0,0,0,0,0,0,0,0
1551401022.41,15,51,15.0,51.3333333333,6.09696969697,29.4705,49.8717839745,9.53101730347,0,0,0,0,0,0,0,0,0,0,0,0
1551401022.5,16,50,16.0,50.3333333333,8.08181818183,31.968,56.9038919872,2.4975,0,0,0,0,0,0,0,0,0,0,0,0
1551401022.6,19,47,19.0,47.3333333333,10.1545454545,29.4705,57.9224459936,-2.4975,0,0,0,0,0,0,0,0,0,0,0,0
1551401022.69,22,43,22.6666666667,43.6666666667,11.496969697,24.1425,53.1037229968,-5.328,0,0,0,0,0,0,0,0,0,0,0,0
1551401022.78,24,41,24.6666666667,41.6666666667,11.6242424242,19.8135,46.3653614984,-4.329,0,0,0,0,0,0,0,0,0,0,0,0
1551401022.93,26,40,26.3333333333,40.0,8.74242424243,16.1505,39.3331807492,-3.663,0,0,0,0,0,0,0,0,0,0,0,0
1551401023.02,26,39,26.6666666667,39.6666666667,8.52424242423,14.1525,33.8190903746,-1.998,0,0,0,0,0,0,0,0,0,0,0,0
1551401023.11,26,39,26.6666666667,39.6666666667,8.55454545453,13.1535,30.0630451873,-0.999,0,0,0,0,0,0,0,0,0,0,0,0
1551401023.2,27,39,27.0,39.3333333333,9.86363636363,12.654,27.6855225937,-0.4995,0,0,0,0,0,0,0,0,0,0,0,0
1551401023.29,27,39,27.3333333333,39.0,6.59696969697,11.988,25.8307612968,-0.666,0,0,0,0,0,0,0,0,0,0,0,0
1551401023.76,0,0,0,0,0
1551401023.78,28,38,28.0,38.3333333333,5.8606060606,10.989,23.9043806484,-0.999,0,0,0,0,0,0,0,0,0,0,0,0
1551401023.92,27,39,27.0,39.3333333333,8.44242424243,11.8215,23.7736903242,0.8325,0,0,0,0,0,0,0,0,0,0,0,0
1551401024.01,22,43,22.6666666667,43.6666666667,8.02727272727,17.316,29.2028451621,5.4945,0,0,0,0,0,0,0,0,0,0,0,0
1551401024.1,22,43,22.3333333333,44.0,7.94545454547,19.9159619293,34.5173845104,2.59996192932,0,0,0,0,0,0,0,0,0,0,0,0
1551401024.19,23,43,23.0,43.3333333333,8.13333333333,20.1465,37.4051922552,0.230538070679,0,0,0,0,0,0,0,0,0,0,0,0
1551401024.29,23,43,23.3333333333,43.0,9.6,19.647,38.3495961276,-0.4995,0,0,0,0,0,0,0,0,0,0,0,0
1551401024.38,24,41,24.6666666667,41.6666666667,9.14242424243,17.982,37.1567980638,-1.665,0,0,0,0,0,0,0,0,0,0,0,0
1551401024.47,25,40,25.6666666667,40.6666666667,9.4393939394,16.1505,34.7288990319,-1.8315,0,0,0,0,0,0,0,0,0,0,0,0
1551401024.57,25,41,25.3333333333,41.0,9.20303030303,15.651,33.0154495159,-0.4995,0,0,0,0,0,0,0,0,0,0,0,0
1551401024.66,24,41,24.6666666667,41.6666666667,9.8090909091,16.1505,32.658224758,0.4995,0,0,0,0,0,0,0,0,0,0,0,0
1551401024.75,23,42,23.6666666667,42.6666666667,11.4939393939,17.649,33.978112379,1.4985,0,0,0,0,0,0,0,0,0,0,0,0
1551401024.85,20,46,20.3333333333,46.0,7.04242424243,22.1445,39.1335561895,4.4955,0,0,0,0,0,0,0,0,0,0,0,0
1551401024.94,21,45,21.0,45.3333333333,8.87272727273,23.4765,43.0432780947,1.332,0,0,0,0,0,0,0,0,0,0,0,0
1551401025.04,21,45,21.0,45.3333333333,10.2242424242,23.976,45.4976390474,0.4995,0,0,0,0,0,0,0,0,0,0,0,0
1551401025.13,21,45,21.0,45.3333333333,6.37272727273,24.1425025406,46.8913220643,0.166502540588,0,0,0,0,0,0,0,0,0,0,0,0
1551401025.22,22,44,22.3333333333,44.0,5.85454545453,22.644,46.0896610321,-1.49850254059,0,0,0,0,0,0,0,0,0,0,0,0
1551401025.32,22,44,22.0,44.3333333333,8.3212121212,22.1445,45.1893305161,-0.4995,0,0,0,0,0,0,0,0,0,0,0,0
1551401025.41,23,43,23.0,43.3333333333,3.8515151515,20.8125,43.407165258,-1.332,0,0,0,0,0,0,0,0,0,0,0,0
1551401025.5,24,41,24.6666666667,41.6666666667,3.7787878788,18.4815,40.185082629,-2.331,0,0,0,0,0,0,0,0,0,0,0,0
1551401025.6,26,40,26.3333333333,40.0,5.33333333333,15.318,35.4105413145,-3.1635,0,0,0,0,0,0,0,0,0,0,0,0
1551401025.69,27,39,27.3333333333,39.0,11.1424242424,12.987,30.6922706573,-2.331,0,0,0,0,0,0,0,0,0,0,0,0
1551401025.79,25,41,25.0,41.3333333333,5.29696969697,14.985,30.3311353286,1.998,0,0,0,0,0,0,0,0,0,0,0,0
1551401025.88,24,42,24.3333333333,42.0,5.3909090909,16.3099422455,31.4755099098,1.32494224548,0,0,0,0,0,0,0,0,0,0,0,0
1551401025.98,22,44,22.3333333333,44.0,6.2393939394,19.4805,35.2182549549,3.17055775452,0,0,0,0,0,0,0,0,0,0,0,0
1551401026.06,22,44,22.3333333333,44.0,4.67575757577,20.646,38.2551274774,1.1655,0,0,0,0,0,0,0,0,0,0,0,0
1551401026.08,22,43,22.6666666667,43.6666666667,4.37272727273,20.646,39.7735637387,0.0,0,0,0,0,0,0,0,0,0,0,0,0
1551401026.13,25,41,25.3333333333,41.0,12.0151515152,17.316,37.2027818694,-3.33,0,0,0,0,0,0,0,0,0,0,0,0
1551401026.22,23,42,23.6666666667,42.6666666667,5.9696969697,18.315,36.9163909347,0.999,0,0,0,0,0,0,0,0,0,0,0,0
1551401026.31,24,41,24.6666666667,41.6666666667,3.96363636363,17.316,35.7741954673,-0.999,0,0,0,0,0,0,0,0,0,0,0,0
1551401026.41,26,40,26.3333333333,40.0,4.5,15.1515,33.0385977337,-2.1645,0,0,0,0,0,0,0,0,0,0,0,0
1551401026.5,26,39,26.6666666667,39.6666666667,3.65454545453,13.653,30.1722988668,-1.4985,0,0,0,0,0,0,0,0,0,0,0,0
1551401026.6,27,39,27.3333333333,39.0,3.99696969697,12.1545,27.2406494334,-1.4985,0,0,0,0,0,0,0,0,0,0,0,0
1551401026.69,29,37,29.0,37.3333333333,3.48787878787,9.8235,23.4438247167,-2.331,0,0,0,0,0,0,0,0,0,0,0,0
1551401026.78,29,37,29.3333333333,37.0,2.94545454545,8.4915,20.2134123584,-1.332,0,0,0,0,0,0,0,0,0,0,0,0
1551401026.88,30,35,30.6666666667,35.6666666667,5.1484848485,6.4935,16.6002061792,-1.998,0,0,0,0,0,0,0,0,0,0,0,0
1551401026.97,32,33,32.6666666667,33.6666666667,4.3090909091,3.33,11.6301030896,-3.1635,0,0,0,0,0,0,0,0,0,0,0,0
1551401027.06,34,32,34.0,32.3333333333,4.27575757577,0.333005081177,6.14805662597,-2.99699491882,0,0,0,0,0,0,0,0,0,0,0,0
1551401027.16,34,32,34.3333333333,32.0,4.37272727273,-1.332,1.74202831299,-1.66500508118,0,0,0,0,0,0,0,0,0,0,0,0
1551401027.25,37,28,37.6666666667,28.6666666667,6.42424242423,-5.8275,-4.95648584351,-4.4955,0,0,0,0,0,0,0,0,0,0,0,0
1551401027.35,38,27,38.6666666667,27.6666666667,8.0909090909,-8.98920126343,-11.4674441852,-3.16170126343,0,0,0,0,0,0,0,0,0,0,0,0
1551401027.44,43,22,43.6666666667,22.6666666667,6.98181818183,-16.1505,-21.8842220926,-7.16129873657,0,0,0,0,0,0,0,0,0,0,0,0
1551401027.53,44,22,44.0,22.3333333333,7.64545454547,-19.4805,-30.4226110463,-3.33,0,0,0,0,0,0,0,0,0,0,0,0
1551401027.63,45,21,45.0,21.3333333333,7.2696969697,-21.978,-37.1893055231,-2.4975,0,0,0,0,0,0,0,0,0,0,0,0
1551401027.72,44,22,44.0,22.3333333333,8.26666666667,-21.7692296906,-40.3638824521,0.208770309448,0,0,0,0,0,0,0,0,0,0,0,0
1551401027.81,43,23,43.3333333333,23.0,8.05454545453,-20.7817487183,-40.9636899443,0.98748097229,0,0,0,0,0,0,0,0,0,0,0,0
1551401027.91,43,23,43.0,23.3333333333,8.51515151517,-19.8135,-40.2953449722,0.968248718262,0,0,0,0,0,0,0,0,0,0,0,0
1551401028.0,43,23,43.3333333333,23.0,8.98484848483,-19.8135,-39.9611724861,0.0,0,0,0,0,0,0,0,0,0,0,0,0
1551401028.1,43,23,43.3333333333,23.0,9.52727272727,-19.98,-39.960586243,-0.1665,0,0,0,0,0,0,0,0,0,0,0,0
1551401028.19,42,24,42.3333333333,24.0,10.6696969697,-18.8145,-38.7947931215,1.1655,0,0,0,0,0,0,0,0,0,0,0,0
1551401028.28,40,25,40.3333333333,26.0,13.5666666667,-15.8175,-35.2148965608,2.997,0,0,0,0,0,0,0,0,0,0,0,0
1551401028.38,45,20,45.6666666667,20.6666666667,12.8515151515,-21.1455,-38.7529482804,-5.328,0,0,0,0,0,0,0,0,0,0,0,0
1551401028.47,45,21,45.0,21.3333333333,13.0666666667,-22.311,-41.6874741402,-1.1655,0,0,0,0,0,0,0,0,0,0,0,0
1551401028.56,46,20,46.0,20.3333333333,12.8636363636,-24.309,-45.1527370701,-1.998,0,0,0,0,0,0,0,0,0,0,0,0
1551401028.66,46,20,46.3333333333,20.0,12.0575757576,-25.4745,-48.050868535,-1.1655,0,0,0,0,0,0,0,0,0,0,0,0
1551401028.75,44,22,44.0,22.3333333333,12.2545454545,-22.977,-47.0024342675,2.4975,0,0,0,0,0,0,0,0,0,0,0,0
1551401028.85,42,24,42.3333333333,24.0,11.8515151515,-20.1464898376,-43.6477069714,2.83051016235,0,0,0,0,0,0,0,0,0,0,0,0
1551401028.94,42,24,42.0,24.3333333333,11.4424242424,-18.4815,-40.3053534857,1.66498983765,0,0,0,0,0,0,0,0,0,0,0,0
1551401029.03,41,25,41.3333333333,25.0,11.1636363636,-16.983,-37.1356767429,1.4985,0,0,0,0,0,0,0,0,0,0,0,0
1551401029.13,40,25,40.6666666667,25.6666666667,11.0303030303,-15.651,-34.2188383714,1.332,0,0,0,0,0,0,0,0,0,0,0,0
1551401029.22,41,25,41.0,25.3333333333,10.8909090909,-15.4844949188,-32.5939141045,0.166505081177,0,0,0,0,0,0,0,0,0,0,0,0
1551401029.31,39,27,39.3333333333,27.0,10.5393939394,-13.6529949188,-29.9499519711,1.8315,0,0,0,0,0,0,0,0,0,0,0,0
1551401029.41,36,29,36.6666666667,29.6666666667,10.396969697,-9.657,-24.6319759855,3.99599491882,0,0,0,0,0,0,0,0,0,0,0,0
1551401029.5,34,31,34.6666666667,31.6666666667,10.4575757576,-5.661,-17.9769879928,3.996,0,0,0,0,0,0,0,0,0,0,0,0
1551401029.6,33,33,33.3333333333,33.0,11.003030303,-2.331,-11.3194939964,3.33,0,0,0,0,0,0,0,0,0,0,0,0
1551401029.69,32,33,32.6666666667,33.6666666667,11.396969697,-0.1665,-5.82624699819,2.1645,0,0,0,0,0,0,0,0,0,0,0,0
1551401029.78,32,33,32.6666666667,33.6666666667,11.2272727273,0.666,-2.2471234991,0.8325,0,0,0,0,0,0,0,0,0,0,0,0
1551401029.88,31,35,31.0,35.3333333333,11.1272727273,2.8305,1.70693825045,2.1645,0,0,0,0,0,0,0,0,0,0,0,0
1551401029.97,29,36,29.6666666667,36.6666666667,11.4212121212,5.1615,6.01496912523,2.331,0,0,0,0,0,0,0,0,0,0,0,0
1551401030.06,28,37,29.0,37.3333333333,10.9696969697,6.8265,9.83398456261,1.665,0,0,0,0,0,0,0,0,0,0,0,0
1551401030.16,28,38,28.3333333333,38.0,10.5575757576,8.658,13.5749922813,1.8315,0,0,0,0,0,0,0,0,0,0,0,0
1551401030.25,29,37,29.3333333333,37.0,10.6090909091,7.8255,14.6129961407,-0.8325,0,0,0,0,0,0,0,0,0,0,0,0
1551401030.35,30,36,30.0,36.3333333333,10.6545454545,6.8265,14.1329980703,-0.999,0,0,0,0,0,0,0,0,0,0,0,0
1551401030.44,28,37,29.0,37.3333333333,11.3090909091,7.8255,14.8919990352,0.999,0,0,0,0,0,0,0,0,0,0,0,0
1551401030.53,28,38,28.0,38.3333333333,11.9060606061,9.1575,16.6034995176,1.332,0,0,0,0,0,0,0,0,0,0,0,0
1551401030.63,27,39,27.3333333333,39.0,12.3818181818,10.656,18.9577497588,1.4985,0,0,0,0,0,0,0,0,0,0,0,0
1551401030.72,23,43,23.3333333333,43.0,12.1696969697,15.984,25.4628748794,5.328,0,0,0,0,0,0,0,0,0,0,0,0
1551401030.81,23,43,23.0,43.3333333333,12.1696969697,18.648,31.3794374397,2.664,0,0,0,0,0,0,0,0,0,0,0,0
1551401030.91,22,44,22.0,44.3333333333,12.2393939394,20.8125,36.5022187198,2.1645,0,0,0,0,0,0,0,0,0,0,0,0
1551401031.0,21,45,21.0,45.3333333333,12.6878787879,22.644,40.8951093599,1.8315,0,0,0,0,0,0,0,0,0,0,0,0
1551401031.1,20,46,20.0,46.3333333333,13.6212121212,24.8085,45.25605468,2.1645,0,0,0,0,0,0,0,0,0,0,0,0
1551401031.19,20,46,20.3333333333,46.0,14.0060606061,25.308,47.93602734,0.4995,0,0,0,0,0,0,0,0,0,0,0,0
1551401031.28,20,46,20.3333333333,46.0,12.3090909091,25.4745,49.44251367,0.1665,0,0,0,0,0,0,0,0,0,0,0,0
1551401031.38,18,48,18.0,48.3333333333,11.4727272727,28.1385,52.859756835,2.664,0,0,0,0,0,0,0,0,0,0,0,0
1551401031.47,18,48,18.0,48.3333333333,9.39393939393,29.3040025406,55.7338809581,1.16550254059,0,0,0,0,0,0,0,0,0,0,0,0
1551401031.56,20,45,20.6666666667,45.6666666667,7.43636363637,26.64,54.506940479,-2.66400254059,0,0,0,0,0,0,0,0,0,0,0,0
1551401031.66,22,43,22.6666666667,43.6666666667,8.0696969697,23.1435,50.3969702395,-3.4965,0,0,0,0,0,0,0,0,0,0,0,0
1551401031.75,22,44,22.0,44.3333333333,8.08181818183,22.4775,47.6759851198,-0.666,0,0,0,0,0,0,0,0,0,0,0,0
1551401031.85,22,44,22.3333333333,44.0,9.81818181817,21.8847426224,45.7227351823,-0.592757377625,0,0,0,0,0,0,0,0,0,0,0,0
1551401031.94,22,43,22.6666666667,43.6666666667,11.0121212121,20.9821681137,43.8435357048,-0.902574508667,0,0,0,0,0,0,0,0,0,0,0,0
1551401032.03,19,46,19.6666666667,46.6666666667,12.1303030303,24.4755,46.3972678524,3.49333188629,0,0,0,0,0,0,0,0,0,0,0,0
1551401032.13,18,48,18.0,48.3333333333,11.2636363636,27.639,50.8376339262,3.1635,0,0,0,0,0,0,0,0,0,0,0,0
1551401032.22,15,51,15.3333333333,51.0,9.50606060607,32.1345,57.5533169631,4.4955,0,0,0,0,0,0,0,0,0,0,0,0
1551401032.31,17,49,17.3333333333,49.0,11.7848484848,31.4685,60.2451584816,-0.666,0,0,0,0,0,0,0,0,0,0,0,0
1551401032.41,19,46,19.6666666667,46.6666666667,11.3636363636,28.638,58.7605792408,-2.8305,0,0,0,0,0,0,0,0,0,0,0,0
1551401032.5,18,47,18.6666666667,47.6666666667,13.0515151515,28.638,58.0182896204,0.0,0,0,0,0,0,0,0,0,0,0,0,0
1551401032.6,14,51,14.6666666667,51.6666666667,11.1606060606,33.2672035446,62.2763483548,4.62920354462,0,0,0,0,0,0,0,0,0,0,0,0
1551401032.69,17,48,17.3333333333,49.0,12.7393939394,31.9638207321,63.1019949095,-1.3033828125,0,0,0,0,0,0,0,0,0,0,0,0
1551401032.78,18,48,18.3333333333,48.0,16.4515151515,30.303,61.8539974548,-1.66082073212,0,0,0,0,0,0,0,0,0,0,0,0
1551401032.88,17,49,17.0,49.3333333333,17.2636363636,31.4685,62.3954987274,1.1655,0,0,0,0,0,0,0,0,0,0,0,0
1551401032.97,15,51,15.0,51.3333333333,14.4878787879,34.299,65.4967493637,2.8305,0,0,0,0,0,0,0,0,0,0,0,0
1551401033.07,12,53,12.6666666667,53.6666666667,11.4484848485,37.962,70.7103746818,3.663,0,0,0,0,0,0,0,0,0,0,0,0
1551401033.16,12,54,12.3333333333,54.0,11.9696969697,39.7935,75.1486873409,1.8315,0,0,0,0,0,0,0,0,0,0,0,0
1551401033.25,13,53,13.3333333333,53.0,13.9939393939,39.2940025406,76.868346211,-0.499497459412,0,0,0,0,0,0,0,0,0,0,0,0
1551401033.34,17,49,17.3333333333,49.0,12.8727272727,34.4655,72.8996731055,-4.82850254059,0,0,0,0,0,0,0,0,0,0,0,0
1551401033.44,21,45,21.0,45.3333333333,12.0757575758,27.972,64.4218365528,-6.4935,0,0,0,0,0,0,0,0,0,0,0,0
1551401033.53,23,43,23.3333333333,43.0,11.6545454545,22.644,54.8549182764,-5.328,0,0,0,0,0,0,0,0,0,0,0,0
1551401033.63,24,42,24.3333333333,42.0,11.3666666667,19.647,47.0744591382,-2.997,0,0,0,0,0,0,0,0,0,0,0,0
1551401034.1,0,0,0,0,0
1551401034.12,24,41,24.6666666667,41.6666666667,11.0878787879,17.8155050812,41.3527346503,-1.83149491882,0,0,0,0,0,0,0,0,0,0,0,0
1551401034.26,38,28,38.3333333333,28.0,9.3303030303,0.8325,21.5088673251,-16.9830050812,0,0,0,0,0,0,0,0,0,0,0,0
1551401034.35,37,28,37.6666666667,28.6666666667,10.5515151515,-5.16149491882,5.59293874374,-5.99399491882,0,0,0,0,0,0,0,0,0,0,0,0
1551401034.44,37,29,37.0,29.3333333333,10.4939393939,-6.65999491882,-3.86352554695,-1.4985,0,0,0,0,0,0,0,0,0,0,0,0
1551401034.53,35,30,35.6666666667,30.6666666667,10.3636363636,-5.8275,-7.75926277348,0.832494918823,0,0,0,0,0,0,0,0,0,0,0,0
1551401034.68,35,31,35.0,31.3333333333,10.5333333333,-4.662,-8.54163138674,1.1655,0,0,0,0,0,0,0,0,0,0,0,0
1551401034.72,34,31,34.6666666667,31.6666666667,10.4,-3.82949491882,-8.10031061219,0.832505081177,0,0,0,0,0,0,0,0,0,0,0,0
1551401034.74,34,31,34.6666666667,31.6666666667,10.4181818182,-3.1635,-7.2136553061,0.665994918823,0,0,0,0,0,0,0,0,0,0,0,0
1551401034.77,34,32,34.3333333333,32.0,10.4121212121,-2.83049491882,-6.43732257187,0.333005081177,0,0,0,0,0,0,0,0,0,0,0,0
1551401034.8,35,31,35.0,31.3333333333,10.3272727273,-3.16349491882,-6.38215620476,-0.333,0,0,0,0,0,0,0,0,0,0,0,0
1551401034.84,34,32,34.3333333333,32.0,10.3727272727,-2.66399491882,-5.8550730212,0.4995,0,0,0,0,0,0,0,0,0,0,0,0
1551401034.88,34,32,34.3333333333,32.0,10.3393939394,-2.49749491882,-5.42503142942,0.1665,0,0,0,0,0,0,0,0,0,0,0,0
1551401034.97,34,32,34.0,32.3333333333,10.2454545455,-1.83149491882,-4.54401063354,0.666,0,0,0,0,0,0,0,0,0,0,0,0
1551401035.12,33,32,33.6666666667,32.6666666667,10.4696969697,-1.1655,-3.43750531677,0.665994918823,0,0,0,0,0,0,0,0,0,0,0,0
1551401035.2,33,33,33.3333333333,33.0,10.4545454545,-0.8325,-2.55125265838,0.333,0,0,0,0,0,0,0,0,0,0,0,0
1551401035.29,33,33,33.3333333333,33.0,10.5666666667,-0.4995,-1.77512632919,0.333,0,0,0,0,0,0,0,0,0,0,0,0
1551401035.38,33,33,33.0,33.3333333333,10.7454545455,-0.166494918823,-1.05405808342,0.333005081177,0,0,0,0,0,0,0,0,0,0,0,0
1551401035.47,33,33,33.0,33.3333333333,10.7666666667,0.0,-0.52702904171,0.166494918823,0,0,0,0,0,0,0,0,0,0,0,0
1551401035.56,33,33,33.3333333333,33.0,10.8393939394,0.0,-0.263514520855,0.0,0,0,0,0,0,0,0,0,0,0,0,0
1551401035.66,33,32,33.6666666667,32.6666666667,10.6393939394,-0.666,-0.797757260427,-0.666,0,0,0,0,0,0,0,0,0,0,0,0
1551401035.75,34,32,34.0,32.3333333333,10.5545454545,-1.1655,-1.56437863021,-0.4995,0,0,0,0,0,0,0,0,0,0,0,0
1551401035.9,33,33,33.3333333333,33.0,10.5575757576,-0.666,-1.44818931511,0.4995,0,0,0,0,0,0,0,0,0,0,0,0
1551401036.37,0,0,0,0,0
1551401036.39,32,33,32.6666666667,33.6666666667,10.5878787879,0.1665,-0.557594657553,0.8325,0,0,0,0,0,0,0,0,0,0,0,0
1551401036.86,0,0,0,0,0
1551401036.88,32,33,32.6666666667,33.6666666667,10.4060606061,0.499505081177,0.2207077524,0.333005081177,0,0,0,0,0,0,0,0,0,0,0,0
1551401036.97,35,31,35.0,31.3333333333,10.7121212121,-1.998,-1.8876461238,-2.49750508118,0,0,0,0,0,0,0,0,0,0,0,0
1551401037.06,34,31,34.6666666667,31.6666666667,10.7272727273,-2.664,-3.6078230619,-0.666,0,0,0,0,0,0,0,0,0,0,0,0
1551401037.16,34,31,34.6666666667,31.6666666667,10.7212121212,-2.8305,-4.63441153095,-0.1665,0,0,0,0,0,0,0,0,0,0,0,0
1551401037.25,34,32,34.3333333333,32.0,10.7727272727,-2.664,-4.98120576547,0.1665,0,0,0,0,0,0,0,0,0,0,0,0
1551401037.34,34,32,34.3333333333,32.0,10.6696969697,-2.49749491882,-4.98809780156,0.166505081177,0,0,0,0,0,0,0,0,0,0,0,0
1551401037.44,34,32,34.0,32.3333333333,10.6454545455,-1.998,-4.49204890078,0.499494918823,0,0,0,0,0,0,0,0,0,0,0,0
1551401037.53,34,32,34.3333333333,32.0,10.7424242424,-2.331,-4.57702445039,-0.333,0,0,0,0,0,0,0,0,0,0,0,0
1551401037.63,34,32,34.3333333333,32.0,10.596969697,-2.1645,-4.4530122252,0.1665,0,0,0,0,0,0,0,0,0,0,0,0
1551401037.72,34,31,34.6666666667,31.6666666667,10.5636363636,-2.664,-4.8905061126,-0.4995,0,0,0,0,0,0,0,0,0,0,0,0
1551401037.81,34,32,34.3333333333,32.0,10.5939393939,-2.331,-4.7762530563,0.333,0,0,0,0,0,0,0,0,0,0,0,0
1551401037.91,34,32,34.0,32.3333333333,10.6181818182,-1.8315,-4.21962652815,0.4995,0,0,0,0,0,0,0,0,0,0,0,0
1551401038.0,33,32,33.6666666667,32.6666666667,11.0818181818,-1.49849491882,-3.6083081829,0.333005081177,0,0,0,0,0,0,0,0,0,0,0,0
1551401038.09,32,33,32.6666666667,33.6666666667,11.1878787879,-0.1665,-1.97065409145,1.33199491882,0,0,0,0,0,0,0,0,0,0,0,0
1551401038.19,31,35,31.3333333333,35.0,11.2545454545,1.998,1.01267295428,2.1645,0,0,0,0,0,0,0,0,0,0,0,0
1551401038.34,29,37,29.0,37.3333333333,11.3242424242,5.661,6.16733647714,3.663,0,0,0,0,0,0,0,0,0,0,0,0
1551401038.43,27,39,27.0,39.3333333333,11.3121212121,9.657,12.7406682386,3.996,0,0,0,0,0,0,0,0,0,0,0,0
1551401038.47,25,41,25.3333333333,41.0,11.7424242424,13.32,19.6903341193,3.663,0,0,0,0,0,0,0,0,0,0,0,0
1551401038.5,24,42,24.3333333333,42.0,12.1272727273,15.651,25.4961670596,2.331,0,0,0,0,0,0,0,0,0,0,0,0
1551401038.59,21,44,21.6666666667,44.6666666667,13.8272727273,19.98,32.7280835298,4.329,0,0,0,0,0,0,0,0,0,0,0,0
1551401038.74,21,45,21.0,45.3333333333,15.1909090909,22.3110025406,38.6750443055,2.33100254059,0,0,0,0,0,0,0,0,0,0,0,0
1551401038.83,13,52,13.6666666667,52.6666666667,14.5090909091,32.301,51.6385221527,9.98999745941,0,0,0,0,0,0,0,0,0,0,0,0
1551401038.91,14,51,14.6666666667,51.6666666667,14.9151515152,34.965,60.7842610764,2.664,0,0,0,0,0,0,0,0,0,0,0,0
1551401039.0,15,51,15.3333333333,51.0,15.4242424242,35.298,65.6901305382,0.333,0,0,0,0,0,0,0,0,0,0,0,0
1551401039.1,16,49,16.6666666667,49.6666666667,16.2484848485,33.7995025406,66.6445678097,-1.49849745941,0,0,0,0,0,0,0,0,0,0,0,0
1551401039.19,16,50,16.3333333333,50.0,15.1303030303,33.4665,66.7887839048,-0.333002540588,0,0,0,0,0,0,0,0,0,0,0,0
1551401039.28,14,52,14.0,52.3333333333,14.5333333333,36.297,69.6913919524,2.8305,0,0,0,0,0,0,0,0,0,0,0,0
1551401039.38,13,52,13.6666666667,52.6666666667,14.1484848485,37.6290025406,72.4746985168,1.33200254059,0,0,0,0,0,0,0,0,0,0,0,0
1551401039.47,14,52,14.3333333333,52.0,13.8575757576,37.296,73.5333492584,-0.333002540588,0,0,0,0,0,0,0,0,0,0,0,0
1551401039.56,19,47,19.3333333333,47.0,12.5696969697,31.302,68.0686746292,-5.994,0,0,0,0,0,0,0,0,0,0,0,0
1551401039.66,21,44,21.6666666667,44.6666666667,11.9242424242,25.974,60.0083373146,-5.328,0,0,0,0,0,0,0,0,0,0,0,0
1551401039.75,23,42,23.6666666667,42.6666666667,11.496969697,21.645,51.6491686573,-4.329,0,0,0,0,0,0,0,0,0,0,0,0
1551401039.84,24,41,24.6666666667,41.6666666667,11.196969697,18.8145,44.6390843286,-2.8305,0,0,0,0,0,0,0,0,0,0,0,0
1551401039.99,25,41,25.0,41.3333333333,10.8909090909,16.983,39.3025421643,-1.8315,0,0,0,0,0,0,0,0,0,0,0,0
1551401040.03,26,40,26.0,40.3333333333,10.6727272727,15.318,34.9692710822,-1.665,0,0,0,0,0,0,0,0,0,0,0,0
1551401040.06,26,40,26.0,40.3333333333,10.5151515152,14.652,32.1366355411,-0.666,0,0,0,0,0,0,0,0,0,0,0,0
1551401040.15,27,39,27.3333333333,39.0,10.1666666667,12.654,28.7223177705,-1.998,0,0,0,0,0,0,0,0,0,0,0,0
1551401040.25,28,38,28.0,38.3333333333,10.1787878788,11.1555,25.5166588853,-1.4985,0,0,0,0,0,0,0,0,0,0,0,0
1551401040.34,29,36,29.6666666667,36.6666666667,10.3787878788,8.4915,21.2498294426,-2.664,0,0,0,0,0,0,0,0,0,0,0,0
1551401040.44,30,36,30.3333333333,36.0,10.3606060606,6.66,17.2849147213,-1.8315,0,0,0,0,0,0,0,0,0,0,0,0
1551401040.53,31,35,31.0,35.3333333333,10.3212121212,5.1615,13.8039573607,-1.4985,0,0,0,0,0,0,0,0,0,0,0,0
1551401041.01,0,0,0,0,0
1551401041.03,31,35,31.3333333333,35.0,10.3636363636,4.329,11.2309786803,-0.8325,0,0,0,0,0,0,0,0,0,0,0,0
1551401041.55,0,0,0,0,0
1551401041.57,35,31,35.0,31.3333333333,10.2727272727,-0.666,4.94948934016,-4.995,0,0,0,0,0,0,0,0,0,0,0,0
1551401041.66,39,27,39.3333333333,27.0,10.2939393939,-7.82549491882,-5.35075024874,-7.15949491882,0,0,0,0,0,0,0,0,0,0,0,0
1551401041.75,37,28,37.6666666667,28.6666666667,10.3939393939,-8.49149491882,-11.1668700432,-0.666,0,0,0,0,0,0,0,0,0,0,0,0
1551401041.84,36,30,36.3333333333,30.0,10.4484848485,-6.993,-12.5764350216,1.49849491882,0,0,0,0,0,0,0,0,0,0,0,0
1551401041.99,36,30,36.0,30.3333333333,10.5090909091,-5.994,-12.2822175108,0.999,0,0,0,0,0,0,0,0,0,0,0,0
1551401042.03,34,31,34.6666666667,31.6666666667,10.603030303,-4.329,-10.4701087554,1.665,0,0,0,0,0,0,0,0,0,0,0,0
1551401042.17,34,32,34.0,32.3333333333,10.6515151515,-2.83049491882,-8.06554929652,1.49850508118,0,0,0,0,0,0,0,0,0,0,0,0
1551401042.26,33,33,33.3333333333,33.0,10.7484848485,-1.332,-5.36477464826,1.49849491882,0,0,0,0,0,0,0,0,0,0,0,0
1551401042.35,33,33,33.0,33.3333333333,10.6727272727,-0.4995,-3.18188732413,0.8325,0,0,0,0,0,0,0,0,0,0,0,0
1551401042.44,33,33,33.0,33.3333333333,10.7242424242,0.1665,-1.42444366207,0.666,0,0,0,0,0,0,0,0,0,0,0,0
1551401042.53,33,33,33.0,33.3333333333,10.6636363636,0.166505081177,-0.545716749856,5.08117675782e-06,0,0,0,0,0,0,0,0,0,0,0,0
1551401042.63,33,33,33.3333333333,33.0,10.5878787879,-0.166494918823,-0.439353293751,-0.333,0,0,0,0,0,0,0,0,0,0,0,0
1551401042.72,33,33,33.0,33.3333333333,10.5181818182,5.08117675781e-06,-0.219671565699,0.1665,0,0,0,0,0,0,0,0,0,0,0,0
1551401042.82,33,33,33.0,33.3333333333,10.4939393939,0.333005081177,0.223169298327,0.333,0,0,0,0,0,0,0,0,0,0,0,0
1551401042.91,33,33,33.0,33.3333333333,10.4909090909,0.333,0.444584649164,-5.08117675779e-06,0,0,0,0,0,0,0,0,0,0,0,0
1551401043.0,33,33,33.0,33.3333333333,10.5606060606,0.499505081177,0.721797405759,0.166505081177,0,0,0,0,0,0,0,0,0,0,0,0
1551401043.09,33,33,33.3333333333,33.0,10.5090909091,0.166505081177,0.527403784056,-0.333,0,0,0,0,0,0,0,0,0,0,0,0
1551401043.19,33,33,33.0,33.3333333333,10.6393939394,0.166505081177,0.430206973205,0.0,0,0,0,0,0,0,0,0,0,0,0,0
1551401043.28,33,33,33.3333333333,33.0,10.796969697,0.0,0.215103486602,-0.166505081177,0,0,0,0,0,0,0,0,0,0,0,0
1551401043.38,33,33,33.0,33.3333333333,10.7818181818,0.0,0.107551743301,0.0,0,0,0,0,0,0,0,0,0,0,0,0
1551401043.47,33,33,33.3333333333,33.0,10.7575757576,-0.1665,-0.112724128349,-0.1665,0,0,0,0,0,0,0,0,0,0,0,0
1551401043.56,33,33,33.3333333333,33.0,10.7787878788,-0.333,-0.389362064175,-0.1665,0,0,0,0,0,0,0,0,0,0,0,0
1551401043.66,33,33,33.0,33.3333333333,11.4848484848,0.0,-0.194681032087,0.333,0,0,0,0,0,0,0,0,0,0,0,0
1551401043.75,31,34,31.6666666667,34.6666666667,11.3393939394,1.8315,1.73415948396,1.8315,0,0,0,0,0,0,0,0,0,0,0,0
1551401043.84,30,36,30.0,36.3333333333,11.5818181818,4.4955,5.36257974198,2.664,0,0,0,0,0,0,0,0,0,0,0,0
1551401043.94,26,40,26.3333333333,40.0,11.5575757576,9.99,12.671289871,5.4945,0,0,0,0,0,0,0,0,0,0,0,0
1551401044.03,26,40,26.0,40.3333333333,11.6060606061,12.654,18.9896449355,2.664,0,0,0,0,0,0,0,0,0,0,0,0
1551401044.13,25,41,25.0,41.3333333333,11.4757575758,14.8185050812,24.3133275489,2.16450508118,0,0,0,0,0,0,0,0,0,0,0,0
1551401044.22,24,41,24.6666666667,41.6666666667,11.3212121212,16.1505,28.3071637745,1.33199491882,0,0,0,0,0,0,0,0,0,0,0,0
1551401044.31,25,41,25.0,41.3333333333,11.1393939394,15.984,30.1375818872,-0.1665,0,0,0,0,0,0,0,0,0,0,0,0
1551401044.41,25,40,25.6666666667,40.6666666667,11.0606060606,15.318,30.3867909436,-0.666,0,0,0,0,0,0,0,0,0,0,0,0
1551401044.88,0,0,0,0,0
1551401044.9,26,40,26.3333333333,40.0,10.9303030303,14.1525,29.3458954718,-1.1655,0,0,0,0,0,0,0,0,0,0,0,0
1551401045.04,25,40,25.6666666667,40.6666666667,13.1151515152,14.4855,29.1584477359,0.333,0,0,0,0,0,0,0,0,0,0,0,0
1551401045.13,22,44,22.3333333333,44.0,12.8848484848,18.648,33.227223868,4.1625,0,0,0,0,0,0,0,0,0,0,0,0
1551401045.22,21,44,21.6666666667,44.6666666667,12.6,21.1455,37.759111934,2.4975,0,0,0,0,0,0,0,0,0,0,0,0
1551401045.31,21,45,21.0,45.3333333333,12.396969697,22.8105,41.690055967,1.665,0,0,0,0,0,0,0,0,0,0,0,0
1551401045.41,22,44,22.3333333333,44.0,11.9909090909,22.1445,42.9895279835,-0.666,0,0,0,0,0,0,0,0,0,0,0,0
1551401045.5,23,43,23.3333333333,43.0,11.6363636364,20.313,41.8077639917,-1.8315,0,0,0,0,0,0,0,0,0,0,0,0
1551401045.59,22,44,22.0,44.3333333333,11.7515151515,21.312,42.2158819959,0.999,0,0,0,0,0,0,0,0,0,0,0,0
1551401045.69,21,44,21.6666666667,44.6666666667,11.3121212121,22.1445,43.2524409979,0.8325,0,0,0,0,0,0,0,0,0,0,0,0
1551401045.78,22,44,22.3333333333,44.0,10.0303030303,21.5842850189,43.2105055179,-0.560214981079,0,0,0,0,0,0,0,0,0,0,0,0
1551401045.88,14,52,14.3333333333,52.0,6.37575757577,31.1355,52.7407527589,9.55121498108,0,0,0,0,0,0,0,0,0,0,0,0
1551401046.35,0,0,0,0,0
1551401046.37,17,48,17.6666666667,48.6666666667,9.22727272727,30.8025,57.1728763795,-0.333,0,0,0,0,0,0,0,0,0,0,0,0
1551401046.51,49,16,50.0,16.3333333333,10.6787878788,-7.992,20.5944381897,-38.7945,0,0,0,0,0,0,0,0,0,0,0,0
1551401046.6,47,19,47.3333333333,19.0,10.4545454545,-19.98,-9.68278090513,-11.988,0,0,0,0,0,0,0,0,0,0,0,0
1551401046.69,43,22,43.6666666667,22.6666666667,10.3575757576,-20.313,-25.1543904526,-0.333,0,0,0,0,0,0,0,0,0,0,0,0
1551401046.78,39,27,39.3333333333,27.0,10.5212121212,-15.318,-27.8951952263,4.995,0,0,0,0,0,0,0,0,0,0,0,0
1551401046.88,36,30,36.0,30.3333333333,10.6272727273,-9.324,-23.2715976131,5.994,0,0,0,0,0,0,0,0,0,0,0,0
1551401046.97,34,32,34.0,32.3333333333,8.74242424243,-4.4955,-16.1312988066,4.8285,0,0,0,0,0,0,0,0,0,0,0,0
1551401047.06,32,33,32.6666666667,33.6666666667,8.74242424243,-0.999,-9.06464940329,3.4965,0,0,0,0,0,0,0,0,0,0,0,0
1551401047.16,29,36,29.6666666667,36.6666666667,9.38484848483,3.663,-0.869324701643,4.662,0,0,0,0,0,0,0,0,0,0,0,0
1551401047.25,27,39,27.3333333333,39.0,9.93333333333,8.325,7.89033764918,4.662,0,0,0,0,0,0,0,0,0,0,0,0
1551401047.34,23,42,23.6666666667,42.6666666667,9.7606060606,14.8185,18.7636688246,6.4935,0,0,0,0,0,0,0,0,0,0,0,0
1551401047.44,21,45,21.3333333333,45.0,9.39696969697,19.8135,29.1953344123,4.995,0,0,0,0,0,0,0,0,0,0,0,0
1551401047.53,18,47,18.6666666667,47.6666666667,9.24545454547,24.975,39.5726672061,5.1615,0,0,0,0,0,0,0,0,0,0,0,0
1551401047.63,18,47,18.6666666667,47.6666666667,8.12424242423,27.330361702,47.116695305,2.35536170197,0,0,0,0,0,0,0,0,0,0,0,0
1551401047.72,19,47,19.0,47.3333333333,7.96363636363,27.8055,51.3638476525,0.475138298035,0,0,0,0,0,0,0,0,0,0,0,0
1551401047.82,22,44,22.0,44.3333333333,10.7757575758,24.309,49.9909238263,-3.4965,0,0,0,0,0,0,0,0,0,0,0,0
1551401048.29,0,0,0,0,0
1551401048.31,23,42,23.6666666667,42.6666666667,8.2303030303,20.8125,45.8079619131,-3.4965,0,0,0,0,0,0,0,0,0,0,0,0
1551401048.45,21,44,21.6666666667,44.6666666667,9.05757575757,22.1445,45.0484809566,1.332,0,0,0,0,0,0,0,0,0,0,0,0
1551401048.54,20,46,20.3333333333,46.0,5.5787878788,23.976,46.5002404783,1.8315,0,0,0,0,0,0,0,0,0,0,0,0
1551401048.63,20,45,20.6666666667,45.6666666667,7.0,24.4755,47.7256202391,0.4995,0,0,0,0,0,0,0,0,0,0,0,0
1551401048.72,23,43,23.0,43.3333333333,2.69090909091,21.978,45.8408101196,-2.4975,0,0,0,0,0,0,0,0,0,0,0,0
1551401048.82,22,43,22.6666666667,43.6666666667,4.84242424243,21.312,44.2324050598,-0.666,0,0,0,0,0,0,0,0,0,0,0,0
1551401049.29,0,0,0,0,0
1551401049.31,25,40,25.6666666667,40.6666666667,3.39393939393,17.4825,39.5987025299,-3.8295,0,0,0,0,0,0,0,0,0,0,0,0
1551401049.45,27,39,27.0,39.3333333333,4.9515151515,14.319,34.1183512649,-3.1635,0,0,0,0,0,0,0,0,0,0,0,0
1551401049.54,26,39,26.6666666667,39.6666666667,4.03636363637,13.4865,30.5456756325,-0.8325,0,0,0,0,0,0,0,0,0,0,0,0
1551401049.63,27,39,27.0,39.3333333333,5.72424242423,12.76769133,28.0405291462,-0.718808670044,0,0,0,0,0,0,0,0,0,0,0,0
1551401049.72,27,39,27.3333333333,39.0,4.88181818183,11.988,26.0082645731,-0.779691329956,0,0,0,0,0,0,0,0,0,0,0,0
1551401049.81,26,40,26.3333333333,40.0,4.50606060607,12.8205,25.8246322865,0.8325,0,0,0,0,0,0,0,0,0,0,0,0
1551401049.91,26,39,26.6666666667,39.6666666667,4.06363636363,12.654,25.5663161433,-0.1665,0,0,0,0,0,0,0,0,0,0,0,0
1551401050.0,27,39,27.3333333333,39.0,3.9303030303,11.8215,24.6046580716,-0.8325,0,0,0,0,0,0,0,0,0,0,0,0
1551401050.09,28,37,28.6666666667,37.6666666667,4.09393939393,10.1565,22.4588290358,-1.665,0,0,0,0,0,0,0,0,0,0,0,0
1551401050.19,29,37,29.0,37.3333333333,2.96060606061,8.991,20.2204145179,-1.1655,0,0,0,0,0,0,0,0,0,0,0,0
1551401050.28,29,37,29.3333333333,37.0,3.70606060607,7.992,18.102207259,-0.999,0,0,0,0,0,0,0,0,0,0,0,0
1551401050.38,30,36,30.0,36.3333333333,4.2606060606,6.993,16.0441036295,-0.999,0,0,0,0,0,0,0,0,0,0,0,0
1551401050.47,32,34,32.3333333333,34.0,4.12727272727,3.8295,11.8515518147,-3.1635,0,0,0,0,0,0,0,0,0,0,0,0
1551401050.56,34,32,34.3333333333,32.0,4.3,0.1665,6.09227590737,-3.663,0,0,0,0,0,0,0,0,0,0,0,0
1551401050.66,36,30,36.0,30.3333333333,5.01212121213,-3.4965,-0.450362046315,-3.663,0,0,0,0,0,0,0,0,0,0,0,0
1551401050.75,38,27,38.6666666667,27.6666666667,6.6212121212,-7.8255,-8.05068102316,-4.329,0,0,0,0,0,0,0,0,0,0,0,0
1551401050.84,41,24,41.6666666667,24.6666666667,7.1212121212,-13.32,-17.3453405116,-5.4945,0,0,0,0,0,0,0,0,0,0,0,0
1551401050.94,44,21,44.6666666667,21.6666666667,6.9484848485,-18.981,-27.6536702558,-5.661,0,0,0,0,0,0,0,0,0,0,0,0
1551401051.03,45,21,45.3333333333,21.0,8.0,-21.978,-35.8048351279,-2.997,0,0,0,0,0,0,0,0,0,0,0,0
1551401051.13,44,22,44.3333333333,22.0,8.51212121213,-22.0970722961,-39.9994898601,-0.119072296143,0,0,0,0,0,0,0,0,0,0,0,0
1551401051.22,44,22,44.3333333333,22.0,7.9515151515,-22.0498173523,-42.0495622823,0.0472549438477,0,0,0,0,0,0,0,0,0,0,0,0
1551401051.31,43,22,43.6666666667,22.6666666667,7.78181818183,-21.3293776245,-42.3541587657,0.720439727783,0,0,0,0,0,0,0,0,0,0,0,0
1551401051.41,43,23,43.0,23.3333333333,8.8303030303,-19.98,-41.1570793828,1.34937762451,0,0,0,0,0,0,0,0,0,0,0,0
1551401051.5,43,22,43.6666666667,22.6666666667,7.9212121212,-20.313,-40.8915396914,-0.333,0,0,0,0,0,0,0,0,0,0,0,0
1551401051.59,42,23,42.6666666667,23.6666666667,9.3484848485,-19.314,-39.7597698457,0.999,0,0,0,0,0,0,0,0,0,0,0,0
1551401051.69,41,25,41.3333333333,25.0,13.7060606061,-17.4825,-37.3623849229,1.8315,0,0,0,0,0,0,0,0,0,0,0,0
1551401051.78,44,22,44.0,22.3333333333,12.9181818182,-19.8135,-38.4946924614,-2.331,0,0,0,0,0,0,0,0,0,0,0,0
1551401051.88,43,22,43.6666666667,22.6666666667,12.9484848485,-20.4795,-39.7268462307,-0.666,0,0,0,0,0,0,0,0,0,0,0,0
1551401051.97,45,21,45.3333333333,21.0,12.1272727273,-22.8105,-42.6739231154,-2.331,0,0,0,0,0,0,0,0,0,0,0,0
1551401052.06,42,23,42.6666666667,23.6666666667,12.596969697,-20.4795,-41.8164615577,2.331,0,0,0,0,0,0,0,0,0,0,0,0
1551401052.16,43,22,43.6666666667,22.6666666667,12.2515151515,-20.4795,-41.3877307788,0.0,0,0,0,0,0,0,0,0,0,0,0,0
1551401052.63,0,0,0,0,0
1551401052.65,43,23,43.0,23.3333333333,11.9454545455,-19.8135,-40.5073653894,0.666,0,0,0,0,0,0,0,0,0,0,0,0
1551401052.79,36,30,36.3333333333,30.0,10.4848484848,-11.4884949188,-31.7421776135,8.32500508118,0,0,0,0,0,0,0,0,0,0,0,0
1551401052.88,33,33,33.0,33.3333333333,10.3272727273,-4.329,-20.2000888068,7.15949491882,0,0,0,0,0,0,0,0,0,0,0,0
1551401052.97,31,35,31.3333333333,35.0,10.6484848485,0.666,-9.43404440338,4.995,0,0,0,0,0,0,0,0,0,0,0,0
1551401053.06,30,36,30.3333333333,36.0,11.2060606061,3.663,-1.05402220169,2.997,0,0,0,0,0,0,0,0,0,0,0,0
1551401053.16,30,35,30.6666666667,35.6666666667,11.5848484848,4.329,3.80198889915,0.666,0,0,0,0,0,0,0,0,0,0,0,0
1551401053.63,0,0,0,0,0
1551401053.65,30,35,30.6666666667,35.6666666667,11.2515151515,4.662,6.56299444958,0.333,0,0,0,0,0,0,0,0,0,0,0,0
1551401053.79,26,39,26.6666666667,39.6666666667,10.6878787879,9.4905,12.7719972248,4.8285,0,0,0,0,0,0,0,0,0,0,0,0
1551401053.88,27,39,27.3333333333,39.0,11.4818181818,10.8225050812,17.2085036936,1.33200508118,0,0,0,0,0,0,0,0,0,0,0,0
1551401053.97,27,39,27.0,39.3333333333,11.7242424242,11.8215050812,20.425756928,0.999,0,0,0,0,0,0,0,0,0,0,0,0
1551401054.06,26,39,26.6666666667,39.6666666667,12.3636363636,12.321,22.533878464,0.499494918823,0,0,0,0,0,0,0,0,0,0,0,0
1551401054.16,24,42,24.0,42.3333333333,12.1848484848,15.984,27.250939232,3.663,0,0,0,0,0,0,0,0,0,0,0,0
1551401054.25,22,44,22.3333333333,44.0,12.0818181818,19.1475,32.772969616,3.1635,0,0,0,0,0,0,0,0,0,0,0,0
1551401054.34,21,44,21.6666666667,44.6666666667,12.1121212121,21.312,37.698484808,2.1645,0,0,0,0,0,0,0,0,0,0,0,0
1551401054.44,21,45,21.3333333333,45.0,10.896969697,22.4775,41.326742404,1.1655,0,0,0,0,0,0,0,0,0,0,0,0
1551401054.53,20,46,20.0,46.3333333333,13.4393939394,24.8085,45.471871202,2.331,0,0,0,0,0,0,0,0,0,0,0,0
1551401054.62,20,46,20.3333333333,46.0,12.6424242424,25.1415,47.877435601,0.333,0,0,0,0,0,0,0,0,0,0,0,0
1551401054.72,21,45,21.3333333333,45.0,11.0818181818,23.976,47.9147178005,-1.1655,0,0,0,0,0,0,0,0,0,0,0,0
1551401054.81,20,46,20.3333333333,46.0,8.59393939393,24.975,48.9323589002,0.999,0,0,0,0,0,0,0,0,0,0,0,0
1551401054.91,18,47,18.6666666667,47.6666666667,7.63333333333,27.1395,51.6056794501,2.1645,0,0,0,0,0,0,0,0,0,0,0,0
1551401055.0,20,45,20.6666666667,45.6666666667,7.57272727273,25.8075,51.6103397251,-1.332,0,0,0,0,0,0,0,0,0,0,0,0
1551401055.09,22,43,22.6666666667,43.6666666667,7.71818181817,22.8105,48.6156698625,-2.997,0,0,0,0,0,0,0,0,0,0,0,0
1551401055.57,0,0,0,0,0
1551401055.59,21,45,21.3333333333,45.0,7.4787878788,23.1435,47.4513349313,0.333,0,0,0,0,0,0,0,0,0,0,0,0
1551401055.73,12,53,12.6666666667,53.6666666667,10.2121212121,33.633,57.3586674656,10.4895,0,0,0,0,0,0,0,0,0,0,0,0
1551401055.82,12,53,12.6666666667,53.6666666667,10.3454545455,37.629,66.3083337328,3.996,0,0,0,0,0,0,0,0,0,0,0,0
1551401055.91,18,48,18.0,48.3333333333,11.7090909091,33.1335,66.2876668664,-4.4955,0,0,0,0,0,0,0,0,0,0,0,0
1551401056.01,16,50,16.3333333333,50.0,12.2424242424,33.3,66.4438334332,0.1665,0,0,0,0,0,0,0,0,0,0,0,0
1551401056.1,16,50,16.0,50.3333333333,11.0696969697,33.7995,67.0214167166,0.4995,0,0,0,0,0,0,0,0,0,0,0,0
1551401056.19,16,50,16.3333333333,50.0,13.0393939394,33.4665025406,66.9772108989,-0.332997459412,0,0,0,0,0,0,0,0,0,0,0,0
1551401056.28,18,47,18.6666666667,47.6666666667,16.7696969697,30.6360050812,64.1246105306,-2.83049745941,0,0,0,0,0,0,0,0,0,0,0,0
1551401056.37,17,48,17.6666666667,48.6666666667,16.203030303,30.636,62.6983052653,-5.08117675579e-06,0,0,0,0,0,0,0,0,0,0,0,0
1551401056.47,13,53,13.3333333333,53.0,13.3303030303,35.631,66.9801526327,4.995,0,0,0,0,0,0,0,0,0,0,0,0
1551401056.56,11,55,11.3333333333,55.0,11.5878787879,39.96,73.4500763163,4.329,0,0,0,0,0,0,0,0,0,0,0,0
1551401056.66,13,53,13.3333333333,53.0,12.4787878788,39.627,76.3520381582,-0.333,0,0,0,0,0,0,0,0,0,0,0,0
1551401056.75,14,52,14.0,52.3333333333,14.2181818182,38.4615,76.6375190791,-1.1655,0,0,0,0,0,0,0,0,0,0,0,0
1551401056.9,19,47,19.0,47.3333333333,12.7303030303,32.301,70.6197595395,-6.1605,0,0,0,0,0,0,0,0,0,0,0,0
1551401056.93,22,44,22.0,44.3333333333,11.9878787879,26.1405,61.4503797698,-6.1605,0,0,0,0,0,0,0,0,0,0,0,0
1551401056.97,22,44,22.0,44.3333333333,11.8212121212,23.8095,54.5346898849,-2.331,0,0,0,0,0,0,0,0,0,0,0,0
1551401057.06,25,41,25.3333333333,41.0,11.3666666667,18.8145050812,46.0818500236,-4.99499491882,0,0,0,0,0,0,0,0,0,0,0,0
1551401057.16,26,40,26.0,40.3333333333,11.1909090909,15.8175,38.8584250118,-2.99700508118,0,0,0,0,0,0,0,0,0,0,0,0
1551401057.25,27,39,27.3333333333,39.0,10.7363636364,13.32,32.7492125059,-2.4975,0,0,0,0,0,0,0,0,0,0,0,0
1551401057.34,28,38,28.0,38.3333333333,10.8303030303,11.4885,27.863106253,-1.8315,0,0,0,0,0,0,0,0,0,0,0,0
1551401057.44,28,37,28.6666666667,37.6666666667,10.7393939394,9.8235,23.7550531265,-1.665,0,0,0,0,0,0,0,0,0,0,0,0
1551401057.53,29,37,29.3333333333,37.0,9.71212121213,8.4915,20.3690265632,-1.332,0,0,0,0,0,0,0,0,0,0,0,0
1551401057.63,30,36,30.3333333333,36.0,8.2303030303,6.66,16.8445132816,-1.8315,0,0,0,0,0,0,0,0,0,0,0,0
1551401057.72,30,35,31.0,35.3333333333,10.3848484848,5.1615,13.5837566408,-1.4985,0,0,0,0,0,0,0,0,0,0,0,0
1551401057.81,31,35,31.3333333333,35.0,10.6787878788,4.329,11.1208783204,-0.8325,0,0,0,0,0,0,0,0,0,0,0,0
1551401057.91,31,34,31.6666666667,34.6666666667,9.1484848485,3.33,8.8904391602,-0.999,0,0,0,0,0,0,0,0,0,0,0,0
1551401058.38,0,0,0,0,0
1551401058.4,32,34,32.3333333333,34.0,10.5848484848,2.4975,6.9427195801,-0.8325,0,0,0,0,0,0,0,0,0,0,0,0
1551401058.54,35,31,35.0,31.3333333333,10.4393939394,-1.33199491882,2.13936487123,-3.82949491882,0,0,0,0,0,0,0,0,0,0,0,0
1551401058.63,35,31,35.0,31.3333333333,10.3848484848,-2.66399491882,-1.59431248321,-1.332,0,0,0,0,0,0,0,0,0,0,0,0
1551401058.72,34,31,34.6666666667,31.6666666667,10.3727272727,-2.99699491882,-3.79415116043,-0.333,0,0,0,0,0,0,0,0,0,0,0,0
1551401058.81,34,32,34.3333333333,32.0,9.22727272727,-2.664,-4.56107558021,0.332994918823,0,0,0,0,0,0,0,0,0,0,0,0
1551401058.91,34,32,34.3333333333,32.0,10.6575757576,-2.49749491882,-4.77803270893,0.166505081177,0,0,0,0,0,0,0,0,0,0,0,0
1551401059.0,35,31,35.0,31.3333333333,10.6242424242,-3.33,-5.71901635447,-0.832505081177,0,0,0,0,0,0,0,0,0,0,0,0
1551401059.09,35,31,35.0,31.3333333333,10.6666666667,-3.33,-6.18950817723,0.0,0,0,0,0,0,0,0,0,0,0,0,0
1551401059.19,34,32,34.3333333333,32.0,10.7121212121,-2.83049491882,-5.92524900744,0.499505081177,0,0,0,0,0,0,0,0,0,0,0,0
1551401059.34,34,32,34.3333333333,32.0,10.6727272727,-2.331,-5.29362450372,0.499494918823,0,0,0,0,0,0,0,0,0,0,0,0
1551401059.37,34,32,34.3333333333,32.0,10.6151515152,-2.1645,-4.81131225186,0.1665,0,0,0,0,0,0,0,0,0,0,0,0
1551401059.78,0,0,0,0,0
1551401059.81,34,32,34.0,32.3333333333,10.7393939394,-1.83149491882,-4.23715104475,0.333005081177,0,0,0,0,0,0,0,0,0,0,0,0
1551401059.9,32,33,32.6666666667,33.6666666667,10.396969697,5.08117675781e-06,-2.1185704412,1.8315,0,0,0,0,0,0,0,0,0,0,0,0
1551401059.93,32,33,32.6666666667,33.6666666667,10.4333333333,0.666005081177,-0.393280139423,0.666,0,0,0,0,0,0,0,0,0,0,0,0
1551401060.08,32,33,32.6666666667,33.6666666667,10.3575757576,0.832505081177,0.635865011465,0.1665,0,0,0,0,0,0,0,0,0,0,0,0
1551401060.16,32,34,32.3333333333,34.0,10.4181818182,1.16550508118,1.48343758691,0.333,0,0,0,0,0,0,0,0,0,0,0,0
1551401060.25,33,33,33.3333333333,33.0,10.3060606061,0.333005081177,1.07472387463,-0.8325,0,0,0,0,0,0,0,0,0,0,0,0
1551401060.34,33,33,33.0,33.3333333333,10.5393939394,0.333,0.870361937316,-5.08117675779e-06,0,0,0,0,0,0,0,0,0,0,0,0
1551401060.44,33,33,33.3333333333,33.0,10.5818181818,0.0,0.435180968658,-0.333,0,0,0,0,0,0,0,0,0,0,0,0
1551401060.53,33,33,33.3333333333,33.0,10.6272727273,-0.333,-0.115409515671,-0.333,0,0,0,0,0,0,0,0,0,0,0,0
1551401060.62,33,32,33.6666666667,32.6666666667,10.6272727273,-0.666,-0.723704757836,-0.333,0,0,0,0,0,0,0,0,0,0,0,0
1551401060.72,34,32,34.0,32.3333333333,10.6757575758,-1.16549491882,-1.52734729774,-0.499494918823,0,0,0,0,0,0,0,0,0,0,0,0
1551401060.81,34,32,34.0,32.3333333333,10.6363636364,-1.332,-2.09567364887,-0.166505081177,0,0,0,0,0,0,0,0,0,0,0,0
1551401060.91,33,33,33.0,33.3333333333,10.7878787879,-0.4995,-1.54733682444,0.8325,0,0,0,0,0,0,0,0,0,0,0,0
1551401061.0,33,32,33.6666666667,32.6666666667,10.6212121212,-0.8325,-1.60616841222,-0.333,0,0,0,0,0,0,0,0,0,0,0,0
1551401061.1,33,33,33.3333333333,33.0,10.7666666667,-0.4995,-1.30258420611,0.333,0,0,0,0,0,0,0,0,0,0,0,0
1551401061.19,34,32,34.0,32.3333333333,10.6939393939,-1.16549491882,-1.81678702188,-0.665994918823,0,0,0,0,0,0,0,0,0,0,0,0
1551401061.28,33,32,33.6666666667,32.6666666667,10.6848484848,-1.1655,-2.07389351094,-5.08117675779e-06,0,0,0,0,0,0,0,0,0,0,0,0
1551401061.38,33,32,33.6666666667,32.6666666667,10.7181818182,-1.16549491882,-2.20244167429,5.08117675779e-06,0,0,0,0,0,0,0,0,0,0,0,0
1551401061.47,34,32,34.3333333333,32.0,10.6181818182,-1.665,-2.76622083715,-0.499505081177,0,0,0,0,0,0,0,0,0,0,0,0
1551401061.56,33,32,33.6666666667,32.6666666667,10.6909090909,-1.332,-2.71511041857,0.333,0,0,0,0,0,0,0,0,0,0,0,0
1551401061.66,33,32,33.6666666667,32.6666666667,11.0,-1.1655,-2.52305520929,0.1665,0,0,0,0,0,0,0,0,0,0,0,0
1551401061.75,32,33,32.6666666667,33.6666666667,11.0060606061,0.333,-0.928527604643,1.4985,0,0,0,0,0,0,0,0,0,0,0,0
1551401061.84,30,35,30.6666666667,35.6666666667,11.1060606061,2.997,2.53273619768,2.664,0,0,0,0,0,0,0,0,0,0,0,0
1551401061.94,28,37,28.6666666667,37.6666666667,11.2090909091,6.4935,7.75986809884,3.4965,0,0,0,0,0,0,0,0,0,0,0,0
1551401062.03,27,39,27.3333333333,39.0,11.2151515152,9.4905,13.3704340494,2.997,0,0,0,0,0,0,0,0,0,0,0,0
1551401062.13,24,42,24.3333333333,42.0,12.2060606061,14.319,21.0042170247,4.8285,0,0,0,0,0,0,0,0,0,0,0,0
1551401062.22,22,44,22.3333333333,44.0,13.7,18.648,29.1501085124,4.329,0,0,0,0,0,0,0,0,0,0,0,0
1551401062.31,22,44,22.3333333333,44.0,14.9696969697,20.313,34.8880542562,1.665,0,0,0,0,0,0,0,0,0,0,0,0
1551401062.41,17,48,17.6666666667,48.6666666667,14.4454545455,26.6400025406,44.0840296687,6.32700254059,0,0,0,0,0,0,0,0,0,0,0,0
1551401062.5,13,52,13.6666666667,52.6666666667,14.8636363636,33.966,56.0080148343,7.32599745941,0,0,0,0,0,0,0,0,0,0,0,0
1551401062.59,15,51,15.0,51.3333333333,15.6818181818,35.298,63.3020074172,1.332,0,0,0,0,0,0,0,0,0,0,0,0
1551401062.69,16,50,16.0,50.3333333333,16.2,34.299,65.9500037086,-0.999,0,0,0,0,0,0,0,0,0,0,0,0
1551401062.78,17,49,17.3333333333,49.0,15.3757575758,32.6340025406,65.6090043949,-1.66499745941,0,0,0,0,0,0,0,0,0,0,0,0
1551401062.87,13,52,13.6666666667,52.6666666667,14.1575757576,36.1305,68.9350021974,3.49649745941,0,0,0,0,0,0,0,0,0,0,0,0
1551401062.97,13,53,13.0,53.3333333333,13.3454545455,38.295,72.7625010987,2.1645,0,0,0,0,0,0,0,0,0,0,0,0
1551401063.06,13,52,13.6666666667,52.6666666667,13.9424242424,38.295,74.6762505494,0.0,0,0,0,0,0,0,0,0,0,0,0,0
1551401063.54,0,0,0,0,0
1551401063.56,17,49,17.3333333333,49.0,12.7666666667,33.966,71.3041252747,-4.329,0,0,0,0,0,0,0,0,0,0,0,0
1551401064.08,0,0,0,0,0
1551401064.1,51,15,51.0,15.3333333333,9.99696969697,-7.8255,27.8265626373,-41.7915,0,0,0,0,0,0,0,0,0,0,0,0
1551401064.19,0,0,0,0,0
1551401064.28,0,0,0,0,0
1551401064.37,0,0,0,0,0
1551401064.47,72,-5,72.3333333333,-5.66666666667,0.88787878788,-49.95,-36.0367186813,-42.1245,0,0,0,0,0,0,0,0,0,0,0,0
1551401064.56,55,11,55.3333333333,11.0,5.12727272727,-46.287,-64.3053593407,3.663,0,0,0,0,0,0,0,0,0,0,0,0
1551401064.66,50,16,50.3333333333,16.0,9.98787878787,-38.961,-71.1136796703,7.326,0,0,0,0,0,0,0,0,0,0,0,0
1551401064.75,39,26,39.6666666667,26.6666666667,9.9606060606,-22.977,-58.5338398352,15.984,0,0,0,0,0,0,0,0,0,0,0,0
1551401064.84,33,33,33.3333333333,33.0,10.2878787879,-9.1575,-38.4244199176,13.8195,0,0,0,0,0,0,0,0,0,0,0,0
1551401064.94,29,37,29.3333333333,37.0,10.8303030303,0.8325,-18.3797099588,9.99,0,0,0,0,0,0,0,0,0,0,0,0
1551401065.03,27,39,27.3333333333,39.0,10.9939393939,7.326,-1.8638549794,6.4935,0,0,0,0,0,0,0,0,0,0,0,0
1551401065.13,27,39,27.0,39.3333333333,11.0727272727,10.1565,9.2245725103,2.8305,0,0,0,0,0,0,0,0,0,0,0,0
1551401065.22,26,39,26.6666666667,39.6666666667,10.9878787879,11.655,16.2672862552,1.4985,0,0,0,0,0,0,0,0,0,0,0,0
1551401065.31,26,39,26.6666666667,39.6666666667,10.9606060606,12.321,20.4546431276,0.666,0,0,0,0,0,0,0,0,0,0,0,0
1551401065.41,26,40,26.3333333333,40.0,10.8787878788,13.1535,23.3808215638,0.8325,0,0,0,0,0,0,0,0,0,0,0,0
1551401065.5,26,40,26.3333333333,40.0,10.7878787879,13.4865050812,25.1769158631,0.333005081177,0,0,0,0,0,0,0,0,0,0,0,0
1551401065.59,27,39,27.3333333333,39.0,10.7848484848,12.321,24.9094579315,-1.16550508118,0,0,0,0,0,0,0,0,0,0,0,0
1551401065.69,28,38,28.0,38.3333333333,10.696969697,10.989,23.4437289658,-1.332,0,0,0,0,0,0,0,0,0,0,0,0
1551401065.78,28,37,28.6666666667,37.6666666667,10.6484848485,9.8235,21.5453644829,-1.1655,0,0,0,0,0,0,0,0,0,0,0,0
1551401065.88,30,36,30.0,36.3333333333,10.6666666667,7.8255,18.5981822414,-1.998,0,0,0,0,0,0,0,0,0,0,0,0
1551401065.97,30,36,30.3333333333,36.0,10.7060606061,6.4935,15.7925911207,-1.332,0,0,0,0,0,0,0,0,0,0,0,0
1551401066.07,31,35,31.0,35.3333333333,10.7212121212,5.328,13.2242955604,-1.1655,0,0,0,0,0,0,0,0,0,0,0,0
1551401066.16,30,36,30.3333333333,36.0,10.6939393939,5.4945,12.1066477802,0.1665,0,0,0,0,0,0,0,0,0,0,0,0
1551401066.25,29,37,29.0,37.3333333333,10.7303030303,7.1595,13.2128238901,1.665,0,0,0,0,0,0,0,0,0,0,0,0
1551401066.35,27,38,28.0,38.3333333333,10.7303030303,8.8245,15.430911945,1.665,0,0,0,0,0,0,0,0,0,0,0,0
1551401066.44,28,38,28.0,38.3333333333,10.596969697,9.8235,17.5389559725,0.999,0,0,0,0,0,0,0,0,0,0,0,0
1551401066.91,0,0,0,0,0
1551401066.93,26,40,26.3333333333,40.0,10.7181818182,12.1545,20.9239779863,2.331,0,0,0,0,0,0,0,0,0,0,0,0
1551401067.46,0,0,0,0,0
1551401067.48,18,48,18.0,48.3333333333,11.1303030303,22.977,33.4389889931,10.8225,0,0,0,0,0,0,0,0,0,0,0,0
1551401067.57,22,43,22.6666666667,43.6666666667,11.9666666667,21.8115,38.5309944966,-1.1655,0,0,0,0,0,0,0,0,0,0,0,0
1551401067.66,23,43,23.3333333333,43.0,11.6606060606,20.313,39.5784972483,-1.4985,0,0,0,0,0,0,0,0,0,0,0,0
1551401067.75,24,42,24.0,42.3333333333,11.5242424242,19.1475050812,38.9367537053,-1.16549491882,0,0,0,0,0,0,0,0,0,0,0,0
1551401067.84,24,42,24.3333333333,42.0,11.3151515152,18.1485,37.6168768527,-0.999005081177,0,0,0,0,0,0,0,0,0,0,0,0
1551401067.94,25,41,25.3333333333,41.0,11.1272727273,16.65,35.4584384263,-1.4985,0,0,0,0,0,0,0,0,0,0,0,0
1551401068.03,26,40,26.0,40.3333333333,10.9212121212,15.1515050812,32.8807242943,-1.49849491882,0,0,0,0,0,0,0,0,0,0,0,0
1551401068.13,26,39,26.6666666667,39.6666666667,10.8424242424,13.653,30.0933621472,-1.49850508118,0,0,0,0,0,0,0,0,0,0,0,0
1551401068.22,28,38,28.3333333333,38.0,10.8181818182,11.1555,26.2021810736,-2.4975,0,0,0,0,0,0,0,0,0,0,0,0
1551401068.31,28,37,28.6666666667,37.6666666667,10.7424242424,9.657,22.7580905368,-1.4985,0,0,0,0,0,0,0,0,0,0,0,0
1551401068.41,30,36,30.3333333333,36.0,10.7333333333,7.1595,18.5385452684,-2.4975,0,0,0,0,0,0,0,0,0,0,0,0
1551401068.88,0,0,0,0,0
1551401068.9,31,35,31.0,35.3333333333,10.8787878788,5.4945,14.7637726342,-1.665,0,0,0,0,0,0,0,0,0,0,0,0
1551401069.05,16,49,16.6666666667,49.6666666667,12.8363636364,21.978,29.3598863171,16.4835,0,0,0,0,0,0,0,0,0,0,0,0
1551401069.14,15,50,15.6666666667,50.6666666667,12.7424242424,29.4705,44.1504431585,7.4925,0,0,0,0,0,0,0,0,0,0,0,0
1551401069.23,16,49,16.6666666667,49.6666666667,12.4636363636,31.4685,53.5437215793,1.998,0,0,0,0,0,0,0,0,0,0,0,0
1551401069.32,19,46,19.6666666667,46.6666666667,12.1181818182,28.4715,55.2433607896,-2.997,0,0,0,0,0,0,0,0,0,0,0,0
1551401069.41,22,43,22.6666666667,43.6666666667,12.0303030303,23.976,51.5976803948,-4.4955,0,0,0,0,0,0,0,0,0,0,0,0
1551401069.5,22,43,22.6666666667,43.6666666667,11.2878787879,22.1445,47.9433401974,-1.8315,0,0,0,0,0,0,0,0,0,0,0,0
1551401069.6,23,43,23.0,43.3333333333,10.1727272727,20.8125,44.7841700987,-1.332,0,0,0,0,0,0,0,0,0,0,0,0
1551401069.69,16,50,16.3333333333,50.0,5.41818181817,28.305,50.6970850494,7.4925,0,0,0,0,0,0,0,0,0,0,0,0
1551401069.78,18,47,18.6666666667,47.6666666667,7.7606060606,28.638,53.9865425247,0.333,0,0,0,0,0,0,0,0,0,0,0,0
1551401069.88,19,47,19.3333333333,47.0,9.20606060607,27.639,54.6322712623,-0.999,0,0,0,0,0,0,0,0,0,0,0,0
1551401069.97,22,44,22.3333333333,44.0,10.5515151515,23.8095,51.1256356312,-3.8295,0,0,0,0,0,0,0,0,0,0,0,0
1551401070.06,24,42,24.3333333333,42.0,11.9,19.8135,45.3763178156,-3.996,0,0,0,0,0,0,0,0,0,0,0,0
1551401070.16,24,42,24.3333333333,42.0,9.14242424243,18.3150050812,41.003163989,-1.49849491882,0,0,0,0,0,0,0,0,0,0,0,0
1551401070.25,26,40,26.0,40.3333333333,9.27575757577,15.8175,36.3190819945,-2.49750508118,0,0,0,0,0,0,0,0,0,0,0,0
1551401070.35,26,40,26.0,40.3333333333,7.8696969697,14.985,33.1445409972,-0.8325,0,0,0,0,0,0,0,0,0,0,0,0
1551401070.44,26,40,26.3333333333,40.0,8.6212121212,13.986,30.5582704986,-0.999,0,0,0,0,0,0,0,0,0,0,0,0
1551401070.53,26,39,26.6666666667,39.6666666667,9.90606060607,13.32,28.5991352493,-0.666,0,0,0,0,0,0,0,0,0,0,0,0
1551401070.63,27,38,27.6666666667,38.6666666667,6.91515151517,11.988,26.2875676247,-1.332,0,0,0,0,0,0,0,0,0,0,0,0
1551401070.72,28,38,28.3333333333,38.0,6.44545454547,10.4895,23.6332838123,-1.4985,0,0,0,0,0,0,0,0,0,0,0,0
1551401070.81,29,37,29.0,37.3333333333,5.9090909091,8.991,20.8076419062,-1.4985,0,0,0,0,0,0,0,0,0,0,0,0
1551401070.91,30,36,30.0,36.3333333333,5.91515151517,7.326,17.7298209531,-1.665,0,0,0,0,0,0,0,0,0,0,0,0
1551401071.0,29,37,29.0,37.3333333333,7.54545454547,7.992,16.8569104765,0.666,0,0,0,0,0,0,0,0,0,0,0,0
1551401071.09,28,38,28.3333333333,38.0,8.2787878788,8.8487880249,17.2772432632,0.856788024902,0,0,0,0,0,0,0,0,0,0,0,0
1551401071.19,24,42,24.0,42.3333333333,7.84545454547,14.319,22.9576216316,5.4702119751,0,0,0,0,0,0,0,0,0,0,0,0
1551401071.28,22,43,22.6666666667,43.6666666667,8.38181818183,18.1485,29.6273108158,3.8295,0,0,0,0,0,0,0,0,0,0,0,0
1551401071.37,21,44,21.6666666667,44.6666666667,7.8090909091,20.8125,35.6261554079,2.664,0,0,0,0,0,0,0,0,0,0,0,0
1551401071.47,23,43,23.3333333333,43.0,8.40303030303,19.8135,37.6265777039,-0.999,0,0,0,0,0,0,0,0,0,0,0,0
1551401071.56,25,41,25.3333333333,41.0,8.38787878787,17.316,36.129288852,-2.4975,0,0,0,0,0,0,0,0,0,0,0,0
1551401071.66,25,40,25.6666666667,40.6666666667,8.92424242423,15.651,33.715644426,-1.665,0,0,0,0,0,0,0,0,0,0,0,0
1551401071.75,26,40,26.0,40.3333333333,9.7,14.652,31.509822213,-0.999,0,0,0,0,0,0,0,0,0,0,0,0
1551401071.84,26,40,26.3333333333,40.0,8.51515151517,13.986,29.7409111065,-0.666,0,0,0,0,0,0,0,0,0,0,0,0
1551401071.94,25,41,25.0,41.3333333333,8.8909090909,15.318,30.1884555532,1.332,0,0,0,0,0,0,0,0,0,0,0,0
1551401072.03,24,42,24.0,42.3333333333,9.0606060606,17.1495,32.2437277766,1.8315,0,0,0,0,0,0,0,0,0,0,0,0
1551401072.12,24,42,24.3333333333,42.0,9.3787878788,17.316,33.4378638883,0.1665,0,0,0,0,0,0,0,0,0,0,0,0
1551401072.22,20,46,20.3333333333,46.0,8.68484848483,22.1445,38.8634319442,4.8285,0,0,0,0,0,0,0,0,0,0,0,0
1551401072.31,21,45,21.0,45.3333333333,7.9696969697,23.31,42.7417159721,1.1655,0,0,0,0,0,0,0,0,0,0,0,0
1551401072.4,21,45,21.3333333333,45.0,9.82424242423,23.31,44.680857986,0.0,0,0,0,0,0,0,0,0,0,0,0,0
1551401072.5,22,44,22.0,44.3333333333,7.28484848483,22.4775025406,44.8179315336,-0.832497459412,0,0,0,0,0,0,0,0,0,0,0,0
1551401072.59,23,43,23.0,43.3333333333,6.05454545453,20.979,43.3879657668,-1.49850254059,0,0,0,0,0,0,0,0,0,0,0,0
1551401072.69,23,42,23.6666666667,42.6666666667,8.0090909091,19.4805,41.1744828834,-1.4985,0,0,0,0,0,0,0,0,0,0,0,0
1551401072.83,24,41,24.6666666667,41.6666666667,5.6212121212,17.6490050812,38.2362465229,-1.83149491882,0,0,0,0,0,0,0,0,0,0,0,0
1551401072.87,25,41,25.0,41.3333333333,4.31515151517,16.65,35.7681232614,-0.999005081177,0,0,0,0,0,0,0,0,0,0,0,0
1551401073.01,27,38,27.6666666667,38.6666666667,5.36363636363,13.32,31.2040616307,-3.33,0,0,0,0,0,0,0,0,0,0,0,0
1551401073.1,26,40,26.0,40.3333333333,5.3515151515,13.8195,29.4215308154,0.4995,0,0,0,0,0,0,0,0,0,0,0,0
1551401073.19,24,41,24.6666666667,41.6666666667,5.87272727273,15.651,30.3617654077,1.8315,0,0,0,0,0,0,0,0,0,0,0,0
1551401073.66,0,0,0,0,0
1551401073.68,23,43,23.0,43.3333333333,5.08484848483,18.4815,33.6623827038,2.8305,0,0,0,0,0,0,0,0,0,0,0,0
1551401073.82,26,40,26.0,40.3333333333,4.8909090909,15.8175,32.6486913519,-2.664,0,0,0,0,0,0,0,0,0,0,0,0
1551401073.91,27,39,27.3333333333,39.0,4.37575757577,13.1535,29.477845676,-2.664,0,0,0,0,0,0,0,0,0,0,0,0
1551401074.0,28,37,28.6666666667,37.6666666667,4.5090909091,10.4895,25.228422838,-2.664,0,0,0,0,0,0,0,0,0,0,0,0
1551401074.09,29,37,29.3333333333,37.0,4.42727272727,8.658,21.272211419,-1.8315,0,0,0,0,0,0,0,0,0,0,0,0
1551401074.19,30,36,30.0,36.3333333333,4.17272727273,7.326,17.9621057095,-1.332,0,0,0,0,0,0,0,0,0,0,0,0
1551401074.28,30,36,30.3333333333,36.0,6.54242424243,6.1605,15.1415528547,-1.1655,0,0,0,0,0,0,0,0,0,0,0,0
1551401074.38,33,33,33.0,33.3333333333,4.69696969697,2.664,10.2347764274,-3.4965,0,0,0,0,0,0,0,0,0,0,0,0
1551401074.47,34,32,34.3333333333,32.0,5.1090909091,-0.1665,4.95088821369,-2.8305,0,0,0,0,0,0,0,0,0,0,0,0
1551401074.56,36,29,36.6666666667,29.6666666667,5.4212121212,-4.329,-1.85355589316,-4.1625,0,0,0,0,0,0,0,0,0,0,0,0
1551401074.66,38,27,38.6666666667,27.6666666667,7.1212121212,-8.32498983765,-9.25176778422,-3.99598983765,0,0,0,0,0,0,0,0,0,0,0,0
1551401075.13,0,0,0,0,0
1551401075.15,41,24,41.6666666667,24.6666666667,7.0212121212,-13.4822521362,-18.1081360283,-5.15726229858,0,0,0,0,0,0,0,0,0,0,0,0
1551401075.29,56,10,56.0,10.3333333333,8.5212121212,-32.634,-41.6880680142,-19.1517478638,0,0,0,0,0,0,0,0,0,0,0,0
1551401075.38,52,13,53.0,13.3333333333,10.0242424242,-36.4635,-57.3075340071,-3.8295,0,0,0,0,0,0,0,0,0,0,0,0
1551401075.47,48,17,48.6666666667,17.6666666667,13.2060606061,-32.967,-61.6207670035,3.4965,0,0,0,0,0,0,0,0,0,0,0,0
1551401075.56,44,22,44.0,22.3333333333,13.1242424242,-25.8075,-56.6178835018,7.1595,0,0,0,0,0,0,0,0,0,0,0,0
1551401075.66,40,26,40.3333333333,26.0,13.5515151515,-18.648,-46.9569417509,7.1595,0,0,0,0,0,0,0,0,0,0,0,0
1551401075.75,43,22,43.6666666667,22.6666666667,11.796969697,-19.8135,-43.2919708754,-1.1655,0,0,0,0,0,0,0,0,0,0,0,0
1551401075.84,43,23,43.0,23.3333333333,12.5515151515,-19.4804898376,-41.1264752754,0.333010162354,0,0,0,0,0,0,0,0,0,0,0,0
1551401076.0,44,22,44.0,22.3333333333,12.3787878788,-20.6459898376,-41.2092274753,-1.1655,0,0,0,0,0,0,0,0,0,0,0,0
1551401076.09,43,23,43.3333333333,23.0,12.1606060606,-20.1465,-40.7511137377,0.499489837646,0,0,0,0,0,0,0,0,0,0,0,0
1551401076.19,42,23,42.6666666667,23.6666666667,11.796969697,-19.1475,-39.5230568688,0.999,0,0,0,0,0,0,0,0,0,0,0,0
1551401076.28,41,24,41.6666666667,24.6666666667,11.2424242424,-17.649,-37.4105284344,1.4985,0,0,0,0,0,0,0,0,0,0,0,0
1551401076.37,41,24,41.6666666667,24.6666666667,11.1393939394,-17.1495,-35.8547642172,0.4995,0,0,0,0,0,0,0,0,0,0,0,0
1551401076.47,40,26,40.3333333333,26.0,10.9787878788,-15.318,-33.2453821086,1.8315,0,0,0,0,0,0,0,0,0,0,0,0
1551401076.56,40,26,40.3333333333,26.0,10.803030303,-14.6519949188,-31.2746859731,0.666005081177,0,0,0,0,0,0,0,0,0,0,0,0
1551401077.03,0,0,0,0,0
1551401077.06,39,27,39.3333333333,27.0,10.6606060606,-13.3199949188,-28.9573379054,1.332,0,0,0,0,0,0,0,0,0,0,0,0
1551401077.2,21,44,21.6666666667,44.6666666667,11.403030303,8.4915,-5.98716895269,21.8114949188,0,0,0,0,0,0,0,0,0,0,0,0
1551401077.28,21,44,21.6666666667,44.6666666667,11.6333333333,16.9830050812,13.9894206048,8.49150508118,0,0,0,0,0,0,0,0,0,0,0,0
1551401077.37,23,43,23.3333333333,43.0,11.7393939394,18.4815,25.4762103024,1.49849491882,0,0,0,0,0,0,0,0,0,0,0,0
1551401077.47,25,41,25.3333333333,41.0,11.303030303,16.8165050812,29.5546102324,-1.66499491882,0,0,0,0,0,0,0,0,0,0,0,0
1551401077.56,26,39,26.6666666667,39.6666666667,10.7787878788,14.319,29.0963051162,-2.49750508118,0,0,0,0,0,0,0,0,0,0,0,0
1551401078.03,0,0,0,0,0
1551401078.06,29,37,29.0,37.3333333333,10.6363636364,10.4895,25.0376525581,-3.8295,0,0,0,0,0,0,0,0,0,0,0,0
1551401078.2,29,36,29.6666666667,36.6666666667,11.6272727273,8.1585,20.677326279,-2.331,0,0,0,0,0,0,0,0,0,0,0,0
1551401078.28,25,40,25.6666666667,40.6666666667,11.7090909091,11.988,22.3266631395,3.8295,0,0,0,0,0,0,0,0,0,0,0,0
1551401078.37,25,41,25.0,41.3333333333,12.0272727273,14.4855,25.6488315698,2.4975,0,0,0,0,0,0,0,0,0,0,0,0
1551401078.47,22,43,22.6666666667,43.6666666667,13.1545454545,18.1485,30.9729157849,3.663,0,0,0,0,0,0,0,0,0,0,0,0
1551401078.56,21,44,21.6666666667,44.6666666667,14.0212121212,20.8125,36.2989578924,2.664,0,0,0,0,0,0,0,0,0,0,0,0
1551401078.65,21,45,21.0,45.3333333333,14.1090909091,22.644,40.7934789462,1.8315,0,0,0,0,0,0,0,0,0,0,0,0
1551401078.75,20,46,20.0,46.3333333333,10.1,24.8085,45.2052394731,2.1645,0,0,0,0,0,0,0,0,0,0,0,0
1551401078.84,18,48,18.0,48.3333333333,10.2151515152,27.8055,50.4081197366,2.997,0,0,0,0,0,0,0,0,0,0,0,0
1551401078.94,19,47,19.0,47.3333333333,9.16363636363,27.972,53.1760598683,0.1665,0,0,0,0,0,0,0,0,0,0,0,0
1551401079.03,21,45,21.0,45.3333333333,7.26363636363,25.641,52.2290299341,-2.331,0,0,0,0,0,0,0,0,0,0,0,0
1551401079.12,20,46,20.3333333333,46.0,7.3303030303,25.641,51.7555149671,0.0,0,0,0,0,0,0,0,0,0,0,0,0
1551401079.22,21,44,21.6666666667,44.6666666667,8.27575757577,23.7468490906,49.6246065741,-1.89415090942,0,0,0,0,0,0,0,0,0,0,0,0
1551401079.31,21,45,21.3333333333,45.0,12.5151515152,23.643,48.4553032871,-0.103849090576,0,0,0,0,0,0,0,0,0,0,0,0
1551401079.4,18,47,18.6666666667,47.6666666667,13.3636363636,26.6400050812,50.8676567247,2.99700508118,0,0,0,0,0,0,0,0,0,0,0,0
1551401079.5,18,48,18.3333333333,48.0,9.6303030303,28.305,53.7388283624,1.66499491882,0,0,0,0,0,0,0,0,0,0,0,0
1551401079.59,16,50,16.3333333333,50.0,8.67272727273,31.4685,58.3379141812,3.1635,0,0,0,0,0,0,0,0,0,0,0,0
