connected to 192.168.1.17
time,left,right,piLeft,piRight,piConf,piP,piI,piD,cam0Left,cam0Right,cam0Conf,cam0P,cam0I,cam0D,cam1Left,cam1Right,cam1Conf,cam1P,cam1I,cam1D
1551387885.59,43,22,43.6666666667,22.6666666667,11.4515151515,-20.646,-41.2685648839,0.0,0,0,0,0,0,0,0,0,0,0,0,0
1551387885.59,43,22,43.6666666667,22.6666666667,11.4575757576,-20.646,-41.280282442,0.0,0,0,0,0,0,0,0,0,0,0,0,0
1551387885.66,43,22,43.6666666667,22.6666666667,11.4575757576,-20.646,-41.286141221,0.0,0,0,0,0,0,0,0,0,0,0,0,0
1551387885.75,42,24,42.0,24.3333333333,11.1151515152,-18.8145,-39.4575706105,1.8315,0,0,0,0,0,0,0,0,0,0,0,0
1551387885.85,36,30,36.0,30.3333333333,10.4939393939,-10.989,-30.7177853052,7.8255,0,0,0,0,0,0,0,0,0,0,0,0
1551387885.94,30,35,30.6666666667,35.6666666667,10.4909090909,-1.4985,-16.8573926526,9.4905,0,0,0,0,0,0,0,0,0,0,0,0
1551387886.04,26,39,26.6666666667,39.6666666667,10.996969697,7.326,-1.10269632631,8.8245,0,0,0,0,0,0,0,0,0,0,0,0
1551387886.13,27,39,27.0,39.3333333333,11.4757575758,10.323,9.77165183684,2.997,0,0,0,0,0,0,0,0,0,0,0,0
1551387886.22,31,35,31.0,35.3333333333,11.9696969697,6.66,11.5458259184,-3.663,0,0,0,0,0,0,0,0,0,0,0,0
1551387886.32,34,31,34.6666666667,31.6666666667,12.2515151515,0.8325,6.60541295921,-5.8275,0,0,0,0,0,0,0,0,0,0,0,0
1551387886.41,38,27,38.6666666667,27.6666666667,12.3333333333,-6.1605,-2.85779352039,-6.993,0,0,0,0,0,0,0,0,0,0,0,0
1551387886.5,41,25,41.0,25.3333333333,12.1151515152,-11.9879898376,-13.4168865978,-5.82748983765,0,0,0,0,0,0,0,0,0,0,0,0
1551387886.6,43,23,43.0,23.3333333333,12.5242424242,-16.317,-23.0254432989,-4.32901016235,0,0,0,0,0,0,0,0,0,0,0,0
1551387886.69,44,21,44.6666666667,21.6666666667,12.596969697,-20.1465,-31.6592216495,-3.8295,0,0,0,0,0,0,0,0,0,0,0,0
1551387886.78,43,23,43.3333333333,23.0,12.3242424242,-20.313,-36.1426108247,-0.1665,0,0,0,0,0,0,0,0,0,0,0,0
1551387886.88,43,22,44.0,22.3333333333,11.9393939394,-21.1455,-39.2168054124,-0.8325,0,0,0,0,0,0,0,0,0,0,0,0
L: 0 R: 0 T: 1551387886.95
1551387887.07,44,22,44.0,22.3333333333,11.6151515152,-21.1455,-40.7539027062,0.0,0,0,0,0,0,0,0,0,0,0,0,0
1551387887.16,41,25,41.0,25.3333333333,10.6484848485,-17.8155,-38.1924513531,3.33,0,0,0,0,0,0,0,0,0,0,0,0
1551387887.25,40,25,40.6666666667,25.6666666667,10.4727272727,-15.984,-35.0802256765,1.8315,0,0,0,0,0,0,0,0,0,0,0,0
1551387887.35,39,27,39.3333333333,27.0,9.99696969697,-13.8195,-31.3596128383,2.1645,0,0,0,0,0,0,0,0,0,0,0,0
1551387887.44,36,29,36.6666666667,29.6666666667,10.0515151515,-9.657,-25.3368064191,4.1625,0,0,0,0,0,0,0,0,0,0,0,0
1551387887.53,35,31,35.0,31.3333333333,10.1575757576,-5.994,-18.6624032096,3.663,0,0,0,0,0,0,0,0,0,0,0,0
1551387887.63,34,32,34.0,32.3333333333,10.2454545455,-3.16349491882,-12.4946965236,2.83050508118,0,0,0,0,0,0,0,0,0,0,0,0
1551387887.72,32,33,32.6666666667,33.6666666667,10.5272727273,-0.832494918823,-7.07984318063,2.331,0,0,0,0,0,0,0,0,0,0,0,0
1551387887.82,32,34,32.0,34.3333333333,10.6727272727,0.999,-2.54092159031,1.83149491882,0,0,0,0,0,0,0,0,0,0,0,0
1551387887.91,31,35,31.0,35.3333333333,10.7363636364,3.1635,1.89303920484,2.1645,0,0,0,0,0,0,0,0,0,0,0,0
1551387888.0,29,36,29.6666666667,36.6666666667,10.7,5.4945,6.44101960242,2.331,0,0,0,0,0,0,0,0,0,0,0,0
1551387888.1,29,37,29.0,37.3333333333,10.8,7.1595,10.3800098012,1.665,0,0,0,0,0,0,0,0,0,0,0,0
1551387888.19,28,37,28.6666666667,37.6666666667,10.8181818182,8.1585,13.3485049006,0.999,0,0,0,0,0,0,0,0,0,0,0,0
1551387888.28,28,37,28.6666666667,37.6666666667,10.7424242424,8.4915,15.1657524503,0.333,0,0,0,0,0,0,0,0,0,0,0,0
1551387888.38,28,37,29.0,37.3333333333,10.6939393939,8.1585,15.7413762252,-0.333,0,0,0,0,0,0,0,0,0,0,0,0
1551387888.47,28,37,28.6666666667,37.6666666667,11.2575757576,8.4915,16.3621881126,0.333,0,0,0,0,0,0,0,0,0,0,0,0
1551387888.57,27,39,27.3333333333,39.0,11.8303030303,10.323,18.5040940563,1.8315,0,0,0,0,0,0,0,0,0,0,0,0
1551387888.66,26,39,26.6666666667,39.6666666667,12.2666666667,11.655,20.9070470281,1.332,0,0,0,0,0,0,0,0,0,0,0,0
1551387888.75,24,41,24.6666666667,41.6666666667,12.1121212121,14.8185,25.2720235141,3.1635,0,0,0,0,0,0,0,0,0,0,0,0
1551387888.9,23,43,23.0,43.3333333333,11.9575757576,18.1485,30.784511757,3.33,0,0,0,0,0,0,0,0,0,0,0,0
1551387888.94,22,44,22.3333333333,44.0,11.7,20.313,35.7052558785,2.1645,0,0,0,0,0,0,0,0,0,0,0,0
1551387889.08,21,45,21.3333333333,45.0,11.5484848485,21.9780025406,39.8306304798,1.66500254059,0,0,0,0,0,0,0,0,0,0,0,0
1551387889.17,19,46,19.6666666667,46.6666666667,12.5575757576,24.8085,44.7238152399,2.83049745941,0,0,0,0,0,0,0,0,0,0,0,0
1551387889.26,20,46,20.0,46.3333333333,13.2454545455,25.641,48.00290762,0.8325,0,0,0,0,0,0,0,0,0,0,0,0
1551387889.35,21,45,21.0,45.3333333333,13.7424242424,24.642,48.64345381,-0.999,0,0,0,0,0,0,0,0,0,0,0,0
1551387889.44,19,47,19.3333333333,47.0,13.1696969697,26.1405,50.462226905,1.4985,0,0,0,0,0,0,0,0,0,0,0,0
1551387889.53,19,47,19.0,47.3333333333,12.6606060606,27.1395,52.3706134525,0.999,0,0,0,0,0,0,0,0,0,0,0,0
1551387889.63,20,46,20.0,46.3333333333,12.1272727273,26.307,52.4923067262,-0.8325,0,0,0,0,0,0,0,0,0,0,0,0
1551387889.72,21,44,21.3333333333,45.0,11.7636363636,24.4755,50.7216533631,-1.8315,0,0,0,0,0,0,0,0,0,0,0,0
1551387889.82,21,45,21.0,45.3333333333,9.80303030303,24.1425025406,49.5033292222,-0.332997459412,0,0,0,0,0,0,0,0,0,0,0,0
1551387889.91,19,46,19.6666666667,46.6666666667,10.2090909091,25.641,50.3926646111,1.49849745941,0,0,0,0,0,0,0,0,0,0,0,0
1551387890.0,20,46,20.3333333333,46.0,9.34545454547,25.6317243118,50.8280566174,-0.00927568817139,0,0,0,0,0,0,0,0,0,0,0,0
L: 0 R: 0 T: 1551387890.08
1551387890.2,21,44,21.6666666667,44.6666666667,14.0121212121,23.8095,49.2235283087,-1.82222431183,0,0,0,0,0,0,0,0,0,0,0,0
1551387890.29,18,48,18.0,48.3333333333,12.9787878788,27.4725,52.0842641543,3.663,0,0,0,0,0,0,0,0,0,0,0,0
1551387890.38,17,49,17.0,49.3333333333,13.0242424242,30.1365,56.1786320772,2.664,0,0,0,0,0,0,0,0,0,0,0,0
1551387890.47,16,49,16.6666666667,49.6666666667,13.4424242424,31.4685,59.5578160386,1.332,0,0,0,0,0,0,0,0,0,0,0,0
1551387890.57,17,48,17.6666666667,48.6666666667,13.8181818182,30.8025,60.5814080193,-0.666,0,0,0,0,0,0,0,0,0,0,0,0
1551387890.66,18,47,18.6666666667,47.6666666667,13.5848484848,29.304,59.5947040096,-1.4985,0,0,0,0,0,0,0,0,0,0,0,0
1551387890.75,14,52,14.3333333333,52.0,14.0909090909,33.966,63.7633520048,4.662,0,0,0,0,0,0,0,0,0,0,0,0
1551387890.85,16,50,16.0,50.3333333333,15.8,33.966,65.8476760024,0.0,0,0,0,0,0,0,0,0,0,0,0,0
1551387890.94,17,49,17.0,49.3333333333,16.903030303,32.8005,65.7243380012,-1.1655,0,0,0,0,0,0,0,0,0,0,0,0
1551387891.03,18,48,18.0,48.3333333333,16.9333333333,31.1355,63.9976690006,-1.665,0,0,0,0,0,0,0,0,0,0,0,0
1551387891.13,14,52,14.3333333333,52.0,12.9090909091,34.965,66.9638345003,3.8295,0,0,0,0,0,0,0,0,0,0,0,0
1551387891.22,11,55,11.3333333333,55.0,8.93333333333,39.7935,73.2754172502,4.8285,0,0,0,0,0,0,0,0,0,0,0,0
1551387891.32,11,55,11.0,55.3333333333,7.72727272727,42.291,78.9287086251,2.4975,0,0,0,0,0,0,0,0,0,0,0,0
1551387891.41,11,54,11.6666666667,54.6666666667,9.3393939394,42.291,81.7553543125,0.0,0,0,0,0,0,0,0,0,0,0,0,0
1551387891.5,13,53,13.3333333333,53.0,12.8121212121,40.4595,81.3371771563,-1.8315,0,0,0,0,0,0,0,0,0,0,0,0
1551387891.6,17,49,17.0,49.3333333333,12.3787878788,35.298,75.9665885781,-5.1615,0,0,0,0,0,0,0,0,0,0,0,0
1551387891.69,20,45,20.6666666667,45.6666666667,11.7818181818,28.8045,66.7877942891,-6.4935,0,0,0,0,0,0,0,0,0,0,0,0
1551387891.78,22,44,22.3333333333,44.0,11.5303030303,24.1425,57.5363971445,-4.662,0,0,0,0,0,0,0,0,0,0,0,0
1551387891.88,23,43,23.3333333333,43.0,11.2424242424,21.312,50.0801985723,-2.8305,0,0,0,0,0,0,0,0,0,0,0,0
1551387891.97,24,42,24.0,42.3333333333,11.096969697,19.314,44.3540992861,-1.998,0,0,0,0,0,0,0,0,0,0,0,0
1551387892.07,25,41,25.0,41.3333333333,10.9303030303,17.316,39.4930496431,-1.998,0,0,0,0,0,0,0,0,0,0,0,0
1551387892.16,26,40,26.0,40.3333333333,10.8181818182,15.4845,35.2310248215,-1.8315,0,0,0,0,0,0,0,0,0,0,0,0
1551387892.25,27,39,27.3333333333,39.0,10.5727272727,12.9870050812,30.6025174919,-2.49749491882,0,0,0,0,0,0,0,0,0,0,0,0
1551387892.35,28,37,28.6666666667,37.6666666667,10.5303030303,10.656,25.957258746,-2.33100508118,0,0,0,0,0,0,0,0,0,0,0,0
1551387892.44,29,37,29.3333333333,37.0,10.5818181818,8.658,21.636629373,-1.998,0,0,0,0,0,0,0,0,0,0,0,0
1551387892.53,30,36,30.0,36.3333333333,10.5878787879,6.993,17.8113146865,-1.665,0,0,0,0,0,0,0,0,0,0,0,0
1551387892.63,31,35,31.0,35.3333333333,10.5484848485,5.328,14.2336573432,-1.665,0,0,0,0,0,0,0,0,0,0,0,0
1551387892.72,31,35,31.3333333333,35.0,10.5909090909,4.1625,11.2793286716,-1.1655,0,0,0,0,0,0,0,0,0,0,0,0
1551387892.81,32,34,32.0,34.3333333333,10.6181818182,2.997,8.63666433581,-1.1655,0,0,0,0,0,0,0,0,0,0,0,0
1551387892.91,32,34,32.3333333333,34.0,10.6242424242,1.998,6.31633216791,-0.999,0,0,0,0,0,0,0,0,0,0,0,0
1551387893.0,33,33,33.0,33.3333333333,10.5878787879,0.999,4.15716608395,-0.999,0,0,0,0,0,0,0,0,0,0,0,0
1551387893.09,33,33,33.3333333333,33.0,10.5242424242,5.08117675781e-06,2.07858812315,-0.998994918823,0,0,0,0,0,0,0,0,0,0,0,0
L: 0 R: 0 T: 1551387893.22
1551387893.34,33,33,33.3333333333,33.0,10.5060606061,-0.332994918823,0.706299142753,-0.333,0,0,0,0,0,0,0,0,0,0,0,0
1551387893.43,33,32,33.6666666667,32.6666666667,10.4636363636,-0.665994918823,-0.312845347447,-0.333,0,0,0,0,0,0,0,0,0,0,0,0
1551387893.51,33,32,33.6666666667,32.6666666667,10.4151515152,-0.665994918823,-0.822417592547,0.0,0,0,0,0,0,0,0,0,0,0,0,0
1551387893.6,33,33,33.3333333333,33.0,10.4363636364,-0.499494918823,-0.910703715097,0.1665,0,0,0,0,0,0,0,0,0,0,0,0
1551387893.69,33,33,33.0,33.3333333333,10.4363636364,-0.166494918823,-0.621846776371,0.333,0,0,0,0,0,0,0,0,0,0,0,0
1551387893.79,33,33,33.0,33.3333333333,10.4939393939,5.08117675781e-06,-0.310918307009,0.1665,0,0,0,0,0,0,0,0,0,0,0,0
1551387893.88,33,33,33.3333333333,33.0,10.5696969697,-0.333,-0.488459153504,-0.333005081177,0,0,0,0,0,0,0,0,0,0,0,0
1551387893.97,33,32,33.6666666667,32.6666666667,10.5121212121,-0.665994918823,-0.910224495575,-0.332994918823,0,0,0,0,0,0,0,0,0,0,0,0
1551387894.07,33,32,33.6666666667,32.6666666667,10.5878787879,-0.666,-1.12111224779,-5.08117675779e-06,0,0,0,0,0,0,0,0,0,0,0,0
1551387894.16,33,32,33.6666666667,32.6666666667,10.603030303,-0.8325,-1.39305612389,-0.1665,0,0,0,0,0,0,0,0,0,0,0,0
1551387894.26,33,32,33.6666666667,32.6666666667,10.5878787879,-0.999,-1.69552806195,-0.1665,0,0,0,0,0,0,0,0,0,0,0,0
1551387894.35,33,32,33.6666666667,32.6666666667,10.5818181818,-0.999,-1.84676403097,0.0,0,0,0,0,0,0,0,0,0,0,0,0
1551387894.44,33,32,33.6666666667,32.6666666667,10.5636363636,-0.999,-1.92238201549,0.0,0,0,0,0,0,0,0,0,0,0,0,0
1551387894.54,33,32,33.6666666667,32.6666666667,10.5272727273,-0.999,-1.96019100774,0.0,0,0,0,0,0,0,0,0,0,0,0,0
1551387894.63,33,32,33.6666666667,32.6666666667,10.4333333333,-0.998994918823,-1.97909042269,5.0811767579e-06,0,0,0,0,0,0,0,0,0,0,0,0
1551387894.73,33,32,33.6666666667,32.6666666667,10.4303030303,-0.832494918823,-1.82204013017,0.1665,0,0,0,0,0,0,0,0,0,0,0,0
1551387894.82,33,33,33.3333333333,33.0,10.3939393939,-0.499494918823,-1.41051498391,0.333,0,0,0,0,0,0,0,0,0,0,0,0
1551387894.91,33,33,33.3333333333,33.0,10.3909090909,-0.332994918823,-1.03825241078,0.1665,0,0,0,0,0,0,0,0,0,0,0,0
1551387895.0,33,33,33.3333333333,33.0,10.3181818182,-0.166494918823,-0.685621124212,0.1665,0,0,0,0,0,0,0,0,0,0,0,0
1551387895.1,33,33,33.3333333333,33.0,10.3909090909,-0.332994918823,-0.675805480929,-0.1665,0,0,0,0,0,0,0,0,0,0,0,0
1551387895.19,33,33,33.3333333333,33.0,10.3575757576,-0.166494918823,-0.504397659288,0.1665,0,0,0,0,0,0,0,0,0,0,0,0
1551387895.29,33,33,33.3333333333,33.0,10.3878787879,-0.166494918823,-0.418693748467,0.0,0,0,0,0,0,0,0,0,0,0,0,0
1551387895.38,33,33,33.3333333333,33.0,10.4303030303,-0.166494918823,-0.375841793057,0.0,0,0,0,0,0,0,0,0,0,0,0,0
1551387895.47,33,32,33.6666666667,32.6666666667,10.5,-0.499494918823,-0.687415815352,-0.333,0,0,0,0,0,0,0,0,0,0,0,0
1551387895.57,33,32,33.6666666667,32.6666666667,10.5333333333,-0.666,-1.00970790768,-0.166505081177,0,0,0,0,0,0,0,0,0,0,0,0
1551387895.66,33,32,33.6666666667,32.6666666667,10.5242424242,-0.998994918823,-1.50384887266,-0.332994918823,0,0,0,0,0,0,0,0,0,0,0,0
1551387895.75,33,32,33.6666666667,32.6666666667,10.6151515152,-1.1655,-1.91742443633,-0.166505081177,0,0,0,0,0,0,0,0,0,0,0,0
1551387895.85,34,32,34.0,32.3333333333,10.6242424242,-1.332,-2.29071221817,-0.1665,0,0,0,0,0,0,0,0,0,0,0,0
1551387895.94,34,32,34.0,32.3333333333,10.7242424242,-1.332,-2.47735610908,0.0,0,0,0,0,0,0,0,0,0,0,0,0
1551387896.09,33,32,33.6666666667,32.6666666667,10.6939393939,-1.1655,-2.40417805454,0.1665,0,0,0,0,0,0,0,0,0,0,0,0
1551387896.18,33,32,33.6666666667,32.6666666667,10.6909090909,-0.999,-2.20108902727,0.1665,0,0,0,0,0,0,0,0,0,0,0,0
1551387896.26,33,32,33.6666666667,32.6666666667,10.7575757576,-0.8325,-1.93304451364,0.1665,0,0,0,0,0,0,0,0,0,0,0,0
L: 0 R: 0 T: 1551387896.33
1551387896.45,33,33,33.3333333333,33.0,10.7363636364,-0.666,-1.63252225682,0.1665,0,0,0,0,0,0,0,0,0,0,0,0
1551387896.54,33,33,33.0,33.3333333333,11.0181818182,-0.1665,-0.982761128409,0.4995,0,0,0,0,0,0,0,0,0,0,0,0
1551387896.63,32,34,32.0,34.3333333333,11.003030303,1.4985,1.0071194358,1.665,0,0,0,0,0,0,0,0,0,0,0,0
1551387896.72,30,36,30.0,36.3333333333,10.9848484848,4.4955,4.9990597179,2.997,0,0,0,0,0,0,0,0,0,0,0,0
1551387896.81,27,38,27.6666666667,38.6666666667,11.0242424242,8.1585,10.6580298589,3.663,0,0,0,0,0,0,0,0,0,0,0,0
1551387896.91,27,39,27.0,39.3333333333,11.0454545455,10.656,15.9850149295,2.4975,0,0,0,0,0,0,0,0,0,0,0,0
1551387897.0,24,42,24.0,42.3333333333,11.7424242424,15.318,23.3105074647,4.662,0,0,0,0,0,0,0,0,0,0,0,0
1551387897.1,22,44,22.3333333333,44.0,13.1212121212,19.1475,30.8027537324,3.8295,0,0,0,0,0,0,0,0,0,0,0,0
1551387897.19,22,44,22.0,44.3333333333,14.6242424242,20.979,36.3803768662,1.8315,0,0,0,0,0,0,0,0,0,0,0,0
1551387897.28,18,48,18.3333333333,48.0,14.4212121212,26.1405025406,44.3306909737,5.16150254059,0,0,0,0,0,0,0,0,0,0,0,0
1551387897.38,13,52,13.6666666667,52.6666666667,14.503030303,33.4665,55.6318454868,7.32599745941,0,0,0,0,0,0,0,0,0,0,0,0
1551387897.47,15,51,15.0,51.3333333333,15.1181818182,35.1315,62.9474227434,1.665,0,0,0,0,0,0,0,0,0,0,0,0
1551387897.57,16,50,16.0,50.3333333333,15.7424242424,34.4655,65.9392113717,-0.666,0,0,0,0,0,0,0,0,0,0,0,0
1551387897.66,17,49,17.0,49.3333333333,16.603030303,32.8005025406,65.7701082264,-1.66499745941,0,0,0,0,0,0,0,0,0,0,0,0
1551387897.75,15,51,15.3333333333,51.0,14.8727272727,34.1325,67.0175541132,1.33199745941,0,0,0,0,0,0,0,0,0,0,0,0
1551387897.85,13,53,13.3333333333,53.0,13.8363636364,37.1295,70.6382770566,2.997,0,0,0,0,0,0,0,0,0,0,0,0
1551387897.94,13,53,13.0,53.3333333333,13.4121212121,38.628,73.9471385283,1.4985,0,0,0,0,0,0,0,0,0,0,0,0
1551387898.03,14,52,14.0,52.3333333333,13.7484848485,38.295,75.2685692642,-0.333,0,0,0,0,0,0,0,0,0,0,0,0
1551387898.13,18,48,18.0,48.3333333333,12.2121212121,33.3,70.9342846321,-4.995,0,0,0,0,0,0,0,0,0,0,0,0
1551387898.22,21,45,21.0,45.3333333333,11.6757575758,27.4725,62.939642316,-5.8275,0,0,0,0,0,0,0,0,0,0,0,0
1551387898.31,23,43,23.0,43.3333333333,11.3090909091,22.8105,54.280321158,-4.662,0,0,0,0,0,0,0,0,0,0,0,0
1551387898.41,24,42,24.3333333333,42.0,11.0484848485,19.647,46.787160579,-3.1635,0,0,0,0,0,0,0,0,0,0,0,0
1551387898.5,24,41,24.6666666667,41.6666666667,10.8878787879,17.982,41.3755802895,-1.665,0,0,0,0,0,0,0,0,0,0,0,0
1551387898.6,25,41,25.3333333333,41.0,10.7181818182,16.4835,37.1712901448,-1.4985,0,0,0,0,0,0,0,0,0,0,0,0
1551387898.69,26,40,26.0,40.3333333333,10.4,15.1515,33.7371450724,-1.332,0,0,0,0,0,0,0,0,0,0,0,0
1551387898.78,26,39,26.6666666667,39.6666666667,10.2242424242,13.8195050812,30.6880776174,-1.33199491882,0,0,0,0,0,0,0,0,0,0,0,0
1551387898.88,27,39,27.0,39.3333333333,10.2454545455,12.9870050812,28.3310438899,-0.8325,0,0,0,0,0,0,0,0,0,0,0,0
1551387898.97,28,37,28.6666666667,37.6666666667,10.4363636364,10.4895,24.6550219449,-2.49750508118,0,0,0,0,0,0,0,0,0,0,0,0
1551387899.06,28,37,28.6666666667,37.6666666667,10.3939393939,9.4905,21.8180109725,-0.999,0,0,0,0,0,0,0,0,0,0,0,0
1551387899.16,29,37,29.0,37.3333333333,10.3272727273,8.8245,19.7335054862,-0.666,0,0,0,0,0,0,0,0,0,0,0,0
1551387899.25,29,36,29.6666666667,36.6666666667,10.3090909091,7.8255,17.6922527431,-0.999,0,0,0,0,0,0,0,0,0,0,0,0
1551387899.35,30,36,30.0,36.3333333333,10.2636363636,6.8265,15.6726263716,-0.999,0,0,0,0,0,0,0,0,0,0,0,0
1551387899.44,30,35,31.0,35.3333333333,10.3272727273,5.1615,12.9978131858,-1.665,0,0,0,0,0,0,0,0,0,0,0,0
L: 0 R: 0 T: 1551387899.52
1551387899.64,31,34,31.6666666667,34.6666666667,10.3575757576,3.8295,10.3284065929,-1.332,0,0,0,0,0,0,0,0,0,0,0,0
1551387899.73,33,33,33.3333333333,33.0,10.3696969697,1.16550508118,6.32970837762,-2.66399491882,0,0,0,0,0,0,0,0,0,0,0,0
1551387899.82,33,33,33.0,33.3333333333,10.3878787879,0.499505081177,3.66435926999,-0.666,0,0,0,0,0,0,0,0,0,0,0,0
1551387899.91,33,33,33.0,33.3333333333,10.4090909091,0.333005081177,2.16518471617,-0.1665,0,0,0,0,0,0,0,0,0,0,0,0
1551387900.0,33,33,33.0,33.3333333333,10.4090909091,0.333005081177,1.41559743926,0.0,0,0,0,0,0,0,0,0,0,0,0,0
1551387900.1,33,33,33.0,33.3333333333,10.3181818182,0.166505081177,0.874303800808,-0.1665,0,0,0,0,0,0,0,0,0,0,0,0
1551387900.19,33,33,33.0,33.3333333333,10.3575757576,0.166505081177,0.603656981581,0.0,0,0,0,0,0,0,0,0,0,0,0,0
1551387900.28,32,33,32.6666666667,33.6666666667,10.3575757576,0.499505081177,0.801333571967,0.333,0,0,0,0,0,0,0,0,0,0,0,0
1551387900.38,33,33,33.0,33.3333333333,10.3393939394,0.499505081177,0.90017186716,0.0,0,0,0,0,0,0,0,0,0,0,0,0
1551387900.47,33,33,33.0,33.3333333333,10.2939393939,0.499505081177,0.949591014757,0.0,0,0,0,0,0,0,0,0,0,0,0,0
1551387900.56,33,33,33.0,33.3333333333,10.2878787879,0.499505081177,0.974300588555,0.0,0,0,0,0,0,0,0,0,0,0,0,0
1551387900.66,32,33,32.6666666667,33.6666666667,10.3666666667,0.666005081177,1.15315537545,0.1665,0,0,0,0,0,0,0,0,0,0,0,0
1551387900.75,32,33,32.6666666667,33.6666666667,10.3909090909,0.666005081177,1.2425827689,0.0,0,0,0,0,0,0,0,0,0,0,0,0
1551387900.85,33,33,33.0,33.3333333333,10.4212121212,0.333005081177,0.954296465629,-0.333,0,0,0,0,0,0,0,0,0,0,0,0
1551387900.94,33,33,33.3333333333,33.0,10.4333333333,5.08117675781e-06,0.477153313991,-0.333,0,0,0,0,0,0,0,0,0,0,0,0
1551387901.03,33,33,33.3333333333,33.0,10.4515151515,-0.332994918823,-0.0944182618277,-0.333,0,0,0,0,0,0,0,0,0,0,0,0
1551387901.13,33,32,33.6666666667,32.6666666667,10.4484848485,-0.832494918823,-0.879704049737,-0.4995,0,0,0,0,0,0,0,0,0,0,0,0
1551387901.22,34,32,34.0,32.3333333333,10.5,-1.33199491882,-1.77184694369,-0.4995,0,0,0,0,0,0,0,0,0,0,0,0
1551387901.31,34,32,34.0,32.3333333333,10.4939393939,-1.33199491882,-2.21791839067,0.0,0,0,0,0,0,0,0,0,0,0,0,0
1551387901.41,33,32,33.6666666667,32.6666666667,10.4696969697,-0.998994918823,-2.10795411416,0.333,0,0,0,0,0,0,0,0,0,0,0,0
1551387901.5,33,32,33.6666666667,32.6666666667,10.4636363636,-0.998994918823,-2.0529719759,0.0,0,0,0,0,0,0,0,0,0,0,0,0
1551387901.6,33,32,33.6666666667,32.6666666667,10.4575757576,-0.998994918823,-2.02548090677,0.0,0,0,0,0,0,0,0,0,0,0,0,0
1551387901.69,33,32,33.6666666667,32.6666666667,10.4393939394,-0.998994918823,-2.01173537221,0.0,0,0,0,0,0,0,0,0,0,0,0,0
1551387901.78,33,33,33.3333333333,33.0,10.4454545455,-0.665994918823,-1.67186260493,0.333,0,0,0,0,0,0,0,0,0,0,0,0
1551387901.88,33,33,33.3333333333,33.0,10.4636363636,-0.332994918823,-1.16892622129,0.333,0,0,0,0,0,0,0,0,0,0,0,0
1551387901.97,33,33,33.3333333333,33.0,10.5333333333,-0.333,-0.917463110644,-5.08117675779e-06,0,0,0,0,0,0,0,0,0,0,0,0
1551387902.06,33,33,33.0,33.3333333333,10.5060606061,5.08117675781e-06,-0.458726474145,0.333005081177,0,0,0,0,0,0,0,0,0,0,0,0
1551387902.16,33,33,33.3333333333,33.0,10.5575757576,0.0,-0.229363237073,-5.08117675781e-06,0,0,0,0,0,0,0,0,0,0,0,0
1551387902.25,33,33,33.3333333333,33.0,10.5181818182,5.08117675781e-06,-0.11467653736,5.08117675781e-06,0,0,0,0,0,0,0,0,0,0,0,0
1551387902.35,33,33,33.3333333333,33.0,11.0121212121,-0.333,-0.39033826868,-0.333005081177,0,0,0,0,0,0,0,0,0,0,0,0
1551387902.44,32,34,32.0,34.3333333333,11.2212121212,1.1655,0.97033086566,1.4985,0,0,0,0,0,0,0,0,0,0,0,0
1551387902.53,31,35,31.0,35.3333333333,11.3212121212,3.1635,3.64866543283,1.998,0,0,0,0,0,0,0,0,0,0,0,0
1551387902.63,27,38,27.6666666667,38.6666666667,11.4393939394,7.659,9.48333271642,4.4955,0,0,0,0,0,0,0,0,0,0,0,0
L: 0 R: 0 T: 1551387902.7
1551387902.82,26,40,26.0,40.3333333333,11.4545454545,11.655,16.3966663582,3.996,0,0,0,0,0,0,0,0,0,0,0,0
1551387902.91,23,43,23.0,43.3333333333,11.3181818182,16.65,24.8483331791,4.995,0,0,0,0,0,0,0,0,0,0,0,0
1551387903.0,23,43,23.3333333333,43.0,11.303030303,18.1485,30.5726665896,1.4985,0,0,0,0,0,0,0,0,0,0,0,0
1551387903.1,24,42,24.0,42.3333333333,11.1727272727,18.1485,33.4348332948,0.0,0,0,0,0,0,0,0,0,0,0,0,0
1551387903.19,25,41,25.0,41.3333333333,11.0636363636,16.8165,33.5339166474,-1.332,0,0,0,0,0,0,0,0,0,0,0,0
1551387903.28,26,40,26.0,40.3333333333,10.9,15.318,32.0849583237,-1.4985,0,0,0,0,0,0,0,0,0,0,0,0
1551387903.38,27,39,27.0,39.3333333333,10.7818181818,13.32,29.3624791618,-1.998,0,0,0,0,0,0,0,0,0,0,0,0
1551387903.47,27,39,27.0,39.3333333333,11.8545454545,12.4875,27.1687395809,-0.8325,0,0,0,0,0,0,0,0,0,0,0,0
1551387903.62,26,40,26.0,40.3333333333,12.4151515152,13.4865,27.0708697905,0.999,0,0,0,0,0,0,0,0,0,0,0,0
1551387903.65,25,40,25.6666666667,40.6666666667,13.0696969697,14.1525,27.6879348952,0.666,0,0,0,0,0,0,0,0,0,0,0,0
1551387903.8,22,44,22.0,44.3333333333,13.0393939394,18.981,32.8249674476,4.8285,0,0,0,0,0,0,0,0,0,0,0,0
1551387903.89,19,47,19.0,47.3333333333,12.8151515152,24.309,40.7214837238,5.328,0,0,0,0,0,0,0,0,0,0,0,0
1551387903.97,18,48,18.3333333333,48.0,12.6606060606,27.1395,47.5002418619,2.8305,0,0,0,0,0,0,0,0,0,0,0,0
1551387904.07,19,46,19.6666666667,46.6666666667,12.3545454545,26.8065,50.556620931,-0.333,0,0,0,0,0,0,0,0,0,0,0,0
1551387904.16,21,44,21.6666666667,44.6666666667,12.0575757576,24.309,49.5873104655,-2.4975,0,0,0,0,0,0,0,0,0,0,0,0
1551387904.25,23,43,23.3333333333,43.0,11.7696969697,21.1455050812,45.9391603139,-3.16349491882,0,0,0,0,0,0,0,0,0,0,0,0
1551387904.35,24,42,24.3333333333,42.0,11.8393939394,18.9810050812,41.9505852381,-2.1645,0,0,0,0,0,0,0,0,0,0,0,0
1551387904.44,23,43,23.0,43.3333333333,13.0878787879,19.647,40.6222926191,0.665994918823,0,0,0,0,0,0,0,0,0,0,0,0
1551387904.54,23,43,23.3333333333,43.0,11.4939393939,19.4805,39.7916463095,-0.1665,0,0,0,0,0,0,0,0,0,0,0,0
1551387904.63,23,43,23.0,43.3333333333,10.7696969697,19.98,39.8758231548,0.4995,0,0,0,0,0,0,0,0,0,0,0,0
1551387904.72,14,52,14.0,52.3333333333,8.98787878787,30.6360050812,50.5739166586,10.6560050812,0,0,0,0,0,0,0,0,0,0,0,0
1551387904.82,17,49,17.0,49.3333333333,10.3787878788,31.4685,56.7554583293,0.832494918823,0,0,0,0,0,0,0,0,0,0,0,0
1551387904.91,19,47,19.3333333333,47.0,12.3787878788,29.1375,57.5152291646,-2.331,0,0,0,0,0,0,0,0,0,0,0,0
1551387905.0,21,44,22.0,44.3333333333,12.1090909091,24.642,53.3996145823,-4.4955,0,0,0,0,0,0,0,0,0,0,0,0
1551387905.1,24,42,24.0,42.3333333333,11.7272727273,20.4795,47.1793072912,-4.1625,0,0,0,0,0,0,0,0,0,0,0,0
1551387905.19,24,41,24.6666666667,41.6666666667,10.0696969697,18.315,41.9046536456,-2.1645,0,0,0,0,0,0,0,0,0,0,0,0
1551387905.28,25,40,25.6666666667,40.6666666667,9.05757575757,15.984,36.9363268228,-2.331,0,0,0,0,0,0,0,0,0,0,0,0
1551387905.38,26,40,26.0,40.3333333333,9.5303030303,14.8185,33.2866634114,-1.1655,0,0,0,0,0,0,0,0,0,0,0,0
1551387905.47,25,40,25.6666666667,40.6666666667,10.1242424242,14.652,31.2953317057,-0.1665,0,0,0,0,0,0,0,0,0,0,0,0
1551387905.61,26,39,26.6666666667,39.6666666667,8.71515151517,13.4865,29.1341658528,-1.1655,0,0,0,0,0,0,0,0,0,0,0,0
1551387905.7,27,38,27.6666666667,38.6666666667,9.1303030303,11.988,26.5550829264,-1.4985,0,0,0,0,0,0,0,0,0,0,0,0
1551387905.79,27,38,28.0,38.3333333333,9.36666666667,10.8225,24.1000414632,-1.1655,0,0,0,0,0,0,0,0,0,0,0,0
L: 0 R: 0 T: 1551387905.86
1551387905.98,29,37,29.3333333333,37.0,7.63636363637,8.991,21.0410207316,-1.8315,0,0,0,0,0,0,0,0,0,0,0,0
1551387906.07,29,37,29.0,37.3333333333,7.9909090909,8.44882319641,18.9693335622,-0.542176803589,0,0,0,0,0,0,0,0,0,0,0,0
1551387906.21,27,39,27.3333333333,39.0,9.4909090909,10.1565,19.6411667811,1.70767680359,0,0,0,0,0,0,0,0,0,0,0,0
1551387906.25,23,43,23.3333333333,43.0,10.2363636364,15.8175,25.6380833906,5.661,0,0,0,0,0,0,0,0,0,0,0,0
1551387906.39,22,44,22.3333333333,44.0,9.75757575757,19.314,32.1330416953,3.4965,0,0,0,0,0,0,0,0,0,0,0,0
1551387906.48,23,43,23.0,43.3333333333,9.90303030303,19.98,36.0465208476,0.666,0,0,0,0,0,0,0,0,0,0,0,0
1551387906.57,24,42,24.0,42.3333333333,9.0484848485,18.981,37.0042604238,-0.999,0,0,0,0,0,0,0,0,0,0,0,0
1551387906.66,24,42,24.3333333333,42.0,11.5121212121,18.1485,36.6506302119,-0.8325,0,0,0,0,0,0,0,0,0,0,0,0
1551387906.75,25,41,25.0,41.3333333333,11.4181818182,16.983,35.308315106,-1.1655,0,0,0,0,0,0,0,0,0,0,0,0
1551387906.85,25,40,25.6666666667,40.6666666667,9.9515151515,15.8175050812,33.4716626342,-1.16549491882,0,0,0,0,0,0,0,0,0,0,0,0
1551387906.94,25,41,25.0,41.3333333333,9.69393939393,15.984,32.7198313171,0.166494918823,0,0,0,0,0,0,0,0,0,0,0,0
1551387907.03,23,42,23.6666666667,42.6666666667,10.6636363636,17.8155050812,34.1754207397,1.83150508118,0,0,0,0,0,0,0,0,0,0,0,0
1551387907.13,23,43,23.0,43.3333333333,13.3878787879,19.314,36.4017103699,1.49849491882,0,0,0,0,0,0,0,0,0,0,0,0
1551387907.22,22,44,22.0,44.3333333333,13.4090909091,20.8125,39.0133551849,1.4985,0,0,0,0,0,0,0,0,0,0,0,0
1551387907.31,18,47,18.6666666667,47.6666666667,12.9515151515,25.4745,44.9811775925,4.662,0,0,0,0,0,0,0,0,0,0,0,0
1551387907.41,18,47,18.6666666667,47.6666666667,10.7454545455,27.306,49.7965887962,1.8315,0,0,0,0,0,0,0,0,0,0,0,0
1551387907.5,19,47,19.0,47.3333333333,12.2151515152,27.8055,52.7037943981,0.4995,0,0,0,0,0,0,0,0,0,0,0,0
1551387907.6,21,44,21.6666666667,44.6666666667,11.9575757576,24.8085025406,51.1603997396,-2.99699745941,0,0,0,0,0,0,0,0,0,0,0,0
1551387907.69,23,43,23.3333333333,43.0,11.8212121212,21.645,47.2251998698,-3.16350254059,0,0,0,0,0,0,0,0,0,0,0,0
1551387907.78,24,42,24.0,42.3333333333,11.5939393939,19.647,43.2595999349,-1.998,0,0,0,0,0,0,0,0,0,0,0,0
1551387907.88,24,41,24.6666666667,41.6666666667,11.3727272727,17.982,39.6117999675,-1.665,0,0,0,0,0,0,0,0,0,0,0,0
1551387907.97,26,40,26.0,40.3333333333,11.2878787879,15.651,35.4568999837,-2.331,0,0,0,0,0,0,0,0,0,0,0,0
1551387908.06,26,40,26.3333333333,40.0,10.0272727273,14.319,32.0474499919,-1.332,0,0,0,0,0,0,0,0,0,0,0,0
1551387908.16,25,40,25.6666666667,40.6666666667,5.87272727273,14.4855,30.5092249959,0.1665,0,0,0,0,0,0,0,0,0,0,0,0
1551387908.25,25,40,25.6666666667,40.6666666667,13.5666666667,14.8185,30.073112498,0.333,0,0,0,0,0,0,0,0,0,0,0,0
1551387908.35,25,41,25.0,41.3333333333,13.3060606061,15.4845,30.521056249,0.666,0,0,0,0,0,0,0,0,0,0,0,0
1551387908.44,22,44,22.3333333333,44.0,11.9878787879,18.981,34.2415281245,3.4965,0,0,0,0,0,0,0,0,0,0,0,0
1551387908.54,22,44,22.0,44.3333333333,10.0424242424,20.979,38.0997640622,1.998,0,0,0,0,0,0,0,0,0,0,0,0
1551387908.63,23,43,23.3333333333,43.0,8.95757575757,19.98,39.0298820311,-0.999,0,0,0,0,0,0,0,0,0,0,0,0
1551387908.72,23,43,23.0,43.3333333333,9.7787878788,19.98,39.4949410156,0.0,0,0,0,0,0,0,0,0,0,0,0,0
1551387908.81,24,42,24.0,42.3333333333,9.40606060607,18.8145,38.5619705078,-1.1655,0,0,0,0,0,0,0,0,0,0,0,0
1551387908.91,25,41,25.0,41.3333333333,7.52727272727,17.316,36.5969852539,-1.4985,0,0,0,0,0,0,0,0,0,0,0,0
L: 0 R: 0 T: 1551387908.98
1551387909.1,26,40,26.3333333333,40.0,5.0696969697,15.1515,33.4499926269,-2.1645,0,0,0,0,0,0,0,0,0,0,0,0
1551387909.19,28,37,28.6666666667,37.6666666667,4.73333333333,11.1555,27.8804963135,-3.996,0,0,0,0,0,0,0,0,0,0,0,0
1551387909.28,29,36,29.6666666667,36.6666666667,6.44545454547,8.4915,22.4317481567,-2.664,0,0,0,0,0,0,0,0,0,0,0,0
1551387909.38,29,36,29.6666666667,36.6666666667,8.6484848485,7.326,18.5418740784,-1.1655,0,0,0,0,0,0,0,0,0,0,0,0
1551387909.47,30,36,30.3333333333,36.0,8.79393939393,6.1605,15.4314370392,-1.1655,0,0,0,0,0,0,0,0,0,0,0,0
1551387909.56,32,33,32.6666666667,33.6666666667,8.51818181817,2.8305,10.5462185196,-3.33,0,0,0,0,0,0,0,0,0,0,0,0
1551387909.66,34,32,34.0,32.3333333333,10.703030303,5.08117675781e-06,5.27311434097,-2.83049491882,0,0,0,0,0,0,0,0,0,0,0,0
1551387909.75,36,30,36.0,30.3333333333,11.6212121212,-3.4965,-0.859942829514,-3.49650508118,0,0,0,0,0,0,0,0,0,0,0,0
1551387909.85,38,28,38.0,28.3333333333,12.4090909091,-7.326,-7.75597141476,-3.8295,0,0,0,0,0,0,0,0,0,0,0,0
1551387909.94,39,26,39.6666666667,26.6666666667,13.0060606061,-10.4895,-14.3674857074,-3.1635,0,0,0,0,0,0,0,0,0,0,0,0
1551387910.03,43,23,43.0,23.3333333333,12.9060606061,-15.8175,-23.0012428537,-5.328,0,0,0,0,0,0,0,0,0,0,0,0
1551387910.13,44,21,44.6666666667,21.6666666667,12.6787878788,-19.8135,-31.3141214268,-3.996,0,0,0,0,0,0,0,0,0,0,0,0
1551387910.22,45,21,45.0,21.3333333333,12.296969697,-21.8115,-37.4685607134,-1.998,0,0,0,0,0,0,0,0,0,0,0,0
1551387910.31,44,22,44.3333333333,22.0,11.9545454545,-21.978,-40.7122803567,-0.1665,0,0,0,0,0,0,0,0,0,0,0,0
1551387910.41,43,22,43.6666666667,22.6666666667,11.6636363636,-21.312,-41.6681401784,0.666,0,0,0,0,0,0,0,0,0,0,0,0
1551387910.5,44,22,44.3333333333,22.0,11.6242424242,-21.6449898376,-42.4790599268,-0.332989837646,0,0,0,0,0,0,0,0,0,0,0,0
1551387910.6,44,21,44.3333333333,22.0,12.3606060606,-21.8115,-43.0510299634,-0.166510162354,0,0,0,0,0,0,0,0,0,0,0,0
1551387910.69,43,23,43.3333333333,23.0,12.7666666667,-20.8125,-42.3380149817,0.999,0,0,0,0,0,0,0,0,0,0,0,0
1551387910.78,41,25,41.3333333333,25.0,13.5181818182,-17.982,-39.1510074909,2.8305,0,0,0,0,0,0,0,0,0,0,0,0
1551387910.88,40,25,40.6666666667,25.6666666667,12.6848484848,-15.984,-35.5595037454,1.998,0,0,0,0,0,0,0,0,0,0,0,0
1551387910.97,43,22,43.6666666667,22.6666666667,12.6727272727,-18.8145,-36.5942518727,-2.8305,0,0,0,0,0,0,0,0,0,0,0,0
1551387911.06,44,22,44.0,22.3333333333,12.1212121212,-20.4795,-38.7766259364,-1.665,0,0,0,0,0,0,0,0,0,0,0,0
1551387911.16,44,22,44.3333333333,22.0,12.1515151515,-21.4785,-40.8668129682,-0.999,0,0,0,0,0,0,0,0,0,0,0,0
1551387911.25,44,21,44.6666666667,21.6666666667,11.9636363636,-22.1445,-42.5779064841,-0.666,0,0,0,0,0,0,0,0,0,0,0,0
1551387911.35,43,22,43.6666666667,22.6666666667,11.8121212121,-21.312,-42.600953242,0.8325,0,0,0,0,0,0,0,0,0,0,0,0
1551387911.44,43,23,43.0,23.3333333333,11.5242424242,-20.1464898376,-41.4469664587,1.16551016235,0,0,0,0,0,0,0,0,0,0,0,0
1551387911.53,42,24,42.0,24.3333333333,11.2090909091,-18.315,-39.0384832293,1.83148983765,0,0,0,0,0,0,0,0,0,0,0,0
1551387911.63,41,25,41.0,25.3333333333,11.0575757576,-16.4835,-36.0027416147,1.8315,0,0,0,0,0,0,0,0,0,0,0,0
1551387911.72,40,26,40.0,26.3333333333,10.6878787879,-14.8185,-32.8198708073,1.665,0,0,0,0,0,0,0,0,0,0,0,0
1551387911.81,39,27,39.3333333333,27.0,10.403030303,-13.32,-29.7299354037,1.4985,0,0,0,0,0,0,0,0,0,0,0,0
1551387911.91,36,29,36.6666666667,29.6666666667,10.0787878788,-9.324,-24.1889677018,3.996,0,0,0,0,0,0,0,0,0,0,0,0
1551387912.0,34,31,34.6666666667,31.6666666667,10.0878787879,-5.328,-17.4224838509,3.996,0,0,0,0,0,0,0,0,0,0,0,0
1551387912.1,33,33,33.0,33.3333333333,10.2333333333,-1.83149491882,-10.5427368443,3.49650508118,0,0,0,0,0,0,0,0,0,0,0,0
L: 0 R: 0 T: 1551387912.17
1551387912.29,32,34,32.0,34.3333333333,10.503030303,0.832505081177,-4.43886334096,2.664,0,0,0,0,0,0,0,0,0,0,0,0
1551387912.38,29,36,29.6666666667,36.6666666667,10.8363636364,4.662,2.44256832952,3.82949491882,0,0,0,0,0,0,0,0,0,0,0,0
1551387912.47,29,37,29.0,37.3333333333,10.7878787879,6.8265,8.04778416476,2.1645,0,0,0,0,0,0,0,0,0,0,0,0
1551387912.56,27,38,27.6666666667,38.6666666667,10.8484848485,9.1575,13.1813920824,2.331,0,0,0,0,0,0,0,0,0,0,0,0
1551387912.66,27,39,27.3333333333,39.0,10.8939393939,10.656,17.2466960412,1.4985,0,0,0,0,0,0,0,0,0,0,0,0
1551387912.8,27,39,27.0,39.3333333333,10.8666666667,11.4885,20.1118480206,0.8325,0,0,0,0,0,0,0,0,0,0,0,0
1551387912.89,28,38,28.0,38.3333333333,10.7424242424,10.8225,20.8784240103,-0.666,0,0,0,0,0,0,0,0,0,0,0,0
1551387912.98,28,38,28.3333333333,38.0,11.2515151515,10.1565,20.5957120051,-0.666,0,0,0,0,0,0,0,0,0,0,0,0
1551387913.07,26,39,26.6666666667,39.6666666667,11.9333333333,11.8215,22.1193560026,1.665,0,0,0,0,0,0,0,0,0,0,0,0
1551387913.16,26,40,26.0,40.3333333333,12.3909090909,13.1535,24.2131780013,1.332,0,0,0,0,0,0,0,0,0,0,0,0
1551387913.25,24,42,24.3333333333,42.0,12.2515151515,15.8175,27.9240890006,2.664,0,0,0,0,0,0,0,0,0,0,0,0
1551387913.35,22,44,22.3333333333,44.0,12.0909090909,19.1475,33.1095445003,3.33,0,0,0,0,0,0,0,0,0,0,0,0
1551387913.44,21,44,21.6666666667,44.6666666667,11.7242424242,21.4785,38.0332722502,2.331,0,0,0,0,0,0,0,0,0,0,0,0
1551387913.58,20,45,20.6666666667,45.6666666667,11.6212121212,23.3100025406,42.3266386657,1.83150254059,0,0,0,0,0,0,0,0,0,0,0,0
1551387913.67,18,47,18.6666666667,47.6666666667,12.7484848485,26.4735,47.6368193328,3.16349745941,0,0,0,0,0,0,0,0,0,0,0,0
1551387913.76,19,47,19.3333333333,47.0,13.2666666667,26.8065,50.6249096664,0.333,0,0,0,0,0,0,0,0,0,0,0,0
1551387913.85,21,45,21.3333333333,45.0,13.6363636364,24.8085,50.1209548332,-1.998,0,0,0,0,0,0,0,0,0,0,0,0
1551387913.94,20,46,20.0,46.3333333333,13.0909090909,25.641,50.7014774166,0.8325,0,0,0,0,0,0,0,0,0,0,0,0
1551387914.03,19,46,19.6666666667,46.6666666667,12.6606060606,26.1405,51.4912387083,0.4995,0,0,0,0,0,0,0,0,0,0,0,0
1551387914.13,20,46,20.0,46.3333333333,12.1787878788,25.974,51.7196193542,-0.1665,0,0,0,0,0,0,0,0,0,0,0,0
1551387914.22,21,45,21.0,45.3333333333,11.8757575758,24.975,50.8348096771,-0.999,0,0,0,0,0,0,0,0,0,0,0,0
1551387914.31,20,45,20.6666666667,45.6666666667,11.6818181818,24.975,50.3924048385,0.0,0,0,0,0,0,0,0,0,0,0,0,0
1551387914.41,19,47,19.0,47.3333333333,10.4151515152,26.973,52.1692024193,1.998,0,0,0,0,0,0,0,0,0,0,0,0
1551387914.5,20,45,20.6666666667,45.6666666667,9.36363636363,25.781052475,51.8656536846,-1.19194752502,0,0,0,0,0,0,0,0,0,0,0,0
1551387914.6,21,45,21.3333333333,45.0,13.9878787879,24.4755,50.4083268423,-1.30555247498,0,0,0,0,0,0,0,0,0,0,0,0
1551387914.69,19,47,19.0,47.3333333333,13.396969697,26.64,51.8441634212,2.1645,0,0,0,0,0,0,0,0,0,0,0,0
1551387914.78,17,48,17.6666666667,48.6666666667,13.0090909091,28.971,54.8930817106,2.331,0,0,0,0,0,0,0,0,0,0,0,0
1551387914.88,16,50,16.3333333333,50.0,13.0303030303,31.635,59.0815408553,2.664,0,0,0,0,0,0,0,0,0,0,0,0
1551387914.97,16,49,16.6666666667,49.6666666667,13.4333333333,32.301,61.8417704276,0.666,0,0,0,0,0,0,0,0,0,0,0,0
1551387915.06,18,48,18.0,48.3333333333,13.596969697,30.8025,61.7233852138,-1.4985,0,0,0,0,0,0,0,0,0,0,0,0
1551387915.16,19,47,19.3333333333,47.0,13.6151515152,28.8045,59.6661926069,-1.998,0,0,0,0,0,0,0,0,0,0,0,0
1551387915.25,14,52,14.3333333333,52.0,13.7575757576,33.7995,63.6325963035,4.995,0,0,0,0,0,0,0,0,0,0,0,0
L: 0 R: 0 T: 1551387915.33
1551387915.45,15,50,15.6666666667,50.6666666667,15.2484848485,34.299,66.1152981517,0.4995,0,0,0,0,0,0,0,0,0,0,0,0
1551387915.54,18,48,18.3333333333,48.0,17.7151515152,31.1355,64.1931490759,-3.1635,0,0,0,0,0,0,0,0,0,0,0,0
1551387915.63,16,49,16.6666666667,49.6666666667,15.5696969697,31.968,64.0645745379,0.8325,0,0,0,0,0,0,0,0,0,0,0,0
1551387915.72,12,53,12.6666666667,53.6666666667,12.296969697,36.963,68.995287269,4.995,0,0,0,0,0,0,0,0,0,0,0,0
1551387915.81,11,54,11.6666666667,54.6666666667,9.8303030303,40.293,74.7906436345,3.33,0,0,0,0,0,0,0,0,0,0,0,0
1551387915.91,12,54,12.0,54.3333333333,10.1272727273,41.292,78.6873218172,0.999,0,0,0,0,0,0,0,0,0,0,0,0
1551387916.0,13,53,13.0,53.3333333333,12.7757575758,40.293,79.6366609086,-0.999,0,0,0,0,0,0,0,0,0,0,0,0
1551387916.1,16,49,16.3333333333,50.0,12.4848484848,36.1305,75.9488304543,-4.1625,0,0,0,0,0,0,0,0,0,0,0,0
1551387916.19,20,46,20.0,46.3333333333,11.8757575758,29.8035,67.7779152272,-6.327,0,0,0,0,0,0,0,0,0,0,0,0
1551387916.28,22,44,22.3333333333,44.0,11.5515151515,24.642,58.5309576136,-5.1615,0,0,0,0,0,0,0,0,0,0,0,0
1551387916.38,22,43,23.0,43.3333333333,11.3787878788,21.978,51.2434788068,-2.664,0,0,0,0,0,0,0,0,0,0,0,0
1551387916.47,23,42,23.6666666667,42.6666666667,11.2212121212,20.1465,45.7682394034,-1.8315,0,0,0,0,0,0,0,0,0,0,0,0
1551387916.56,24,42,24.3333333333,42.0,11.0878787879,18.4815,41.3656197017,-1.665,0,0,0,0,0,0,0,0,0,0,0,0
1551387916.66,25,40,25.6666666667,40.6666666667,10.9060606061,16.317,36.9998098508,-2.1645,0,0,0,0,0,0,0,0,0,0,0,0
1551387916.75,27,39,27.0,39.3333333333,10.7848484848,13.986,32.4859049254,-2.331,0,0,0,0,0,0,0,0,0,0,0,0
1551387916.85,28,38,28.0,38.3333333333,10.5515151515,11.4885,27.7314524627,-2.4975,0,0,0,0,0,0,0,0,0,0,0,0
1551387916.99,29,37,29.0,37.3333333333,10.5363636364,9.657,23.5227262314,-1.8315,0,0,0,0,0,0,0,0,0,0,0,0
1551387917.08,30,36,30.3333333333,36.0,10.4757575758,6.993,18.7543631157,-2.664,0,0,0,0,0,0,0,0,0,0,0,0
1551387917.17,31,35,31.3333333333,35.0,10.4757575758,4.995,14.3721815578,-1.998,0,0,0,0,0,0,0,0,0,0,0,0
1551387917.26,31,34,31.6666666667,34.6666666667,10.4878787879,3.663,10.8490907789,-1.332,0,0,0,0,0,0,0,0,0,0,0,0
1551387917.35,32,34,32.0,34.3333333333,10.5818181818,2.664,8.08854538946,-0.999,0,0,0,0,0,0,0,0,0,0,0,0
1551387917.44,32,34,32.3333333333,34.0,10.5878787879,1.998,6.04227269473,-0.666,0,0,0,0,0,0,0,0,0,0,0,0
1551387917.53,32,33,32.6666666667,33.6666666667,10.5787878788,1.4985,4.51963634736,-0.4995,0,0,0,0,0,0,0,0,0,0,0,0
1551387917.63,32,33,32.6666666667,33.6666666667,10.5848484848,1.1655,3.42531817368,-0.333,0,0,0,0,0,0,0,0,0,0,0,0
1551387917.72,32,33,32.6666666667,33.6666666667,10.5333333333,0.999,2.71165908684,-0.1665,0,0,0,0,0,0,0,0,0,0,0,0
1551387917.81,33,33,33.0,33.3333333333,10.5454545455,0.666,2.02182954342,-0.333,0,0,0,0,0,0,0,0,0,0,0,0
1551387917.91,33,33,33.0,33.3333333333,10.5,0.333005081177,1.34391985289,-0.332994918823,0,0,0,0,0,0,0,0,0,0,0,0
1551387918.0,33,33,33.0,33.3333333333,10.4878787879,0.333005081177,1.00496500762,0.0,0,0,0,0,0,0,0,0,0,0,0,0
1551387918.09,33,33,33.0,33.3333333333,10.4818181818,0.333005081177,0.835487584987,0.0,0,0,0,0,0,0,0,0,0,0,0,0
1551387918.19,32,33,32.6666666667,33.6666666667,10.5060606061,0.666005081177,1.08374887367,0.333,0,0,0,0,0,0,0,0,0,0,0,0
1551387918.28,32,33,32.6666666667,33.6666666667,10.5939393939,0.999,1.54087443684,0.332994918823,0,0,0,0,0,0,0,0,0,0,0,0
1551387918.38,32,33,32.6666666667,33.6666666667,10.5757575758,0.999,1.76943721842,0.0,0,0,0,0,0,0,0,0,0,0,0,0
L: 0 R: 0 T: 1551387918.45
1551387918.57,33,33,33.0,33.3333333333,10.5121212121,0.666005081177,1.55072369039,-0.332994918823,0,0,0,0,0,0,0,0,0,0,0,0
1551387918.66,33,33,33.3333333333,33.0,10.5636363636,0.0,0.775361845193,-0.666005081177,0,0,0,0,0,0,0,0,0,0,0,0
1551387918.75,33,33,33.3333333333,33.0,10.4939393939,-0.332994918823,0.0546860037731,-0.332994918823,0,0,0,0,0,0,0,0,0,0,0,0
1551387918.85,33,33,33.3333333333,33.0,10.4939393939,-0.332994918823,-0.305651916937,0.0,0,0,0,0,0,0,0,0,0,0,0,0
1551387918.94,33,33,33.0,33.3333333333,10.4939393939,5.08117675781e-06,-0.152820877292,0.333,0,0,0,0,0,0,0,0,0,0,0,0
1551387919.03,33,33,33.3333333333,33.0,10.4696969697,-0.332994918823,-0.409405357469,-0.333,0,0,0,0,0,0,0,0,0,0,0,0
1551387919.13,33,33,33.3333333333,33.0,10.4545454545,-0.166494918823,-0.371197597558,0.1665,0,0,0,0,0,0,0,0,0,0,0,0
1551387919.22,33,33,33.0,33.3333333333,10.4666666667,0.0,-0.185598798779,0.166494918823,0,0,0,0,0,0,0,0,0,0,0,0
1551387919.31,33,33,33.3333333333,33.0,10.396969697,5.08117675781e-06,-0.0927943182127,5.08117675781e-06,0,0,0,0,0,0,0,0,0,0,0,0
1551387919.41,33,33,33.0,33.3333333333,10.4121212121,0.166505081177,0.12010792207,0.1665,0,0,0,0,0,0,0,0,0,0,0,0
1551387919.5,33,33,33.0,33.3333333333,10.4272727273,0.333005081177,0.393059042212,0.1665,0,0,0,0,0,0,0,0,0,0,0,0
1551387919.59,32,33,32.6666666667,33.6666666667,10.4060606061,0.832505081177,1.02903460228,0.4995,0,0,0,0,0,0,0,0,0,0,0,0
1551387919.69,32,34,32.3333333333,34.0,10.4393939394,1.332,1.84651730114,0.499494918823,0,0,0,0,0,0,0,0,0,0,0,0
1551387919.78,32,34,32.3333333333,34.0,10.4636363636,1.665,2.58825865057,0.333,0,0,0,0,0,0,0,0,0,0,0,0
1551387919.88,32,33,32.6666666667,33.6666666667,10.4575757576,1.332,2.62612932529,-0.333,0,0,0,0,0,0,0,0,0,0,0,0
1551387919.97,33,33,33.0,33.3333333333,10.4939393939,0.832505081177,2.14556974382,-0.499494918823,0,0,0,0,0,0,0,0,0,0,0,0
1551387920.06,33,33,33.3333333333,33.0,10.4454545455,5.08117675781e-06,1.07278995309,-0.8325,0,0,0,0,0,0,0,0,0,0,0,0
1551387920.16,33,33,33.3333333333,33.0,10.4787878788,-0.166494918823,0.36990005772,-0.1665,0,0,0,0,0,0,0,0,0,0,0,0
1551387920.25,33,32,33.6666666667,32.6666666667,10.5393939394,-0.666,-0.48104997114,-0.499505081177,0,0,0,0,0,0,0,0,0,0,0,0
1551387920.35,33,32,33.6666666667,32.6666666667,10.5757575758,-0.999,-1.23952498557,-0.333,0,0,0,0,0,0,0,0,0,0,0,0
1551387920.44,33,32,33.6666666667,32.6666666667,10.6303030303,-0.999,-1.61876249279,0.0,0,0,0,0,0,0,0,0,0,0,0,0
1551387920.53,33,32,33.6666666667,32.6666666667,10.6545454545,-0.999,-1.80838124639,0.0,0,0,0,0,0,0,0,0,0,0,0,0
1551387920.63,34,32,34.0,32.3333333333,10.7424242424,-1.332,-2.2361906232,-0.333,0,0,0,0,0,0,0,0,0,0,0,0
1551387920.72,34,32,34.0,32.3333333333,10.6878787879,-1.4985,-2.6165953116,-0.1665,0,0,0,0,0,0,0,0,0,0,0,0
1551387920.81,33,32,33.6666666667,32.6666666667,10.6696969697,-1.1655,-2.4737976558,0.333,0,0,0,0,0,0,0,0,0,0,0,0
1551387920.91,33,33,33.3333333333,33.0,10.6878787879,-0.8325,-2.0693988279,0.333,0,0,0,0,0,0,0,0,0,0,0,0
1551387921.0,33,33,33.3333333333,33.0,11.1212121212,-0.499494918823,-1.53419433277,0.333005081177,0,0,0,0,0,0,0,0,0,0,0,0
1551387921.09,32,34,32.0,34.3333333333,11.0303030303,1.1655,0.398402833613,1.66499491882,0,0,0,0,0,0,0,0,0,0,0,0
1551387921.19,30,36,30.3333333333,36.0,11.0363636364,3.996,4.19520141681,2.8305,0,0,0,0,0,0,0,0,0,0,0,0
1551387921.28,27,38,27.6666666667,38.6666666667,11.1060606061,7.992,10.0896007084,3.996,0,0,0,0,0,0,0,0,0,0,0,0
1551387921.38,26,39,26.6666666667,39.6666666667,11.0696969697,10.989,16.0338003542,2.997,0,0,0,0,0,0,0,0,0,0,0,0
1551387921.47,23,42,23.6666666667,42.6666666667,11.6060606061,15.651,23.6679001771,4.662,0,0,0,0,0,0,0,0,0,0,0,0
1551387921.56,21,45,21.3333333333,45.0,13.0727272727,20.313,32.1469500886,4.662,0,0,0,0,0,0,0,0,0,0,0,0
L: 0 R: 0 T: 1551387921.64
1551387921.76,20,45,20.6666666667,45.6666666667,14.6787878788,22.977,39.0504750443,2.664,0,0,0,0,0,0,0,0,0,0,0,0
1551387921.85,13,53,13.0,53.3333333333,14.4606060606,33.3,52.8252375221,10.323,0,0,0,0,0,0,0,0,0,0,0,0
1551387921.94,14,51,14.6666666667,51.6666666667,14.8363636364,35.298,61.7106187611,1.998,0,0,0,0,0,0,0,0,0,0,0,0
1551387922.03,15,51,15.3333333333,51.0,15.4606060606,35.1315,65.9868093805,-0.1665,0,0,0,0,0,0,0,0,0,0,0,0
1551387922.13,16,49,16.6666666667,49.6666666667,16.3181818182,33.633,66.6264046903,-1.4985,0,0,0,0,0,0,0,0,0,0,0,0
1551387922.22,16,50,16.3333333333,50.0,15.396969697,33.3,66.6132023451,-0.333,0,0,0,0,0,0,0,0,0,0,0,0
1551387922.31,13,52,13.6666666667,52.6666666667,14.7272727273,36.297,69.6036011726,2.997,0,0,0,0,0,0,0,0,0,0,0,0
1551387922.41,13,53,13.3333333333,53.0,14.1333333333,37.962,72.7638005863,1.665,0,0,0,0,0,0,0,0,0,0,0,0
1551387922.5,14,52,14.0,52.3333333333,13.8181818182,37.962,74.3439002931,0.0,0,0,0,0,0,0,0,0,0,0,0,0
1551387922.59,17,48,17.6666666667,48.6666666667,12.4424242424,33.633,70.8049501466,-4.329,0,0,0,0,0,0,0,0,0,0,0,0
1551387922.69,20,46,20.3333333333,46.0,11.796969697,28.638,64.0404750733,-4.995,0,0,0,0,0,0,0,0,0,0,0,0
1551387922.78,22,44,22.0,44.3333333333,11.3515151515,24.642,56.6622375366,-3.996,0,0,0,0,0,0,0,0,0,0,0,0
1551387922.88,23,43,23.3333333333,43.0,11.1727272727,21.4785,49.8096187683,-3.1635,0,0,0,0,0,0,0,0,0,0,0,0
1551387922.97,24,42,24.3333333333,42.0,10.8393939394,19.1475,44.0523093842,-2.331,0,0,0,0,0,0,0,0,0,0,0,0
1551387923.06,25,41,25.0,41.3333333333,10.7424242424,17.1495,39.1756546921,-1.998,0,0,0,0,0,0,0,0,0,0,0,0
1551387923.16,25,40,26.0,40.3333333333,10.4333333333,15.318,34.905827346,-1.8315,0,0,0,0,0,0,0,0,0,0,0,0
1551387923.25,26,39,26.6666666667,39.6666666667,10.2242424242,13.653,31.105913673,-1.665,0,0,0,0,0,0,0,0,0,0,0,0
1551387923.34,27,39,27.0,39.3333333333,10.2,12.8205050812,28.3734619177,-0.832494918823,0,0,0,0,0,0,0,0,0,0,0,0
1551387923.44,28,38,28.3333333333,38.0,10.4575757576,10.989,25.1757309588,-1.83150508118,0,0,0,0,0,0,0,0,0,0,0,0
1551387923.54,28,38,28.3333333333,38.0,10.4393939394,9.99,22.5778654794,-0.999,0,0,0,0,0,0,0,0,0,0,0,0
1551387923.63,28,37,28.6666666667,37.6666666667,10.3818181818,9.1575,20.4464327397,-0.8325,0,0,0,0,0,0,0,0,0,0,0,0
1551387923.72,29,37,29.3333333333,37.0,10.2818181818,8.1585,18.3817163699,-0.999,0,0,0,0,0,0,0,0,0,0,0,0
1551387923.81,30,36,30.0,36.3333333333,10.2333333333,6.8265,16.0173581849,-1.332,0,0,0,0,0,0,0,0,0,0,0,0
1551387923.91,31,35,31.3333333333,35.0,10.2272727273,4.8285,12.8371790925,-1.998,0,0,0,0,0,0,0,0,0,0,0,0
1551387924.0,31,34,31.6666666667,34.6666666667,10.2515151515,3.4965,9.91508954623,-1.332,0,0,0,0,0,0,0,0,0,0,0,0
1551387924.09,32,34,32.3333333333,34.0,10.2636363636,2.4975,7.45504477312,-0.999,0,0,0,0,0,0,0,0,0,0,0,0
1551387924.19,32,34,32.3333333333,34.0,10.3272727273,1.8315,5.55902238656,-0.666,0,0,0,0,0,0,0,0,0,0,0,0
1551387924.28,32,33,32.6666666667,33.6666666667,10.3212121212,1.16550508118,3.94501627446,-0.665994918823,0,0,0,0,0,0,0,0,0,0,0,0
1551387924.38,33,33,33.3333333333,33.0,10.3757575758,0.166505081177,2.1390132184,-0.999,0,0,0,0,0,0,0,0,0,0,0,0
1551387924.47,33,33,33.3333333333,33.0,10.3848484848,5.08117675781e-06,1.06951169038,-0.1665,0,0,0,0,0,0,0,0,0,0,0,0
1551387924.56,33,33,33.3333333333,33.0,10.3121212121,-0.166494918823,0.368260926366,-0.1665,0,0,0,0,0,0,0,0,0,0,0,0
1551387924.66,33,33,33.3333333333,33.0,10.3515151515,-0.166494918823,0.0176355443599,0.0,0,0,0,0,0,0,0,0,0,0,0,0
1551387924.75,33,33,33.3333333333,33.0,10.3757575758,-0.166494918823,-0.157677146643,0.0,0,0,0,0,0,0,0,0,0,0,0,0
L: 0 R: 0 T: 1551387924.82
1551387924.95,33,33,33.3333333333,33.0,10.3636363636,-0.166494918823,-0.245333492145,0.0,0,0,0,0,0,0,0,0,0,0,0,0
1551387925.03,33,33,33.0,33.3333333333,10.403030303,5.08117675781e-06,-0.122661664896,0.1665,0,0,0,0,0,0,0,0,0,0,0,0
1551387925.13,33,33,33.3333333333,33.0,10.403030303,5.08117675781e-06,-0.0613257512711,0.0,0,0,0,0,0,0,0,0,0,0,0,0
1551387925.22,33,33,33.0,33.3333333333,10.3818181818,0.166505081177,0.135842205541,0.1665,0,0,0,0,0,0,0,0,0,0,0,0
1551387925.37,33,33,33.0,33.3333333333,10.4,0.166505081177,0.234426183947,0.0,0,0,0,0,0,0,0,0,0,0,0,0
1551387925.46,33,33,33.0,33.3333333333,10.403030303,0.333005081177,0.45021817315,0.1665,0,0,0,0,0,0,0,0,0,0,0,0
1551387925.5,33,33,33.0,33.3333333333,10.4121212121,0.499505081177,0.724614167752,0.1665,0,0,0,0,0,0,0,0,0,0,0,0
1551387925.64,33,33,33.3333333333,33.0,10.4242424242,0.166505081177,0.528812165053,-0.333,0,0,0,0,0,0,0,0,0,0,0,0
1551387925.73,33,33,33.3333333333,33.0,10.4515151515,5.08117675781e-06,0.264411163703,-0.1665,0,0,0,0,0,0,0,0,0,0,0,0
1551387925.82,33,33,33.0,33.3333333333,10.4515151515,5.08117675781e-06,0.132210663028,0.0,0,0,0,0,0,0,0,0,0,0,0,0
1551387925.91,33,33,33.3333333333,33.0,10.4757575758,-0.332994918823,-0.266889587309,-0.333,0,0,0,0,0,0,0,0,0,0,0,0
1551387926.0,33,33,33.0,33.3333333333,10.4757575758,5.08117675781e-06,-0.133439712478,0.333,0,0,0,0,0,0,0,0,0,0,0,0
1551387926.1,33,33,33.3333333333,33.0,10.4393939394,5.08117675781e-06,-0.0667147750621,0.0,0,0,0,0,0,0,0,0,0,0,0,0
1551387926.19,33,33,33.0,33.3333333333,10.5272727273,0.333,0.299642612469,0.332994918823,0,0,0,0,0,0,0,0,0,0,0,0
1551387926.28,33,33,33.0,33.3333333333,10.4818181818,0.333005081177,0.482826387411,5.08117675779e-06,0,0,0,0,0,0,0,0,0,0,0,0
1551387926.38,33,33,33.0,33.3333333333,10.5121212121,0.333005081177,0.574418274882,0.0,0,0,0,0,0,0,0,0,0,0,0,0
1551387926.47,33,33,33.0,33.3333333333,10.5757575758,0.333,0.620209137441,-5.08117675779e-06,0,0,0,0,0,0,0,0,0,0,0,0
1551387926.57,33,33,33.0,33.3333333333,10.6424242424,0.333,0.643104568721,0.0,0,0,0,0,0,0,0,0,0,0,0,0
1551387926.66,33,33,33.0,33.3333333333,10.5575757576,0.499505081177,0.821057365537,0.166505081177,0,0,0,0,0,0,0,0,0,0,0,0
1551387926.75,32,33,32.6666666667,33.6666666667,10.5696969697,0.666,1.07652868277,0.166494918823,0,0,0,0,0,0,0,0,0,0,0,0
1551387926.85,32,33,32.6666666667,33.6666666667,11.1787878788,0.999,1.53726434138,0.333,0,0,0,0,0,0,0,0,0,0,0,0
1551387926.94,31,35,31.3333333333,35.0,11.2545454545,2.4975,3.26613217069,1.4985,0,0,0,0,0,0,0,0,0,0,0,0
1551387927.03,30,36,30.0,36.3333333333,11.3424242424,4.662,6.29506608535,2.1645,0,0,0,0,0,0,0,0,0,0,0,0
1551387927.13,27,39,27.3333333333,39.0,11.4242424242,8.658,11.8055330427,3.996,0,0,0,0,0,0,0,0,0,0,0,0
1551387927.22,25,40,25.6666666667,40.6666666667,11.396969697,12.4875050812,18.3902716025,3.82950508118,0,0,0,0,0,0,0,0,0,0,0,0
1551387927.32,25,41,25.3333333333,41.0,11.3636363636,14.4855050812,23.6806408824,1.998,0,0,0,0,0,0,0,0,0,0,0,0
1551387927.41,25,41,25.0,41.3333333333,11.2424242424,15.318,27.1583204412,0.832494918823,0,0,0,0,0,0,0,0,0,0,0,0
1551387927.5,25,41,25.0,41.3333333333,11.1909090909,15.8175,29.3966602206,0.4995,0,0,0,0,0,0,0,0,0,0,0,0
1551387927.59,25,41,25.3333333333,41.0,11.0515151515,15.651,30.3493301103,-0.1665,0,0,0,0,0,0,0,0,0,0,0,0
1551387927.69,26,40,26.0,40.3333333333,11.0424242424,14.652,29.8266650552,-0.999,0,0,0,0,0,0,0,0,0,0,0,0
1551387927.78,27,39,27.0,39.3333333333,10.9,13.32,28.2333325276,-1.332,0,0,0,0,0,0,0,0,0,0,0,0
1551387927.88,28,38,28.0,38.3333333333,10.8363636364,11.4885,25.6051662638,-1.8315,0,0,0,0,0,0,0,0,0,0,0,0
L: 0 R: 0 T: 1551387927.95
1551387928.07,27,39,27.3333333333,39.0,12.103030303,11.655,24.4575831319,0.1665,0,0,0,0,0,0,0,0,0,0,0,0
1551387928.16,23,43,23.3333333333,43.0,13.2090909091,16.317,28.5457915659,4.662,0,0,0,0,0,0,0,0,0,0,0,0
1551387928.25,20,46,20.3333333333,46.0,13.1272727273,21.8115,36.084395783,5.4945,0,0,0,0,0,0,0,0,0,0,0,0
1551387928.34,18,47,18.6666666667,47.6666666667,12.9060606061,25.8075,43.8496978915,3.996,0,0,0,0,0,0,0,0,0,0,0,0
1551387928.44,19,46,19.6666666667,46.6666666667,12.6090909091,26.4735,48.3983489457,0.666,0,0,0,0,0,0,0,0,0,0,0,0
1551387928.54,21,45,21.0,45.3333333333,12.3333333333,24.975,49.1741744729,-1.4985,0,0,0,0,0,0,0,0,0,0,0,0
1551387928.63,22,44,22.3333333333,44.0,12.0363636364,22.8105,47.3975872364,-2.1645,0,0,0,0,0,0,0,0,0,0,0,0
1551387928.72,23,42,23.6666666667,42.6666666667,11.6939393939,20.4795050812,44.1782986994,-2.33099491882,0,0,0,0,0,0,0,0,0,0,0,0
1551387928.81,24,42,24.3333333333,42.0,11.7333333333,18.4815050812,40.5706544309,-1.998,0,0,0,0,0,0,0,0,0,0,0,0
1551387928.91,23,43,23.0,43.3333333333,12.8575757576,19.314,39.5993272154,0.832494918823,0,0,0,0,0,0,0,0,0,0,0,0
1551387929.0,23,43,23.3333333333,43.0,12.1666666667,19.4805,39.2801636077,0.1665,0,0,0,0,0,0,0,0,0,0,0,0
1551387929.09,23,43,23.3333333333,43.0,9.84242424243,19.4998999329,39.1399817367,0.0193999328613,0,0,0,0,0,0,0,0,0,0,0,0
1551387929.19,14,51,14.6666666667,51.6666666667,8.5909090909,29.97,49.5399908684,10.4701000671,0,0,0,0,0,0,0,0,0,0,0,0
1551387929.28,16,50,16.0,50.3333333333,10.4484848485,32.4675,57.2374954342,2.4975,0,0,0,0,0,0,0,0,0,0,0,0
1551387929.38,18,47,18.6666666667,47.6666666667,12.5242424242,30.1365,58.7552477171,-2.331,0,0,0,0,0,0,0,0,0,0,0,0
1551387929.47,22,44,22.3333333333,44.0,12.1333333333,24.975,54.3526238585,-5.1615,0,0,0,0,0,0,0,0,0,0,0,0
1551387929.56,24,42,24.0,42.3333333333,11.696969697,20.8125,47.9888119293,-4.1625,0,0,0,0,0,0,0,0,0,0,0,0
1551387929.66,25,41,25.0,41.3333333333,10.703030303,17.8155,41.8099059646,-2.997,0,0,0,0,0,0,0,0,0,0,0,0
1551387929.75,25,41,25.3333333333,41.0,9.6515151515,16.317,37.2219529823,-1.4985,0,0,0,0,0,0,0,0,0,0,0,0
1551387929.84,26,40,26.0,40.3333333333,9.98484848483,15.1515,33.7624764912,-1.1655,0,0,0,0,0,0,0,0,0,0,0,0
1551387929.94,26,40,26.3333333333,40.0,10.1818181818,14.1525050812,31.0337433268,-0.998994918823,0,0,0,0,0,0,0,0,0,0,0,0
1551387930.03,26,39,26.6666666667,39.6666666667,10.8939393939,13.1535,28.6703716634,-0.999005081177,0,0,0,0,0,0,0,0,0,0,0,0
1551387930.13,27,39,27.3333333333,39.0,8.51515151517,11.988,26.3231858317,-1.1655,0,0,0,0,0,0,0,0,0,0,0,0
1551387930.22,27,38,27.6666666667,38.6666666667,6.51515151517,11.1555,24.3170929158,-0.8325,0,0,0,0,0,0,0,0,0,0,0,0
1551387930.31,28,37,28.6666666667,37.6666666667,7.79696969697,9.657,21.8155464579,-1.4985,0,0,0,0,0,0,0,0,0,0,0,0
1551387930.41,29,37,29.0,37.3333333333,7.56363636363,8.70663702393,19.6144102529,-0.950362976074,0,0,0,0,0,0,0,0,0,0,0,0
1551387930.5,27,38,27.6666666667,38.6666666667,8.76666666667,9.99,19.7972051264,1.28336297607,0,0,0,0,0,0,0,0,0,0,0,0
1551387930.59,27,38,27.6666666667,38.6666666667,12.4727272727,10.656,20.5546025632,0.666,0,0,0,0,0,0,0,0,0,0,0,0
1551387930.69,25,40,25.6666666667,40.6666666667,10.2696969697,13.32,23.5973012816,2.664,0,0,0,0,0,0,0,0,0,0,0,0
1551387930.78,22,44,22.0,44.3333333333,11.103030303,18.648,30.4466506408,5.328,0,0,0,0,0,0,0,0,0,0,0,0
1551387930.88,21,44,21.6666666667,44.6666666667,10.3090909091,20.9790025406,36.202327861,2.33100254059,0,0,0,0,0,0,0,0,0,0,0,0
1551387930.97,22,43,22.6666666667,43.6666666667,10.1454545455,20.9790025406,39.0801664711,0.0,0,0,0,0,0,0,0,0,0,0,0,0
1551387931.06,23,43,23.0,43.3333333333,9.3484848485,20.4795,40.0195832355,-0.499502540588,0,0,0,0,0,0,0,0,0,0,0,0
L: 0 R: 0 T: 1551387931.14
1551387931.26,23,43,23.3333333333,43.0,11.5454545455,19.647,39.6567916178,-0.8325,0,0,0,0,0,0,0,0,0,0,0,0
1551387931.35,26,40,26.0,40.3333333333,9.91818181817,16.317,36.1453958089,-3.33,0,0,0,0,0,0,0,0,0,0,0,0
1551387931.44,25,41,25.3333333333,41.0,11.8212121212,15.651,33.7236979044,-0.666,0,0,0,0,0,0,0,0,0,0,0,0
1551387931.53,24,42,24.0,42.3333333333,11.2757575758,17.1495050812,34.0113540334,1.49850508118,0,0,0,0,0,0,0,0,0,0,0,0
1551387931.62,23,42,23.6666666667,42.6666666667,13.4787878788,18.315,35.3206770167,1.16549491882,0,0,0,0,0,0,0,0,0,0,0,0
1551387931.72,20,45,20.6666666667,45.6666666667,13.1393939394,22.1445,39.8048385083,3.8295,0,0,0,0,0,0,0,0,0,0,0,0
1551387931.81,20,46,20.0,46.3333333333,12.8363636364,24.642,44.5444192542,2.4975,0,0,0,0,0,0,0,0,0,0,0,0
1551387931.91,19,47,19.3333333333,47.0,12.4757575758,26.307,48.5792096271,1.665,0,0,0,0,0,0,0,0,0,0,0,0
1551387932.0,20,46,20.0,46.3333333333,12.0696969697,25.974,50.2636048135,-0.333,0,0,0,0,0,0,0,0,0,0,0,0
1551387932.09,21,45,21.0,45.3333333333,11.8787878788,24.642,49.7738024068,-1.332,0,0,0,0,0,0,0,0,0,0,0,0
1551387932.19,22,43,22.6666666667,43.6666666667,11.6272727273,22.311,47.1979012034,-2.331,0,0,0,0,0,0,0,0,0,0,0,0
1551387932.28,24,42,24.0,42.3333333333,11.5151515152,19.8135050812,43.4124556829,-2.49749491882,0,0,0,0,0,0,0,0,0,0,0,0
1551387932.37,25,41,25.3333333333,41.0,11.3242424242,17.316,39.0222278414,-2.49750508118,0,0,0,0,0,0,0,0,0,0,0,0
1551387932.47,26,40,26.3333333333,40.0,11.1939393939,14.985,34.4961139207,-2.331,0,0,0,0,0,0,0,0,0,0,0,0
1551387932.56,26,40,26.3333333333,40.0,10.3060606061,13.986,31.2340569604,-0.999,0,0,0,0,0,0,0,0,0,0,0,0
1551387932.66,26,40,26.0,40.3333333333,8.6,14.1525,29.7695284802,0.1665,0,0,0,0,0,0,0,0,0,0,0,0
1551387932.75,26,40,26.0,40.3333333333,13.3,14.319,29.2037642401,0.1665,0,0,0,0,0,0,0,0,0,0,0,0
1551387932.85,25,41,25.0,41.3333333333,12.9454545455,15.318,29.91988212,0.999,0,0,0,0,0,0,0,0,0,0,0,0
1551387932.94,21,45,21.0,45.3333333333,11.903030303,20.646,35.60594106,5.328,0,0,0,0,0,0,0,0,0,0,0,0
1551387933.03,22,44,22.3333333333,44.0,9.5484848485,20.979,38.78197053,0.333,0,0,0,0,0,0,0,0,0,0,0,0
1551387933.13,22,43,22.6666666667,43.6666666667,11.5181818182,20.8125050812,40.2034903462,-0.166494918823,0,0,0,0,0,0,0,0,0,0,0,0
1551387933.22,23,43,23.0,43.3333333333,7.47575757577,20.4795,40.5812451731,-0.333005081177,0,0,0,0,0,0,0,0,0,0,0,0
1551387933.31,24,42,24.0,42.3333333333,8.7303030303,19.1475,39.4381225865,-1.332,0,0,0,0,0,0,0,0,0,0,0,0
1551387933.41,25,41,25.0,41.3333333333,7.1606060606,17.316,37.0350612933,-1.8315,0,0,0,0,0,0,0,0,0,0,0,0
1551387933.5,26,39,26.6666666667,39.6666666667,5.4393939394,14.4855,33.0030306466,-2.8305,0,0,0,0,0,0,0,0,0,0,0,0
1551387933.6,27,39,27.0,39.3333333333,4.6393939394,12.987,29.4885153233,-1.4985,0,0,0,0,0,0,0,0,0,0,0,0
1551387933.69,29,37,29.0,37.3333333333,5.9696969697,9.99,24.7342576617,-2.997,0,0,0,0,0,0,0,0,0,0,0,0
