connected to 192.168.1.17
time,left,right,piLeft,piRight,piConf,piP,piI,piD,cam0Left,cam0Right,cam0Conf,cam0P,cam0I,cam0D,cam1Left,cam1Right,cam1Conf,cam1P,cam1I,cam1D
1551392193.84,34,32,0,0,0,0,0,0,0,0,0,0,0,0,34.0,32.3333333333,19.0384615385,-0.349529097041,-1.45758683892,-3.52936483835
1551392193.84,34,31,0,0,0,0,0,0,35.0,31.3333333333,17.1794871795,-3.22368705012,-6.36718689968,-4.66096171016,34.0,32.3333333333,19.0384615385,-0.349529097041,-1.45758683892,-3.52936483835
1551392193.85,34,31,0,0,0,0,0,0,35.0,31.3333333333,17.1794871795,-3.22368705012,-6.36718689968,-4.66096171016,34.0,32.3333333333,18.4358974359,-0.469112921727,-1.19790634119,-3.53471308621
1551392193.85,34,31,0,0,0,0,0,0,35.6666666667,30.6666666667,16.8076923077,-4.85712205116,-8.040715501,-5.5367758382,34.0,32.3333333333,18.4358974359,-0.469112921727,-1.19790634119,-3.53471308621
1551392193.86,36,29,43.0,23.3333333333,11.1303030303,-19.4805,-38.9609059982,0.0,35.6666666667,30.6666666667,16.8076923077,-4.85712205116,-8.040715501,-5.5367758382,34.0,32.3333333333,18.4358974359,-0.469112921727,-1.19790634119,-3.53471308621
1551392193.86,36,29,43.0,23.3333333333,11.1303030303,-19.4805,-38.9609059982,0.0,35.6666666667,30.6666666667,16.8076923077,-4.85712205116,-8.040715501,-5.5367758382,33.6666666667,32.6666666667,18.5384615385,0.0143323148375,-0.584620855757,-3.77060057564
1551392193.87,36,29,43.0,23.3333333333,11.1303030303,-19.4805,-38.9609059982,0.0,35.6666666667,30.6666666667,16.9871794872,-5.01184271237,-9.03220046287,-5.54256270613,33.6666666667,32.6666666667,18.5384615385,0.0143323148375,-0.584620855757,-3.77060057564
1551392193.88,36,29,43.0,23.3333333333,11.1303030303,-19.4805,-38.9609059982,0.0,35.6666666667,30.6666666667,16.9871794872,-5.01184271237,-9.03220046287,-5.54256270613,34.6666666667,31.6666666667,19.141025641,-2.36569790859,-2.65800833647,-4.08561706543
1551392193.88,36,29,43.0,23.3333333333,11.1303030303,-19.4805,-38.9609059982,0.0,35.0,31.3333333333,16.9871794872,-3.0709974804,-7.58709771183,-4.86324747677,34.6666666667,31.6666666667,19.141025641,-2.36569790859,-2.65800833647,-4.08561706543
1551392193.89,36,29,43.0,23.3333333333,11.1303030303,-19.4805,-38.9609059982,0.0,35.0,31.3333333333,16.9871794872,-3.0709974804,-7.58709771183,-4.86324747677,34.0,32.3333333333,18.6538461538,-0.264262338706,-1.59326650694,-3.62866140817
1551392193.89,36,29,43.0,23.3333333333,11.1303030303,-19.4805,-38.9609059982,0.0,35.0,31.3333333333,16.9358974359,-3.14562919714,-6.93917805306,-4.86324747677,34.0,32.3333333333,18.6538461538,-0.264262338706,-1.59326650694,-3.62866140817
1551392193.9,36,29,43.0,23.3333333333,11.1181818182,-19.4805,-38.9609529991,0.0,35.0,31.3333333333,16.9358974359,-3.14562919714,-6.93917805306,-4.86324747677,34.0,32.3333333333,18.6538461538,-0.264262338706,-1.59326650694,-3.62866140817
1551392193.9,36,29,43.0,23.3333333333,11.1181818182,-19.4805,-38.9609529991,0.0,35.0,31.3333333333,16.9358974359,-3.14562919714,-6.93917805306,-4.86324747677,34.0,32.3333333333,18.8717948718,-0.383835587049,-1.18046884052,-3.52936483835
1551392193.91,36,29,43.0,23.3333333333,11.1181818182,-19.4805,-38.9609529991,0.0,35.0,31.3333333333,17.0128205128,-3.19437542736,-6.66396445389,-4.7603879797,34.0,32.3333333333,18.8717948718,-0.383835587049,-1.18046884052,-3.52936483835
1551392193.91,36,29,43.0,23.3333333333,11.1181818182,-19.4805,-38.9609529991,0.0,35.0,31.3333333333,17.0128205128,-3.19437542736,-6.66396445389,-4.7603879797,34.0,32.3333333333,17.7948717949,-0.275317292607,-0.865551712867,-3.72744109077
1551392193.92,36,29,43.0,23.3333333333,11.1181818182,-19.4805,-38.9609529991,0.0,35.0,31.3333333333,16.9102564103,-3.01924596283,-6.35122818977,-4.96973856563,34.0,32.3333333333,17.7948717949,-0.275317292607,-0.865551712867,-3.72744109077
1551392193.94,36,29,43.0,23.3333333333,11.1181818182,-19.4805,-38.9609529991,0.0,35.0,31.3333333333,16.9102564103,-3.01924596283,-6.35122818977,-4.96973856563,34.0,32.3333333333,18.7948717949,-0.38947825596,-0.822254112393,-3.52936483835
1551392193.96,36,29,43.0,23.3333333333,11.1181818182,-19.4805,-38.9609529991,0.0,36.0,30.3333333333,16.9102564103,-5.08765856621,-8.2632726611,-5.54256270613,34.0,32.3333333333,18.7948717949,-0.38947825596,-0.822254112393,-3.52936483835
1551392193.97,36,29,43.0,23.3333333333,11.1121212121,-19.4805,-38.9609764996,0.0,36.0,30.3333333333,16.9102564103,-5.08765856621,-8.2632726611,-5.54256270613,34.0,32.3333333333,18.7948717949,-0.38947825596,-0.822254112393,-3.52936483835
1551392193.98,36,29,43.0,23.3333333333,11.1121212121,-19.4805,-38.9609764996,0.0,36.0,30.3333333333,16.9102564103,-5.08765856621,-8.2632726611,-5.54256270613,34.0,32.3333333333,18.8974358974,-0.389183834911,-0.800310891108,-3.53471308621
1551392193.99,36,29,43.0,23.3333333333,11.1121212121,-19.4805,-38.9609764996,0.0,35.0,31.3333333333,17.0128205128,-3.12100591744,-7.25264224799,-4.7603879797,34.0,32.3333333333,18.8974358974,-0.389183834911,-0.800310891108,-3.53471308621
1551392194.01,36,29,43.0,23.3333333333,11.1121212121,-19.4805,-38.9609764996,0.0,35.0,31.3333333333,17.0128205128,-3.12100591744,-7.25264224799,-4.7603879797,34.0,32.3333333333,18.2307692308,-0.193856877699,-0.594012323253,-3.72744109077
1551392194.02,36,29,43.0,23.3333333333,11.1121212121,-19.4805,-38.9609764996,0.0,35.0,31.3333333333,16.8846153846,-3.09518387388,-6.72150499787,-4.96973856563,34.0,32.3333333333,18.2307692308,-0.193856877699,-0.594012323253,-3.72744109077
1551392194.04,36,29,43.0,23.3333333333,11.1121212121,-19.4805,-38.9609764996,0.0,35.0,31.3333333333,16.8846153846,-3.09518387388,-6.72150499787,-4.96973856563,34.0,32.3333333333,18.3205128205,-0.170123978789,-0.467130140416,-3.70618559761
1551392194.06,36,29,43.0,23.3333333333,11.1303030303,-19.4805,-38.9609882498,0.0,35.0,31.3333333333,16.8846153846,-3.09518387388,-6.72150499787,-4.96973856563,34.0,32.3333333333,18.3205128205,-0.170123978789,-0.467130140416,-3.70618559761
1551392194.06,36,29,43.0,23.3333333333,11.1303030303,-19.4805,-38.9609882498,0.0,35.0,31.3333333333,16.9871794872,-3.19437542736,-6.5551279263,-4.7603879797,34.0,32.3333333333,18.3205128205,-0.170123978789,-0.467130140416,-3.70618559761
1551392194.08,36,29,43.0,23.3333333333,11.1303030303,-19.4805,-38.9609882498,0.0,35.0,31.3333333333,16.9871794872,-3.19437542736,-6.5551279263,-4.7603879797,33.6666666667,32.6666666667,18.4230769231,-0.139123089772,-0.37268815998,-3.70618559761
1551392194.09,36,29,43.0,23.3333333333,11.1303030303,-19.4805,-38.9609882498,0.0,35.0,31.3333333333,16.9615384615,-3.0709974804,-6.34856144355,-4.86324747677,33.6666666667,32.6666666667,18.4230769231,-0.139123089772,-0.37268815998,-3.70618559761
1551392194.12,36,29,43.0,23.3333333333,11.1303030303,-19.4805,-38.9609882498,0.0,35.0,31.3333333333,16.9615384615,-3.0709974804,-6.34856144355,-4.86324747677,34.0,32.3333333333,19.0769230769,-0.458612874548,-0.644956954538,-3.45792318796
1551392194.13,36,29,43.0,23.3333333333,11.1303030303,-19.4805,-38.9609882498,0.0,35.0,31.3333333333,16.9615384615,-3.14562919714,-6.31990991891,-4.86324747677,34.0,32.3333333333,19.0769230769,-0.458612874548,-0.644956954538,-3.45792318796
1551392194.14,36,29,43.0,23.3333333333,11.1303030303,-19.4805,-38.9609882498,0.0,35.0,31.3333333333,16.9615384615,-3.14562919714,-6.31990991891,-4.86324747677,34.0,32.3333333333,18.7435897436,-0.386665056988,-0.709143534257,-3.52936483835
1551392194.15,36,29,43.0,23.3333333333,11.1303030303,-19.4805,-38.9609941249,0.0,35.0,31.3333333333,16.9615384615,-3.14562919714,-6.31990991891,-4.86324747677,34.0,32.3333333333,18.7435897436,-0.386665056988,-0.709143534257,-3.52936483835
1551392194.16,36,29,43.0,23.3333333333,11.1303030303,-19.4805,-38.9609941249,0.0,35.0,31.3333333333,17.0512820513,-3.1377559632,-6.29771092266,-4.86324747677,34.0,32.3333333333,18.7435897436,-0.386665056988,-0.709143534257,-3.52936483835
1551392194.18,36,29,43.0,23.3333333333,11.1303030303,-19.4805,-38.9609941249,0.0,35.0,31.3333333333,17.0512820513,-3.1377559632,-6.29771092266,-4.86324747677,34.0,32.3333333333,18.7179487179,-0.153721439997,-0.508293207125,-3.70618559761
1551392194.19,36,29,43.0,23.3333333333,11.1303030303,-19.4805,-38.9609941249,0.0,35.3333333333,31.0,16.9615384615,-3.64382162089,-6.79267708222,-5.43607161726,34.0,32.3333333333,18.7179487179,-0.153721439997,-0.508293207125,-3.70618559761
1551392194.23,36,29,43.0,23.3333333333,11.1303030303,-19.4805,-38.9609941249,0.0,35.3333333333,31.0,16.9615384615,-3.64382162089,-6.79267708222,-5.43607161726,34.0,32.3333333333,18.1794871795,-0.197096018997,-0.451242622559,-3.72744109077
1551392194.24,36,29,43.0,23.3333333333,11.1303030303,-19.4805,-38.9609941249,0.0,35.0,31.3333333333,16.9615384615,-3.01924596283,-6.41558450394,-4.96973856563,34.0,32.3333333333,18.1794871795,-0.197096018997,-0.451242622559,-3.72744109077
1551392194.24,36,29,43.0,23.3333333333,11.1181818182,-19.4805,-38.9609970624,0.0,35.0,31.3333333333,16.9615384615,-3.01924596283,-6.41558450394,-4.96973856563,34.0,32.3333333333,18.1794871795,-0.197096018997,-0.451242622559,-3.72744109077
1551392194.25,36,29,43.0,23.3333333333,11.1181818182,-19.4805,-38.9609970624,0.0,35.0,31.3333333333,16.9615384615,-3.01924596283,-6.41558450394,-4.96973856563,34.0,32.3333333333,19.0128205128,-0.286747462256,-0.512368773535,-3.60338522409
1551392194.26,36,29,43.0,23.3333333333,11.1181818182,-19.4805,-38.9609970624,0.0,35.0,31.3333333333,16.8461538462,-3.02184328038,-6.22963553235,-4.96973856563,34.0,32.3333333333,19.0128205128,-0.286747462256,-0.512368773535,-3.60338522409
1551392194.28,36,29,43.0,23.3333333333,11.1181818182,-19.4805,-38.9609970624,0.0,35.0,31.3333333333,16.8461538462,-3.02184328038,-6.22963553235,-4.96973856563,34.0,32.3333333333,19.0769230769,-0.346632636504,-0.602817023272,-3.52936483835
1551392194.29,36,29,43.0,23.3333333333,11.1181818182,-19.4805,-38.9609970624,0.0,35.0,31.3333333333,16.8846153846,-3.14562919714,-6.26044696332,-4.86324747677,34.0,32.3333333333,19.0769230769,-0.346632636504,-0.602817023272,-3.52936483835
1551392194.31,36,29,43.0,23.3333333333,11.1181818182,-19.4805,-38.9609970624,0.0,35.0,31.3333333333,16.8846153846,-3.14562919714,-6.26044696332,-4.86324747677,34.0,32.3333333333,19.2564102564,-0.346632636504,-0.648041148141,-3.52936483835
1551392194.32,36,29,43.0,23.3333333333,11.1181818182,-19.4805,-38.9609970624,0.0,35.6666666667,30.6666666667,17.0128205128,-5.01184271237,-8.14206619403,-5.54256270613,34.0,32.3333333333,19.2564102564,-0.346632636504,-0.648041148141,-3.52936483835
1551392194.34,36,29,43.0,23.3333333333,11.1242424242,-19.4805,-38.9609985312,0.0,35.6666666667,30.6666666667,17.0128205128,-5.01184271237,-8.14206619403,-5.54256270613,34.0,32.3333333333,19.2564102564,-0.346632636504,-0.648041148141,-3.52936483835
1551392194.34,36,29,43.0,23.3333333333,11.1242424242,-19.4805,-38.9609985312,0.0,35.6666666667,30.6666666667,17.0128205128,-5.01184271237,-8.14206619403,-5.54256270613,34.0,32.3333333333,18.3717948718,-0.150003154729,-0.474023728799,-3.72744109077
1551392194.36,36,29,43.0,23.3333333333,11.1242424242,-19.4805,-38.9609985312,0.0,35.0,31.3333333333,17.1025641026,-3.10046466896,-7.17149776598,-4.7603879797,34.0,32.3333333333,18.3717948718,-0.150003154729,-0.474023728799,-3.72744109077
1551392194.38,36,29,43.0,23.3333333333,11.1242424242,-19.4805,-38.9609985312,0.0,35.0,31.3333333333,17.1025641026,-3.10046466896,-7.17149776598,-4.7603879797,34.0,32.3333333333,19.0128205128,-0.354877344903,-0.591889209302,-3.53471308621
1551392194.39,36,29,43.0,23.3333333333,11.1242424242,-19.4805,-38.9609985312,0.0,35.0,31.3333333333,16.9871794872,-3.2414924183,-6.82724130129,-4.66096171016,34.0,32.3333333333,19.0128205128,-0.354877344903,-0.591889209302,-3.53471308621
1551392194.42,36,29,43.0,23.3333333333,11.1242424242,-19.4805,-38.9609985312,0.0,35.0,31.3333333333,16.9871794872,-3.2414924183,-6.82724130129,-4.66096171016,34.0,32.3333333333,18.0,-0.386110906881,-0.682055511532,-3.62866140817
1551392194.42,36,29,43.0,23.3333333333,11.1242424242,-19.4805,-38.9609985312,0.0,35.3333333333,31.0,17.0384615385,-3.81431655879,-7.22793720944,-5.23378585066,34.0,32.3333333333,18.0,-0.386110906881,-0.682055511532,-3.62866140817
1551392194.43,36,29,43.0,23.3333333333,11.1303030303,-19.4805,-38.9609992656,0.0,35.3333333333,31.0,17.0384615385,-3.81431655879,-7.22793720944,-5.23378585066,34.0,32.3333333333,18.0,-0.386110906881,-0.682055511532,-3.62866140817
1551392194.45,36,29,43.0,23.3333333333,11.1303030303,-19.4805,-38.9609992656,0.0,35.3333333333,31.0,17.0384615385,-3.81431655879,-7.22793720944,-5.23378585066,34.0,32.3333333333,17.9358974359,-0.172196085722,-0.513223841488,-3.75431944771
1551392194.46,36,29,43.0,23.3333333333,11.1303030303,-19.4805,-38.9609992656,0.0,35.0,31.3333333333,16.7051282051,-3.0570083022,-6.67097690692,-4.74881774974,34.0,32.3333333333,17.9358974359,-0.172196085722,-0.513223841488,-3.75431944771
1551392194.48,36,29,43.0,23.3333333333,11.1303030303,-19.4805,-38.9609992656,0.0,35.0,31.3333333333,16.7051282051,-3.0570083022,-6.67097690692,-4.74881774974,34.0,32.3333333333,18.2820512821,-0.170123978789,-0.426735899533,-3.70618559761
1551392194.49,36,29,43.0,23.3333333333,11.1303030303,-19.4805,-38.9609992656,0.0,35.0,31.3333333333,16.9358974359,-3.04294611773,-6.37843457119,-5.08006723995,34.0,32.3333333333,18.2820512821,-0.170123978789,-0.426735899533,-3.70618559761
1551392194.51,36,29,43.0,23.3333333333,11.1303030303,-19.4805,-38.9609992656,0.0,35.0,31.3333333333,16.9358974359,-3.04294611773,-6.37843457119,-5.08006723995,34.0,32.3333333333,19.0641025641,-0.346632636504,-0.560000586271,-3.52936483835
1551392194.52,36,29,43.0,23.3333333333,11.1303030303,-19.4805,-38.9609992656,0.0,35.0,31.3333333333,17.2307692308,-3.04854494207,-6.23776222766,-4.86324747677,34.0,32.3333333333,19.0641025641,-0.346632636504,-0.560000586271,-3.52936483835
1551392194.53,36,29,43.0,23.3333333333,11.1060606061,-19.4805,-38.9609996328,0.0,35.0,31.3333333333,17.2307692308,-3.04854494207,-6.23776222766,-4.86324747677,34.0,32.3333333333,19.0641025641,-0.346632636504,-0.560000586271,-3.52936483835
1551392194.54,36,29,43.0,23.3333333333,11.1060606061,-19.4805,-38.9609996328,0.0,35.0,31.3333333333,17.2307692308,-3.04854494207,-6.23776222766,-4.86324747677,34.0,32.3333333333,18.3846153846,-0.236355713314,-0.51635600645,-3.62320830269
1551392194.56,36,29,43.0,23.3333333333,11.1060606061,-19.4805,-38.9609996328,0.0,35.0,31.3333333333,16.9102564103,-3.01924596283,-6.13812707666,-4.96973856563,34.0,32.3333333333,18.3846153846,-0.236355713314,-0.51635600645,-3.62320830269
1551392194.58,36,29,43.0,23.3333333333,11.1060606061,-19.4805,-38.9609996328,0.0,35.0,31.3333333333,16.9102564103,-3.01924596283,-6.13812707666,-4.96973856563,34.0,32.3333333333,18.4358974359,-0.160307252903,-0.418485256128,-3.70618559761
1551392194.59,36,29,43.0,23.3333333333,11.1060606061,-19.4805,-38.9609996328,0.0,35.3333333333,31.0,17.0128205128,-3.69383005793,-6.76289359626,-5.33321212019,34.0,32.3333333333,18.4358974359,-0.160307252903,-0.418485256128,-3.70618559761
1551392194.61,36,29,43.0,23.3333333333,11.1060606061,-19.4805,-38.9609996328,0.0,35.3333333333,31.0,17.0128205128,-3.69383005793,-6.76289359626,-5.33321212019,34.0,32.3333333333,19.0512820513,-0.351980884367,-0.561223512431,-3.53471308621
1551392194.62,36,29,43.0,23.3333333333,11.1121212121,-19.4805,-38.9609998164,0.0,35.3333333333,31.0,17.0128205128,-3.69383005793,-6.76289359626,-5.33321212019,34.0,32.3333333333,19.0512820513,-0.351980884367,-0.561223512431,-3.53471308621
1551392194.62,36,29,43.0,23.3333333333,11.1121212121,-19.4805,-38.9609998164,0.0,35.3333333333,31.0,16.9615384615,-3.76719956785,-7.14864636599,-5.33321212019,34.0,32.3333333333,19.0512820513,-0.351980884367,-0.561223512431,-3.53471308621
1551392194.64,36,29,43.0,23.3333333333,11.1121212121,-19.4805,-38.9609998164,0.0,35.3333333333,31.0,16.9615384615,-3.76719956785,-7.14864636599,-5.33321212019,34.0,32.3333333333,18.5512820513,-0.166857773856,-0.447469530071,-3.70618559761
1551392194.66,36,29,43.0,23.3333333333,11.1121212121,-19.4805,-38.9609998164,0.0,35.6666666667,30.6666666667,16.9615384615,-5.063547203,-8.63787038599,-5.43607161726,34.0,32.3333333333,18.5512820513,-0.166857773856,-0.447469530071,-3.70618559761
1551392194.68,36,29,43.0,23.3333333333,11.1121212121,-19.4805,-38.9609998164,0.0,35.6666666667,30.6666666667,16.9615384615,-5.063547203,-8.63787038599,-5.43607161726,34.0,32.3333333333,19.1666666667,-0.346632636504,-0.57036740154,-3.52936483835
1551392194.7,36,29,43.0,23.3333333333,11.1121212121,-19.4805,-38.9609998164,0.0,35.0,31.3333333333,17.0128205128,-3.16934256666,-7.48827775965,-4.66096171016,34.0,32.3333333333,19.1666666667,-0.346632636504,-0.57036740154,-3.52936483835
1551392194.71,36,29,43.0,23.3333333333,11.1121212121,-19.4805,-38.9609998164,0.0,35.0,31.3333333333,17.0128205128,-3.16934256666,-7.48827775965,-4.66096171016,34.0,32.3333333333,19.3333333333,-0.34374208457,-0.62892578534,-3.52936483835
1551392194.72,36,29,43.0,23.3333333333,11.1363636364,-19.4805,-38.9609999082,0.0,35.0,31.3333333333,17.0128205128,-3.16934256666,-7.48827775965,-4.66096171016,34.0,32.3333333333,19.3333333333,-0.34374208457,-0.62892578534,-3.52936483835
1551392194.73,36,29,43.0,23.3333333333,11.1363636364,-19.4805,-38.9609999082,0.0,35.0,31.3333333333,17.0384615385,-3.0709974804,-6.81513636022,-4.86324747677,34.0,32.3333333333,19.3333333333,-0.34374208457,-0.62892578534,-3.52936483835
1551392194.74,36,29,43.0,23.3333333333,11.1363636364,-19.4805,-38.9609999082,0.0,35.0,31.3333333333,17.0384615385,-3.0709974804,-6.81513636022,-4.86324747677,34.0,32.3333333333,18.3076923077,-0.190611357319,-0.505074249989,-3.72744109077
1551392194.76,36,29,43.0,23.3333333333,11.1363636364,-19.4805,-38.9609999082,0.0,35.0,31.3333333333,16.9102564103,-3.01924596283,-6.42681414294,-4.96973856563,34.0,32.3333333333,18.3076923077,-0.190611357319,-0.505074249989,-3.72744109077
1551392194.78,36,29,43.0,23.3333333333,11.1363636364,-19.4805,-38.9609999082,0.0,35.0,31.3333333333,16.9102564103,-3.01924596283,-6.42681414294,-4.96973856563,34.0,32.3333333333,19.1923076923,-0.283685463805,-0.536222588799,-3.60338522409
1551392194.79,36,29,43.0,23.3333333333,11.1363636364,-19.4805,-38.9609999082,0.0,35.0,31.3333333333,17.0128205128,-3.19437542736,-6.40778249883,-4.7603879797,34.0,32.3333333333,19.1923076923,-0.283685463805,-0.536222588799,-3.60338522409
1551392194.81,36,29,43.0,23.3333333333,11.1181818182,-19.4805,-38.9609999541,0.0,35.0,31.3333333333,17.0128205128,-3.19437542736,-6.40778249883,-4.7603879797,34.0,32.3333333333,19.1923076923,-0.283685463805,-0.536222588799,-3.60338522409
1551392194.81,36,29,43.0,23.3333333333,11.1181818182,-19.4805,-38.9609999541,0.0,35.0,31.3333333333,17.0128205128,-3.19437542736,-6.40778249883,-4.7603879797,34.0,32.3333333333,18.358974359,-0.187349518611,-0.455460813011,-3.72744109077
1551392194.82,36,29,43.0,23.3333333333,11.1181818182,-19.4805,-38.9609999541,0.0,35.0,31.3333333333,17.1025641026,-3.22368705012,-6.42757829953,-4.66096171016,34.0,32.3333333333,18.358974359,-0.187349518611,-0.455460813011,-3.72744109077
1551392194.84,36,29,43.0,23.3333333333,11.1181818182,-19.4805,-38.9609999541,0.0,35.0,31.3333333333,17.1025641026,-3.22368705012,-6.42757829953,-4.66096171016,34.0,32.3333333333,19.141025641,-0.378173153802,-0.605903560308,-3.52936483835
1551392194.86,36,29,43.0,23.3333333333,11.1181818182,-19.4805,-38.9609999541,0.0,35.0,31.3333333333,16.9358974359,-3.01924596283,-6.2330351126,-4.96973856563,34.0,32.3333333333,19.141025641,-0.378173153802,-0.605903560308,-3.52936483835
1551392194.88,36,29,43.0,23.3333333333,11.1181818182,-19.4805,-38.9609999541,0.0,35.0,31.3333333333,16.9358974359,-3.01924596283,-6.2330351126,-4.96973856563,34.0,32.3333333333,18.9743589744,-0.3581757046,-0.661127484754,-3.52936483835
1551392194.89,34,31,0.0,0.0,0.0,0.0,0.0,0.0,35.0,31.3333333333,16.9358974359,-3.01924596283,-6.2330351126,-4.96973856563,34.0,32.3333333333,18.9743589744,-0.3581757046,-0.661127484754,-3.52936483835
1551392194.89,34,31,0.0,0.0,0.0,0.0,0.0,0.0,35.0,31.3333333333,16.9358974359,-3.09518387388,-6.21170143017,-4.96973856563,34.0,32.3333333333,18.9743589744,-0.3581757046,-0.661127484754,-3.52936483835
1551392194.92,34,31,0.0,0.0,0.0,0.0,0.0,0.0,35.0,31.3333333333,16.9358974359,-3.09518387388,-6.21170143017,-4.96973856563,34.0,32.3333333333,18.8461538462,-0.386665056988,-0.717228799365,-3.52936483835
1551392194.92,34,31,0.0,0.0,0.0,0.0,0.0,0.0,36.0,30.3333333333,16.9102564103,-5.08765856621,-8.1935092813,-5.54256270613,34.0,32.3333333333,18.8461538462,-0.386665056988,-0.717228799365,-3.52936483835
1551392194.94,34,31,0.0,0.0,0.0,0.0,0.0,0.0,36.0,30.3333333333,16.9102564103,-5.08765856621,-8.1935092813,-5.54256270613,34.0,32.3333333333,19.0,-0.346632636504,-0.705247036187,-3.52936483835
1551392194.96,34,31,0.0,0.0,0.0,0.0,0.0,0.0,35.0,31.3333333333,16.9871794872,-3.0709974804,-7.16775212105,-4.86324747677,34.0,32.3333333333,19.0,-0.346632636504,-0.705247036187,-3.52936483835
1551392194.98,34,31,0.0,0.0,0.0,0.0,0.0,0.0,35.0,31.3333333333,16.9871794872,-3.0709974804,-7.16775212105,-4.86324747677,34.0,32.3333333333,18.9615384615,-0.274692175668,-0.627315693761,-3.62866140817
1551392194.99,34,31,0.0,0.0,0.0,0.0,0.0,0.0,35.0,31.3333333333,17.0128205128,-3.19437542736,-6.77825148788,-4.7603879797,34.0,32.3333333333,18.9615384615,-0.274692175668,-0.627315693761,-3.62866140817
1551392195.01,34,31,0.0,0.0,0.0,0.0,0.0,0.0,35.0,31.3333333333,17.0128205128,-3.19437542736,-6.77825148788,-4.7603879797,34.0,32.3333333333,18.141025641,-0.160307252903,-0.473965099784,-3.70618559761
1551392195.02,34,31,0.0,0.0,0.0,0.0,0.0,0.0,35.0,31.3333333333,16.9615384615,-3.14562919714,-6.53475494108,-4.86324747677,34.0,32.3333333333,18.141025641,-0.160307252903,-0.473965099784,-3.70618559761
1551392195.05,34,31,0.0,0.0,0.0,0.0,0.0,0.0,35.0,31.3333333333,16.9615384615,-3.14562919714,-6.53475494108,-4.86324747677,34.0,32.3333333333,18.0897435897,-0.222934488488,-0.45991703838,-3.67468382759
1551392195.06,34,31,0.0,0.0,0.0,0.0,0.0,0.0,35.0,31.3333333333,16.6538461538,-3.0570083022,-6.32438577274,-4.74881774974,34.0,32.3333333333,18.0897435897,-0.222934488488,-0.45991703838,-3.67468382759
1551392195.08,34,31,0.0,0.0,0.0,0.0,0.0,0.0,35.0,31.3333333333,16.6538461538,-3.0570083022,-6.32438577274,-4.74881774974,34.0,32.3333333333,18.7948717949,-0.386665056988,-0.616623576178,-3.52936483835
1551392195.09,34,31,0.0,0.0,0.0,0.0,0.0,0.0,35.0,31.3333333333,17.0128205128,-3.0709974804,-6.23319036677,-4.86324747677,34.0,32.3333333333,18.7948717949,-0.386665056988,-0.616623576178,-3.52936483835
1551392195.11,34,31,0.0,0.0,0.0,0.0,0.0,0.0,35.0,31.3333333333,17.0128205128,-3.0709974804,-6.23319036677,-4.86324747677,34.0,32.3333333333,18.5641025641,-0.166857773856,-0.475169561945,-3.70618559761
1551392195.12,34,31,0.0,0.0,0.0,0.0,0.0,0.0,35.0,31.3333333333,16.9358974359,-3.14562919714,-6.26222438053,-4.86324747677,34.0,32.3333333333,18.5641025641,-0.166857773856,-0.475169561945,-3.70618559761
1551392195.14,34,31,0.0,0.0,0.0,0.0,0.0,0.0,35.0,31.3333333333,16.9358974359,-3.14562919714,-6.26222438053,-4.86324747677,34.0,32.3333333333,18.8461538462,-0.386665056988,-0.62424983796,-3.52936483835
1551392195.16,34,31,0.0,0.0,0.0,0.0,0.0,0.0,35.0,31.3333333333,16.9615384615,-3.2414924183,-6.37260460856,-4.66096171016,34.0,32.3333333333,18.8461538462,-0.386665056988,-0.62424983796,-3.52936483835
1551392195.18,34,32,0.0,0.0,0.0,0.0,0.0,0.0,35.0,31.3333333333,16.9615384615,-3.2414924183,-6.37260460856,-4.66096171016,33.6666666667,32.6666666667,18.4871794872,0.0676384034725,-0.244486515508,-3.77060057564
1551392195.19,34,32,0.0,0.0,0.0,0.0,0.0,0.0,35.0,31.3333333333,16.9615384615,-3.14562919714,-6.33193150142,-4.86324747677,33.6666666667,32.6666666667,18.4871794872,0.0676384034725,-0.244486515508,-3.77060057564
1551392195.22,34,31,0.0,0.0,0.0,0.0,0.0,0.0,35.0,31.3333333333,16.9615384615,-3.14562919714,-6.33193150142,-4.86324747677,34.0,32.3333333333,19.0256410256,-0.346632636504,-0.468875894258,-3.52936483835
1551392195.22,34,31,0.0,0.0,0.0,0.0,0.0,0.0,35.0,31.3333333333,16.9615384615,-3.09518387388,-6.26114962459,-4.96973856563,34.0,32.3333333333,19.0256410256,-0.346632636504,-0.468875894258,-3.52936483835
1551392195.24,34,31,0.0,0.0,0.0,0.0,0.0,0.0,35.0,31.3333333333,16.9615384615,-3.09518387388,-6.26114962459,-4.96973856563,34.0,32.3333333333,18.8205128205,-0.38947825596,-0.623916203089,-3.52936483835
1551392195.26,34,31,0.0,0.0,0.0,0.0,0.0,0.0,35.6666666667,30.6666666667,16.9358974359,-5.01184271237,-8.14241752467,-5.54256270613,34.0,32.3333333333,18.8205128205,-0.38947825596,-0.623916203089,-3.52936483835
1551392195.28,34,31,0.0,0.0,0.0,0.0,0.0,0.0,35.6666666667,30.6666666667,16.9358974359,-5.01184271237,-8.14241752467,-5.54256270613,34.0,32.3333333333,18.9102564103,-0.378173153802,-0.690131255347,-3.52936483835
1551392195.29,34,31,0.0,0.0,0.0,0.0,0.0,0.0,35.0,31.3333333333,16.9871794872,-3.19437542736,-7.26558418969,-4.7603879797,34.0,32.3333333333,18.9102564103,-0.378173153802,-0.690131255347,-3.52936483835
1551392195.31,34,31,0.0,0.0,0.0,0.0,0.0,0.0,35.0,31.3333333333,16.9871794872,-3.19437542736,-7.26558418969,-4.7603879797,34.0,32.3333333333,18.6794871795,-0.392286050864,-0.737351678537,-3.52936483835
1551392195.32,34,31,0.0,0.0,0.0,0.0,0.0,0.0,35.0,31.3333333333,16.8717948718,-3.12310375641,-6.75589585125,-4.7603879797,34.0,32.3333333333,18.6794871795,-0.392286050864,-0.737351678537,-3.52936483835
1551392195.34,34,31,0.0,0.0,0.0,0.0,0.0,0.0,35.0,31.3333333333,16.8717948718,-3.12310375641,-6.75589585125,-4.7603879797,34.0,32.3333333333,18.3461538462,-0.170123978789,-0.538799818058,-3.70618559761
1551392195.36,34,31,0.0,0.0,0.0,0.0,0.0,0.0,35.0,31.3333333333,16.9358974359,-3.14562919714,-6.52357712277,-4.86324747677,34.0,32.3333333333,18.3461538462,-0.170123978789,-0.538799818058,-3.70618559761
1551392195.38,34,31,0.0,0.0,0.0,0.0,0.0,0.0,35.0,31.3333333333,16.9358974359,-3.14562919714,-6.52357712277,-4.86324747677,34.0,32.3333333333,18.4358974359,-0.157022630293,-0.426422539321,-3.70618559761
1551392195.39,34,31,0.0,0.0,0.0,0.0,0.0,0.0,35.0,31.3333333333,16.9871794872,-3.19437542736,-6.45616398874,-4.7603879797,34.0,32.3333333333,18.4358974359,-0.157022630293,-0.426422539321,-3.70618559761
1551392195.41,34,31,0.0,0.0,0.0,0.0,0.0,0.0,35.0,31.3333333333,16.9871794872,-3.19437542736,-6.45616398874,-4.7603879797,34.0,32.3333333333,18.8717948718,-0.386665056988,-0.599876326648,-3.52936483835
1551392195.42,34,31,0.0,0.0,0.0,0.0,0.0,0.0,35.0,31.3333333333,17.0128205128,-3.12100591744,-6.34908791182,-4.7603879797,34.0,32.3333333333,18.8717948718,-0.386665056988,-0.599876326648,-3.52936483835
1551392195.44,34,31,0.0,0.0,0.0,0.0,0.0,0.0,35.0,31.3333333333,17.0128205128,-3.12100591744,-6.34908791182,-4.7603879797,34.0,32.3333333333,19.0384615385,-0.295331261106,-0.59526942443,-3.62866140817
1551392195.46,34,31,0.0,0.0,0.0,0.0,0.0,0.0,35.0,31.3333333333,17.2435897436,-2.98323745817,-6.15778141408,-4.95816833568,34.0,32.3333333333,19.0384615385,-0.295331261106,-0.59526942443,-3.62866140817
1551392195.48,34,31,0.0,0.0,0.0,0.0,0.0,0.0,35.0,31.3333333333,17.2435897436,-2.98323745817,-6.15778141408,-4.95816833568,34.0,32.3333333333,18.9615384615,-0.352420126321,-0.650054838536,-3.52936483835
1551392195.49,34,31,0.0,0.0,0.0,0.0,0.0,0.0,35.0,31.3333333333,16.9615384615,-3.14562919714,-6.22451990418,-4.86324747677,34.0,32.3333333333,18.9615384615,-0.352420126321,-0.650054838536,-3.52936483835
1551392195.5,36,29,43.0,23.3333333333,11.1181818182,-19.4805,-38.9609999771,0.0,35.0,31.3333333333,16.9615384615,-3.14562919714,-6.22451990418,-4.86324747677,34.0,32.3333333333,18.9615384615,-0.352420126321,-0.650054838536,-3.52936483835
1551392195.52,36,29,43.0,23.3333333333,11.1181818182,-19.4805,-38.9609999771,0.0,35.0,31.3333333333,16.9615384615,-3.14562919714,-6.22451990418,-4.86324747677,34.0,32.3333333333,19.0641025641,-0.349529097041,-0.674556516309,-3.52936483835
1551392195.52,36,29,43.0,23.3333333333,11.1181818182,-19.4805,-38.9609999771,0.0,35.0,31.3333333333,16.9871794872,-3.13405896719,-6.24631891928,-4.85167724681,34.0,32.3333333333,19.0641025641,-0.349529097041,-0.674556516309,-3.52936483835
1551392195.54,36,29,43.0,23.3333333333,11.1181818182,-19.4805,-38.9609999771,0.0,35.0,31.3333333333,16.9871794872,-3.13405896719,-6.24631891928,-4.85167724681,34.6666666667,31.6666666667,18.2948717949,-1.95609397327,-2.29337223143,-4.46715545654
1551392195.56,36,29,43.0,23.3333333333,11.1181818182,-19.4805,-38.9609999771,0.0,35.0,31.3333333333,16.6538461538,-3.00762640254,-6.13078586218,-4.85167724681,34.6666666667,31.6666666667,18.2948717949,-1.95609397327,-2.29337223143,-4.46715545654
1551392195.58,36,29,43.0,23.3333333333,11.1181818182,-19.4805,-38.9609999771,0.0,35.0,31.3333333333,16.6538461538,-3.00762640254,-6.13078586218,-4.85167724681,34.0,32.3333333333,18.1794871795,-0.193856877699,-1.34054299341,-3.72744109077
1551392195.59,36,29,43.0,23.3333333333,11.1181818182,-19.4805,-38.9609999771,0.0,35.0,31.3333333333,16.9358974359,-3.0709974804,-6.13639041149,-4.86324747677,34.0,32.3333333333,18.1794871795,-0.193856877699,-1.34054299341,-3.72744109077
1551392195.6,36,29,43.0,23.3333333333,11.1363636364,-19.4805,-38.9609999885,0.0,35.0,31.3333333333,16.9358974359,-3.0709974804,-6.13639041149,-4.86324747677,34.0,32.3333333333,18.1794871795,-0.193856877699,-1.34054299341,-3.72744109077
1551392195.61,36,29,43.0,23.3333333333,11.1363636364,-19.4805,-38.9609999885,0.0,35.0,31.3333333333,16.9358974359,-3.0709974804,-6.13639041149,-4.86324747677,34.0,32.3333333333,18.8205128205,-0.438090835371,-1.10836233208,-3.52936483835
1551392195.62,36,29,43.0,23.3333333333,11.1363636364,-19.4805,-38.9609999885,0.0,35.0,31.3333333333,16.9615384615,-3.01924596283,-6.08744116857,-4.96973856563,34.0,32.3333333333,18.8205128205,-0.438090835371,-1.10836233208,-3.52936483835
1551392195.64,36,29,43.0,23.3333333333,11.1363636364,-19.4805,-38.9609999885,0.0,35.0,31.3333333333,16.9615384615,-3.01924596283,-6.08744116857,-4.96973856563,34.0,32.3333333333,19.0897435897,-0.283685463805,-0.837866629843,-3.60338522409
1551392195.66,36,29,43.0,23.3333333333,11.1363636364,-19.4805,-38.9609999885,0.0,35.0,31.3333333333,16.9871794872,-3.0709974804,-6.11471806468,-4.86324747677,34.0,32.3333333333,19.0897435897,-0.283685463805,-0.837866629843,-3.60338522409
1551392195.68,36,29,43.0,23.3333333333,11.1363636364,-19.4805,-38.9609999885,0.0,35.0,31.3333333333,16.9871794872,-3.0709974804,-6.11471806468,-4.86324747677,34.0,32.3333333333,19.0128205128,-0.349529097041,-0.768462411962,-3.52936483835
1551392195.69,36,29,43.0,23.3333333333,11.1303030303,-19.4805,-38.9609999943,0.0,35.0,31.3333333333,16.9871794872,-3.0709974804,-6.11471806468,-4.86324747677,34.0,32.3333333333,19.0128205128,-0.349529097041,-0.768462411962,-3.52936483835
1551392195.69,36,29,43.0,23.3333333333,11.1303030303,-19.4805,-38.9609999943,0.0,35.0,31.3333333333,16.9615384615,-3.2414924183,-6.29885145064,-4.66096171016,34.0,32.3333333333,19.0128205128,-0.349529097041,-0.768462411962,-3.52936483835
1551392195.72,36,29,43.0,23.3333333333,11.1303030303,-19.4805,-38.9609999943,0.0,35.0,31.3333333333,16.9615384615,-3.2414924183,-6.29885145064,-4.66096171016,34.0,32.3333333333,18.6923076923,-0.392286050864,-0.776517256845,-3.52936483835
1551392195.72,36,29,43.0,23.3333333333,11.1303030303,-19.4805,-38.9609999943,0.0,35.0,31.3333333333,17.0384615385,-3.2414924183,-6.39091814362,-4.66096171016,34.0,32.3333333333,18.6923076923,-0.392286050864,-0.776517256845,-3.52936483835
1551392195.74,36,29,43.0,23.3333333333,11.1303030303,-19.4805,-38.9609999943,0.0,35.0,31.3333333333,17.0384615385,-3.2414924183,-6.39091814362,-4.66096171016,33.6666666667,32.6666666667,18.8076923077,0.0477926454398,-0.340465982983,-3.70618559761
1551392195.76,36,29,43.0,23.3333333333,11.1303030303,-19.4805,-38.9609999943,0.0,35.0,31.3333333333,16.9358974359,-3.09518387388,-6.29064294569,-4.96973856563,33.6666666667,32.6666666667,18.8076923077,0.0477926454398,-0.340465982983,-3.70618559761
1551392195.77,36,29,43.0,23.3333333333,11.1242424242,-19.4805,-38.9609999971,0.0,35.0,31.3333333333,16.9358974359,-3.09518387388,-6.29064294569,-4.96973856563,33.6666666667,32.6666666667,18.8076923077,0.0477926454398,-0.340465982983,-3.70618559761
1551392195.78,36,29,43.0,23.3333333333,11.1242424242,-19.4805,-38.9609999971,0.0,35.0,31.3333333333,16.9358974359,-3.09518387388,-6.29064294569,-4.96973856563,34.0,32.3333333333,18.5256410256,-0.157022630293,-0.327255621784,-3.70618559761
1551392195.79,36,29,43.0,23.3333333333,11.1242424242,-19.4805,-38.9609999971,0.0,35.0,31.3333333333,16.9102564103,-3.01924596283,-6.16456743567,-4.96973856563,34.0,32.3333333333,18.5256410256,-0.157022630293,-0.327255621784,-3.70618559761
1551392195.81,36,29,43.0,23.3333333333,11.1242424242,-19.4805,-38.9609999971,0.0,35.0,31.3333333333,16.9102564103,-3.01924596283,-6.16456743567,-4.96973856563,34.0,32.3333333333,18.2564102564,-0.190611357319,-0.354239168211,-3.72744109077
1551392195.82,36,29,43.0,23.3333333333,11.1242424242,-19.4805,-38.9609999971,0.0,35.0,31.3333333333,17.1025641026,-3.1377559632,-6.22003968104,-4.86324747677,34.0,32.3333333333,18.2564102564,-0.190611357319,-0.354239168211,-3.72744109077
1551392195.84,36,29,43.0,23.3333333333,11.1242424242,-19.4805,-38.9609999971,0.0,35.0,31.3333333333,17.1025641026,-3.1377559632,-6.22003968104,-4.86324747677,33.6666666667,32.6666666667,18.4615384615,-0.104026559839,-0.281146143945,-3.70618559761
1551392195.86,36,29,43.0,23.3333333333,11.1242424242,-19.4805,-38.9609999971,0.0,35.0,31.3333333333,17.1025641026,-3.04854494207,-6.15856478258,-4.86324747677,33.6666666667,32.6666666667,18.4615384615,-0.104026559839,-0.281146143945,-3.70618559761
1551392195.87,36,29,43.0,23.3333333333,11.1181818182,-19.4805,-38.9609999986,0.0,35.0,31.3333333333,17.1025641026,-3.04854494207,-6.15856478258,-4.86324747677,33.6666666667,32.6666666667,18.4615384615,-0.104026559839,-0.281146143945,-3.70618559761
1551392195.88,36,29,43.0,23.3333333333,11.1181818182,-19.4805,-38.9609999986,0.0,35.0,31.3333333333,17.1025641026,-3.04854494207,-6.15856478258,-4.86324747677,34.0,32.3333333333,19.0,-0.346632636504,-0.487205708477,-3.52936483835
1551392195.89,36,29,43.0,23.3333333333,11.1181818182,-19.4805,-38.9609999986,0.0,35.3333333333,31.0,17.0128205128,-3.76719956785,-6.84648195915,-5.33321212019,34.0,32.3333333333,19.0,-0.346632636504,-0.487205708477,-3.52936483835
1551392195.91,36,29,43.0,23.3333333333,11.1181818182,-19.4805,-38.9609999986,0.0,35.3333333333,31.0,17.0128205128,-3.76719956785,-6.84648195915,-5.33321212019,34.0,32.3333333333,18.2820512821,-0.172196085722,-0.41579893996,-3.75431944771
1551392195.92,36,29,43.0,23.3333333333,11.1181818182,-19.4805,-38.9609999986,0.0,35.0,31.3333333333,16.9358974359,-3.09518387388,-6.51842485345,-4.96973856563,34.0,32.3333333333,18.2820512821,-0.172196085722,-0.41579893996,-3.75431944771
1551392195.94,36,29,43.0,23.3333333333,11.1181818182,-19.4805,-38.9609999986,0.0,35.0,31.3333333333,16.9358974359,-3.09518387388,-6.51842485345,-4.96973856563,33.6666666667,32.6666666667,19.2435897436,-0.096730794657,-0.304630264637,-3.7116387031
1551392195.96,36,29,43.0,23.3333333333,11.1181818182,-19.4805,-38.9609999986,0.0,35.0,31.3333333333,16.9615384615,-3.0709974804,-6.33020990712,-4.86324747677,33.6666666667,32.6666666667,19.2435897436,-0.096730794657,-0.304630264637,-3.7116387031
1551392195.96,36,29,43.0,23.3333333333,11.1181818182,-19.4805,-38.9609999993,0.0,35.0,31.3333333333,16.9615384615,-3.0709974804,-6.33020990712,-4.86324747677,33.6666666667,32.6666666667,19.2435897436,-0.096730794657,-0.304630264637,-3.7116387031
1551392195.98,36,29,43.0,23.3333333333,11.1181818182,-19.4805,-38.9609999993,0.0,35.0,31.3333333333,16.9615384615,-3.0709974804,-6.33020990712,-4.86324747677,34.0,32.3333333333,19.1025641026,-0.34374208457,-0.496057216888,-3.52936483835
1551392195.99,36,29,43.0,23.3333333333,11.1181818182,-19.4805,-38.9609999993,0.0,35.0,31.3333333333,17.0128205128,-3.14562919714,-6.3107341507,-4.86324747677,34.0,32.3333333333,19.1025641026,-0.34374208457,-0.496057216888,-3.52936483835
1551392196.01,36,29,43.0,23.3333333333,11.1181818182,-19.4805,-38.9609999993,0.0,35.0,31.3333333333,17.0128205128,-3.14562919714,-6.3107341507,-4.86324747677,34.6666666667,31.6666666667,18.7435897436,-2.20907643542,-2.45710504386,-4.23638916016
1551392196.02,36,29,43.0,23.3333333333,11.1181818182,-19.4805,-38.9609999993,0.0,35.0,31.3333333333,16.7307692308,-2.93391803864,-6.08928511399,-4.85167724681,34.6666666667,31.6666666667,18.7435897436,-2.20907643542,-2.45710504386,-4.23638916016
1551392196.04,36,29,43.0,23.3333333333,11.1181818182,-19.4805,-38.9609999993,0.0,35.0,31.3333333333,16.7307692308,-2.93391803864,-6.08928511399,-4.85167724681,34.0,32.3333333333,18.3333333333,-0.20645939558,-1.43501191751,-3.67468382759
1551392196.06,36,29,43.0,23.3333333333,11.1303030303,-19.4805,-38.9609999996,0.0,35.0,31.3333333333,16.7307692308,-2.93391803864,-6.08928511399,-4.85167724681,34.0,32.3333333333,18.3333333333,-0.20645939558,-1.43501191751,-3.67468382759
1551392196.06,36,29,43.0,23.3333333333,11.1303030303,-19.4805,-38.9609999996,0.0,35.0,31.3333333333,17.0256410256,-3.01349625501,-6.05813881201,-4.64939148021,34.0,32.3333333333,18.3333333333,-0.20645939558,-1.43501191751,-3.67468382759
1551392196.08,36,29,43.0,23.3333333333,11.1303030303,-19.4805,-38.9609999996,0.0,35.0,31.3333333333,17.0256410256,-3.01349625501,-6.05813881201,-4.64939148021,34.0,32.3333333333,18.5897435897,-0.153721439997,-0.871227398752,-3.70618559761
1551392196.09,36,29,43.0,23.3333333333,11.1303030303,-19.4805,-38.9609999996,0.0,35.3333333333,31.0,17.1794871795,-3.79072432268,-6.81979372869,-5.22799898273,34.0,32.3333333333,18.5897435897,-0.153721439997,-0.871227398752,-3.70618559761
1551392196.11,36,29,43.0,23.3333333333,11.1303030303,-19.4805,-38.9609999996,0.0,35.3333333333,31.0,17.1794871795,-3.79072432268,-6.81979372869,-5.22799898273,34.0,32.3333333333,19.0,-0.346632636504,-0.782246335881,-3.52936483835
1551392196.12,36,29,43.0,23.3333333333,11.1303030303,-19.4805,-38.9609999996,0.0,35.0,31.3333333333,16.9358974359,-3.09518387388,-6.50508073822,-4.96973856563,34.0,32.3333333333,19.0,-0.346632636504,-0.782246335881,-3.52936483835
1551392196.14,36,29,43.0,23.3333333333,11.1303030303,-19.4805,-38.9609999996,0.0,35.0,31.3333333333,16.9358974359,-3.09518387388,-6.50508073822,-4.96973856563,34.0,32.3333333333,18.6666666667,-0.160307252903,-0.551430420843,-3.70618559761
1551392196.15,36,29,43.0,23.3333333333,11.1303030303,-19.4805,-38.9609999998,0.0,35.0,31.3333333333,16.9358974359,-3.09518387388,-6.50508073822,-4.96973856563,34.0,32.3333333333,18.6666666667,-0.160307252903,-0.551430420843,-3.70618559761
1551392196.16,36,29,43.0,23.3333333333,11.1303030303,-19.4805,-38.9609999998,0.0,35.0,31.3333333333,17.1282051282,-3.07169563273,-6.32423600184,-4.96973856563,34.0,32.3333333333,18.6666666667,-0.160307252903,-0.551430420843,-3.70618559761
1551392196.18,36,29,43.0,23.3333333333,11.1303030303,-19.4805,-38.9609999998,0.0,35.0,31.3333333333,17.1282051282,-3.07169563273,-6.32423600184,-4.96973856563,34.0,32.3333333333,18.6794871795,-0.395111360366,-0.670826570788,-3.52936483835
1551392196.19,36,29,43.0,23.3333333333,11.1303030303,-19.4805,-38.9609999998,0.0,35.0,31.3333333333,16.9615384615,-3.14562919714,-6.30774719806,-4.86324747677,34.0,32.3333333333,18.6794871795,-0.395111360366,-0.670826570788,-3.52936483835
1551392196.21,36,29,43.0,23.3333333333,11.1303030303,-19.4805,-38.9609999998,0.0,35.0,31.3333333333,16.9615384615,-3.14562919714,-6.30774719806,-4.86324747677,34.0,32.3333333333,19.0384615385,-0.349529097041,-0.684942382434,-3.52936483835
1551392196.22,36,29,43.0,23.3333333333,11.1303030303,-19.4805,-38.9609999998,0.0,36.0,30.3333333333,16.9358974359,-5.08765856621,-8.24153216524,-5.54256270613,34.0,32.3333333333,19.0384615385,-0.349529097041,-0.684942382434,-3.52936483835
1551392196.24,36,29,43.0,23.3333333333,11.1303030303,-19.4805,-38.9609999998,0.0,36.0,30.3333333333,16.9358974359,-5.08765856621,-8.24153216524,-5.54256270613,34.0,32.3333333333,18.2051282051,-0.193856877699,-0.536328068917,-3.72744109077
1551392196.25,36,29,43.0,23.3333333333,11.1181818182,-19.4805,-38.9609999999,0.0,36.0,30.3333333333,16.9358974359,-5.08765856621,-8.24153216524,-5.54256270613,34.0,32.3333333333,18.2051282051,-0.193856877699,-0.536328068917,-3.72744109077
1551392196.26,36,29,43.0,23.3333333333,11.1181818182,-19.4805,-38.9609999999,0.0,35.0,31.3333333333,16.7564102564,-3.1047605884,-7.22552667103,-4.64939148021,34.0,32.3333333333,18.2051282051,-0.193856877699,-0.536328068917,-3.72744109077
1551392196.28,36,29,43.0,23.3333333333,11.1181818182,-19.4805,-38.9609999999,0.0,35.0,31.3333333333,16.7564102564,-3.1047605884,-7.22552667103,-4.64939148021,34.0,32.3333333333,18.7051282051,-0.451104023463,-0.719268057921,-3.45792318796
1551392196.29,36,29,43.0,23.3333333333,11.1181818182,-19.4805,-38.9609999999,0.0,35.0,31.3333333333,16.6538461538,-3.00762640254,-6.62038973805,-4.85167724681,34.0,32.3333333333,18.7051282051,-0.451104023463,-0.719268057921,-3.45792318796
1551392196.31,36,29,43.0,23.3333333333,11.1181818182,-19.4805,-38.9609999999,0.0,35.0,31.3333333333,16.6538461538,-3.00762640254,-6.62038973805,-4.85167724681,34.0,32.3333333333,18.8717948718,-0.386665056988,-0.746299085948,-3.52936483835
1551392196.32,36,29,43.0,23.3333333333,11.1181818182,-19.4805,-38.9609999999,0.0,35.0,31.3333333333,16.9615384615,-3.14562919714,-6.45582406617,-4.86324747677,34.0,32.3333333333,18.8717948718,-0.386665056988,-0.746299085948,-3.52936483835
1551392196.34,36,29,43.0,23.3333333333,11.1303030303,-19.4805,-38.961,0.0,35.0,31.3333333333,16.9615384615,-3.14562919714,-6.45582406617,-4.86324747677,34.0,32.3333333333,18.8717948718,-0.386665056988,-0.746299085948,-3.52936483835
1551392196.35,36,29,43.0,23.3333333333,11.1303030303,-19.4805,-38.961,0.0,35.0,31.3333333333,16.9615384615,-3.14562919714,-6.45582406617,-4.86324747677,33.6666666667,32.6666666667,18.8076923077,0.0477926454398,-0.325356897534,-3.70618559761
1551392196.36,36,29,43.0,23.3333333333,11.1303030303,-19.4805,-38.961,0.0,35.0,31.3333333333,16.9871794872,-3.09518387388,-6.32309590696,-4.96973856563,33.6666666667,32.6666666667,18.8076923077,0.0477926454398,-0.325356897534,-3.70618559761
1551392196.38,36,29,43.0,23.3333333333,11.1303030303,-19.4805,-38.961,0.0,35.0,31.3333333333,16.9871794872,-3.09518387388,-6.32309590696,-4.96973856563,34.0,32.3333333333,18.9871794872,-0.295933460981,-0.458611909748,-3.60338522409
1551392196.39,36,29,43.0,23.3333333333,11.1303030303,-19.4805,-38.961,0.0,35.0,31.3333333333,16.9615384615,-3.14562919714,-6.30717715062,-4.86324747677,34.0,32.3333333333,18.9871794872,-0.295933460981,-0.458611909748,-3.60338522409
1551392196.41,36,29,43.0,23.3333333333,11.1303030303,-19.4805,-38.961,0.0,35.0,31.3333333333,16.9615384615,-3.14562919714,-6.30717715062,-4.86324747677,34.0,32.3333333333,18.4102564103,-0.157022630293,-0.386328585166,-3.70618559761
1551392196.42,36,29,43.0,23.3333333333,11.1303030303,-19.4805,-38.961,0.0,35.0,31.3333333333,16.9615384615,-3.12100591744,-6.27459449275,-4.7603879797,34.0,32.3333333333,18.4102564103,-0.157022630293,-0.386328585166,-3.70618559761
1551392196.44,36,29,43.0,23.3333333333,11.1242424242,-19.4805,-38.961,0.0,35.0,31.3333333333,16.9615384615,-3.12100591744,-6.27459449275,-4.7603879797,34.0,32.3333333333,18.4102564103,-0.157022630293,-0.386328585166,-3.70618559761
1551392196.44,36,29,43.0,23.3333333333,11.1242424242,-19.4805,-38.961,0.0,35.0,31.3333333333,16.9615384615,-3.12100591744,-6.27459449275,-4.7603879797,34.6666666667,31.6666666667,18.8205128205,-2.38884273612,-2.5820070287,-4.08561706543
1551392196.46,36,29,43.0,23.3333333333,11.1242424242,-19.4805,-38.961,0.0,35.0,31.3333333333,16.9615384615,-3.14562919714,-6.28292644352,-4.86324747677,34.6666666667,31.6666666667,18.8205128205,-2.38884273612,-2.5820070287,-4.08561706543
1551392196.48,36,29,43.0,23.3333333333,11.1242424242,-19.4805,-38.961,0.0,35.0,31.3333333333,16.9615384615,-3.14562919714,-6.28292644352,-4.86324747677,34.0,32.3333333333,19.0769230769,-0.404693894039,-1.69569740839,-3.45792318796
1551392196.49,36,29,43.0,23.3333333333,11.1242424242,-19.4805,-38.961,0.0,35.3333333333,31.0,16.9102564103,-3.66800801437,-6.80947123613,-5.54256270613,34.0,32.3333333333,19.0769230769,-0.404693894039,-1.69569740839,-3.45792318796
1551392196.52,36,29,43.0,23.3333333333,11.1242424242,-19.4805,-38.961,0.0,35.3333333333,31.0,16.9102564103,-3.66800801437,-6.80947123613,-5.54256270613,34.0,32.3333333333,18.4230769231,-0.160307252903,-1.0081559571,-3.70618559761
1551392196.52,36,29,43.0,23.3333333333,11.1242424242,-19.4805,-38.961,0.0,35.0,31.3333333333,16.8846153846,-3.01924596283,-6.42398158089,-4.96973856563,34.0,32.3333333333,18.4230769231,-0.160307252903,-1.0081559571,-3.70618559761
1551392196.53,36,29,43.0,23.3333333333,11.1363636364,-19.4805,-38.961,0.0,35.0,31.3333333333,16.8846153846,-3.01924596283,-6.42398158089,-4.96973856563,34.0,32.3333333333,18.4230769231,-0.160307252903,-1.0081559571,-3.70618559761
1551392196.54,36,29,43.0,23.3333333333,11.1363636364,-19.4805,-38.961,0.0,35.0,31.3333333333,16.8846153846,-3.01924596283,-6.42398158089,-4.96973856563,34.0,32.3333333333,18.1538461538,-0.193856877699,-0.697934856249,-3.72744109077
1551392196.56,36,29,43.0,23.3333333333,11.1363636364,-19.4805,-38.961,0.0,35.0,31.3333333333,16.9615384615,-3.01924596283,-6.23123675328,-4.96973856563,34.0,32.3333333333,18.1538461538,-0.193856877699,-0.697934856249,-3.72744109077
1551392196.58,36,29,43.0,23.3333333333,11.1363636364,-19.4805,-38.961,0.0,35.0,31.3333333333,16.9615384615,-3.01924596283,-6.23123675328,-4.96973856563,34.0,32.3333333333,18.4615384615,-0.160307252903,-0.509274681027,-3.70618559761
1551392196.59,36,29,43.0,23.3333333333,11.1363636364,-19.4805,-38.961,0.0,35.0,31.3333333333,16.9871794872,-3.01924596283,-6.13486433947,-4.96973856563,34.0,32.3333333333,18.4615384615,-0.160307252903,-0.509274681027,-3.70618559761
1551392196.61,36,29,43.0,23.3333333333,11.1363636364,-19.4805,-38.961,0.0,35.0,31.3333333333,16.9871794872,-3.01924596283,-6.13486433947,-4.96973856563,34.0,32.3333333333,18.1794871795,-0.193856877699,-0.448494218213,-3.72744109077
1551392196.62,36,29,43.0,23.3333333333,11.1363636364,-19.4805,-38.961,0.0,35.0,31.3333333333,16.9871794872,-3.19437542736,-6.26180759709,-4.7603879797,34.0,32.3333333333,18.1794871795,-0.193856877699,-0.448494218213,-3.72744109077
1551392196.63,36,29,43.0,23.3333333333,11.1242424242,-19.4805,-38.961,0.0,35.0,31.3333333333,16.9871794872,-3.19437542736,-6.26180759709,-4.7603879797,34.0,32.3333333333,18.1794871795,-0.193856877699,-0.448494218213,-3.72744109077
1551392196.64,36,29,43.0,23.3333333333,11.1242424242,-19.4805,-38.961,0.0,35.0,31.3333333333,16.9871794872,-3.19437542736,-6.26180759709,-4.7603879797,34.0,32.3333333333,18.4743589744,-0.166857773856,-0.391104882963,-3.70618559761
1551392196.66,36,29,43.0,23.3333333333,11.1242424242,-19.4805,-38.961,0.0,35.0,31.3333333333,16.9102564103,-3.14562919714,-6.27653299569,-4.86324747677,34.0,32.3333333333,18.4743589744,-0.166857773856,-0.391104882963,-3.70618559761
1551392196.68,36,29,43.0,23.3333333333,11.1242424242,-19.4805,-38.961,0.0,35.0,31.3333333333,16.9102564103,-3.14562919714,-6.27653299569,-4.86324747677,34.0,32.3333333333,18.1538461538,-0.203567654123,-0.399120095604,-3.72744109077
1551392196.69,36,29,43.0,23.3333333333,11.1242424242,-19.4805,-38.961,0.0,35.0,31.3333333333,17.0128205128,-3.19437542736,-6.33264192521,-4.7603879797,34.0,32.3333333333,18.1538461538,-0.203567654123,-0.399120095604,-3.72744109077
1551392196.71,36,29,43.0,23.3333333333,11.1242424242,-19.4805,-38.961,0.0,35.0,31.3333333333,17.0128205128,-3.19437542736,-6.33264192521,-4.7603879797,34.0,32.3333333333,19.2179487179,-0.346632636504,-0.546192684307,-3.52936483835
1551392196.72,36,29,43.0,23.3333333333,11.1242424242,-19.4805,-38.961,0.0,35.0,31.3333333333,17.0128205128,-3.19437542736,-6.33264192521,-4.7603879797,34.0,32.3333333333,19.2179487179,-0.346632636504,-0.546192684307,-3.52936483835
1551392196.73,36,29,43.0,23.3333333333,11.1242424242,-19.4805,-38.961,0.0,35.0,31.3333333333,16.9871794872,-3.12100591744,-6.28732688005,-4.7603879797,34.0,32.3333333333,19.2179487179,-0.346632636504,-0.546192684307,-3.52936483835
1551392196.74,36,29,43.0,23.3333333333,11.1242424242,-19.4805,-38.961,0.0,35.0,31.3333333333,16.9871794872,-3.12100591744,-6.28732688005,-4.7603879797,34.0,32.3333333333,19.141025641,-0.3581757046,-0.631272046754,-3.52936483835
1551392196.76,36,29,43.0,23.3333333333,11.1242424242,-19.4805,-38.961,0.0,35.0,31.3333333333,16.8846153846,-3.09518387388,-6.2388473139,-4.96973856563,34.0,32.3333333333,19.141025641,-0.3581757046,-0.631272046754,-3.52936483835
1551392196.78,36,29,43.0,23.3333333333,11.1242424242,-19.4805,-38.961,0.0,35.0,31.3333333333,16.8846153846,-3.09518387388,-6.2388473139,-4.96973856563,34.0,32.3333333333,18.2307692308,-0.193856877699,-0.509492901076,-3.72744109077
1551392196.79,36,29,43.0,23.3333333333,11.1242424242,-19.4805,-38.961,0.0,36.0,30.3333333333,16.9615384615,-5.18673016321,-8.30615382016,-5.33321212019,34.0,32.3333333333,18.2307692308,-0.193856877699,-0.509492901076,-3.72744109077
1551392196.81,36,29,43.0,23.3333333333,11.1303030303,-19.4805,-38.961,0.0,36.0,30.3333333333,16.9615384615,-5.18673016321,-8.30615382016,-5.33321212019,34.0,32.3333333333,18.2307692308,-0.193856877699,-0.509492901076,-3.72744109077
1551392196.82,36,29,43.0,23.3333333333,11.1303030303,-19.4805,-38.961,0.0,36.0,30.3333333333,16.9615384615,-5.18673016321,-8.30615382016,-5.33321212019,34.0,32.3333333333,18.9487179487,-0.383835587049,-0.638582037587,-3.52936483835
1551392196.82,36,29,43.0,23.3333333333,11.1303030303,-19.4805,-38.961,0.0,35.0,31.3333333333,16.8717948718,-3.19637950726,-7.34945641734,-4.7603879797,34.0,32.3333333333,18.9487179487,-0.383835587049,-0.638582037587,-3.52936483835
1551392196.85,36,29,43.0,23.3333333333,11.1303030303,-19.4805,-38.961,0.0,35.0,31.3333333333,16.8717948718,-3.19637950726,-7.34945641734,-4.7603879797,34.0,32.3333333333,19.2051282051,-0.259056081412,-0.578347100206,-3.62866140817
1551392196.86,36,29,43.0,23.3333333333,11.1303030303,-19.4805,-38.961,0.0,35.0,31.3333333333,17.1282051282,-3.12411083385,-6.79883904252,-4.86324747677,34.0,32.3333333333,19.2051282051,-0.259056081412,-0.578347100206,-3.62866140817
1551392196.88,36,29,43.0,23.3333333333,11.1303030303,-19.4805,-38.961,0.0,35.0,31.3333333333,17.1282051282,-3.12411083385,-6.79883904252,-4.86324747677,34.0,32.3333333333,18.9358974359,-0.352420126321,-0.641593676424,-3.52936483835
1551392196.89,36,29,43.0,23.3333333333,11.1303030303,-19.4805,-38.961,0.0,35.0,31.3333333333,16.7051282051,-3.00762640254,-6.4070459238,-4.85167724681,34.0,32.3333333333,18.9358974359,-0.352420126321,-0.641593676424,-3.52936483835
1551392196.9,36,29,43.0,23.3333333333,11.1303030303,-19.4805,-38.961,0.0,35.0,31.3333333333,16.7051282051,-3.00762640254,-6.4070459238,-4.85167724681,34.0,32.3333333333,18.9358974359,-0.352420126321,-0.641593676424,-3.52936483835
1551392196.91,36,29,43.0,23.3333333333,11.1303030303,-19.4805,-38.961,0.0,35.0,31.3333333333,16.7051282051,-3.00762640254,-6.4070459238,-4.85167724681,34.0,32.3333333333,18.1538461538,-0.175515395003,-0.496312233215,-3.75431944771
1551392196.92,36,29,43.0,23.3333333333,11.1303030303,-19.4805,-38.961,0.0,35.6666666667,30.6666666667,16.6282051282,-4.98871102197,-8.19223398386,-5.43028474933,34.0,32.3333333333,18.1538461538,-0.175515395003,-0.496312233215,-3.75431944771
1551392196.94,36,29,43.0,23.3333333333,11.1303030303,-19.4805,-38.961,0.0,35.6666666667,30.6666666667,16.6282051282,-4.98871102197,-8.19223398386,-5.43028474933,34.0,32.3333333333,18.5512820513,-0.157022630293,-0.4051787469,-3.70618559761
1551392196.96,36,29,43.0,23.3333333333,11.1303030303,-19.4805,-38.961,0.0,35.0,31.3333333333,16.7307692308,-3.0570083022,-7.15312529413,-4.74881774974,34.0,32.3333333333,18.5512820513,-0.157022630293,-0.4051787469,-3.70618559761
1551392196.98,36,29,43.0,23.3333333333,11.1303030303,-19.4805,-38.961,0.0,35.0,31.3333333333,16.7307692308,-3.0570083022,-7.15312529413,-4.74881774974,34.0,32.3333333333,18.7692307692,-0.150424764962,-0.353014138412,-3.70618559761
1551392196.99,36,29,43.0,23.3333333333,11.1303030303,-19.4805,-38.961,0.0,35.0,31.3333333333,16.9871794872,-3.16934256666,-6.74590521372,-4.66096171016,34.0,32.3333333333,18.7692307692,-0.150424764962,-0.353014138412,-3.70618559761
1551392196.99,36,29,43.0,23.3333333333,11.1242424242,-19.4805,-38.961,0.0,35.0,31.3333333333,16.9871794872,-3.16934256666,-6.74590521372,-4.66096171016,34.0,32.3333333333,18.7692307692,-0.150424764962,-0.353014138412,-3.70618559761
1551392197.01,36,29,43.0,23.3333333333,11.1242424242,-19.4805,-38.961,0.0,35.0,31.3333333333,16.9871794872,-3.16934256666,-6.74590521372,-4.66096171016,34.0,32.3333333333,18.8846153846,-0.39201330485,-0.568520374056,-3.53471308621
1551392197.02,36,29,43.0,23.3333333333,11.1242424242,-19.4805,-38.961,0.0,35.0,31.3333333333,16.8846153846,-3.14562919714,-6.518581804,-4.86324747677,34.0,32.3333333333,18.8846153846,-0.39201330485,-0.568520374056,-3.53471308621
1551392197.04,36,29,43.0,23.3333333333,11.1242424242,-19.4805,-38.961,0.0,35.0,31.3333333333,16.8846153846,-3.14562919714,-6.518581804,-4.86324747677,34.0,32.3333333333,18.2051282051,-0.193856877699,-0.478117064727,-3.72744109077
1551392197.06,36,29,43.0,23.3333333333,11.1242424242,-19.4805,-38.961,0.0,35.0,31.3333333333,16.9358974359,-3.14562919714,-6.40492009914,-4.86324747677,34.0,32.3333333333,18.2051282051,-0.193856877699,-0.478117064727,-3.72744109077
1551392197.08,36,29,43.0,23.3333333333,11.1242424242,-19.4805,-38.961,0.0,35.0,31.3333333333,16.9358974359,-3.14562919714,-6.40492009914,-4.86324747677,34.0,32.3333333333,18.8076923077,-0.38947825596,-0.628536788324,-3.52936483835
1551392197.09,36,29,43.0,23.3333333333,11.1242424242,-19.4805,-38.961,0.0,35.0,31.3333333333,16.9358974359,-3.14562919714,-6.40492009914,-4.86324747677,34.0,32.3333333333,18.8076923077,-0.38947825596,-0.628536788324,-3.52936483835
1551392197.09,36,29,43.0,23.3333333333,11.1242424242,-19.4805,-38.961,0.0,35.0,31.3333333333,16.9358974359,-3.0709974804,-6.27345752997,-4.86324747677,34.0,32.3333333333,18.8076923077,-0.38947825596,-0.628536788324,-3.52936483835
1551392197.11,36,29,43.0,23.3333333333,11.1242424242,-19.4805,-38.961,0.0,35.0,31.3333333333,16.9358974359,-3.0709974804,-6.27345752997,-4.86324747677,34.0,32.3333333333,18.6794871795,-0.397909644005,-0.712178038167,-3.52936483835
1551392197.12,36,29,43.0,23.3333333333,11.1242424242,-19.4805,-38.961,0.0,35.0,31.3333333333,17.0128205128,-3.0709974804,-6.20772624538,-4.86324747677,34.0,32.3333333333,18.6794871795,-0.397909644005,-0.712178038167,-3.52936483835
1551392197.14,36,29,43.0,23.3333333333,11.1242424242,-19.4805,-38.961,0.0,35.0,31.3333333333,17.0128205128,-3.0709974804,-6.20772624538,-4.86324747677,34.0,32.3333333333,18.5384615385,-0.316715606913,-0.672804625997,-3.62866140817
1551392197.16,36,29,43.0,23.3333333333,11.1242424242,-19.4805,-38.961,0.0,35.0,31.3333333333,16.9615384615,-3.18280519741,-6.2866683201,-4.74881774974,34.0,32.3333333333,18.5384615385,-0.316715606913,-0.672804625997,-3.62866140817
1551392197.18,36,29,43.0,23.3333333333,11.1242424242,-19.4805,-38.961,0.0,35.0,31.3333333333,16.9615384615,-3.18280519741,-6.2866683201,-4.74881774974,33.6666666667,32.6666666667,18.6923076923,0.0506397731809,-0.285762539818,-3.77060057564
1551392197.18,36,29,43.0,23.3333333333,11.1242424242,-19.4805,-38.961,0.0,35.0,31.3333333333,16.9615384615,-3.18280519741,-6.2866683201,-4.74881774974,33.6666666667,32.6666666667,18.6923076923,0.0506397731809,-0.285762539818,-3.77060057564
1551392197.19,36,29,43.0,23.3333333333,11.1242424242,-19.4805,-38.961,0.0,35.0,31.3333333333,16.8461538462,-3.19637950726,-6.33971366731,-4.7603879797,33.6666666667,32.6666666667,18.6923076923,0.0506397731809,-0.285762539818,-3.77060057564
1551392197.22,36,29,43.0,23.3333333333,11.1242424242,-19.4805,-38.961,0.0,35.0,31.3333333333,16.8461538462,-3.19637950726,-6.33971366731,-4.7603879797,34.0,32.3333333333,18.3974358974,-0.20645939558,-0.349340665489,-3.67468382759
1551392197.22,36,29,43.0,23.3333333333,11.1242424242,-19.4805,-38.961,0.0,35.0,31.3333333333,17.0384615385,-3.19437542736,-6.36423226101,-4.7603879797,34.0,32.3333333333,18.3974358974,-0.20645939558,-0.349340665489,-3.67468382759
1551392197.24,36,29,43.0,23.3333333333,11.1242424242,-19.4805,-38.961,0.0,35.0,31.3333333333,17.0384615385,-3.19437542736,-6.36423226101,-4.7603879797,34.0,32.3333333333,18.7307692308,-0.258084704274,-0.432755037019,-3.62866140817
1551392197.26,36,29,43.0,23.3333333333,11.1242424242,-19.4805,-38.961,0.0,35.0,31.3333333333,16.9615384615,-3.19437542736,-6.37649155787,-4.7603879797,34.0,32.3333333333,18.7307692308,-0.258084704274,-0.432755037019,-3.62866140817
1551392197.28,36,29,43.0,23.3333333333,11.1121212121,-19.4805,-38.961,0.0,35.0,31.3333333333,16.9615384615,-3.19437542736,-6.37649155787,-4.7603879797,34.0,32.3333333333,18.7307692308,-0.258084704274,-0.432755037019,-3.62866140817
1551392197.28,36,29,43.0,23.3333333333,11.1121212121,-19.4805,-38.961,0.0,35.0,31.3333333333,16.9615384615,-3.19437542736,-6.37649155787,-4.7603879797,34.0,32.3333333333,18.7820512821,-0.38947825596,-0.605855774469,-3.52936483835
1551392197.29,36,29,43.0,23.3333333333,11.1121212121,-19.4805,-38.961,0.0,35.0,31.3333333333,16.9871794872,-3.01924596283,-6.20749174176,-4.96973856563,34.0,32.3333333333,18.7820512821,-0.38947825596,-0.605855774469,-3.52936483835
1551392197.31,36,29,43.0,23.3333333333,11.1121212121,-19.4805,-38.961,0.0,35.0,31.3333333333,16.9871794872,-3.01924596283,-6.20749174176,-4.96973856563,34.0,32.3333333333,18.3461538462,-0.145712541326,-0.44864042856,-3.70618559761
1551392197.32,36,29,43.0,23.3333333333,11.1121212121,-19.4805,-38.961,0.0,35.0,31.3333333333,17.0128205128,-3.01924596283,-6.12299183371,-4.96973856563,34.0,32.3333333333,18.3461538462,-0.145712541326,-0.44864042856,-3.70618559761
1551392197.34,36,29,43.0,23.3333333333,11.1121212121,-19.4805,-38.961,0.0,35.0,31.3333333333,17.0128205128,-3.01924596283,-6.12299183371,-4.96973856563,34.6666666667,31.6666666667,18.5384615385,-2.39187839174,-2.61619860602,-4.08561706543
1551392197.36,36,29,43.0,23.3333333333,11.1121212121,-19.4805,-38.961,0.0,35.0,31.3333333333,16.9102564103,-3.14562919714,-6.207125114,-4.86324747677,34.6666666667,31.6666666667,18.5384615385,-2.39187839174,-2.61619860602,-4.08561706543
1551392197.37,36,29,43.0,23.3333333333,11.1121212121,-19.4805,-38.961,0.0,35.0,31.3333333333,16.9102564103,-3.14562919714,-6.207125114,-4.86324747677,34.6666666667,31.6666666667,18.5384615385,-2.39187839174,-2.61619860602,-4.08561706543
1551392197.38,36,29,43.0,23.3333333333,11.1121212121,-19.4805,-38.961,0.0,35.0,31.3333333333,16.9102564103,-3.14562919714,-6.207125114,-4.86324747677,34.0,32.3333333333,18.1794871795,-0.236355713314,-1.54445501632,-3.62320830269
1551392197.39,36,29,43.0,23.3333333333,11.1121212121,-19.4805,-38.961,0.0,35.0,31.3333333333,16.9358974359,-3.19437542736,-6.29793798436,-4.7603879797,34.0,32.3333333333,18.1794871795,-0.236355713314,-1.54445501632,-3.62320830269
1551392197.41,36,29,43.0,23.3333333333,11.1121212121,-19.4805,-38.961,0.0,35.0,31.3333333333,16.9358974359,-3.19437542736,-6.29793798436,-4.7603879797,34.0,32.3333333333,18.9358974359,-0.4183061312,-1.19053363936,-3.45792318796
1551392197.42,36,29,43.0,23.3333333333,11.1121212121,-19.4805,-38.961,0.0,35.0,31.3333333333,16.9871794872,-3.14562919714,-6.29459818932,-4.86324747677,34.0,32.3333333333,18.9358974359,-0.4183061312,-1.19053363936,-3.45792318796
