# Lost at ~50s
connected to 192.168.1.17
time,left,right,piLeft,piRight,piConf,piP,piI,piD,cam0Left,cam0Right,cam0Conf,cam0P,cam0I,cam0D,cam1Left,cam1Right,cam1Conf,cam1P,cam1I,cam1D
1551389789.91,42,24,42.0,24.3333333333,10.9424242424,-17.316,-34.632,0.0,0,0,0,0,0,0,0,0,0,0,0,0
1551389789.91,42,24,42.0,24.3333333333,10.9606060606,-17.316,-34.632,0.0,0,0,0,0,0,0,0,0,0,0,0,0
1551389789.96,42,24,42.0,24.3333333333,10.9484848485,-17.316,-34.632,0.0,0,0,0,0,0,0,0,0,0,0,0,0
1551389790.05,41,24,41.6666666667,24.6666666667,10.8151515152,-16.8165,-34.1325,0.4995,0,0,0,0,0,0,0,0,0,0,0,0
1551389790.14,39,27,39.0,27.3333333333,10.4757575758,-13.6529949188,-30.7192449188,3.16350508118,0,0,0,0,0,0,0,0,0,0,0,0
1551389790.24,33,32,33.6666666667,32.6666666667,10.0575757576,-6.16049491882,-21.5201173782,7.4925,0,0,0,0,0,0,0,0,0,0,0,0
1551389790.33,29,37,29.3333333333,37.0,10.0575757576,1.998,-8.76205868912,8.15849491882,0,0,0,0,0,0,0,0,0,0,0,0
1551389790.42,26,40,26.0,40.3333333333,10.403030303,9.324,4.94297065544,7.326,0,0,0,0,0,0,0,0,0,0,0,0
1551389790.57,24,41,24.6666666667,41.6666666667,11.1363636364,13.9860050812,16.4574904089,4.66200508118,0,0,0,0,0,0,0,0,0,0,0,0
1551389790.66,28,38,28.3333333333,38.0,11.4606060606,11.1555,19.3842452044,-2.83050508118,0,0,0,0,0,0,0,0,0,0,0,0
1551389790.74,31,35,31.0,35.3333333333,11.8303030303,7.1595,16.8516226022,-3.996,0,0,0,0,0,0,0,0,0,0,0,0
1551389790.83,33,33,33.3333333333,33.0,12.2878787879,2.4975,10.9233113011,-4.662,0,0,0,0,0,0,0,0,0,0,0,0
1551389790.92,37,29,37.3333333333,29.0,12.2757575758,-4.1625,1.29915565056,-6.66,0,0,0,0,0,0,0,0,0,0,0,0
1551389791.02,40,26,40.0,26.3333333333,12.3878787879,-9.99,-9.34042217472,-5.8275,0,0,0,0,0,0,0,0,0,0,0,0
1551389791.11,42,24,42.0,24.3333333333,12.3272727273,-14.4855,-19.1557110874,-4.4955,0,0,0,0,0,0,0,0,0,0,0,0
1551389791.2,43,23,43.0,23.3333333333,12.296969697,-17.649,-27.2268555437,-3.1635,0,0,0,0,0,0,0,0,0,0,0,0
1551389791.3,43,22,43.3333333333,23.0,12.0515151515,-19.1475,-32.7609277718,-1.4985,0,0,0,0,0,0,0,0,0,0,0,0
1551389791.39,43,22,43.6666666667,22.6666666667,11.8454545455,-20.1465,-36.5269638859,-0.999,0,0,0,0,0,0,0,0,0,0,0,0
1551389791.48,45,21,45.0,21.3333333333,12.2242424242,-21.978,-40.241481943,-1.8315,0,0,0,0,0,0,0,0,0,0,0,0
1551389791.58,45,20,45.3333333333,21.0,13.0787878788,-23.3099898376,-43.4307308091,-1.33198983765,0,0,0,0,0,0,0,0,0,0,0,0
1551389791.67,45,20,45.6666666667,20.6666666667,13.7757575758,-23.976,-45.6913654046,-0.666010162354,0,0,0,0,0,0,0,0,0,0,0,0
1551389791.82,44,21,44.6666666667,21.6666666667,13.9575757576,-23.31,-46.1556827023,0.666,0,0,0,0,0,0,0,0,0,0,0,0
1551389791.91,48,18,48.0,18.3333333333,13.2545454545,-26.8065,-49.8843413511,-3.4965,0,0,0,0,0,0,0,0,0,0,0,0
1551389791.95,47,19,47.3333333333,19.0,12.6878787879,-27.639,-52.5811706756,-0.8325,0,0,0,0,0,0,0,0,0,0,0,0
1551389792.09,47,18,47.6666666667,18.6666666667,12.9454545455,-28.305,-54.5955853378,-0.666,0,0,0,0,0,0,0,0,0,0,0,0
L: 0 R: 0 T: 1551389792.16
1551389793.18,46,19,46.6666666667,19.6666666667,12.4151515152,-27.306,-54.6037926689,0.999,0,0,0,0,0,0,0,0,0,0,0,0
1551389793.27,-10,77,-10.3333333333,77.0,11.4696969697,41.4585,14.1566036656,68.7645,0,0,0,0,0,0,0,0,0,0,0,0
1551389793.36,7,59,7.33333333333,59.0,7.11818181817,47.4525,54.5308018328,5.994,0,0,0,0,0,0,0,0,0,0,0,0
1551389793.51,10,56,10.3333333333,56.0,8.90303030303,46.1205012703,73.3859021867,-1.33199872971,0,0,0,0,0,0,0,0,0,0,0,0
1551389793.61,23,42,23.6666666667,42.6666666667,10.5454545455,29.4705025406,66.1634536339,-16.6499987297,0,0,0,0,0,0,0,0,0,0,0,0
1551389793.7,29,36,29.6666666667,36.6666666667,10.1272727273,15.8175050812,48.8992318981,-13.6529974594,0,0,0,0,0,0,0,0,0,0,0,0
1551389793.8,33,33,33.3333333333,33.0,10.1636363636,6.1605,30.6101159491,-9.65700508118,0,0,0,0,0,0,0,0,0,0,0,0
1551389793.89,33,33,33.3333333333,33.0,10.3,2.1645,17.4695579745,-3.996,0,0,0,0,0,0,0,0,0,0,0,0
1551389793.98,33,33,33.0,33.3333333333,10.3636363636,0.832505081177,9.56728406844,-1.33199491882,0,0,0,0,0,0,0,0,0,0,0,0
1551389794.08,33,33,33.0,33.3333333333,11.0606060606,0.333005081177,5.1166471154,-0.4995,0,0,0,0,0,0,0,0,0,0,0,0
1551389794.23,31,34,31.6666666667,34.6666666667,11.2666666667,1.8315,4.3898235577,1.49849491882,0,0,0,0,0,0,0,0,0,0,0,0
1551389794.26,31,35,31.0,35.3333333333,11.5575757576,3.4965,5.69141177885,1.665,0,0,0,0,0,0,0,0,0,0,0,0
1551389794.41,28,38,28.0,38.3333333333,11.6696969697,7.659,10.5047058894,4.1625,0,0,0,0,0,0,0,0,0,0,0,0
1551389794.5,24,41,24.6666666667,41.6666666667,11.7363636364,13.1535,18.4058529447,5.4945,0,0,0,0,0,0,0,0,0,0,0,0
1551389794.59,24,42,24.0,42.3333333333,11.6575757576,15.984,25.1869264724,2.8305,0,0,0,0,0,0,0,0,0,0,0,0
1551389794.67,23,42,23.6666666667,42.6666666667,11.4696969697,17.8155,30.4089632362,1.8315,0,0,0,0,0,0,0,0,0,0,0,0
1551389794.77,22,44,22.0,44.3333333333,12.1515151515,20.4795,35.6839816181,2.664,0,0,0,0,0,0,0,0,0,0,0,0
1551389794.86,21,44,21.6666666667,44.6666666667,12.9272727273,21.978,39.819990809,1.4985,0,0,0,0,0,0,0,0,0,0,0,0
1551389794.96,21,44,21.6666666667,44.6666666667,13.6454545455,22.4775,42.3874954045,0.4995,0,0,0,0,0,0,0,0,0,0,0,0
1551389795.05,19,46,19.6666666667,46.6666666667,13.1939393939,24.975,46.1687477023,2.4975,0,0,0,0,0,0,0,0,0,0,0,0
1551389795.14,19,47,19.0,47.3333333333,12.6575757576,26.973,50.0573738511,1.998,0,0,0,0,0,0,0,0,0,0,0,0
1551389795.24,19,46,19.6666666667,46.6666666667,12.1696969697,26.64,51.6686869256,-0.333,0,0,0,0,0,0,0,0,0,0,0,0
1551389795.33,21,45,21.3333333333,45.0,11.7424242424,24.642,50.4763434628,-1.998,0,0,0,0,0,0,0,0,0,0,0,0
1551389795.42,21,44,21.6666666667,44.6666666667,11.3636363636,23.643,48.8811717314,-0.999,0,0,0,0,0,0,0,0,0,0,0,0
1551389795.57,20,45,20.6666666667,45.6666666667,9.16666666667,24.1425,48.5830858657,0.4995,0,0,0,0,0,0,0,0,0,0,0,0
1551389795.66,21,45,21.3333333333,45.0,9.99696969697,23.5507537766,47.8422967094,-0.59174622345,0,0,0,0,0,0,0,0,0,0,0,0
1551389795.7,21,44,21.6666666667,44.6666666667,12.3484848485,22.977,46.8981483547,-0.57375377655,0,0,0,0,0,0,0,0,0,0,0,0
1551389795.84,20,45,20.6666666667,45.6666666667,13.5878787879,24.1425,47.5915741773,1.1655,0,0,0,0,0,0,0,0,0,0,0,0
1551389795.93,18,48,18.0,48.3333333333,13.0333333333,27.8055,51.6012870887,3.663,0,0,0,0,0,0,0,0,0,0,0,0
1551389796.02,17,49,17.0,49.3333333333,13.0878787879,30.4695,56.2701435443,2.664,0,0,0,0,0,0,0,0,0,0,0,0
1551389796.11,16,49,16.6666666667,49.6666666667,13.5,31.635,59.7700717722,1.1655,0,0,0,0,0,0,0,0,0,0,0,0
L: 0 R: 0 T: 1551389796.19
1551389797.21,18,48,18.0,48.3333333333,13.6939393939,30.636,60.5210358861,-0.999,0,0,0,0,0,0,0,0,0,0,0,0
1551389797.3,9,57,9.0,57.3333333333,13.796969697,40.7925,71.053017943,10.1565,0,0,0,0,0,0,0,0,0,0,0,0
1551389797.39,15,51,15.3333333333,51.0,12.0848484848,37.296,72.8225089715,-3.4965,0,0,0,0,0,0,0,0,0,0,0,0
1551389797.49,20,46,20.0,46.3333333333,11.303030303,30.636,67.0472544858,-6.66,0,0,0,0,0,0,0,0,0,0,0,0
1551389797.58,23,43,23.3333333333,43.0,11.0121212121,23.8095,57.3331272429,-6.8265,0,0,0,0,0,0,0,0,0,0,0,0
1551389797.67,25,41,25.3333333333,41.0,10.8696969697,18.648,47.3145636214,-5.1615,0,0,0,0,0,0,0,0,0,0,0,0
1551389797.77,27,39,27.0,39.3333333333,10.7181818182,14.8185,38.4757818107,-3.8295,0,0,0,0,0,0,0,0,0,0,0,0
1551389797.86,28,38,28.0,38.3333333333,10.6212121212,11.8215,31.0593909054,-2.997,0,0,0,0,0,0,0,0,0,0,0,0
1551389797.95,29,37,29.3333333333,37.0,10.6424242424,9.324,24.8536954527,-2.4975,0,0,0,0,0,0,0,0,0,0,0,0
1551389798.05,29,36,29.6666666667,36.6666666667,10.6272727273,7.8255,20.2523477263,-1.4985,0,0,0,0,0,0,0,0,0,0,0,0
1551389798.14,30,36,30.3333333333,36.0,10.5878787879,6.66,16.7861738632,-1.1655,0,0,0,0,0,0,0,0,0,0,0,0
1551389798.24,30,35,30.6666666667,35.6666666667,10.5303030303,5.661,14.0540869316,-0.999,0,0,0,0,0,0,0,0,0,0,0,0
1551389798.33,31,35,31.3333333333,35.0,10.5787878788,4.4955,11.5225434658,-1.1655,0,0,0,0,0,0,0,0,0,0,0,0
1551389798.42,32,34,32.0,34.3333333333,10.5181818182,3.33,9.0912717329,-1.1655,0,0,0,0,0,0,0,0,0,0,0,0
1551389798.53,32,34,32.3333333333,34.0,10.5454545455,2.331,6.87663586645,-0.999,0,0,0,0,0,0,0,0,0,0,0,0
1551389798.62,32,33,32.6666666667,33.6666666667,10.5575757576,1.332,4.77031793322,-0.999,0,0,0,0,0,0,0,0,0,0,0,0
1551389798.71,33,32,33.6666666667,32.6666666667,10.5454545455,0.0,2.38515896661,-1.332,0,0,0,0,0,0,0,0,0,0,0,0
1551389798.8,33,32,33.6666666667,32.6666666667,10.4818181818,-0.665994918823,0.526584564483,-0.665994918823,0,0,0,0,0,0,0,0,0,0,0,0
1551389798.89,34,32,34.0,32.3333333333,10.4575757576,-1.33199491882,-1.06870263658,-0.666,0,0,0,0,0,0,0,0,0,0,0,0
1551389798.98,34,32,34.0,32.3333333333,10.5212121212,-1.665,-2.19935131829,-0.333005081177,0,0,0,0,0,0,0,0,0,0,0,0
1551389799.13,34,32,34.3333333333,32.0,10.4757575758,-1.99799491882,-3.09767057797,-0.332994918823,0,0,0,0,0,0,0,0,0,0,0,0
1551389799.22,34,32,34.3333333333,32.0,10.5363636364,-2.16449491882,-3.71333020781,-0.1665,0,0,0,0,0,0,0,0,0,0,0,0
1551389799.31,34,31,34.6666666667,31.6666666667,10.5575757576,-2.664,-4.5206651039,-0.499505081177,0,0,0,0,0,0,0,0,0,0,0,0
1551389799.39,34,31,34.6666666667,31.6666666667,10.5878787879,-2.664,-4.92433255195,0.0,0,0,0,0,0,0,0,0,0,0,0,0
1551389799.49,34,31,34.6666666667,31.6666666667,10.6060606061,-2.664,-5.12616627598,0.0,0,0,0,0,0,0,0,0,0,0,0,0
1551389799.58,34,32,34.3333333333,32.0,10.6272727273,-2.4975,-5.06058313799,0.1665,0,0,0,0,0,0,0,0,0,0,0,0
1551389799.67,34,32,34.3333333333,32.0,10.6060606061,-2.331,-4.86129156899,0.1665,0,0,0,0,0,0,0,0,0,0,0,0
1551389799.77,34,32,34.3333333333,32.0,10.5181818182,-2.33099491882,-4.76164070332,5.08117675757e-06,0,0,0,0,0,0,0,0,0,0,0,0
1551389799.92,34,32,34.3333333333,32.0,10.5636363636,-2.331,-4.71182035166,-5.08117675757e-06,0,0,0,0,0,0,0,0,0,0,0,0
1551389800.01,34,32,34.3333333333,32.0,10.5363636364,-2.16449491882,-4.52040509465,0.166505081177,0,0,0,0,0,0,0,0,0,0,0,0
1551389800.04,34,32,34.0,32.3333333333,10.4575757576,-1.99799491882,-4.25819746615,0.1665,0,0,0,0,0,0,0,0,0,0,0,0
1551389800.07,34,32,34.3333333333,32.0,10.4454545455,-1.99799491882,-4.1270936519,0.0,0,0,0,0,0,0,0,0,0,0,0,0
1551389800.11,34,32,34.3333333333,32.0,10.4393939394,-1.99799491882,-4.06154174477,0.0,0,0,0,0,0,0,0,0,0,0,0,0
1551389800.2,34,32,34.0,32.3333333333,10.4151515152,-1.66499491882,-3.69576579121,0.333,0,0,0,0,0,0,0,0,0,0,0,0
L: 0 R: 0 T: 1551389800.28
1551389801.3,33,32,33.6666666667,32.6666666667,10.3848484848,-1.33199491882,-3.17987781443,0.333,0,0,0,0,0,0,0,0,0,0,0,0
1551389801.39,31,35,31.3333333333,35.0,10.5515151515,1.665,0.075061092786,2.99699491882,0,0,0,0,0,0,0,0,0,0,0,0
1551389801.49,32,34,32.0,34.3333333333,10.5363636364,1.998,2.03553054639,0.333,0,0,0,0,0,0,0,0,0,0,0,0
1551389801.58,32,34,32.3333333333,34.0,10.5303030303,1.665,2.6827652732,-0.333,0,0,0,0,0,0,0,0,0,0,0,0
1551389801.67,32,33,32.6666666667,33.6666666667,10.5909090909,1.1655,2.5068826366,-0.4995,0,0,0,0,0,0,0,0,0,0,0,0
1551389801.77,32,33,32.6666666667,33.6666666667,10.7060606061,0.999,2.2524413183,-0.1665,0,0,0,0,0,0,0,0,0,0,0,0
1551389801.86,33,33,33.0,33.3333333333,10.6727272727,0.666,1.79222065915,-0.333,0,0,0,0,0,0,0,0,0,0,0,0
1551389801.96,33,33,33.0,33.3333333333,10.6484848485,0.333,1.22911032957,-0.333,0,0,0,0,0,0,0,0,0,0,0,0
1551389802.05,33,33,33.3333333333,33.0,10.6575757576,-0.1665,0.448055164787,-0.4995,0,0,0,0,0,0,0,0,0,0,0,0
1551389802.14,33,32,33.6666666667,32.6666666667,10.7636363636,-0.4995,-0.275472417606,-0.333,0,0,0,0,0,0,0,0,0,0,0,0
1551389802.23,33,32,33.6666666667,32.6666666667,11.0484848485,-0.8325,-0.970236208803,-0.333,0,0,0,0,0,0,0,0,0,0,0,0
1551389802.33,32,33,32.6666666667,33.6666666667,11.0606060606,0.1665,-0.318618104402,0.999,0,0,0,0,0,0,0,0,0,0,0,0
1551389802.42,31,35,31.3333333333,35.0,11.1242424242,2.331,2.1716909478,2.1645,0,0,0,0,0,0,0,0,0,0,0,0
1551389802.52,29,37,29.0,37.3333333333,11.1303030303,5.994,7.0798454739,3.663,0,0,0,0,0,0,0,0,0,0,0,0
1551389802.61,27,38,27.6666666667,38.6666666667,11.1090909091,8.8245,12.3644227369,2.8305,0,0,0,0,0,0,0,0,0,0,0,0
1551389802.7,24,41,24.6666666667,41.6666666667,11.6636363636,13.4865,19.6687113685,4.662,0,0,0,0,0,0,0,0,0,0,0,0
1551389802.8,22,43,22.6666666667,43.6666666667,13.1727272727,17.982,27.8163556842,4.4955,0,0,0,0,0,0,0,0,0,0,0,0
1551389802.89,22,44,22.3333333333,44.0,14.596969697,20.1465,34.0546778421,2.1645,0,0,0,0,0,0,0,0,0,0,0,0
1551389802.98,19,47,19.3333333333,47.0,14.3303030303,24.4755025406,41.5028414616,4.32900254059,0,0,0,0,0,0,0,0,0,0,0,0
1551389803.08,13,52,13.6666666667,52.6666666667,14.3393939394,32.8005,53.5519207308,8.32499745941,0,0,0,0,0,0,0,0,0,0,0,0
1551389803.17,14,51,14.6666666667,51.6666666667,14.9151515152,35.1315,61.9074603654,2.331,0,0,0,0,0,0,0,0,0,0,0,0
1551389803.27,15,50,15.6666666667,50.6666666667,15.4515151515,34.7985,65.7522301827,-0.333,0,0,0,0,0,0,0,0,0,0,0,0
1551389803.36,16,49,16.6666666667,49.6666666667,16.2727272727,33.3,66.1761150914,-1.4985,0,0,0,0,0,0,0,0,0,0,0,0
1551389803.45,16,50,16.3333333333,50.0,15.296969697,33.1335,66.2215575457,-0.1665,0,0,0,0,0,0,0,0,0,0,0,0
1551389803.55,14,52,14.3333333333,52.0,14.5666666667,35.631,68.7417787728,2.4975,0,0,0,0,0,0,0,0,0,0,0,0
1551389803.64,14,52,14.0,52.3333333333,14.3636363636,36.9630025406,71.333891927,1.33200254059,0,0,0,0,0,0,0,0,0,0,0,0
1551389803.74,14,52,14.3333333333,52.0,14.0636363636,36.963,72.6299459635,-2.54058838323e-06,0,0,0,0,0,0,0,0,0,0,0,0
1551389803.83,18,48,18.0,48.3333333333,12.8727272727,32.8005,69.1154729818,-4.1625,0,0,0,0,0,0,0,0,0,0,0,0
1551389803.92,21,45,21.0,45.3333333333,12.1606060606,27.639,62.1967364909,-5.1615,0,0,0,0,0,0,0,0,0,0,0,0
1551389804.02,22,43,22.6666666667,43.6666666667,11.6272727273,23.31,54.4083682454,-4.329,0,0,0,0,0,0,0,0,0,0,0,0
1551389804.11,24,42,24.0,42.3333333333,11.2666666667,19.98,47.1841841227,-3.33,0,0,0,0,0,0,0,0,0,0,0,0
1551389804.2,25,41,25.0,41.3333333333,11.0060606061,17.8155,41.4075920614,-2.1645,0,0,0,0,0,0,0,0,0,0,0,0
1551389804.3,25,40,25.6666666667,40.6666666667,10.7787878788,16.1505,36.8542960307,-1.665,0,0,0,0,0,0,0,0,0,0,0,0
L: 0 R: 0 T: 1551389804.37
1551389805.39,26,40,26.3333333333,40.0,10.3575757576,14.4855050812,32.9126530965,-1.66499491882,0,0,0,0,0,0,0,0,0,0,0,0
1551389805.48,58,7,58.6666666667,7.66666666667,10.0090909091,-24.642,-8.18567345174,-39.1275050812,0,0,0,0,0,0,0,0,0,0,0,0
1551389805.58,49,17,49.3333333333,17.0,10.2454545455,-28.971,-33.0638367259,-4.329,0,0,0,0,0,0,0,0,0,0,0,0
1551389805.67,44,22,44.0,22.3333333333,9.97575757577,-24.4755,-41.0074183629,4.4955,0,0,0,0,0,0,0,0,0,0,0,0
1551389805.77,40,26,40.0,26.3333333333,9.9606060606,-17.8155,-38.3192091815,6.66,0,0,0,0,0,0,0,0,0,0,0,0
1551389805.86,37,29,37.0,29.3333333333,9.9787878788,-11.655,-30.8146045907,6.1605,0,0,0,0,0,0,0,0,0,0,0,0
1551389805.95,35,31,35.0,31.3333333333,10.1848484848,-6.82649491882,-22.2337972142,4.82850508118,0,0,0,0,0,0,0,0,0,0,0,0
1551389806.05,34,32,34.3333333333,32.0,10.2181818182,-3.996,-15.1128986071,2.83049491882,0,0,0,0,0,0,0,0,0,0,0,0
1551389806.14,33,32,33.6666666667,32.6666666667,10.2363636364,-1.998,-9.55444930355,1.998,0,0,0,0,0,0,0,0,0,0,0,0
1551389806.23,32,33,32.6666666667,33.6666666667,10.2939393939,-0.166494918823,-4.9437195706,1.83150508118,0,0,0,0,0,0,0,0,0,0,0,0
1551389806.33,32,34,32.0,34.3333333333,10.3939393939,1.16550508118,-1.30635470412,1.332,0,0,0,0,0,0,0,0,0,0,0,0
1551389806.42,32,34,32.0,34.3333333333,10.4242424242,1.8315,1.17832264794,0.665994918823,0,0,0,0,0,0,0,0,0,0,0,0
1551389806.52,31,35,31.3333333333,35.0,10.4606060606,2.8305,3.41966132397,0.999,0,0,0,0,0,0,0,0,0,0,0,0
1551389806.61,31,35,31.3333333333,35.0,10.5454545455,3.33,5.03983066198,0.4995,0,0,0,0,0,0,0,0,0,0,0,0
1551389806.7,31,35,31.0,35.3333333333,10.4818181818,3.996,6.51591533099,0.666,0,0,0,0,0,0,0,0,0,0,0,0
1551389806.8,31,35,31.0,35.3333333333,10.5515151515,4.329,7.5869576655,0.333,0,0,0,0,0,0,0,0,0,0,0,0
1551389806.89,31,35,31.0,35.3333333333,10.5818181818,4.329,8.12247883275,0.0,0,0,0,0,0,0,0,0,0,0,0,0
1551389806.99,30,35,30.6666666667,35.6666666667,10.5757575758,4.662,8.72323941637,0.333,0,0,0,0,0,0,0,0,0,0,0,0
1551389807.08,29,36,29.6666666667,36.6666666667,10.5818181818,5.994,10.3556197082,1.332,0,0,0,0,0,0,0,0,0,0,0,0
1551389807.17,29,37,29.0,37.3333333333,10.5636363636,7.1595,12.3373098541,1.1655,0,0,0,0,0,0,0,0,0,0,0,0
1551389807.27,28,38,28.0,38.3333333333,10.6333333333,8.8245,14.993154927,1.665,0,0,0,0,0,0,0,0,0,0,0,0
1551389807.36,27,38,27.6666666667,38.6666666667,10.5757575758,10.1565,17.6530774635,1.332,0,0,0,0,0,0,0,0,0,0,0,0
1551389807.45,26,39,26.6666666667,39.6666666667,10.5515151515,11.8215050812,20.6480438129,1.66500508118,0,0,0,0,0,0,0,0,0,0,0,0
1551389807.55,25,40,25.6666666667,40.6666666667,10.6363636364,13.4865050812,23.8105269876,1.665,0,0,0,0,0,0,0,0,0,0,0,0
1551389807.64,24,41,25.0,41.3333333333,10.7242424242,15.1515,27.0567634938,1.66499491882,0,0,0,0,0,0,0,0,0,0,0,0
1551389807.73,24,42,24.0,42.3333333333,10.7121212121,16.983,30.5113817469,1.8315,0,0,0,0,0,0,0,0,0,0,0,0
1551389807.83,23,42,23.6666666667,42.6666666667,10.8727272727,18.1485,33.4041908735,1.1655,0,0,0,0,0,0,0,0,0,0,0,0
1551389807.92,25,41,25.3333333333,41.0,10.8909090909,16.65,33.3520954367,-1.4985,0,0,0,0,0,0,0,0,0,0,0,0
1551389808.02,27,39,27.3333333333,39.0,10.7393939394,13.4865,30.1625477184,-3.1635,0,0,0,0,0,0,0,0,0,0,0,0
1551389808.11,29,36,29.6666666667,36.6666666667,10.7,9.657,24.7382738592,-3.8295,0,0,0,0,0,0,0,0,0,0,0,0
1551389808.2,31,35,31.3333333333,35.0,10.7454545455,5.8275,18.1966369296,-3.8295,0,0,0,0,0,0,0,0,0,0,0,0
1551389808.3,32,34,32.3333333333,34.0,11.2757575758,3.1635,12.2618184648,-2.664,0,0,0,0,0,0,0,0,0,0,0,0
1551389808.39,31,35,31.3333333333,35.0,11.1454545455,3.33,9.4609092324,0.1665,0,0,0,0,0,0,0,0,0,0,0,0
L: 0 R: 0 T: 1551389808.46
1551389809.49,29,37,29.3333333333,37.0,11.1878787879,5.8275,10.5579546162,2.4975,0,0,0,0,0,0,0,0,0,0,0,0
1551389809.63,1,65,1.0,65.3333333333,12.8090909091,40.626,45.9049773081,34.7985,0,0,0,0,0,0,0,0,0,0,0,0
1551389809.71,7,58,7.33333333333,59.0,4.6787878788,46.7865,69.738988654,6.1605,0,0,0,0,0,0,0,0,0,0,0,0
1551389809.8,9,57,9.0,57.3333333333,4.8787878788,47.286,82.155494327,0.4995,0,0,0,0,0,0,0,0,0,0,0,0
1551389809.89,13,53,13.0,53.3333333333,11.6303030303,42.624,83.7017471635,-4.662,0,0,0,0,0,0,0,0,0,0,0,0
1551389809.98,20,46,20.3333333333,46.0,12.1272727273,32.301,74.1518735818,-10.323,0,0,0,0,0,0,0,0,0,0,0,0
1551389810.08,25,40,25.6666666667,40.6666666667,11.4727272727,21.8115,58.8874367909,-10.4895,0,0,0,0,0,0,0,0,0,0,0,0
1551389810.17,29,37,29.0,37.3333333333,10.0848484848,13.4865,42.9302183954,-8.325,0,0,0,0,0,0,0,0,0,0,0,0
1551389810.27,31,35,31.0,35.3333333333,9.62727272727,7.8255,29.2906091977,-5.661,0,0,0,0,0,0,0,0,0,0,0,0
1551389810.36,31,35,31.0,35.3333333333,9.5696969697,5.4945,20.1398045989,-2.331,0,0,0,0,0,0,0,0,0,0,0,0
1551389810.45,28,37,28.6666666667,37.6666666667,9.18484848483,7.659,17.7289022994,2.1645,0,0,0,0,0,0,0,0,0,0,0,0
1551389810.55,32,33,32.6666666667,33.6666666667,8.1696969697,3.663,12.5274511497,-3.996,0,0,0,0,0,0,0,0,0,0,0,0
1551389810.64,22,44,22.3333333333,44.0,9.74242424243,14.5561842499,20.8199098247,10.8931842499,0,0,0,0,0,0,0,0,0,0,0,0
1551389810.73,18,48,18.0,48.3333333333,11.2333333333,23.976,34.3859549124,9.41981575012,0,0,0,0,0,0,0,0,0,0,0,0
1551389810.83,17,49,17.3333333333,49.0,12.1666666667,28.305,45.4979774562,4.329,0,0,0,0,0,0,0,0,0,0,0,0
1551389810.92,18,48,18.3333333333,48.0,12.4181818182,28.971,51.7199887281,0.666,0,0,0,0,0,0,0,0,0,0,0,0
1551389811.02,20,45,20.6666666667,45.6666666667,10.5212121212,26.307,52.166994364,-2.664,0,0,0,0,0,0,0,0,0,0,0,0
1551389811.11,23,43,23.3333333333,43.0,9.12727272727,22.311,48.394497182,-3.996,0,0,0,0,0,0,0,0,0,0,0,0
1551389811.2,24,41,24.6666666667,41.6666666667,9.28787878787,19.1475,43.344748591,-3.1635,0,0,0,0,0,0,0,0,0,0,0,0
1551389811.3,25,41,25.0,41.3333333333,8.04545454547,17.4825,39.1548742955,-1.665,0,0,0,0,0,0,0,0,0,0,0,0
1551389811.39,26,40,26.3333333333,40.0,7.26666666667,15.1515,34.7289371478,-2.331,0,0,0,0,0,0,0,0,0,0,0,0
1551389811.48,27,38,27.6666666667,38.6666666667,10.2212121212,12.4875,29.8519685739,-2.664,0,0,0,0,0,0,0,0,0,0,0,0
1551389811.58,28,38,28.0,38.3333333333,9.97272727273,11.1555,26.0814842869,-1.332,0,0,0,0,0,0,0,0,0,0,0,0
1551389811.67,28,38,28.3333333333,38.0,8.87272727273,10.1565,23.1972421435,-0.999,0,0,0,0,0,0,0,0,0,0,0,0
1551389811.77,29,37,29.0,37.3333333333,6.6303030303,9.1575,20.7561210717,-0.999,0,0,0,0,0,0,0,0,0,0,0,0
1551389811.86,29,37,29.0,37.3333333333,5.71515151517,8.4915,18.8695605359,-0.666,0,0,0,0,0,0,0,0,0,0,0,0
1551389811.95,30,36,30.0,36.3333333333,6.8909090909,7.326,16.7607802679,-1.1655,0,0,0,0,0,0,0,0,0,0,0,0
1551389812.05,28,38,28.0,38.3333333333,7.7696969697,8.991,17.371390134,1.665,0,0,0,0,0,0,0,0,0,0,0,0
1551389812.14,27,38,27.6666666667,38.6666666667,10.703030303,10.1565,18.842195067,1.1655,0,0,0,0,0,0,0,0,0,0,0,0
1551389812.23,23,43,23.3333333333,43.0,10.0333333333,15.651,25.0720975335,5.4945,0,0,0,0,0,0,0,0,0,0,0,0
1551389812.33,23,43,23.0,43.3333333333,10.0575757576,18.3150050812,30.8510538479,2.66400508118,0,0,0,0,0,0,0,0,0,0,0,0
1551389812.42,22,44,22.3333333333,44.0,10.2757575758,20.313,35.738526924,1.99799491882,0,0,0,0,0,0,0,0,0,0,0,0
L: 0 R: 0 T: 1551389812.5
1551389813.53,23,43,23.0,43.3333333333,10.3181818182,19.98,37.849263462,-0.333,0,0,0,0,0,0,0,0,0,0,0,0
1551389813.62,29,37,29.3333333333,37.0,11.5727272727,12.654,31.578631731,-7.326,0,0,0,0,0,0,0,0,0,0,0,0
1551389813.71,28,38,28.0,38.3333333333,10.196969697,11.322,27.1113158655,-1.332,0,0,0,0,0,0,0,0,0,0,0,0
1551389813.8,27,38,27.6666666667,38.6666666667,11.1787878788,10.989,24.5446579327,-0.333,0,0,0,0,0,0,0,0,0,0,0,0
1551389813.89,27,39,27.3333333333,39.0,11.0909090909,11.4885,23.7608289664,0.4995,0,0,0,0,0,0,0,0,0,0,0,0
1551389813.99,27,39,27.3333333333,39.0,10.996969697,11.322,23.2024144832,-0.1665,0,0,0,0,0,0,0,0,0,0,0,0
1551389814.08,25,40,25.6666666667,40.6666666667,11.4181818182,13.32,24.9212072416,1.998,0,0,0,0,0,0,0,0,0,0,0,0
1551389814.17,25,41,25.0,41.3333333333,8.83333333333,14.985,27.4456036208,1.665,0,0,0,0,0,0,0,0,0,0,0,0
1551389814.27,25,41,25.0,41.3333333333,14.5363636364,15.8175,29.5403018104,0.8325,0,0,0,0,0,0,0,0,0,0,0,0
1551389814.36,24,42,24.3333333333,42.0,14.0181818182,16.983,31.7531509052,1.1655,0,0,0,0,0,0,0,0,0,0,0,0
1551389814.45,21,45,21.3333333333,45.0,12.3484848485,20.8125,36.6890754526,3.8295,0,0,0,0,0,0,0,0,0,0,0,0
1551389814.55,23,43,23.0,43.3333333333,10.7303030303,20.4795,38.8240377263,-0.333,0,0,0,0,0,0,0,0,0,0,0,0
1551389814.64,23,43,23.0,43.3333333333,11.7424242424,20.313,39.7250188631,-0.1665,0,0,0,0,0,0,0,0,0,0,0,0
1551389814.73,25,41,25.3333333333,41.0,11.5393939394,17.4825050812,37.3450145128,-2.83049491882,0,0,0,0,0,0,0,0,0,0,0,0
1551389814.88,25,41,25.0,41.3333333333,6.0787878788,16.8165,35.4890072564,-0.666005081177,0,0,0,0,0,0,0,0,0,0,0,0
1551389814.92,27,39,27.3333333333,39.0,5.51212121213,13.653,31.3975036282,-3.1635,0,0,0,0,0,0,0,0,0,0,0,0
1551389815.06,28,38,28.0,38.3333333333,6.5090909091,11.4885,27.1872518141,-2.1645,0,0,0,0,0,0,0,0,0,0,0,0
1551389815.15,29,36,30.0,36.3333333333,5.22424242423,8.4915,22.085125907,-2.997,0,0,0,0,0,0,0,0,0,0,0,0
1551389815.24,30,36,30.0,36.3333333333,6.15757575757,7.1595,18.2020629535,-1.332,0,0,0,0,0,0,0,0,0,0,0,0
1551389815.33,30,35,30.6666666667,35.6666666667,8.0515151515,5.994,15.0950314768,-1.1655,0,0,0,0,0,0,0,0,0,0,0,0
1551389815.42,31,35,31.3333333333,35.0,10.7151515152,4.4955,12.0430157384,-1.4985,0,0,0,0,0,0,0,0,0,0,0,0
1551389815.52,33,33,33.0,33.3333333333,10.8242424242,1.8315,7.85300786919,-2.664,0,0,0,0,0,0,0,0,0,0,0,0
1551389815.61,35,31,35.3333333333,31.0,10.9272727273,-1.99799491882,1.92850901577,-3.82949491882,0,0,0,0,0,0,0,0,0,0,0,0
1551389815.7,37,28,37.6666666667,28.6666666667,11.7454545455,-6.1605,-5.19624549211,-4.16250508118,0,0,0,0,0,0,0,0,0,0,0,0
1551389815.8,38,28,38.3333333333,28.0,12.7090909091,-8.658,-11.2561227461,-2.4975,0,0,0,0,0,0,0,0,0,0,0,0
1551389815.89,41,25,41.0,25.3333333333,13.003030303,-12.654,-18.282061373,-3.996,0,0,0,0,0,0,0,0,0,0,0,0
1551389815.99,43,23,43.3333333333,23.0,12.9303030303,-16.983,-26.1240306865,-4.329,0,0,0,0,0,0,0,0,0,0,0,0
1551389816.08,44,21,44.6666666667,21.6666666667,12.7060606061,-20.313,-33.3750153433,-3.33,0,0,0,0,0,0,0,0,0,0,0,0
1551389816.17,45,21,45.3333333333,21.0,12.4181818182,-22.644,-39.3315076716,-2.331,0,0,0,0,0,0,0,0,0,0,0,0
1551389816.27,44,21,44.6666666667,21.6666666667,12.1212121212,-22.644,-42.3097538358,0.0,0,0,0,0,0,0,0,0,0,0,0,0
1551389816.36,44,22,44.3333333333,22.0,11.8696969697,-22.1445,-43.2993769179,0.4995,0,0,0,0,0,0,0,0,0,0,0,0
1551389816.45,43,22,43.6666666667,22.6666666667,11.6393939394,-21.4785,-43.128188459,0.666,0,0,0,0,0,0,0,0,0,0,0,0
L: 0 R: 0 T: 1551389816.53
1551389817.55,44,21,44.6666666667,21.6666666667,11.9424242424,-22.1445,-43.7085942295,-0.666,0,0,0,0,0,0,0,0,0,0,0,0
1551389817.69,45,20,46.0,20.3333333333,11.2545454545,-24.1425,-45.9967971147,-1.998,0,0,0,0,0,0,0,0,0,0,0,0
1551389817.73,44,22,44.0,22.3333333333,11.1090909091,-22.644,-45.6423985574,1.4985,0,0,0,0,0,0,0,0,0,0,0,0
1551389817.87,43,23,43.0,23.3333333333,10.8848484848,-20.646,-43.4671992787,1.998,0,0,0,0,0,0,0,0,0,0,0,0
1551389817.96,38,28,38.3333333333,28.0,10.3484848485,-14.4855,-36.2190996393,6.1605,0,0,0,0,0,0,0,0,0,0,0,0
1551389818.05,36,30,36.0,30.3333333333,10.3757575758,-8.991,-27.1005498197,5.4945,0,0,0,0,0,0,0,0,0,0,0,0
1551389818.14,33,32,33.6666666667,32.6666666667,10.4575757576,-4.1625,-17.7127749098,4.8285,0,0,0,0,0,0,0,0,0,0,0,0
1551389818.24,32,33,32.6666666667,33.6666666667,10.5363636364,-0.8325,-9.68888745492,3.33,0,0,0,0,0,0,0,0,0,0,0,0
1551389818.33,31,35,31.3333333333,35.0,10.8303030303,1.998,-2.84644372746,2.8305,0,0,0,0,0,0,0,0,0,0,0,0
1551389818.42,30,35,30.6666666667,35.6666666667,10.803030303,3.8295,2.40627813627,1.8315,0,0,0,0,0,0,0,0,0,0,0,0
1551389818.52,30,36,30.0,36.3333333333,10.7060606061,5.4945,6.69763906814,1.665,0,0,0,0,0,0,0,0,0,0,0,0
1551389818.61,29,37,29.0,37.3333333333,10.6818181818,7.1595,10.5083195341,1.665,0,0,0,0,0,0,0,0,0,0,0,0
1551389818.7,28,38,28.0,38.3333333333,10.6636363636,9.1575,14.411659767,1.998,0,0,0,0,0,0,0,0,0,0,0,0
1551389818.8,27,38,27.6666666667,38.6666666667,10.6606060606,10.323,17.5288298835,1.1655,0,0,0,0,0,0,0,0,0,0,0,0
1551389818.89,27,38,27.6666666667,38.6666666667,10.6333333333,10.8225,19.5869149418,0.4995,0,0,0,0,0,0,0,0,0,0,0,0
1551389818.98,28,38,28.3333333333,38.0,10.8151515152,9.99,19.7834574709,-0.8325,0,0,0,0,0,0,0,0,0,0,0,0
1551389819.08,27,39,27.3333333333,39.0,11.5666666667,10.989,20.8807287354,0.999,0,0,0,0,0,0,0,0,0,0,0,0
1551389819.17,26,40,26.3333333333,40.0,12.0606060606,12.321,22.7613643677,1.332,0,0,0,0,0,0,0,0,0,0,0,0
1551389819.26,26,40,26.3333333333,40.0,12.6121212121,13.1535,24.5341821839,0.8325,0,0,0,0,0,0,0,0,0,0,0,0
1551389819.36,23,42,23.3333333333,43.0,12.4787878788,16.8165,29.0835910919,3.663,0,0,0,0,0,0,0,0,0,0,0,0
1551389819.45,22,44,22.0,44.3333333333,12.3121212121,19.98,34.521795546,3.1635,0,0,0,0,0,0,0,0,0,0,0,0
1551389819.55,21,44,21.6666666667,44.6666666667,12.0272727273,21.4785,38.739397773,1.4985,0,0,0,0,0,0,0,0,0,0,0,0
1551389819.64,20,46,20.3333333333,46.0,11.9,23.643,43.0126988865,2.1645,0,0,0,0,0,0,0,0,0,0,0,0
1551389819.73,19,46,19.6666666667,46.6666666667,12.7939393939,25.6410050812,47.1473545244,1.99800508118,0,0,0,0,0,0,0,0,0,0,0,0
1551389819.83,20,46,20.0,46.3333333333,13.0454545455,25.8075,49.3811772622,0.166494918823,0,0,0,0,0,0,0,0,0,0,0,0
1551389819.92,21,45,21.3333333333,45.0,13.6909090909,24.1425,48.8330886311,-1.665,0,0,0,0,0,0,0,0,0,0,0,0
1551389820.01,19,46,19.6666666667,46.6666666667,13.103030303,25.641,50.0575443156,1.4985,0,0,0,0,0,0,0,0,0,0,0,0
1551389820.11,19,47,19.3333333333,47.0,12.4575757576,26.64,51.6687721578,0.999,0,0,0,0,0,0,0,0,0,0,0,0
1551389820.2,20,46,20.3333333333,46.0,11.9909090909,25.974,51.8083860789,-0.666,0,0,0,0,0,0,0,0,0,0,0,0
1551389820.3,21,45,21.0,45.3333333333,11.5303030303,24.642,50.5461930394,-1.332,0,0,0,0,0,0,0,0,0,0,0,0
1551389820.39,20,45,20.6666666667,45.6666666667,9.89696969697,24.4755,49.7485965197,-0.1665,0,0,0,0,0,0,0,0,0,0,0,0
1551389820.48,20,45,20.6666666667,45.6666666667,9.4484848485,24.6420050812,49.516303341,0.166505081177,0,0,0,0,0,0,0,0,0,0,0,0
L: 0 R: 0 T: 1551389820.56
1551389821.58,21,45,21.3333333333,45.0,9.47272727273,23.7217429962,48.4798946667,-0.920262084961,0,0,0,0,0,0,0,0,0,0,0,0
1551389821.67,5,61,5.33333333333,61.0,3.26363636364,42.4575,66.6974473334,18.7357570038,0,0,0,0,0,0,0,0,0,0,0,0
1551389821.76,4,61,4.66666666667,61.6666666667,0.142424242424,50.7825,84.1312236667,8.325,0,0,0,0,0,0,0,0,0,0,0,0
L: 0 R: 0 T: 1551389821.86
1551389822.01,8,58,8.0,58.3333333333,0.58787878788,50.1165,92.1821118333,-0.666,0,0,0,0,0,0,0,0,0,0,0,0
1551389822.1,14,52,14.3333333333,52.0,10.4272727273,42.1245,88.2155559167,-7.992,0,0,0,0,0,0,0,0,0,0,0,0
1551389822.14,18,48,18.0,48.3333333333,12.2606060606,34.632,78.7397779583,-7.4925,0,0,0,0,0,0,0,0,0,0,0,0
1551389822.28,27,39,27.3333333333,39.0,11.4393939394,20.646,60.0158889792,-13.986,0,0,0,0,0,0,0,0,0,0,0,0
1551389822.37,30,36,30.3333333333,36.0,11.0878787879,11.4885,41.4964444896,-9.1575,0,0,0,0,0,0,0,0,0,0,0,0
1551389822.46,29,37,29.3333333333,37.0,10.9575757576,9.1575,29.9057222448,-2.331,0,0,0,0,0,0,0,0,0,0,0,0
1551389822.55,28,38,28.0,38.3333333333,10.8454545455,9.657,24.6098611224,0.4995,0,0,0,0,0,0,0,0,0,0,0,0
1551389822.64,27,39,27.0,39.3333333333,10.8757575758,10.989,23.2939305612,1.332,0,0,0,0,0,0,0,0,0,0,0,0
1551389822.79,27,39,27.3333333333,39.0,10.7727272727,11.4885,23.1354652806,0.4995,0,0,0,0,0,0,0,0,0,0,0,0
1551389822.88,27,38,27.6666666667,38.6666666667,10.7818181818,11.1555,22.7232326403,-0.333,0,0,0,0,0,0,0,0,0,0,0,0
1551389822.91,27,38,28.0,38.3333333333,10.7636363636,10.4895,21.8511163201,-0.666,0,0,0,0,0,0,0,0,0,0,0,0
1551389822.95,27,38,28.0,38.3333333333,10.6727272727,10.323,21.2485581601,-0.1665,0,0,0,0,0,0,0,0,0,0,0,0
1551389822.98,28,38,28.3333333333,38.0,10.6666666667,9.99,20.61427908,-0.333,0,0,0,0,0,0,0,0,0,0,0,0
1551389823.12,29,37,29.0,37.3333333333,10.6303030303,8.991,19.29813954,-0.999,0,0,0,0,0,0,0,0,0,0,0,0
1551389823.21,30,36,30.0,36.3333333333,10.6393939394,7.4925,17.14156977,-1.4985,0,0,0,0,0,0,0,0,0,0,0,0
1551389823.3,30,36,30.3333333333,36.0,10.6454545455,6.4935,15.064284885,-0.999,0,0,0,0,0,0,0,0,0,0,0,0
1551389823.39,30,36,30.3333333333,36.0,10.6272727273,5.8275,13.3596424425,-0.666,0,0,0,0,0,0,0,0,0,0,0,0
1551389823.48,31,35,31.0,35.3333333333,10.5606060606,4.995,11.6748212213,-0.8325,0,0,0,0,0,0,0,0,0,0,0,0
1551389823.58,31,35,31.3333333333,35.0,10.6303030303,3.996,9.83341061063,-0.999,0,0,0,0,0,0,0,0,0,0,0,0
1551389823.67,31,34,31.6666666667,34.6666666667,10.5606060606,3.33,8.24670530531,-0.666,0,0,0,0,0,0,0,0,0,0,0,0
1551389823.76,32,34,32.0,34.3333333333,10.5636363636,2.664,6.78735265266,-0.666,0,0,0,0,0,0,0,0,0,0,0,0
1551389823.86,33,33,33.0,33.3333333333,10.5515151515,1.332,4.72567632633,-1.332,0,0,0,0,0,0,0,0,0,0,0,0
1551389823.95,33,33,33.3333333333,33.0,10.5515151515,0.333,2.69583816316,-0.999,0,0,0,0,0,0,0,0,0,0,0,0
1551389824.05,33,32,33.6666666667,32.6666666667,10.4818181818,-0.332994918823,1.01492416276,-0.665994918823,0,0,0,0,0,0,0,0,0,0,0,0
1551389824.14,34,32,34.0,32.3333333333,10.5393939394,-0.999,-0.491537918621,-0.666005081177,0,0,0,0,0,0,0,0,0,0,0,0
1551389824.23,34,32,34.0,32.3333333333,10.5696969697,-1.332,-1.57776895931,-0.333,0,0,0,0,0,0,0,0,0,0,0,0
1551389824.33,34,32,34.0,32.3333333333,10.5878787879,-1.665,-2.45388447966,-0.333,0,0,0,0,0,0,0,0,0,0,0,0
1551389824.42,34,32,34.0,32.3333333333,10.596969697,-1.8315,-3.05844223983,-0.1665,0,0,0,0,0,0,0,0,0,0,0,0
1551389824.51,34,32,34.3333333333,32.0,10.6181818182,-1.998,-3.52722111991,-0.1665,0,0,0,0,0,0,0,0,0,0,0,0
L: 0 R: 0 T: 1551389824.59
1551389825.61,34,32,34.3333333333,32.0,10.6090909091,-2.1645,-3.92811055996,-0.1665,0,0,0,0,0,0,0,0,0,0,0,0
1551389825.75,31,35,31.0,35.3333333333,10.4242424242,1.8315,-0.132555279978,3.996,0,0,0,0,0,0,0,0,0,0,0,0
1551389825.84,31,34,31.6666666667,34.6666666667,10.4757575758,2.664,2.59772236001,0.8325,0,0,0,0,0,0,0,0,0,0,0,0
1551389825.93,32,34,32.0,34.3333333333,10.4757575758,2.331,3.62986118001,-0.333,0,0,0,0,0,0,0,0,0,0,0,0
1551389826.02,32,33,32.6666666667,33.6666666667,10.4757575758,1.665,3.47993059,-0.666,0,0,0,0,0,0,0,0,0,0,0,0
1551389826.11,33,33,33.0,33.3333333333,10.5060606061,0.999005081177,2.73897037618,-0.665994918823,0,0,0,0,0,0,0,0,0,0,0,0
1551389826.2,33,33,33.0,33.3333333333,10.4787878788,0.499505081177,1.86899026927,-0.4995,0,0,0,0,0,0,0,0,0,0,0,0
1551389826.3,33,33,33.0,33.3333333333,10.5,0.333005081177,1.26750021581,-0.1665,0,0,0,0,0,0,0,0,0,0,0,0
1551389826.39,33,33,33.3333333333,33.0,10.5757575758,0.0,0.633750107905,-0.333005081177,0,0,0,0,0,0,0,0,0,0,0,0
1551389826.48,33,33,33.0,33.3333333333,10.6060606061,0.0,0.316875053952,0.0,0,0,0,0,0,0,0,0,0,0,0,0
1551389826.58,33,33,33.3333333333,33.0,10.5939393939,-0.333,-0.174562473024,-0.333,0,0,0,0,0,0,0,0,0,0,0,0
1551389826.67,33,33,33.3333333333,33.0,10.6151515152,-0.4995,-0.586781236512,-0.1665,0,0,0,0,0,0,0,0,0,0,0,0
1551389826.76,33,32,33.6666666667,32.6666666667,10.6696969697,-0.8325,-1.12589061826,-0.333,0,0,0,0,0,0,0,0,0,0,0,0
1551389826.86,34,32,34.0,32.3333333333,10.6454545455,-1.1655,-1.72844530913,-0.333,0,0,0,0,0,0,0,0,0,0,0,0
1551389826.95,34,32,34.0,32.3333333333,10.6757575758,-1.4985,-2.36272265456,-0.333,0,0,0,0,0,0,0,0,0,0,0,0
1551389827.05,34,32,34.0,32.3333333333,10.7060606061,-1.4985,-2.67986132728,0.0,0,0,0,0,0,0,0,0,0,0,0,0
1551389827.14,33,32,33.6666666667,32.6666666667,10.6878787879,-1.1655,-2.50543066364,0.333,0,0,0,0,0,0,0,0,0,0,0,0
1551389827.23,34,32,34.0,32.3333333333,11.1181818182,-1.33199491882,-2.58471025064,-0.166494918823,0,0,0,0,0,0,0,0,0,0,0,0
1551389827.33,33,33,33.0,33.3333333333,11.1363636364,-0.1665,-1.45885512532,1.16549491882,0,0,0,0,0,0,0,0,0,0,0,0
1551389827.42,31,35,31.3333333333,35.0,11.1242424242,1.998,1.26857243734,2.1645,0,0,0,0,0,0,0,0,0,0,0,0
1551389827.51,29,37,29.0,37.3333333333,11.1454545455,5.661,6.29528621867,3.663,0,0,0,0,0,0,0,0,0,0,0,0
1551389827.66,27,38,27.6666666667,38.6666666667,11.1848484848,8.991,12.1386431093,3.33,0,0,0,0,0,0,0,0,0,0,0,0
1551389827.75,23,43,23.3333333333,43.0,11.703030303,15.318,21.3873215547,6.327,0,0,0,0,0,0,0,0,0,0,0,0
1551389827.84,21,45,21.3333333333,45.0,13.2878787879,20.313,31.0066607773,4.995,0,0,0,0,0,0,0,0,0,0,0,0
1551389827.93,21,45,21.0,45.3333333333,14.8242424242,22.644,38.1473303887,2.331,0,0,0,0,0,0,0,0,0,0,0,0
1551389828.02,18,47,18.6666666667,47.6666666667,14.4696969697,26.4735025406,45.5471677349,3.82950254059,0,0,0,0,0,0,0,0,0,0,0,0
1551389828.11,13,52,13.6666666667,52.6666666667,14.3515151515,33.7995,56.5730838675,7.32599745941,0,0,0,0,0,0,0,0,0,0,0,0
1551389828.2,14,52,14.3333333333,52.0,14.6727272727,35.7975,64.0840419337,1.998,0,0,0,0,0,0,0,0,0,0,0,0
1551389828.3,15,51,15.3333333333,51.0,15.2272727273,35.298,67.3400209669,-0.4995,0,0,0,0,0,0,0,0,0,0,0,0
1551389828.39,16,49,16.6666666667,49.6666666667,16.3575757576,33.4665,67.1365104834,-1.8315,0,0,0,0,0,0,0,0,0,0,0,0
1551389828.48,16,49,16.6666666667,49.6666666667,15.5666666667,32.967,66.5352552417,-0.4995,0,0,0,0,0,0,0,0,0,0,0,0
1551389828.58,14,52,14.3333333333,52.0,14.7575757576,35.4645,68.7321276209,2.4975,0,0,0,0,0,0,0,0,0,0,0,0
L: 0 R: 0 T: 1551389828.65
1551389829.67,14,52,14.0,52.3333333333,14.4090909091,36.9630025406,71.329066351,1.49850254059,0,0,0,0,0,0,0,0,0,0,0,0
1551389829.76,82,-15,82.3333333333,-15.6666666667,8.4606060606,-44.289,-8.62446682449,-81.2520025406,0,0,0,0,0,0,0,0,0,0,0,0
1551389829.86,60,6,60.3333333333,6.0,1.23636363636,-49.95,-54.2622334122,-5.661,0,0,0,0,0,0,0,0,0,0,0,0
1551389829.95,56,9,56.6666666667,9.66666666667,3.9515151515,-47.952,-75.0831167061,1.998,0,0,0,0,0,0,0,0,0,0,0,0
1551389830.1,53,13,53.0,13.3333333333,9.3090909091,-42.7905,-80.3320583531,5.1615,0,0,0,0,0,0,0,0,0,0,0,0
1551389830.19,41,25,41.3333333333,25.0,9.4212121212,-26.4735,-66.6395291765,16.317,0,0,0,0,0,0,0,0,0,0,0,0
1551389830.28,35,31,35.3333333333,31.0,9.61212121213,-12.8204949188,-46.1402595071,13.6530050812,0,0,0,0,0,0,0,0,0,0,0,0
1551389830.37,30,35,30.6666666667,35.6666666667,10.1939393939,-1.8315,-24.9016297535,10.9889949188,0,0,0,0,0,0,0,0,0,0,0,0
1551389830.46,29,36,29.6666666667,36.6666666667,10.6484848485,3.663,-8.78781487677,5.4945,0,0,0,0,0,0,0,0,0,0,0,0
1551389830.55,28,37,28.6666666667,37.6666666667,10.7060606061,6.66,2.26609256161,2.997,0,0,0,0,0,0,0,0,0,0,0,0
1551389830.64,28,38,28.3333333333,38.0,10.7303030303,8.325,9.45804628081,1.665,0,0,0,0,0,0,0,0,0,0,0,0
1551389830.73,27,38,27.6666666667,38.6666666667,10.703030303,9.8235,14.5525231404,1.4985,0,0,0,0,0,0,0,0,0,0,0,0
1551389830.83,27,38,27.6666666667,38.6666666667,10.6242424242,10.323,17.5992615702,0.4995,0,0,0,0,0,0,0,0,0,0,0,0
1551389830.92,28,38,28.0,38.3333333333,10.5393939394,10.323,19.1226307851,0.0,0,0,0,0,0,0,0,0,0,0,0,0
1551389831.01,28,38,28.0,38.3333333333,10.5333333333,10.323,19.8843153926,0.0,0,0,0,0,0,0,0,0,0,0,0,0
1551389831.11,28,38,28.0,38.3333333333,10.5272727273,10.323,20.2651576963,0.0,0,0,0,0,0,0,0,0,0,0,0,0
1551389831.2,28,38,28.3333333333,38.0,10.496969697,9.99,20.1225788481,-0.333,0,0,0,0,0,0,0,0,0,0,0,0
1551389831.3,28,37,28.6666666667,37.6666666667,10.4333333333,9.324,19.3852894241,-0.666,0,0,0,0,0,0,0,0,0,0,0,0
1551389831.39,29,37,29.0,37.3333333333,10.4363636364,8.4915,18.184144712,-0.8325,0,0,0,0,0,0,0,0,0,0,0,0
1551389831.48,29,36,29.6666666667,36.6666666667,10.4181818182,7.4925,16.584572356,-0.999,0,0,0,0,0,0,0,0,0,0,0,0
1551389831.58,28,38,28.3333333333,38.0,10.4636363636,8.658,16.950286178,1.1655,0,0,0,0,0,0,0,0,0,0,0,0
1551389831.67,27,38,27.6666666667,38.6666666667,10.5636363636,9.99,18.465143089,1.332,0,0,0,0,0,0,0,0,0,0,0,0
1551389831.76,26,39,26.6666666667,39.6666666667,10.6181818182,11.655,20.8875715445,1.665,0,0,0,0,0,0,0,0,0,0,0,0
1551389831.86,26,40,26.0,40.3333333333,10.6303030303,13.32,23.7637857723,1.665,0,0,0,0,0,0,0,0,0,0,0,0
1551389831.95,25,41,25.0,41.3333333333,10.6878787879,15.1515,27.0333928861,1.8315,0,0,0,0,0,0,0,0,0,0,0,0
1551389832.04,23,42,23.6666666667,42.6666666667,10.7636363636,17.1495,30.6661964431,1.998,0,0,0,0,0,0,0,0,0,0,0,0
1551389832.14,23,43,23.0,43.3333333333,10.8212121212,18.8145,34.1475982215,1.665,0,0,0,0,0,0,0,0,0,0,0,0
1551389832.23,21,44,21.6666666667,44.6666666667,10.8727272727,20.979,38.0527991108,2.1645,0,0,0,0,0,0,0,0,0,0,0,0
1551389832.33,21,45,21.0,45.3333333333,10.903030303,22.8105,41.8368995554,1.8315,0,0,0,0,0,0,0,0,0,0,0,0
1551389832.42,20,45,20.6666666667,45.6666666667,10.9242424242,23.8095,44.7279497777,0.999,0,0,0,0,0,0,0,0,0,0,0,0
1551389832.51,23,43,23.3333333333,43.0,10.8454545455,21.312,43.6759748888,-2.4975,0,0,0,0,0,0,0,0,0,0,0,0
1551389832.61,26,40,26.0,40.3333333333,10.6121212121,16.983,38.8209874444,-4.329,0,0,0,0,0,0,0,0,0,0,0,0
L: 0 R: 0 T: 1551389832.68
1551389833.7,28,37,29.0,37.3333333333,10.5818181818,11.8215,31.2319937222,-5.1615,0,0,0,0,0,0,0,0,0,0,0,0
1551389833.79,64,1,64.6666666667,1.66666666667,10.4545454545,-32.967,-17.3510031389,-44.7885,0,0,0,0,0,0,0,0,0,0,0,0
1551389833.89,51,15,51.3333333333,15.0,10.4666666667,-34.632,-43.3075015694,-1.665,0,0,0,0,0,0,0,0,0,0,0,0
1551389833.98,44,22,44.0,22.3333333333,10.3060606061,-26.4735,-48.1272507847,8.1585,0,0,0,0,0,0,0,0,0,0,0,0
1551389834.08,37,28,37.6666666667,28.6666666667,10.4666666667,-15.984,-40.0476253924,10.4895,0,0,0,0,0,0,0,0,0,0,0,0
1551389834.17,34,32,34.0,32.3333333333,10.7636363636,-7.1595,-27.1833126962,8.8245,0,0,0,0,0,0,0,0,0,0,0,0
1551389834.26,31,35,31.3333333333,35.0,10.9727272727,-0.666,-14.2576563481,6.4935,0,0,0,0,0,0,0,0,0,0,0,0
1551389834.36,29,37,29.3333333333,37.0,11.1484848485,4.4955,-2.63332817405,5.1615,0,0,0,0,0,0,0,0,0,0,0,0
1551389834.45,26,39,26.6666666667,39.6666666667,11.4696969697,9.4905,8.17383591298,4.995,0,0,0,0,0,0,0,0,0,0,0,0
1551389834.54,23,42,23.6666666667,42.6666666667,13.2363636364,14.985,19.0719179565,5.4945,0,0,0,0,0,0,0,0,0,0,0,0
1551389834.64,22,44,22.0,44.3333333333,14.7393939394,19.314,28.8499589782,4.329,0,0,0,0,0,0,0,0,0,0,0,0
1551389834.73,18,47,18.6666666667,47.6666666667,15.096969697,24.975,39.3999794891,5.661,0,0,0,0,0,0,0,0,0,0,0,0
1551389834.83,12,54,12.3333333333,54.0,15.2212121212,34.7985,54.4984897446,9.8235,0,0,0,0,0,0,0,0,0,0,0,0
1551389834.97,12,54,12.3333333333,54.0,14.1454545455,38.7945,66.0437448723,3.996,0,0,0,0,0,0,0,0,0,0,0,0
1551389835.06,13,52,13.6666666667,52.6666666667,14.1303030303,38.7945,71.8163724361,0.0,0,0,0,0,0,0,0,0,0,0,0,0
1551389835.15,19,47,19.3333333333,47.0,12.5818181818,31.968,67.8761862181,-6.8265,0,0,0,0,0,0,0,0,0,0,0,0
1551389835.24,23,43,23.3333333333,43.0,11.9090909091,24.4755,58.413593109,-7.4925,0,0,0,0,0,0,0,0,0,0,0,0
1551389835.33,25,41,25.0,41.3333333333,11.6242424242,19.3140050812,48.5208016357,-5.16149491882,0,0,0,0,0,0,0,0,0,0,0,0
1551389835.42,25,41,25.0,41.3333333333,12.0575757576,17.4825,41.7429008178,-1.83150508118,0,0,0,0,0,0,0,0,0,0,0,0
1551389835.51,25,41,25.0,41.3333333333,10.8484848485,16.8165,37.6879504089,-0.666,0,0,0,0,0,0,0,0,0,0,0,0
1551389835.61,26,40,26.0,40.3333333333,11.6272727273,15.318,34.1619752045,-1.4985,0,0,0,0,0,0,0,0,0,0,0,0
1551389835.7,16,49,16.6666666667,49.6666666667,11.5848484848,25.8075,42.8884876022,10.4895,0,0,0,0,0,0,0,0,0,0,0,0
1551389835.8,13,52,13.6666666667,52.6666666667,12.7303030303,33.633,55.0772438011,7.8255,0,0,0,0,0,0,0,0,0,0,0,0
1551389835.89,10,56,10.0,56.3333333333,11.0575757576,40.7925,68.3311219006,7.1595,0,0,0,0,0,0,0,0,0,0,0,0
1551389835.98,18,48,18.3333333333,48.0,10.5636363636,33.9660025406,68.1315634909,-6.82649745941,0,0,0,0,0,0,0,0,0,0,0,0
1551389836.08,22,43,22.6666666667,43.6666666667,9.6606060606,25.8075,59.8732817454,-8.15850254059,0,0,0,0,0,0,0,0,0,0,0,0
1551389836.17,24,41,24.6666666667,41.6666666667,8.0212121212,20.313,50.2496408727,-5.4945,0,0,0,0,0,0,0,0,0,0,0,0
1551389836.26,26,40,26.0,40.3333333333,10.4909090909,16.65,41.7748204364,-3.663,0,0,0,0,0,0,0,0,0,0,0,0
1551389836.36,26,40,26.3333333333,40.0,10.2090909091,14.652,35.5394102182,-1.998,0,0,0,0,0,0,0,0,0,0,0,0
1551389836.45,26,39,27.0,39.3333333333,10.3212121212,13.1535,30.9232051091,-1.4985,0,0,0,0,0,0,0,0,0,0,0,0
1551389836.55,27,39,27.3333333333,39.0,10.7818181818,12.1545,27.6161025545,-0.999,0,0,0,0,0,0,0,0,0,0,0,0
1551389836.64,28,38,28.0,38.3333333333,10.2484848485,10.8225,24.6305512773,-1.332,0,0,0,0,0,0,0,0,0,0,0,0
L: 0 R: 0 T: 1551389836.71
1551389837.73,28,37,28.6666666667,37.6666666667,5.98484848483,9.8235,22.1387756386,-0.999,0,0,0,0,0,0,0,0,0,0,0,0
1551389837.87,8,57,8.33333333333,58.0,10.0939393939,33.4665012703,44.5358890896,23.6430012703,0,0,0,0,0,0,0,0,0,0,0,0
1551389837.96,13,52,13.3333333333,53.0,10.9363636364,36.963,59.2309445448,3.49649872971,0,0,0,0,0,0,0,0,0,0,0,0
1551389838.05,15,51,15.0,51.3333333333,13.3636363636,36.4635,66.0789722724,-0.4995,0,0,0,0,0,0,0,0,0,0,0,0
1551389838.14,19,46,19.6666666667,46.6666666667,11.2818181818,30.636,63.6754861362,-5.8275,0,0,0,0,0,0,0,0,0,0,0,0
1551389838.23,23,43,23.0,43.3333333333,13.6909090909,24.1425,55.9802430681,-6.4935,0,0,0,0,0,0,0,0,0,0,0,0
1551389838.33,22,43,22.6666666667,43.6666666667,11.5181818182,21.978,49.9681215341,-2.1645,0,0,0,0,0,0,0,0,0,0,0,0
1551389838.42,21,44,21.6666666667,44.6666666667,10.6303030303,22.4775,47.461560767,0.4995,0,0,0,0,0,0,0,0,0,0,0,0
1551389838.51,21,44,21.6666666667,44.6666666667,10.2545454545,22.4775,46.2082803835,0.0,0,0,0,0,0,0,0,0,0,0,0,0
1551389838.61,22,44,22.0,44.3333333333,11.7757575758,22.311,45.4151401918,-0.1665,0,0,0,0,0,0,0,0,0,0,0,0
1551389838.7,23,43,23.0,43.3333333333,11.5454545455,20.8125,43.5200700959,-1.4985,0,0,0,0,0,0,0,0,0,0,0,0
1551389838.79,24,42,24.0,42.3333333333,11.2393939394,19.1475,40.9075350479,-1.665,0,0,0,0,0,0,0,0,0,0,0,0
1551389838.89,25,41,25.3333333333,41.0,11.1060606061,16.8165,37.270267524,-2.331,0,0,0,0,0,0,0,0,0,0,0,0
1551389838.98,26,40,26.3333333333,40.0,10.9606060606,14.652,33.287133762,-2.1645,0,0,0,0,0,0,0,0,0,0,0,0
1551389839.08,26,39,26.6666666667,39.6666666667,10.9151515152,13.4865,30.130066881,-1.1655,0,0,0,0,0,0,0,0,0,0,0,0
1551389839.17,27,38,27.6666666667,38.6666666667,11.4515151515,11.8215,26.8865334405,-1.665,0,0,0,0,0,0,0,0,0,0,0,0
1551389839.26,26,39,26.6666666667,39.6666666667,8.57575757577,12.4875,25.9307667202,0.666,0,0,0,0,0,0,0,0,0,0,0,0
1551389839.36,26,40,26.3333333333,40.0,14.0696969697,12.987,25.9523833601,0.4995,0,0,0,0,0,0,0,0,0,0,0,0
1551389839.45,25,41,25.3333333333,41.0,13.5757575758,14.4855,27.4616916801,1.4985,0,0,0,0,0,0,0,0,0,0,0,0
1551389839.54,23,43,23.0,43.3333333333,12.2333333333,17.8155,31.54634584,3.33,0,0,0,0,0,0,0,0,0,0,0,0
1551389839.64,23,43,23.0,43.3333333333,12.003030303,19.1475,34.92067292,1.332,0,0,0,0,0,0,0,0,0,0,0,0
1551389839.73,23,43,23.3333333333,43.0,11.803030303,19.4805,36.94083646,0.333,0,0,0,0,0,0,0,0,0,0,0,0
1551389839.83,23,42,23.6666666667,42.6666666667,11.5909090909,19.1475050812,37.6179233112,-0.332994918823,0,0,0,0,0,0,0,0,0,0,0,0
1551389839.92,24,42,24.0,42.3333333333,9.25757575757,18.315,37.1239616556,-0.832505081177,0,0,0,0,0,0,0,0,0,0,0,0
1551389840.01,24,41,24.6666666667,41.6666666667,8.61818181817,17.316,35.8779808278,-0.999,0,0,0,0,0,0,0,0,0,0,0,0
1551389840.11,26,40,26.0,40.3333333333,8.65757575757,15.318,33.2569904139,-1.998,0,0,0,0,0,0,0,0,0,0,0,0
1551389840.2,26,39,26.6666666667,39.6666666667,5.30303030303,13.8195,30.4479952069,-1.4985,0,0,0,0,0,0,0,0,0,0,0,0
1551389840.29,28,38,28.0,38.3333333333,6.0515151515,11.655,26.8789976035,-2.1645,0,0,0,0,0,0,0,0,0,0,0,0
1551389840.39,29,36,29.6666666667,36.6666666667,9.07575757577,8.658,22.0974988017,-2.997,0,0,0,0,0,0,0,0,0,0,0,0
1551389840.48,30,35,30.6666666667,35.6666666667,10.8181818182,6.4935,17.5422494009,-2.1645,0,0,0,0,0,0,0,0,0,0,0,0
1551389840.58,32,34,32.0,34.3333333333,10.796969697,3.996,12.7671247004,-2.4975,0,0,0,0,0,0,0,0,0,0,0,0
1551389840.67,33,32,33.6666666667,32.6666666667,10.7272727273,1.1655,7.54906235022,-2.8305,0,0,0,0,0,0,0,0,0,0,0,0
L: 0 R: 0 T: 1551389840.74
1551389841.77,35,31,35.0,31.3333333333,10.8909090909,-1.8315,1.94303117511,-2.997,0,0,0,0,0,0,0,0,0,0,0,0
L: 0 R: 0 T: 1551389841.86
L: 0 R: 0 T: 1551389841.95
L: 0 R: 0 T: 1551389842.04
L: 0 R: 0 T: 1551389842.14
L: 0 R: 0 T: 1551389842.29
L: 0 R: 0 T: 1551389842.38
L: 0 R: 0 T: 1551389842.53
L: 0 R: 0 T: 1551389842.62
L: 0 R: 0 T: 1551389842.7
L: 0 R: 0 T: 1551389842.8
L: 0 R: 0 T: 1551389842.89
L: 0 R: 0 T: 1551389842.98
L: 0 R: 0 T: 1551389843.07
L: 0 R: 0 T: 1551389843.17
1551389843.26,-9,76,-9.33333333333,76.0,0.181818181818,50.4495,51.4210155876,52.281,0,0,0,0,0,0,0,0,0,0,0,0
1551389843.36,26,40,26.3333333333,40.0,5.62727272727,28.305,54.0155077938,-22.1445,0,0,0,0,0,0,0,0,0,0,0,0
1551389843.45,19,46,19.6666666667,46.6666666667,14.7606060606,27.306,54.3137538969,-0.999,0,0,0,0,0,0,0,0,0,0,0,0
1551389843.55,42,24,42.0,24.3333333333,36.593939394,0.1665,27.3233769484,-27.1395,0,0,0,0,0,0,0,0,0,0,0,0
1551389843.64,33,33,33.0,33.3333333333,71.084848485,0.1665,13.8281884742,0.0,0,0,0,0,0,0,0,0,0,0,0,0
1551389843.73,33,33,33.0,33.3333333333,71.084848485,0.1665,7.08059423711,0.0,0,0,0,0,0,0,0,0,0,0,0,0
1551389843.83,33,33,33.0,33.3333333333,71.084848485,0.1665,3.70679711856,0.0,0,0,0,0,0,0,0,0,0,0,0,0
1551389843.92,33,33,33.0,33.3333333333,71.084848485,0.1665,2.01989855928,0.0,0,0,0,0,0,0,0,0,0,0,0,0
1551389844.01,42,24,42.0,24.3333333333,52.2363636363,-10.323,-9.31305072036,-10.4895,0,0,0,0,0,0,0,0,0,0,0,0
