connected to 192.168.1.17
time,left,right,piLeft,piRight,piConf,piP,piI,piD,cam0Left,cam0Right,cam0Conf,cam0P,cam0I,cam0D,cam1Left,cam1Right,cam1Conf,cam1P,cam1I,cam1D
1551390555.36,35,31,35.0,31.3333333333,10.9242424242,-3.33,-6.66,0.0,0,0,0,0,0,0,0,0,0,0,0,0
1551390555.37,35,31,35.0,31.3333333333,10.9363636364,-3.33,-6.66,0.0,0,0,0,0,0,0,0,0,0,0,0,0
1551390555.47,34,31,34.6666666667,31.6666666667,10.9666666667,-3.1635,-6.4935,0.1665,0,0,0,0,0,0,0,0,0,0,0,0
1551390555.56,35,31,35.3333333333,31.0,10.8787878788,-3.663,-6.90975,-0.4995,0,0,0,0,0,0,0,0,0,0,0,0
1551390555.65,38,28,38.0,28.3333333333,11.3121212121,-7.326,-10.780875,-3.663,0,0,0,0,0,0,0,0,0,0,0,0
1551390555.75,39,26,39.6666666667,26.6666666667,12.303030303,-10.8225,-16.2129375,-3.4965,0,0,0,0,0,0,0,0,0,0,0,0
1551390555.84,41,25,41.0,25.3333333333,13.3575757576,-13.4865,-21.59296875,-2.664,0,0,0,0,0,0,0,0,0,0,0,0
L: 0 R: 0 T: 1551390555.92
1551390556.54,41,24,41.6666666667,24.6666666667,13.6818181818,-15.4845,-26.280984375,-1.998,0,0,0,0,0,0,0,0,0,0,0,0
1551390556.63,61,5,61.0,5.33333333333,13.0181818182,-39.294,-52.4344921875,-23.8095,0,0,0,0,0,0,0,0,0,0,0,0
1551390556.72,53,12,53.6666666667,12.6666666667,12.5666666667,-40.1265,-66.3437460937,-0.8325,0,0,0,0,0,0,0,0,0,0,0,0
1551390556.81,51,14,51.3333333333,15.0,13.7212121212,-37.4625,-70.6343730469,2.664,0,0,0,0,0,0,0,0,0,0,0,0
1551390556.95,48,17,48.6666666667,17.6666666667,13.1181818182,-33.3,-68.6171865234,4.1625,0,0,0,0,0,0,0,0,0,0,0,0
1551390557.04,43,22,43.6666666667,22.6666666667,12.1878787879,-25.8075,-60.1160932617,7.4925,0,0,0,0,0,0,0,0,0,0,0,0
1551390557.13,41,24,41.6666666667,24.6666666667,11.6939393939,-20.4795,-50.5375466309,5.328,0,0,0,0,0,0,0,0,0,0,0,0
1551390557.22,40,25,40.6666666667,25.6666666667,11.8575757576,-16.983,-42.2517733154,3.4965,0,0,0,0,0,0,0,0,0,0,0,0
1551390557.31,41,24,41.6666666667,24.6666666667,11.0606060606,-16.65,-37.7758866577,0.333,0,0,0,0,0,0,0,0,0,0,0,0
1551390557.4,41,25,41.0,25.3333333333,11.6060606061,-15.984,-34.8719433289,0.666,0,0,0,0,0,0,0,0,0,0,0,0
1551390557.5,41,24,41.6666666667,24.6666666667,11.3757575758,-16.3169949188,-33.7529665833,-0.332994918823,0,0,0,0,0,0,0,0,0,0,0,0
1551390557.59,40,25,40.6666666667,25.6666666667,11.3121212121,-15.3179898376,-32.1944731293,0.999005081177,0,0,0,0,0,0,0,0,0,0,0,0
1551390557.69,40,25,40.6666666667,25.6666666667,11.2545454545,-14.985,-31.0822365646,0.332989837646,0,0,0,0,0,0,0,0,0,0,0,0
1551390557.78,40,26,40.3333333333,26.0,11.1121212121,-14.319,-29.8601182823,0.666,0,0,0,0,0,0,0,0,0,0,0,0
1551390557.87,40,26,40.0,26.3333333333,10.8515151515,-13.9859949188,-28.91605406,0.333005081177,0,0,0,0,0,0,0,0,0,0,0,0
1551390557.97,39,26,39.6666666667,26.6666666667,10.6878787879,-13.3199949188,-27.7780219488,0.666,0,0,0,0,0,0,0,0,0,0,0,0
1551390558.06,38,28,38.0,28.3333333333,10.3727272727,-10.989,-24.8780109744,2.33099491882,0,0,0,0,0,0,0,0,0,0,0,0
1551390558.15,35,30,35.6666666667,30.6666666667,10.3303030303,-7.4925,-19.9315054872,3.4965,0,0,0,0,0,0,0,0,0,0,0,0
1551390558.25,34,32,34.3333333333,32.0,10.3,-4.16249491882,-14.1282476624,3.33000508118,0,0,0,0,0,0,0,0,0,0,0,0
1551390558.34,33,33,33.3333333333,33.0,10.4242424242,-1.665,-8.72912383121,2.49749491882,0,0,0,0,0,0,0,0,0,0,0,0
1551390558.49,32,33,32.6666666667,33.6666666667,10.6515151515,0.0,-4.36456191561,1.665,0,0,0,0,0,0,0,0,0,0,0,0
1551390558.58,31,34,31.6666666667,34.6666666667,10.4909090909,1.665,-0.517280957803,1.665,0,0,0,0,0,0,0,0,0,0,0,0
1551390558.67,30,36,30.3333333333,36.0,10.5393939394,4.1625,3.9038595211,2.4975,0,0,0,0,0,0,0,0,0,0,0,0
1551390558.76,29,36,29.6666666667,36.6666666667,10.6060606061,5.994,7.94592976055,1.8315,0,0,0,0,0,0,0,0,0,0,0,0
1551390558.84,29,37,29.0,37.3333333333,10.6818181818,7.4925,11.4654648803,1.4985,0,0,0,0,0,0,0,0,0,0,0,0
1551390558.94,29,37,29.0,37.3333333333,10.7060606061,7.8255,13.5582324401,0.333,0,0,0,0,0,0,0,0,0,0,0,0
1551390559.03,29,37,29.3333333333,37.0,10.6939393939,7.4925,14.2716162201,-0.333,0,0,0,0,0,0,0,0,0,0,0,0
1551390559.12,29,36,29.6666666667,36.6666666667,11.0333333333,7.1595,14.29530811,-0.333,0,0,0,0,0,0,0,0,0,0,0,0
1551390559.22,28,38,28.3333333333,38.0,11.7,8.4915,15.639154055,1.332,0,0,0,0,0,0,0,0,0,0,0,0
1551390559.31,27,39,27.3333333333,39.0,12.0575757576,10.323,18.1425770275,1.8315,0,0,0,0,0,0,0,0,0,0,0,0
1551390559.4,26,40,26.3333333333,40.0,12.4454545455,12.1545,21.2257885138,1.8315,0,0,0,0,0,0,0,0,0,0,0,0
1551390559.5,24,42,24.0,42.3333333333,12.2909090909,15.651,26.2638942569,3.4965,0,0,0,0,0,0,0,0,0,0,0,0
L: 0 R: 0 T: 1551390559.57
1551390560.19,23,43,23.0,43.3333333333,12.0909090909,18.1485,31.2804471284,2.4975,0,0,0,0,0,0,0,0,0,0,0,0
1551390560.28,10,55,10.3333333333,56.0,12.6151515152,34.4655,50.1057235642,16.317,0,0,0,0,0,0,0,0,0,0,0,0
1551390560.37,14,52,14.0,52.3333333333,12.303030303,36.4635,61.5163617821,1.998,0,0,0,0,0,0,0,0,0,0,0,0
1551390560.47,15,51,15.3333333333,51.0,10.3303030303,35.631,66.3891808911,-0.8325,0,0,0,0,0,0,0,0,0,0,0,0
1551390560.56,18,48,18.0,48.3333333333,11.0060606061,32.3010025406,65.4955929861,-3.32999745941,0,0,0,0,0,0,0,0,0,0,0,0
1551390560.66,20,46,20.0,46.3333333333,10.7212121212,28.638,61.3857964931,-3.66300254059,0,0,0,0,0,0,0,0,0,0,0,0
1551390560.75,22,44,22.0,44.3333333333,10.1848484848,24.642,55.3348982465,-3.996,0,0,0,0,0,0,0,0,0,0,0,0
1551390560.9,22,43,22.6666666667,43.6666666667,11.8181818182,22.311,49.9784491233,-2.331,0,0,0,0,0,0,0,0,0,0,0,0
1551390560.94,19,46,20.0,46.3333333333,13.0757575758,24.642,49.6312245616,2.331,0,0,0,0,0,0,0,0,0,0,0,0
1551390561.03,18,48,18.3333333333,48.0,12.7636363636,27.306,52.1216122808,2.664,0,0,0,0,0,0,0,0,0,0,0,0
1551390561.12,18,48,18.0,48.3333333333,12.8303030303,28.971,55.0318061404,1.665,0,0,0,0,0,0,0,0,0,0,0,0
1551390561.22,18,48,18.3333333333,48.0,13.1787878788,29.304,56.8199030702,0.333,0,0,0,0,0,0,0,0,0,0,0,0
1551390561.31,19,47,19.0,47.3333333333,13.5303030303,28.4715,56.8814515351,-0.8325,0,0,0,0,0,0,0,0,0,0,0,0
1551390561.4,19,46,19.3333333333,47.0,13.2484848485,27.8055,56.2462257676,-0.666,0,0,0,0,0,0,0,0,0,0,0,0
1551390561.5,14,52,14.3333333333,52.0,14.1424242424,33.4665,61.5896128838,5.661,0,0,0,0,0,0,0,0,0,0,0,0
1551390561.64,16,50,16.0,50.3333333333,16.0606060606,33.7995,64.5943064419,0.333,0,0,0,0,0,0,0,0,0,0,0,0
1551390561.73,17,48,17.6666666667,48.6666666667,17.8181818182,31.968,64.2651532209,-1.8315,0,0,0,0,0,0,0,0,0,0,0,0
1551390561.82,18,47,18.6666666667,47.6666666667,16.5666666667,29.9700050812,62.1025816916,-1.99799491882,0,0,0,0,0,0,0,0,0,0,0,0
1551390561.91,13,52,13.6666666667,52.6666666667,13.4363636364,35.298,66.3492908458,5.32799491882,0,0,0,0,0,0,0,0,0,0,0,0
1551390562.0,12,54,12.0,54.3333333333,10.496969697,39.2940025406,72.4686479635,3.99600254059,0,0,0,0,0,0,0,0,0,0,0,0
1551390562.09,12,54,12.0,54.3333333333,10.1818181818,40.959,77.1933239818,1.66499745941,0,0,0,0,0,0,0,0,0,0,0,0
1551390562.19,12,53,12.6666666667,53.6666666667,11.9818181818,40.626,79.2226619909,-0.333,0,0,0,0,0,0,0,0,0,0,0,0
1551390562.28,14,52,14.0,52.3333333333,13.5909090909,39.1275,78.7388309954,-1.4985,0,0,0,0,0,0,0,0,0,0,0,0
1551390562.37,19,46,19.6666666667,46.6666666667,11.9727272727,31.635,71.0044154977,-7.4925,0,0,0,0,0,0,0,0,0,0,0,0
1551390562.47,22,43,23.0,43.3333333333,11.4363636364,24.4755,59.9777077489,-7.1595,0,0,0,0,0,0,0,0,0,0,0,0
1551390562.56,24,41,24.6666666667,41.6666666667,11.2424242424,19.647,49.6358538744,-4.8285,0,0,0,0,0,0,0,0,0,0,0,0
1551390562.65,25,41,25.3333333333,41.0,11.1,17.1495,41.9674269372,-2.4975,0,0,0,0,0,0,0,0,0,0,0,0
1551390562.75,26,40,26.0,40.3333333333,10.9606060606,15.318,36.3017134686,-1.8315,0,0,0,0,0,0,0,0,0,0,0,0
1551390562.84,26,39,26.6666666667,39.6666666667,10.8878787879,13.986,32.1368567343,-1.332,0,0,0,0,0,0,0,0,0,0,0,0
1551390562.94,27,39,27.3333333333,39.0,10.7333333333,12.321,28.3894283672,-1.665,0,0,0,0,0,0,0,0,0,0,0,0
1551390563.03,28,38,28.3333333333,38.0,10.7181818182,10.8225,25.0172141836,-1.4985,0,0,0,0,0,0,0,0,0,0,0,0
1551390563.12,28,37,28.6666666667,37.6666666667,10.7121212121,9.4905,21.9991070918,-1.332,0,0,0,0,0,0,0,0,0,0,0,0
L: 0 R: 0 T: 1551390563.2
1551390563.82,29,37,29.3333333333,37.0,10.6818181818,8.1585,19.1580535459,-1.332,0,0,0,0,0,0,0,0,0,0,0,0
1551390563.91,43,23,43.0,23.3333333333,10.4151515152,-8.65799491882,0.921031854124,-16.8164949188,0,0,0,0,0,0,0,0,0,0,0,0
1551390564.0,40,26,40.0,26.3333333333,10.5060606061,-11.6549949188,-11.1944789918,-2.997,0,0,0,0,0,0,0,0,0,0,0,0
1551390564.09,38,27,38.6666666667,27.6666666667,10.5,-11.3219949188,-16.9192344147,0.333,0,0,0,0,0,0,0,0,0,0,0,0
1551390564.19,37,29,37.0,29.3333333333,10.4787878788,-9.15749491882,-17.6171121262,2.1645,0,0,0,0,0,0,0,0,0,0,0,0
1551390564.28,36,30,36.0,30.3333333333,10.5181818182,-7.15949491882,-15.9680509819,1.998,0,0,0,0,0,0,0,0,0,0,0,0
1551390564.37,35,30,35.6666666667,30.6666666667,10.4757575758,-5.99399491882,-13.9780204098,1.1655,0,0,0,0,0,0,0,0,0,0,0,0
1551390564.47,35,31,35.3333333333,31.0,10.5121212121,-4.99499491882,-11.9840051237,0.999,0,0,0,0,0,0,0,0,0,0,0,0
1551390564.56,35,31,35.0,31.3333333333,10.5363636364,-3.99599491882,-9.98799748068,0.999,0,0,0,0,0,0,0,0,0,0,0,0
1551390564.65,34,32,34.3333333333,32.0,10.5878787879,-2.997,-7.99099874034,0.998994918823,0,0,0,0,0,0,0,0,0,0,0,0
1551390564.75,34,32,34.0,32.3333333333,10.5606060606,-1.99799491882,-5.99349428899,0.999005081177,0,0,0,0,0,0,0,0,0,0,0,0
1551390564.84,33,32,33.6666666667,32.6666666667,10.6090909091,-1.4985,-4.4952471445,0.499494918823,0,0,0,0,0,0,0,0,0,0,0,0
1551390564.94,33,33,33.3333333333,33.0,10.5818181818,-0.666,-2.91362357225,0.8325,0,0,0,0,0,0,0,0,0,0,0,0
1551390565.03,33,33,33.3333333333,33.0,10.4878787879,-0.332994918823,-1.78980670495,0.333005081177,0,0,0,0,0,0,0,0,0,0,0,0
1551390565.12,33,33,33.3333333333,33.0,10.5212121212,-0.333,-1.22790335247,-5.08117675779e-06,0,0,0,0,0,0,0,0,0,0,0,0
1551390565.22,33,32,33.6666666667,32.6666666667,10.4212121212,-0.665994918823,-1.27994659506,-0.332994918823,0,0,0,0,0,0,0,0,0,0,0,0
1551390565.31,33,32,33.6666666667,32.6666666667,10.3939393939,-0.832494918823,-1.47246821635,-0.1665,0,0,0,0,0,0,0,0,0,0,0,0
1551390565.41,33,32,33.6666666667,32.6666666667,10.396969697,-0.998994918823,-1.735229027,-0.1665,0,0,0,0,0,0,0,0,0,0,0,0
1551390565.5,33,32,33.6666666667,32.6666666667,10.3606060606,-1.16549491882,-2.03310943232,-0.1665,0,0,0,0,0,0,0,0,0,0,0,0
1551390565.59,34,32,34.0,32.3333333333,10.4121212121,-1.49849491882,-2.51504963498,-0.333,0,0,0,0,0,0,0,0,0,0,0,0
1551390565.69,34,32,34.0,32.3333333333,10.4787878788,-1.665,-2.92252481749,-0.166505081177,0,0,0,0,0,0,0,0,0,0,0,0
1551390565.78,34,32,34.0,32.3333333333,10.4242424242,-1.49849491882,-2.95975732757,0.166505081177,0,0,0,0,0,0,0,0,0,0,0,0
1551390565.87,33,33,33.3333333333,33.0,10.4303030303,-0.832494918823,-2.31237358261,0.666,0,0,0,0,0,0,0,0,0,0,0,0
1551390565.97,33,33,33.0,33.3333333333,10.4424242424,-0.166494918823,-1.32268171013,0.666,0,0,0,0,0,0,0,0,0,0,0,0
1551390566.06,33,33,33.0,33.3333333333,10.4757575758,5.08117675781e-06,-0.661335773887,0.1665,0,0,0,0,0,0,0,0,0,0,0,0
1551390566.16,33,33,33.0,33.3333333333,10.5,0.333005081177,0.00233719423333,0.333,0,0,0,0,0,0,0,0,0,0,0,0
1551390566.25,33,33,33.0,33.3333333333,10.5,0.333005081177,0.334173678293,0.0,0,0,0,0,0,0,0,0,0,0,0,0
1551390566.34,33,33,33.0,33.3333333333,10.5787878788,0.1665,0.333586839147,-0.166505081177,0,0,0,0,0,0,0,0,0,0,0,0
1551390566.43,33,33,33.3333333333,33.0,10.6060606061,0.0,0.166793419573,-0.1665,0,0,0,0,0,0,0,0,0,0,0,0
1551390566.53,33,33,33.3333333333,33.0,10.5303030303,-0.332994918823,-0.249598209037,-0.332994918823,0,0,0,0,0,0,0,0,0,0,0,0
1551390566.62,34,32,34.0,32.3333333333,10.5696969697,-0.999,-1.12379910452,-0.666005081177,0,0,0,0,0,0,0,0,0,0,0,0
1551390566.72,34,32,34.3333333333,32.0,10.5424242424,-1.66499491882,-2.22689447108,-0.665994918823,0,0,0,0,0,0,0,0,0,0,0,0
1551390566.81,34,31,34.6666666667,31.6666666667,10.6,-2.331,-3.44444723554,-0.666005081177,0,0,0,0,0,0,0,0,0,0,0,0
L: 0 R: 0 T: 1551390566.88
1551390567.51,34,32,34.3333333333,32.0,10.6121212121,-2.331,-4.05322361777,0.0,0,0,0,0,0,0,0,0,0,0,0,0
1551390567.6,29,36,29.6666666667,36.6666666667,11.1121212121,3.33,1.30338819111,5.661,0,0,0,0,0,0,0,0,0,0,0,0
1551390567.69,28,38,28.3333333333,38.0,11.2090909091,7.1595,7.81119409556,3.8295,0,0,0,0,0,0,0,0,0,0,0,0
1551390567.78,26,39,26.6666666667,39.6666666667,11.2090909091,10.4895,14.3950970478,3.33,0,0,0,0,0,0,0,0,0,0,0,0
1551390567.87,23,43,23.0,43.3333333333,12.5484848485,16.317,23.5145485239,5.8275,0,0,0,0,0,0,0,0,0,0,0,0
1551390567.97,21,45,21.3333333333,45.0,13.7636363636,20.4795,32.2367742619,4.1625,0,0,0,0,0,0,0,0,0,0,0,0
1551390568.06,21,45,21.0,45.3333333333,14.8696969697,22.4775,38.595887131,1.998,0,0,0,0,0,0,0,0,0,0,0,0
1551390568.15,16,49,16.6666666667,49.6666666667,14.3606060606,28.4715025406,47.7694461061,5.99400254059,0,0,0,0,0,0,0,0,0,0,0,0
1551390568.25,13,52,14.0,52.3333333333,14.5818181818,33.966,57.850723053,5.49449745941,0,0,0,0,0,0,0,0,0,0,0,0
1551390568.34,15,51,15.3333333333,51.0,15.7,34.632,63.5573615265,0.666,0,0,0,0,0,0,0,0,0,0,0,0
1551390568.44,16,49,16.6666666667,49.6666666667,16.596969697,33.3,65.0786807633,-1.332,0,0,0,0,0,0,0,0,0,0,0,0
1551390568.55,18,48,18.0,48.3333333333,17.0696969697,31.1355,63.6748403816,-2.1645,0,0,0,0,0,0,0,0,0,0,0,0
1551390568.64,15,50,15.6666666667,50.6666666667,15.7454545455,33.1335,64.9709201908,1.998,0,0,0,0,0,0,0,0,0,0,0,0
1551390568.73,14,52,14.0,52.3333333333,14.7818181818,35.7975,68.2829600954,2.664,0,0,0,0,0,0,0,0,0,0,0,0
1551390568.82,14,52,14.3333333333,52.0,14.4090909091,36.7965,70.9379800477,0.999,0,0,0,0,0,0,0,0,0,0,0,0
1551390568.9,16,49,16.6666666667,49.6666666667,13.196969697,34.299,69.7679900239,-2.4975,0,0,0,0,0,0,0,0,0,0,0,0
1551390569.0,19,47,19.3333333333,47.0,12.3666666667,29.97,64.8539950119,-4.329,0,0,0,0,0,0,0,0,0,0,0,0
1551390569.09,21,45,21.3333333333,45.0,11.7666666667,25.8075,58.234497506,-4.1625,0,0,0,0,0,0,0,0,0,0,0,0
1551390569.18,23,43,23.0,43.3333333333,11.2393939394,22.1445,51.261748753,-3.663,0,0,0,0,0,0,0,0,0,0,0,0
1551390569.28,24,42,24.3333333333,42.0,10.9,19.314,44.9448743765,-2.8305,0,0,0,0,0,0,0,0,0,0,0,0
1551390569.37,24,41,24.6666666667,41.6666666667,10.7818181818,17.649,40.1214371882,-1.665,0,0,0,0,0,0,0,0,0,0,0,0
1551390569.47,25,40,26.0,40.3333333333,10.6,15.4845050812,35.5452236753,-2.16449491882,0,0,0,0,0,0,0,0,0,0,0,0
1551390569.56,27,39,27.0,39.3333333333,10.2242424242,13.4865050812,31.2591169188,-1.998,0,0,0,0,0,0,0,0,0,0,0,0
1551390569.7,28,38,28.3333333333,38.0,10.0454545455,10.989,26.6185584594,-2.49750508118,0,0,0,0,0,0,0,0,0,0,0,0
1551390569.79,29,37,29.0,37.3333333333,10.3272727273,9.1575,22.4667792297,-1.8315,0,0,0,0,0,0,0,0,0,0,0,0
1551390569.88,30,36,30.3333333333,36.0,10.3333333333,7.1595,18.3928896149,-1.998,0,0,0,0,0,0,0,0,0,0,0,0
1551390569.97,30,36,30.0,36.3333333333,10.3242424242,6.4935,15.6899448074,-0.666,0,0,0,0,0,0,0,0,0,0,0,0
1551390570.06,30,36,30.0,36.3333333333,10.3606060606,6.1605,14.0054724037,-0.333,0,0,0,0,0,0,0,0,0,0,0,0
1551390570.15,30,36,30.3333333333,36.0,10.4060606061,5.8275,12.8302362019,-0.333,0,0,0,0,0,0,0,0,0,0,0,0
1551390570.25,31,34,31.6666666667,34.6666666667,10.3363636364,4.1625,10.5776181009,-1.665,0,0,0,0,0,0,0,0,0,0,0,0
1551390570.34,31,34,31.6666666667,34.6666666667,10.396969697,3.33,8.61880905046,-0.8325,0,0,0,0,0,0,0,0,0,0,0,0
1551390570.43,32,34,32.0,34.3333333333,10.3818181818,2.8305,7.13990452523,-0.4995,0,0,0,0,0,0,0,0,0,0,0,0
L: 0 R: 0 T: 1551390570.51
1551390571.13,32,34,32.0,34.3333333333,10.3424242424,2.331,5.90095226262,-0.4995,0,0,0,0,0,0,0,0,0,0,0,0
1551390571.22,36,30,36.0,30.3333333333,10.3484848485,-2.33099491882,0.619481212485,-4.66199491882,0,0,0,0,0,0,0,0,0,0,0,0
1551390571.31,34,31,34.6666666667,31.6666666667,10.3848484848,-2.66399491882,-2.35425431258,-0.333,0,0,0,0,0,0,0,0,0,0,0,0
1551390571.4,34,32,34.3333333333,32.0,10.3909090909,-2.33099491882,-3.50812207511,0.333,0,0,0,0,0,0,0,0,0,0,0,0
1551390571.5,34,32,34.0,32.3333333333,10.4272727273,-1.99799491882,-3.75205595638,0.333,0,0,0,0,0,0,0,0,0,0,0,0
1551390571.59,34,32,34.0,32.3333333333,10.4636363636,-1.66499491882,-3.54102289701,0.333,0,0,0,0,0,0,0,0,0,0,0,0
1551390571.68,33,32,33.6666666667,32.6666666667,10.4818181818,-1.33199491882,-3.10250636733,0.333,0,0,0,0,0,0,0,0,0,0,0,0
1551390571.78,33,32,33.6666666667,32.6666666667,10.5787878788,-1.1655,-2.71675318366,0.166494918823,0,0,0,0,0,0,0,0,0,0,0,0
1551390571.87,33,32,33.6666666667,32.6666666667,10.5818181818,-0.999,-2.35737659183,0.1665,0,0,0,0,0,0,0,0,0,0,0,0
1551390571.97,33,32,33.6666666667,32.6666666667,10.5060606061,-0.998994918823,-2.17768321474,5.0811767579e-06,0,0,0,0,0,0,0,0,0,0,0,0
1551390572.06,33,33,33.3333333333,33.0,10.5454545455,-0.666,-1.75484160737,0.332994918823,0,0,0,0,0,0,0,0,0,0,0,0
1551390572.16,33,33,33.3333333333,33.0,10.4757575758,-0.332994918823,-1.21041572251,0.333005081177,0,0,0,0,0,0,0,0,0,0,0,0
1551390572.25,34,32,34.0,32.3333333333,10.4454545455,-0.998994918823,-1.60420278008,-0.666,0,0,0,0,0,0,0,0,0,0,0,0
1551390572.34,33,32,33.6666666667,32.6666666667,10.4424242424,-1.16549491882,-1.96759630886,-0.1665,0,0,0,0,0,0,0,0,0,0,0,0
1551390572.44,34,32,34.0,32.3333333333,10.4757575758,-1.33199491882,-2.31579307325,-0.1665,0,0,0,0,0,0,0,0,0,0,0,0
1551390572.53,34,32,34.0,32.3333333333,10.4757575758,-1.66499491882,-2.82289145545,-0.333,0,0,0,0,0,0,0,0,0,0,0,0
1551390572.62,34,32,34.0,32.3333333333,10.5515151515,-1.665,-3.07644572773,-5.08117675779e-06,0,0,0,0,0,0,0,0,0,0,0,0
1551390572.72,34,32,34.0,32.3333333333,10.5121212121,-1.66499491882,-3.20321778269,5.08117675779e-06,0,0,0,0,0,0,0,0,0,0,0,0
1551390572.81,33,32,33.6666666667,32.6666666667,10.5181818182,-1.33199491882,-2.93360381017,0.333,0,0,0,0,0,0,0,0,0,0,0,0
1551390572.9,33,33,33.3333333333,33.0,10.603030303,-0.8325,-2.29930190508,0.499494918823,0,0,0,0,0,0,0,0,0,0,0,0
1551390573.0,33,33,33.3333333333,33.0,10.6484848485,-0.666,-1.81565095254,0.1665,0,0,0,0,0,0,0,0,0,0,0,0
1551390573.09,33,33,33.3333333333,33.0,10.6696969697,-0.4995,-1.40732547627,0.1665,0,0,0,0,0,0,0,0,0,0,0,0
1551390573.18,33,33,33.3333333333,33.0,10.6606060606,-0.333,-1.03666273814,0.1665,0,0,0,0,0,0,0,0,0,0,0,0
1551390573.28,33,33,33.3333333333,33.0,10.9454545455,-0.1665,-0.684831369068,0.1665,0,0,0,0,0,0,0,0,0,0,0,0
1551390573.37,32,33,32.6666666667,33.6666666667,11.3454545455,0.666,0.323584315466,0.8325,0,0,0,0,0,0,0,0,0,0,0,0
1551390573.47,31,35,31.3333333333,35.0,11.3212121212,2.4975,2.65929215773,1.8315,0,0,0,0,0,0,0,0,0,0,0,0
1551390573.56,29,37,29.0,37.3333333333,11.3818181818,5.8275,7.15714607887,3.33,0,0,0,0,0,0,0,0,0,0,0,0
1551390573.65,27,39,27.0,39.3333333333,11.4151515152,9.8235,13.4020730394,3.996,0,0,0,0,0,0,0,0,0,0,0,0
1551390573.75,25,40,25.6666666667,40.6666666667,11.403030303,12.6540050812,19.3550416009,2.83050508118,0,0,0,0,0,0,0,0,0,0,0,0
1551390573.84,25,41,25.3333333333,41.0,11.3121212121,14.319,23.9965208004,1.66499491882,0,0,0,0,0,0,0,0,0,0,0,0
1551390573.93,24,41,25.0,41.3333333333,11.2575757576,15.318,27.3162604002,0.999,0,0,0,0,0,0,0,0,0,0,0,0
1551390574.03,25,41,25.3333333333,41.0,11.2727272727,15.4845,29.1426302001,0.1665,0,0,0,0,0,0,0,0,0,0,0,0
1551390574.12,25,41,25.3333333333,41.0,11.2484848485,15.4845,30.0558151001,0.0,0,0,0,0,0,0,0,0,0,0,0,0
L: 0 R: 0 T: 1551390574.2
1551390574.82,26,40,26.0,40.3333333333,11.1303030303,14.4855,29.51340755,-0.999,0,0,0,0,0,0,0,0,0,0,0,0
1551390574.91,22,44,22.0,44.3333333333,12.3303030303,18.981,33.737703775,4.4955,0,0,0,0,0,0,0,0,0,0,0,0
1551390575.0,21,44,21.6666666667,44.6666666667,12.2242424242,21.312,38.1808518875,2.331,0,0,0,0,0,0,0,0,0,0,0,0
1551390575.15,21,45,21.3333333333,45.0,12.1,22.4775,41.5679259438,1.1655,0,0,0,0,0,0,0,0,0,0,0,0
1551390575.24,22,43,22.6666666667,43.6666666667,11.903030303,21.4785,42.2624629719,-0.999,0,0,0,0,0,0,0,0,0,0,0,0
1551390575.27,23,43,23.3333333333,43.0,11.9090909091,20.313,41.4442314859,-1.1655,0,0,0,0,0,0,0,0,0,0,0,0
1551390575.31,22,44,22.3333333333,44.0,12.0090909091,20.8125025406,41.5346182836,0.499502540588,0,0,0,0,0,0,0,0,0,0,0,0
1551390575.4,25,40,25.6666666667,40.6666666667,11.8757575758,17.316,38.0833091418,-3.49650254059,0,0,0,0,0,0,0,0,0,0,0,0
1551390575.55,20,45,20.6666666667,45.6666666667,11.9242424242,21.8115,40.8531545709,4.4955,0,0,0,0,0,0,0,0,0,0,0,0
1551390575.59,22,44,22.0,44.3333333333,13.6787878788,22.1445025406,42.571079826,0.333002540588,0,0,0,0,0,0,0,0,0,0,0,0
1551390575.73,18,48,18.0,48.3333333333,11.496969697,26.8065,48.092039913,4.66199745941,0,0,0,0,0,0,0,0,0,0,0,0
1551390575.82,14,52,14.0,52.3333333333,12.8878787879,33.3,57.3460199565,6.4935,0,0,0,0,0,0,0,0,0,0,0,0
1551390575.91,14,52,14.3333333333,52.0,9.82727272727,35.4645025406,64.1375125188,2.16450254059,0,0,0,0,0,0,0,0,0,0,0,0
1551390576.0,19,46,19.6666666667,46.6666666667,9.32424242423,30.303,62.3717562594,-5.16150254059,0,0,0,0,0,0,0,0,0,0,0,0
1551390576.09,23,43,23.0,43.3333333333,8.10606060607,23.976,55.1618781297,-6.327,0,0,0,0,0,0,0,0,0,0,0,0
1551390576.18,24,42,24.3333333333,42.0,8.65454545453,19.9800050812,47.560944146,-3.99599491882,0,0,0,0,0,0,0,0,0,0,0,0
1551390576.28,25,41,25.3333333333,41.0,10.0878787879,17.1495,40.929972073,-2.83050508118,0,0,0,0,0,0,0,0,0,0,0,0
1551390576.37,27,39,27.0,39.3333333333,8.23636363637,14.1525,34.6174860365,-2.997,0,0,0,0,0,0,0,0,0,0,0,0
1551390576.47,27,38,27.6666666667,38.6666666667,10.1303030303,11.988,29.2967430183,-2.1645,0,0,0,0,0,0,0,0,0,0,0,0
1551390576.56,28,38,28.3333333333,38.0,10.7121212121,10.656,25.3043715091,-1.332,0,0,0,0,0,0,0,0,0,0,0,0
1551390576.65,28,37,28.6666666667,37.6666666667,6.65757575757,9.4905,22.1426857546,-1.1655,0,0,0,0,0,0,0,0,0,0,0,0
1551390576.75,28,37,29.0,37.3333333333,5.48181818183,8.8245,19.8958428773,-0.666,0,0,0,0,0,0,0,0,0,0,0,0
1551390576.84,29,36,29.6666666667,36.6666666667,6.1606060606,7.659,17.6069214386,-1.1655,0,0,0,0,0,0,0,0,0,0,0,0
1551390576.93,30,36,30.0,36.3333333333,7.11515151517,6.8265,15.6299607193,-0.8325,0,0,0,0,0,0,0,0,0,0,0,0
1551390577.03,28,38,28.3333333333,38.0,8.51818181817,8.658,16.4729803597,1.8315,0,0,0,0,0,0,0,0,0,0,0,0
1551390577.17,27,38,27.6666666667,38.6666666667,10.3696969697,10.1565,18.3929901798,1.4985,0,0,0,0,0,0,0,0,0,0,0,0
1551390577.25,23,43,23.0,43.3333333333,10.6909090909,16.317,25.5134950899,6.1605,0,0,0,0,0,0,0,0,0,0,0,0
1551390577.34,22,44,22.0,44.3333333333,9.7484848485,19.9800025406,32.7367500855,3.66300254059,0,0,0,0,0,0,0,0,0,0,0,0
1551390577.44,21,44,21.6666666667,44.6666666667,9.27272727273,21.8115025406,38.1798775834,1.8315,0,0,0,0,0,0,0,0,0,0,0,0
1551390577.58,25,41,25.3333333333,41.0,9.90303030303,17.982,37.0719387917,-3.82950254059,0,0,0,0,0,0,0,0,0,0,0,0
1551390577.68,26,40,26.0,40.3333333333,8.9,15.6510050812,34.186974477,-2.33099491882,0,0,0,0,0,0,0,0,0,0,0,0
1551390577.72,26,40,26.0,40.3333333333,11.1757575758,14.652,31.7454872385,-0.999005081177,0,0,0,0,0,0,0,0,0,0,0,0
1551390577.81,27,39,27.0,39.3333333333,9.5303030303,12.987,28.8597436193,-1.665,0,0,0,0,0,0,0,0,0,0,0,0
L: 0 R: 0 T: 1551390577.88
1551390578.51,27,39,27.0,39.3333333333,9.7696969697,12.4875,26.9173718096,-0.4995,0,0,0,0,0,0,0,0,0,0,0,0
1551390578.6,5,60,5.66666666667,60.6666666667,12.4333333333,37.629,51.0876859048,25.1415,0,0,0,0,0,0,0,0,0,0,0,0
1551390578.68,10,55,10.6666666667,55.6666666667,13.5636363636,41.958,67.5018429524,4.329,0,0,0,0,0,0,0,0,0,0,0,0
1551390578.78,16,50,16.0,50.3333333333,11.7787878788,37.1295,70.8804214762,-4.8285,0,0,0,0,0,0,0,0,0,0,0,0
1551390578.87,22,44,22.0,44.3333333333,11.296969697,27.972,63.4122107381,-9.1575,0,0,0,0,0,0,0,0,0,0,0,0
1551390578.97,26,40,26.0,40.3333333333,11.1060606061,19.4805,51.1866053691,-8.4915,0,0,0,0,0,0,0,0,0,0,0,0
1551390579.11,28,38,28.0,38.3333333333,11.096969697,13.986,39.5793026845,-5.4945,0,0,0,0,0,0,0,0,0,0,0,0
1551390579.2,29,37,29.0,37.3333333333,11.596969697,10.4895,30.2791513423,-3.4965,0,0,0,0,0,0,0,0,0,0,0,0
1551390579.29,27,38,27.6666666667,38.6666666667,10.8121212121,10.8225,25.9620756711,0.333,0,0,0,0,0,0,0,0,0,0,0,0
1551390579.38,26,40,26.3333333333,40.0,13.3151515152,12.4875,25.4685378356,1.665,0,0,0,0,0,0,0,0,0,0,0,0
1551390579.47,27,39,27.0,39.3333333333,12.9818181818,12.1545,24.8887689178,-0.333,0,0,0,0,0,0,0,0,0,0,0,0
1551390579.56,22,43,22.6666666667,43.6666666667,11.8787878788,17.1495,29.5938844589,4.995,0,0,0,0,0,0,0,0,0,0,0,0
1551390579.65,24,42,24.3333333333,42.0,10.1696969697,17.4825,32.2794422294,0.333,0,0,0,0,0,0,0,0,0,0,0,0
1551390579.75,24,42,24.3333333333,42.0,11.5090909091,17.4825,33.6222211147,0.0,0,0,0,0,0,0,0,0,0,0,0,0
1551390579.84,25,41,25.0,41.3333333333,8.5303030303,16.4835,33.2946105574,-0.999,0,0,0,0,0,0,0,0,0,0,0,0
1551390579.93,25,40,25.6666666667,40.6666666667,9.76363636363,15.318,31.9653052787,-1.1655,0,0,0,0,0,0,0,0,0,0,0,0
1551390580.03,26,39,26.6666666667,39.6666666667,6.9606060606,13.653,29.6356526393,-1.665,0,0,0,0,0,0,0,0,0,0,0,0
1551390580.12,28,38,28.3333333333,38.0,5.7787878788,10.989,25.8068263197,-2.664,0,0,0,0,0,0,0,0,0,0,0,0
1551390580.21,29,36,29.6666666667,36.6666666667,5.90606060607,8.4915,21.3949131598,-2.4975,0,0,0,0,0,0,0,0,0,0,0,0
1551390580.31,31,35,31.0,35.3333333333,7.86666666667,5.994,16.6914565799,-2.4975,0,0,0,0,0,0,0,0,0,0,0,0
1551390580.4,31,35,31.0,35.3333333333,10.796969697,4.995,13.34072829,-0.999,0,0,0,0,0,0,0,0,0,0,0,0
1551390580.54,31,35,31.3333333333,35.0,10.8484848485,4.329,10.999364145,-0.666,0,0,0,0,0,0,0,0,0,0,0,0
1551390580.63,33,33,33.0,33.3333333333,10.7272727273,1.8315,7.33118207249,-2.4975,0,0,0,0,0,0,0,0,0,0,0,0
1551390580.72,34,31,34.6666666667,31.6666666667,10.8606060606,-1.1655,2.50009103624,-2.997,0,0,0,0,0,0,0,0,0,0,0,0
1551390580.81,36,29,36.6666666667,29.6666666667,11.8212121212,-4.8285,-3.57845448188,-3.663,0,0,0,0,0,0,0,0,0,0,0,0
1551390580.9,38,27,38.3333333333,28.0,12.6151515152,-8.1585,-9.94772724094,-3.33,0,0,0,0,0,0,0,0,0,0,0,0
1551390581.0,39,26,39.6666666667,26.6666666667,13.2181818182,-11.1555,-16.1293636205,-2.997,0,0,0,0,0,0,0,0,0,0,0,0
1551390581.14,43,23,43.0,23.3333333333,13.1696969697,-16.317,-24.3816818102,-5.1615,0,0,0,0,0,0,0,0,0,0,0,0
1551390581.23,45,20,45.6666666667,20.6666666667,12.7303030303,-21.312,-33.5028409051,-4.995,0,0,0,0,0,0,0,0,0,0,0,0
1551390581.32,46,20,46.3333333333,20.0,12.5666666667,-23.976,-40.7274204526,-2.664,0,0,0,0,0,0,0,0,0,0,0,0
1551390581.41,45,20,45.6666666667,20.6666666667,12.1212121212,-24.4755,-44.8392102263,-0.4995,0,0,0,0,0,0,0,0,0,0,0,0
1551390581.5,45,21,45.0,21.3333333333,11.6636363636,-23.643,-46.0626051131,0.8325,0,0,0,0,0,0,0,0,0,0,0,0
L: 0 R: 0 T: 1551390581.57
1551390582.19,45,21,45.0,21.3333333333,11.4424242424,-23.31,-46.3413025566,0.333,0,0,0,0,0,0,0,0,0,0,0,0
1551390582.28,43,23,43.3333333333,23.0,12.4787878788,-21.312,-44.4826512783,1.998,0,0,0,0,0,0,0,0,0,0,0,0
1551390582.37,43,23,43.3333333333,23.0,11.8,-20.646,-42.8873256391,0.666,0,0,0,0,0,0,0,0,0,0,0,0
1551390582.46,42,23,42.6666666667,23.6666666667,11.7575757576,-19.314,-40.7576628196,1.332,0,0,0,0,0,0,0,0,0,0,0,0
1551390582.56,42,24,42.3333333333,24.0,11.5909090909,-18.4814898376,-38.8603212474,0.832510162354,0,0,0,0,0,0,0,0,0,0,0,0
1551390582.65,42,24,42.0,24.3333333333,11.3,-17.6489898376,-37.0791504614,0.8325,0,0,0,0,0,0,0,0,0,0,0,0
1551390582.75,41,25,41.3333333333,25.0,11.2454545455,-16.65,-35.1895752307,0.998989837646,0,0,0,0,0,0,0,0,0,0,0,0
1551390582.84,41,25,41.0,25.3333333333,10.9818181818,-15.984,-33.5787876153,0.666,0,0,0,0,0,0,0,0,0,0,0,0
1551390582.93,41,25,41.0,25.3333333333,10.9545454545,-15.4844949188,-32.2738887265,0.499505081177,0,0,0,0,0,0,0,0,0,0,0,0
1551390583.03,39,27,39.3333333333,27.0,10.3878787879,-13.653,-29.7899443632,1.83149491882,0,0,0,0,0,0,0,0,0,0,0,0
1551390583.12,36,29,36.6666666667,29.6666666667,10.3363636364,-9.657,-24.5519721816,3.996,0,0,0,0,0,0,0,0,0,0,0,0
1551390583.22,35,31,35.0,31.3333333333,10.3515151515,-5.994,-18.2699860908,3.663,0,0,0,0,0,0,0,0,0,0,0,0
1551390583.31,34,32,34.0,32.3333333333,10.3303030303,-3.16349491882,-12.2984879642,2.83050508118,0,0,0,0,0,0,0,0,0,0,0,0
1551390583.4,33,33,33.0,33.3333333333,10.5848484848,-0.999,-7.14824398211,2.16449491882,0,0,0,0,0,0,0,0,0,0,0,0
1551390583.5,32,34,32.0,34.3333333333,10.7151515152,1.1655,-2.40862199106,2.1645,0,0,0,0,0,0,0,0,0,0,0,0
1551390583.59,31,35,31.3333333333,35.0,10.5484848485,2.4975,1.29318900447,1.332,0,0,0,0,0,0,0,0,0,0,0,0
1551390583.68,30,36,30.0,36.3333333333,10.6515151515,4.8285,5.47509450224,2.331,0,0,0,0,0,0,0,0,0,0,0,0
1551390583.78,29,37,29.3333333333,37.0,10.6818181818,6.4935,9.23104725112,1.665,0,0,0,0,0,0,0,0,0,0,0,0
1551390583.87,28,37,28.6666666667,37.6666666667,10.7242424242,7.8255,12.4410236256,1.332,0,0,0,0,0,0,0,0,0,0,0,0
1551390583.97,29,37,29.0,37.3333333333,10.7696969697,8.1585,14.3790118128,0.333,0,0,0,0,0,0,0,0,0,0,0,0
1551390584.06,29,37,29.3333333333,37.0,10.7939393939,7.8255,15.0150059064,-0.333,0,0,0,0,0,0,0,0,0,0,0,0
1551390584.15,28,37,28.6666666667,37.6666666667,11.3363636364,8.325,15.8325029532,0.4995,0,0,0,0,0,0,0,0,0,0,0,0
1551390584.25,27,38,27.6666666667,38.6666666667,12.0212121212,9.99,17.9062514766,1.665,0,0,0,0,0,0,0,0,0,0,0,0
1551390584.34,27,39,27.3333333333,39.0,12.5333333333,10.989,19.9421257383,0.999,0,0,0,0,0,0,0,0,0,0,0,0
1551390584.43,24,41,24.6666666667,41.6666666667,12.396969697,14.319,24.2900628691,3.33,0,0,0,0,0,0,0,0,0,0,0,0
1551390584.53,23,43,23.0,43.3333333333,12.2484848485,17.649,29.7940314346,3.33,0,0,0,0,0,0,0,0,0,0,0,0
1551390584.62,22,43,23.0,43.3333333333,11.8787878788,19.314,34.2110157173,1.665,0,0,0,0,0,0,0,0,0,0,0,0
1551390584.71,22,44,22.0,44.3333333333,11.6303030303,21.1455,38.2510078586,1.8315,0,0,0,0,0,0,0,0,0,0,0,0
1551390584.81,20,45,20.6666666667,45.6666666667,12.2696969697,23.4765025406,42.6020064699,2.33100254059,0,0,0,0,0,0,0,0,0,0,0,0
1551390584.9,20,46,20.0,46.3333333333,13.0060606061,25.1415,46.442503235,1.66499745941,0,0,0,0,0,0,0,0,0,0,0,0
1551390585.0,21,45,21.0,45.3333333333,13.6606060606,24.4755,47.6967516175,-0.666,0,0,0,0,0,0,0,0,0,0,0,0
1551390585.09,20,46,20.0,46.3333333333,13.1151515152,25.4745,49.3228758087,0.999,0,0,0,0,0,0,0,0,0,0,0,0
1551390585.18,19,47,19.3333333333,47.0,12.5939393939,26.4735,51.1349379044,0.999,0,0,0,0,0,0,0,0,0,0,0,0
L: 0 R: 0 T: 1551390585.26
1551390585.88,20,46,20.0,46.3333333333,12.2727272727,26.307,51.8744689522,-0.1665,0,0,0,0,0,0,0,0,0,0,0,0
1551390585.97,22,44,22.3333333333,44.0,12.7212121212,23.1435,49.0807344761,-3.1635,0,0,0,0,0,0,0,0,0,0,0,0
1551390586.06,20,45,20.6666666667,45.6666666667,12.7939393939,24.1425,48.682867238,0.999,0,0,0,0,0,0,0,0,0,0,0,0
1551390586.21,19,47,19.0,47.3333333333,13.2090909091,26.307,50.648433619,2.1645,0,0,0,0,0,0,0,0,0,0,0,0
1551390586.3,19,47,19.0,47.3333333333,13.7303030303,27.306,52.6302168095,0.999,0,0,0,0,0,0,0,0,0,0,0,0
1551390586.34,17,48,17.6666666667,48.6666666667,13.5515151515,29.4705,55.7856084048,2.1645,0,0,0,0,0,0,0,0,0,0,0,0
1551390586.37,15,51,15.3333333333,51.0,13.8121212121,32.967,60.8598042024,3.4965,0,0,0,0,0,0,0,0,0,0,0,0
1551390586.46,15,50,15.6666666667,50.6666666667,15.0848484848,33.7995,64.2294021012,0.8325,0,0,0,0,0,0,0,0,0,0,0,0
1551390586.56,16,49,16.6666666667,49.6666666667,16.6424242424,33.1335,65.2482010506,-0.666,0,0,0,0,0,0,0,0,0,0,0,0
1551390586.65,17,49,17.3333333333,49.0,17.7121212121,31.968,64.5921005253,-1.1655,0,0,0,0,0,0,0,0,0,0,0,0
1551390586.75,17,49,17.3333333333,49.0,15.2121212121,31.4685,63.7645502626,-0.4995,0,0,0,0,0,0,0,0,0,0,0,0
1551390586.84,12,54,12.3333333333,54.0,10.4121212121,37.4625,69.3447751313,5.994,0,0,0,0,0,0,0,0,0,0,0,0
1551390586.93,10,55,10.6666666667,55.6666666667,7.0787878788,41.625,76.2973875657,4.1625,0,0,0,0,0,0,0,0,0,0,0,0
1551390587.03,10,55,10.6666666667,55.6666666667,6.61818181817,43.4565,81.6051937828,1.8315,0,0,0,0,0,0,0,0,0,0,0,0
1551390587.12,12,54,12.0,54.3333333333,9.19393939393,42.624,83.4265968914,-0.8325,0,0,0,0,0,0,0,0,0,0,0,0
1551390587.21,13,52,13.6666666667,52.6666666667,13.7606060606,39.96,81.6732984457,-2.664,0,0,0,0,0,0,0,0,0,0,0,0
1551390587.31,19,47,19.3333333333,47.0,11.8848484848,32.1345,72.9711492229,-7.8255,0,0,0,0,0,0,0,0,0,0,0,0
1551390587.4,22,43,23.0,43.3333333333,11.4363636364,24.975,61.4605746114,-7.1595,0,0,0,0,0,0,0,0,0,0,0,0
1551390587.5,24,41,24.6666666667,41.6666666667,11.1666666667,19.8135,50.5437873057,-5.1615,0,0,0,0,0,0,0,0,0,0,0,0
1551390587.59,25,41,25.3333333333,41.0,11.1121212121,17.1495,42.4213936529,-2.664,0,0,0,0,0,0,0,0,0,0,0,0
1551390587.68,25,40,25.6666666667,40.6666666667,10.9727272727,15.651,36.8616968264,-1.4985,0,0,0,0,0,0,0,0,0,0,0,0
1551390587.78,26,40,26.3333333333,40.0,10.8424242424,14.319,32.7498484132,-1.332,0,0,0,0,0,0,0,0,0,0,0,0
1551390587.87,27,39,27.0,39.3333333333,10.8121212121,12.8205,29.1954242066,-1.4985,0,0,0,0,0,0,0,0,0,0,0,0
1551390587.97,27,38,27.6666666667,38.6666666667,10.8121212121,11.4885,26.0862121033,-1.332,0,0,0,0,0,0,0,0,0,0,0,0
1551390588.06,28,38,28.3333333333,38.0,10.7818181818,10.1565,23.1996060517,-1.332,0,0,0,0,0,0,0,0,0,0,0,0
1551390588.15,29,37,29.3333333333,37.0,10.7636363636,8.4915,20.0913030258,-1.665,0,0,0,0,0,0,0,0,0,0,0,0
1551390588.24,30,36,30.3333333333,36.0,10.6515151515,6.8265,16.8721515129,-1.665,0,0,0,0,0,0,0,0,0,0,0,0
1551390588.34,31,35,31.0,35.3333333333,10.6181818182,5.328,13.7640757565,-1.4985,0,0,0,0,0,0,0,0,0,0,0,0
1551390588.43,31,35,31.3333333333,35.0,10.5818181818,4.329,11.2110378782,-0.999,0,0,0,0,0,0,0,0,0,0,0,0
1551390588.53,32,34,32.3333333333,34.0,10.5393939394,2.664,8.26951893911,-1.665,0,0,0,0,0,0,0,0,0,0,0,0
1551390588.62,33,33,33.0,33.3333333333,10.4636363636,1.332,5.46675946956,-1.332,0,0,0,0,0,0,0,0,0,0,0,0
1551390588.72,33,32,33.6666666667,32.6666666667,10.5272727273,0.0,2.73337973478,-1.332,0,0,0,0,0,0,0,0,0,0,0,0
1551390588.81,33,32,33.6666666667,32.6666666667,10.5515151515,-0.666,0.700689867389,-0.666,0,0,0,0,0,0,0,0,0,0,0,0
L: 0 R: 0 T: 1551390588.88
1551390589.5,34,32,34.0,32.3333333333,10.4696969697,-1.33199491882,-0.981649985129,-0.665994918823,0,0,0,0,0,0,0,0,0,0,0,0
1551390589.59,34,32,34.3333333333,32.0,10.6393939394,-1.8315,-2.32232499256,-0.499505081177,0,0,0,0,0,0,0,0,0,0,0,0
1551390589.68,34,32,34.3333333333,32.0,10.6303030303,-1.998,-3.15916249628,-0.1665,0,0,0,0,0,0,0,0,0,0,0,0
1551390589.78,34,32,34.3333333333,32.0,10.6212121212,-2.1645,-3.74408124814,-0.1665,0,0,0,0,0,0,0,0,0,0,0,0
1551390589.87,34,32,34.3333333333,32.0,10.6,-2.331,-4.20304062407,-0.1665,0,0,0,0,0,0,0,0,0,0,0,0
1551390589.96,34,31,34.6666666667,31.6666666667,10.5636363636,-2.664,-4.76552031204,-0.333,0,0,0,0,0,0,0,0,0,0,0,0
1551390590.06,34,32,34.3333333333,32.0,10.4545454545,-2.49749491882,-4.88025507484,0.166505081177,0,0,0,0,0,0,0,0,0,0,0,0
1551390590.15,34,32,34.3333333333,32.0,10.4333333333,-2.33099491882,-4.77112245624,0.1665,0,0,0,0,0,0,0,0,0,0,0,0
1551390590.24,34,32,34.3333333333,32.0,10.3818181818,-2.49749491882,-4.88305614695,-0.1665,0,0,0,0,0,0,0,0,0,0,0,0
1551390590.34,34,32,34.3333333333,32.0,10.3878787879,-2.49749491882,-4.9390229923,0.0,0,0,0,0,0,0,0,0,0,0,0,0
1551390590.43,34,32,34.3333333333,32.0,10.3787878788,-2.33099491882,-4.80050641497,0.1665,0,0,0,0,0,0,0,0,0,0,0,0
1551390590.53,34,32,34.3333333333,32.0,10.3424242424,-2.16449491882,-4.56474812631,0.1665,0,0,0,0,0,0,0,0,0,0,0,0
1551390590.62,34,32,34.3333333333,32.0,10.4,-2.16449491882,-4.44686898198,0.0,0,0,0,0,0,0,0,0,0,0,0,0
1551390590.71,34,32,34.3333333333,32.0,10.4121212121,-2.16449491882,-4.38792940981,0.0,0,0,0,0,0,0,0,0,0,0,0,0
1551390590.81,34,32,34.0,32.3333333333,10.4060606061,-1.83149491882,-4.02545962373,0.333,0,0,0,0,0,0,0,0,0,0,0,0
1551390590.9,34,32,34.0,32.3333333333,10.4333333333,-1.66499491882,-3.67772473069,0.1665,0,0,0,0,0,0,0,0,0,0,0,0
1551390590.99,34,32,34.0,32.3333333333,10.4575757576,-1.66499491882,-3.50385728417,0.0,0,0,0,0,0,0,0,0,0,0,0,0
1551390591.09,34,32,34.0,32.3333333333,10.4727272727,-1.49849491882,-3.25042356091,0.1665,0,0,0,0,0,0,0,0,0,0,0,0
1551390591.18,33,32,33.6666666667,32.6666666667,10.4878787879,-1.33199491882,-2.95720669928,0.1665,0,0,0,0,0,0,0,0,0,0,0,0
1551390591.28,33,32,33.6666666667,32.6666666667,10.5878787879,-0.999,-2.47760334964,0.332994918823,0,0,0,0,0,0,0,0,0,0,0,0
1551390591.37,33,33,33.3333333333,33.0,10.5424242424,-0.665994918823,-1.90479659364,0.333005081177,0,0,0,0,0,0,0,0,0,0,0,0
1551390591.46,33,32,33.6666666667,32.6666666667,10.5878787879,-0.666,-1.61839829682,-5.08117675779e-06,0,0,0,0,0,0,0,0,0,0,0,0
1551390591.56,33,32,33.6666666667,32.6666666667,10.5181818182,-0.665994918823,-1.47519406723,5.08117675779e-06,0,0,0,0,0,0,0,0,0,0,0,0
1551390591.65,33,32,33.6666666667,32.6666666667,10.5181818182,-0.665994918823,-1.40359195244,0.0,0,0,0,0,0,0,0,0,0,0,0,0
1551390591.74,33,32,33.6666666667,32.6666666667,10.5575757576,-0.999,-1.70079597622,-0.333005081177,0,0,0,0,0,0,0,0,0,0,0,0
1551390591.84,33,32,33.6666666667,32.6666666667,10.6,-0.999,-1.84939798811,0.0,0,0,0,0,0,0,0,0,0,0,0,0
1551390591.93,34,32,34.0,32.3333333333,10.6181818182,-1.332,-2.25669899406,-0.333,0,0,0,0,0,0,0,0,0,0,0,0
1551390592.03,34,32,34.0,32.3333333333,10.7212121212,-1.4985,-2.62684949703,-0.1665,0,0,0,0,0,0,0,0,0,0,0,0
1551390592.12,34,32,34.3333333333,32.0,10.6878787879,-1.8315,-3.14492474851,-0.333,0,0,0,0,0,0,0,0,0,0,0,0
1551390592.21,34,32,34.0,32.3333333333,10.696969697,-1.665,-3.23746237426,0.1665,0,0,0,0,0,0,0,0,0,0,0,0
1551390592.31,34,32,34.0,32.3333333333,11.1757575758,-1.83149491882,-3.45022610595,-0.166494918823,0,0,0,0,0,0,0,0,0,0,0,0
1551390592.4,33,33,33.0,33.3333333333,11.0333333333,-0.333,-2.05811305298,1.49849491882,0,0,0,0,0,0,0,0,0,0,0,0
1551390592.49,31,35,31.3333333333,35.0,11.1333333333,2.1645,1.13544347351,2.4975,0,0,0,0,0,0,0,0,0,0,0,0
L: 0 R: 0 T: 1551390592.57
1551390593.19,28,37,29.0,37.3333333333,11.196969697,5.994,6.56172173676,3.8295,0,0,0,0,0,0,0,0,0,0,0,0
1551390593.28,-5,72,-5.66666666667,72.3333333333,1.48484848485,49.1175,52.3983608684,43.1235,0,0,0,0,0,0,0,0,0,0,0,0
L: 0 R: 0 T: 1551390593.37
1551390593.46,6,60,6.0,60.3333333333,0.227272727273,51.7815,77.9806804342,2.664,0,0,0,0,0,0,0,0,0,0,0,0
1551390593.56,14,52,14.0,52.3333333333,3.30909090909,43.4565,82.4468402171,-8.325,0,0,0,0,0,0,0,0,0,0,0,0
1551390593.65,15,51,15.3333333333,51.0,10.896969697,38.4615,79.6849201085,-4.995,0,0,0,0,0,0,0,0,0,0,0,0
1551390593.75,18,48,18.0,48.3333333333,14.0090909091,33.3,73.1424600543,-5.1615,0,0,0,0,0,0,0,0,0,0,0,0
1551390593.84,28,38,28.0,38.3333333333,12.5,19.4805,56.0517300271,-13.8195,0,0,0,0,0,0,0,0,0,0,0,0
1551390593.93,31,34,31.6666666667,34.6666666667,11.2727272727,9.4905,37.5163650136,-9.99,0,0,0,0,0,0,0,0,0,0,0,0
1551390594.03,36,29,36.3333333333,30.0,10.903030303,-0.1665,18.5916825068,-9.657,0,0,0,0,0,0,0,0,0,0,0,0
1551390594.12,38,27,38.6666666667,27.6666666667,10.6848484848,-6.66,2.63584125339,-6.4935,0,0,0,0,0,0,0,0,0,0,0,0
1551390594.21,37,29,37.3333333333,29.0,10.5606060606,-7.8255,-6.5075793733,-1.1655,0,0,0,0,0,0,0,0,0,0,0,0
1551390594.31,33,33,33.3333333333,33.0,10.5878787879,-3.4965,-6.75028968665,4.329,0,0,0,0,0,0,0,0,0,0,0,0
1551390594.45,31,35,31.0,35.3333333333,10.7515151515,1.1655,-2.20964484333,4.662,0,0,0,0,0,0,0,0,0,0,0,0
1551390594.54,28,38,28.3333333333,38.0,10.7363636364,6.327,5.22217757834,5.1615,0,0,0,0,0,0,0,0,0,0,0,0
1551390594.63,27,39,27.3333333333,39.0,10.803030303,9.4905,12.1015887892,3.1635,0,0,0,0,0,0,0,0,0,0,0,0
1551390594.72,26,39,26.6666666667,39.6666666667,10.7727272727,11.4885,17.5392943946,1.998,0,0,0,0,0,0,0,0,0,0,0,0
1551390594.81,26,39,26.6666666667,39.6666666667,10.6515151515,12.321,21.0906471973,0.8325,0,0,0,0,0,0,0,0,0,0,0,0
1551390594.9,26,40,26.3333333333,40.0,10.2545454545,12.987,23.5323235986,0.666,0,0,0,0,0,0,0,0,0,0,0,0
1551390594.99,26,40,26.3333333333,40.0,10.1212121212,13.4865,25.2526617993,0.4995,0,0,0,0,0,0,0,0,0,0,0,0
1551390595.09,26,40,26.0,40.3333333333,9.11818181817,13.986,26.6123308997,0.4995,0,0,0,0,0,0,0,0,0,0,0,0
1551390595.18,26,39,27.0,39.3333333333,10.5333333333,12.8205050812,26.126670531,-1.16549491882,0,0,0,0,0,0,0,0,0,0,0,0
1551390595.28,27,39,27.0,39.3333333333,10.5757575758,12.321,25.3843352655,-0.499505081177,0,0,0,0,0,0,0,0,0,0,0,0
1551390595.37,28,38,28.0,38.3333333333,10.5,10.989,23.6811676328,-1.332,0,0,0,0,0,0,0,0,0,0,0,0
1551390595.46,28,37,28.6666666667,37.6666666667,10.4393939394,9.657,21.4975838164,-1.332,0,0,0,0,0,0,0,0,0,0,0,0
1551390595.56,29,36,29.6666666667,36.6666666667,10.3848484848,7.992,18.7407919082,-1.665,0,0,0,0,0,0,0,0,0,0,0,0
1551390595.65,30,36,30.3333333333,36.0,10.3636363636,6.4935,15.8638959541,-1.4985,0,0,0,0,0,0,0,0,0,0,0,0
1551390595.74,30,35,30.6666666667,35.6666666667,10.3696969697,5.4945,13.426447977,-0.999,0,0,0,0,0,0,0,0,0,0,0,0
1551390595.84,31,35,31.3333333333,35.0,10.2636363636,4.4955,11.2087239885,-0.999,0,0,0,0,0,0,0,0,0,0,0,0
1551390595.93,31,34,31.6666666667,34.6666666667,10.296969697,3.4965,9.10086199426,-0.999,0,0,0,0,0,0,0,0,0,0,0,0
1551390596.03,32,34,32.0,34.3333333333,10.3393939394,2.8305,7.38093099713,-0.666,0,0,0,0,0,0,0,0,0,0,0,0
1551390596.12,32,33,32.6666666667,33.6666666667,10.3424242424,1.8315,5.52196549857,-0.999,0,0,0,0,0,0,0,0,0,0,0,0
L: 0 R: 0 T: 1551390596.19
1551390596.81,32,33,32.6666666667,33.6666666667,10.3727272727,1.332,4.09298274928,-0.4995,0,0,0,0,0,0,0,0,0,0,0,0
1551390596.9,34,32,34.0,32.3333333333,10.4272727273,-0.665994918823,1.38049645582,-1.99799491882,0,0,0,0,0,0,0,0,0,0,0,0
1551390597.0,33,32,33.6666666667,32.6666666667,10.5090909091,-0.999,-0.308751772091,-0.333005081177,0,0,0,0,0,0,0,0,0,0,0,0
1551390597.09,33,32,33.6666666667,32.6666666667,10.4909090909,-0.832494918823,-0.986870804869,0.166505081177,0,0,0,0,0,0,0,0,0,0,0,0
1551390597.18,34,32,34.0,32.3333333333,10.4545454545,-1.16549491882,-1.65893032126,-0.333,0,0,0,0,0,0,0,0,0,0,0,0
1551390597.28,33,32,33.6666666667,32.6666666667,10.4545454545,-1.16549491882,-1.99496007945,0.0,0,0,0,0,0,0,0,0,0,0,0,0
1551390597.37,34,32,34.3333333333,32.0,10.4636363636,-1.66499491882,-2.66247495855,-0.4995,0,0,0,0,0,0,0,0,0,0,0,0
1551390597.46,34,32,34.3333333333,32.0,10.4363636364,-2.16449491882,-3.4957323981,-0.4995,0,0,0,0,0,0,0,0,0,0,0,0
1551390597.56,34,32,34.3333333333,32.0,10.4272727273,-2.33099491882,-4.07886111787,-0.1665,0,0,0,0,0,0,0,0,0,0,0,0
1551390597.65,34,32,34.3333333333,32.0,10.4666666667,-2.49749491882,-4.53692547776,-0.1665,0,0,0,0,0,0,0,0,0,0,0,0
1551390597.74,34,32,34.3333333333,32.0,10.4696969697,-2.33099491882,-4.5994576577,0.1665,0,0,0,0,0,0,0,0,0,0,0,0
1551390597.84,34,31,34.6666666667,31.6666666667,10.4757575758,-2.66399491882,-4.96372374767,-0.333,0,0,0,0,0,0,0,0,0,0,0,0
1551390597.93,34,31,34.6666666667,31.6666666667,10.5575757576,-2.664,-5.14586187384,-5.08117675802e-06,0,0,0,0,0,0,0,0,0,0,0,0
1551390598.03,34,31,34.6666666667,31.6666666667,10.5454545455,-2.664,-5.23693093692,0.0,0,0,0,0,0,0,0,0,0,0,0,0
1551390598.12,34,32,34.3333333333,32.0,10.5636363636,-2.331,-4.94946546846,0.333,0,0,0,0,0,0,0,0,0,0,0,0
1551390598.21,34,32,34.0,32.3333333333,10.6212121212,-1.8315,-4.30623273423,0.4995,0,0,0,0,0,0,0,0,0,0,0,0
1551390598.31,33,32,33.6666666667,32.6666666667,10.6636363636,-1.4985,-3.65161636711,0.333,0,0,0,0,0,0,0,0,0,0,0,0
1551390598.4,33,32,33.6666666667,32.6666666667,10.6424242424,-1.332,-3.15780818356,0.1665,0,0,0,0,0,0,0,0,0,0,0,0
1551390598.49,33,32,33.6666666667,32.6666666667,10.6636363636,-1.1655,-2.74440409178,0.1665,0,0,0,0,0,0,0,0,0,0,0,0
1551390598.59,33,33,33.3333333333,33.0,11.1484848485,-0.8325,-2.20470204589,0.333,0,0,0,0,0,0,0,0,0,0,0,0
1551390598.68,31,34,31.6666666667,34.6666666667,11.3787878788,1.4985,0.396148977055,2.331,0,0,0,0,0,0,0,0,0,0,0,0
1551390598.78,30,35,30.6666666667,35.6666666667,11.4,3.663,3.86107448853,2.1645,0,0,0,0,0,0,0,0,0,0,0,0
1551390598.87,27,38,27.6666666667,38.6666666667,11.4363636364,7.992,9.92253724426,4.329,0,0,0,0,0,0,0,0,0,0,0,0
1551390598.96,26,40,26.3333333333,40.0,11.4060606061,11.4885,16.4497686221,3.4965,0,0,0,0,0,0,0,0,0,0,0,0
1551390599.06,25,41,25.0,41.3333333333,11.3909090909,14.1525050812,22.3773893922,2.66400508118,0,0,0,0,0,0,0,0,0,0,0,0
1551390599.15,24,41,24.6666666667,41.6666666667,11.3303030303,15.8175,27.0061946961,1.66499491882,0,0,0,0,0,0,0,0,0,0,0,0
1551390599.24,24,41,24.6666666667,41.6666666667,11.3151515152,16.4835,29.9865973481,0.666,0,0,0,0,0,0,0,0,0,0,0,0
1551390599.34,25,41,25.0,41.3333333333,11.1909090909,16.1505,31.143798674,-0.333,0,0,0,0,0,0,0,0,0,0,0,0
1551390599.43,25,41,25.3333333333,41.0,11.2242424242,15.8175,31.389399337,-0.333,0,0,0,0,0,0,0,0,0,0,0,0
1551390599.53,26,40,26.3333333333,40.0,11.0303030303,14.4855,30.1801996685,-1.332,0,0,0,0,0,0,0,0,0,0,0,0
1551390599.62,27,39,27.3333333333,39.0,10.9303030303,12.654,27.7440998343,-1.8315,0,0,0,0,0,0,0,0,0,0,0,0
1551390599.71,27,38,27.6666666667,38.6666666667,11.8636363636,11.4885,25.3605499171,-1.1655,0,0,0,0,0,0,0,0,0,0,0,0
1551390599.81,26,39,26.6666666667,39.6666666667,12.5393939394,12.4875,25.1677749586,0.999,0,0,0,0,0,0,0,0,0,0,0,0
L: 0 R: 0 T: 1551390599.88
1551390600.5,26,40,26.0,40.3333333333,13.296969697,13.4865,26.0703874793,0.999,0,0,0,0,0,0,0,0,0,0,0,0
1551390600.59,5,61,5.33333333333,61.0,8.4787878788,38.628,51.6631937396,25.1415,0,0,0,0,0,0,0,0,0,0,0,0
1551390600.68,10,55,10.6666666667,55.6666666667,12.4484848485,42.1245,67.9560968698,3.4965,0,0,0,0,0,0,0,0,0,0,0,0
1551390600.78,14,52,14.3333333333,52.0,13.7909090909,38.961,72.9390484349,-3.1635,0,0,0,0,0,0,0,0,0,0,0,0
1551390600.87,18,48,18.3333333333,48.0,12.7363636364,33.3,69.7695242175,-5.661,0,0,0,0,0,0,0,0,0,0,0,0
1551390600.96,20,46,20.3333333333,46.0,12.103030303,28.4715,63.3562621087,-4.8285,0,0,0,0,0,0,0,0,0,0,0,0
1551390601.06,22,44,22.0,44.3333333333,11.8151515152,24.642,56.3201310544,-3.8295,0,0,0,0,0,0,0,0,0,0,0,0
1551390601.15,21,45,21.0,45.3333333333,10.2454545455,24.309,52.4690655272,-0.333,0,0,0,0,0,0,0,0,0,0,0,0
1551390601.24,21,44,21.6666666667,44.6666666667,10.0121212121,23.1435,49.3780327636,-1.1655,0,0,0,0,0,0,0,0,0,0,0,0
1551390601.34,23,42,23.6666666667,42.6666666667,7.9393939394,20.646,45.3350163818,-2.4975,0,0,0,0,0,0,0,0,0,0,0,0
1551390601.43,24,41,24.6666666667,41.6666666667,7.96666666667,18.4815050812,41.1490132721,-2.16449491882,0,0,0,0,0,0,0,0,0,0,0,0
1551390601.53,25,41,25.3333333333,41.0,9.3909090909,16.8165,37.391006636,-1.66500508118,0,0,0,0,0,0,0,0,0,0,0,0
1551390601.62,26,39,26.6666666667,39.6666666667,10.3878787879,14.4855,33.181003318,-2.331,0,0,0,0,0,0,0,0,0,0,0,0
1551390601.76,27,39,27.3333333333,39.0,8.11515151517,12.654,29.244501659,-1.8315,0,0,0,0,0,0,0,0,0,0,0,0
1551390601.85,28,38,28.3333333333,38.0,8.31212121213,10.656,25.2782508295,-1.998,0,0,0,0,0,0,0,0,0,0,0,0
1551390601.94,29,37,29.0,37.3333333333,8.0787878788,8.991,21.6301254148,-1.665,0,0,0,0,0,0,0,0,0,0,0,0
1551390602.03,29,37,29.0,37.3333333333,8.71515151517,8.325,19.1400627074,-0.666,0,0,0,0,0,0,0,0,0,0,0,0
1551390602.12,30,36,30.0,36.3333333333,6.82727272727,7.1595,16.7295313537,-1.1655,0,0,0,0,0,0,0,0,0,0,0,0
1551390602.21,30,36,30.0,36.3333333333,7.39393939393,6.4935,14.8582656768,-0.666,0,0,0,0,0,0,0,0,0,0,0,0
1551390602.31,28,37,28.6666666667,37.6666666667,7.10303030303,7.992,15.4211328384,1.4985,0,0,0,0,0,0,0,0,0,0,0,0
1551390602.4,28,38,28.0,38.3333333333,8.71515151517,9.20211273193,16.9126791511,1.21011273193,0,0,0,0,0,0,0,0,0,0,0,0
1551390602.49,25,41,25.0,41.3333333333,10.0272727273,13.4865,21.9428395756,4.28438726807,0,0,0,0,0,0,0,0,0,0,0,0
1551390602.59,23,43,23.0,43.3333333333,9.84545454547,17.649,28.6204197878,4.1625,0,0,0,0,0,0,0,0,0,0,0,0
1551390602.68,22,44,22.0,44.3333333333,9.40606060607,20.313,34.6232098939,2.664,0,0,0,0,0,0,0,0,0,0,0,0
1551390602.78,23,42,23.6666666667,42.6666666667,9.61515151517,19.4805050812,36.7921100281,-0.832494918823,0,0,0,0,0,0,0,0,0,0,0,0
1551390602.87,25,40,25.6666666667,40.6666666667,9.71515151517,16.4835,34.8795550141,-2.99700508118,0,0,0,0,0,0,0,0,0,0,0,0
1551390602.96,25,40,25.6666666667,40.6666666667,9.8393939394,15.4845,32.924277507,-0.999,0,0,0,0,0,0,0,0,0,0,0,0
1551390603.06,26,40,26.0,40.3333333333,11.3,14.4855,30.9476387535,-0.999,0,0,0,0,0,0,0,0,0,0,0,0
1551390603.15,26,40,26.0,40.3333333333,9.43636363637,14.319,29.7928193768,-0.1665,0,0,0,0,0,0,0,0,0,0,0,0
1551390603.3,25,40,25.6666666667,40.6666666667,11.3484848485,14.4855050812,29.3819147696,0.166505081177,0,0,0,0,0,0,0,0,0,0,0,0
1551390603.38,23,42,23.6666666667,42.6666666667,10.2848484848,16.9830050812,31.673962466,2.4975,0,0,0,0,0,0,0,0,0,0,0,0
1551390603.47,23,42,23.6666666667,42.6666666667,13.6212121212,18.1485,33.985481233,1.16549491882,0,0,0,0,0,0,0,0,0,0,0,0
L: 0 R: 0 T: 1551390603.54
1551390604.16,22,44,22.3333333333,44.0,13.4,19.98,36.9727406165,1.8315,0,0,0,0,0,0,0,0,0,0,0,0
1551390604.25,13,53,13.0,53.3333333333,11.803030303,31.9680025406,50.4543728488,11.9880025406,0,0,0,0,0,0,0,0,0,0,0,0
1551390604.34,18,48,18.0,48.3333333333,11.6181818182,30.636,55.8631864244,-1.33200254059,0,0,0,0,0,0,0,0,0,0,0,0
1551390604.43,22,43,22.6666666667,43.6666666667,12.0545454545,24.642,52.5735932122,-5.994,0,0,0,0,0,0,0,0,0,0,0,0
1551390604.53,24,41,25.0,41.3333333333,12.3818181818,19.314,45.6007966061,-5.328,0,0,0,0,0,0,0,0,0,0,0,0
1551390604.62,26,40,26.3333333333,40.0,13.8303030303,15.8175,38.6178983031,-3.4965,0,0,0,0,0,0,0,0,0,0,0,0
1551390604.71,26,40,26.0,40.3333333333,13.4424242424,14.652,33.9609491515,-1.1655,0,0,0,0,0,0,0,0,0,0,0,0
1551390604.81,24,42,24.3333333333,42.0,11.9757575758,16.317,33.2974745758,1.665,0,0,0,0,0,0,0,0,0,0,0,0
1551390604.9,24,42,24.3333333333,42.0,9.72424242423,16.983,33.6317372879,0.666,0,0,0,0,0,0,0,0,0,0,0,0
1551390604.99,24,42,24.0,42.3333333333,10.1727272727,17.649,34.4648686439,0.666,0,0,0,0,0,0,0,0,0,0,0,0
1551390605.09,25,41,25.0,41.3333333333,11.2484848485,16.65,33.882434322,-0.999,0,0,0,0,0,0,0,0,0,0,0,0
1551390605.18,25,41,25.0,41.3333333333,8.1787878788,16.1505050812,33.0917222422,-0.499494918823,0,0,0,0,0,0,0,0,0,0,0,0
1551390605.28,26,40,26.3333333333,40.0,7.44545454547,14.652,31.1978611211,-1.49850508118,0,0,0,0,0,0,0,0,0,0,0,0
1551390605.37,27,38,27.6666666667,38.6666666667,5.70606060607,12.321,27.9199305605,-2.331,0,0,0,0,0,0,0,0,0,0,0,0
1551390605.46,29,37,29.3333333333,37.0,4.52727272727,9.324,23.2839652803,-2.997,0,0,0,0,0,0,0,0,0,0,0,0
1551390605.56,29,36,29.6666666667,36.6666666667,6.99696969697,7.8255,19.4674826401,-1.4985,0,0,0,0,0,0,0,0,0,0,0,0
1551390605.65,30,35,31.0,35.3333333333,9.2484848485,5.8275,15.5612413201,-1.998,0,0,0,0,0,0,0,0,0,0,0,0
1551390605.74,31,35,31.0,35.3333333333,10.8909090909,4.995,12.77562066,-0.8325,0,0,0,0,0,0,0,0,0,0,0,0
1551390605.84,32,34,32.0,34.3333333333,10.7121212121,3.1635,9.55131033002,-1.8315,0,0,0,0,0,0,0,0,0,0,0,0
1551390605.93,33,33,33.0,33.3333333333,10.7909090909,1.4985,6.27415516501,-1.665,0,0,0,0,0,0,0,0,0,0,0,0
1551390606.03,34,31,34.6666666667,31.6666666667,10.9424242424,-1.332,1.8050775825,-2.8305,0,0,0,0,0,0,0,0,0,0,0,0
1551390606.12,37,29,37.0,29.3333333333,11.9818181818,-5.16148983765,-4.25895104639,-3.82948983765,0,0,0,0,0,0,0,0,0,0,0,0
1551390606.21,38,28,38.0,28.3333333333,12.7878787879,-7.8255,-9.9549755232,-2.66401016235,0,0,0,0,0,0,0,0,0,0,0,0
1551390606.31,40,26,40.0,26.3333333333,13.1,-11.322,-16.2994877616,-3.4965,0,0,0,0,0,0,0,0,0,0,0,0
1551390606.4,43,23,43.3333333333,23.0,12.9666666667,-16.8165,-24.9662438808,-5.4945,0,0,0,0,0,0,0,0,0,0,0,0
1551390606.49,45,21,45.0,21.3333333333,12.7424242424,-20.8125,-33.2956219404,-3.996,0,0,0,0,0,0,0,0,0,0,0,0
1551390606.59,46,20,46.0,20.3333333333,12.3484848485,-23.4765,-40.1243109702,-2.664,0,0,0,0,0,0,0,0,0,0,0,0
1551390606.68,45,20,45.6666666667,20.6666666667,11.9909090909,-24.1425,-44.2046554851,-0.666,0,0,0,0,0,0,0,0,0,0,0,0
1551390606.78,45,21,45.0,21.3333333333,11.6454545455,-23.643,-45.7453277425,0.4995,0,0,0,0,0,0,0,0,0,0,0,0
1551390606.87,45,20,45.6666666667,20.6666666667,11.4727272727,-24.1425,-47.0151638713,-0.4995,0,0,0,0,0,0,0,0,0,0,0,0
1551390606.96,45,21,45.3333333333,21.0,12.203030303,-24.1425,-47.6500819356,0.0,0,0,0,0,0,0,0,0,0,0,0,0
1551390607.06,44,22,44.3333333333,22.0,12.6303030303,-22.8105,-46.6355409678,1.332,0,0,0,0,0,0,0,0,0,0,0,0
1551390607.15,43,23,43.3333333333,23.0,13.3848484848,-20.979,-44.2967704839,1.8315,0,0,0,0,0,0,0,0,0,0,0,0
L: 0 R: 0 T: 1551390607.22
1551390607.85,43,23,43.0,23.3333333333,12.9878787879,-19.98,-42.128385242,0.999,0,0,0,0,0,0,0,0,0,0,0,0
1551390607.93,44,22,44.3333333333,22.0,11.3909090909,-21.1454949188,-42.2096875398,-1.16549491882,0,0,0,0,0,0,0,0,0,0,0,0
1551390608.03,43,23,43.3333333333,23.0,11.2060606061,-20.313,-41.4178437699,0.832494918823,0,0,0,0,0,0,0,0,0,0,0,0
1551390608.17,42,24,42.0,24.3333333333,10.9515151515,-18.4815,-39.190421885,1.8315,0,0,0,0,0,0,0,0,0,0,0,0
1551390608.26,40,25,40.6666666667,25.6666666667,10.5212121212,-16.317,-35.9122109425,2.1645,0,0,0,0,0,0,0,0,0,0,0,0
1551390608.35,37,29,37.0,29.3333333333,10.2636363636,-11.1555,-29.1116054712,5.1615,0,0,0,0,0,0,0,0,0,0,0,0
1551390608.44,35,31,35.0,31.3333333333,10.2151515152,-6.49349491882,-21.0492976544,4.66200508118,0,0,0,0,0,0,0,0,0,0,0,0
1551390608.53,33,33,33.3333333333,33.0,10.2515151515,-2.83049491882,-13.355143746,3.663,0,0,0,0,0,0,0,0,0,0,0,0
1551390608.62,32,34,32.0,34.3333333333,10.6333333333,0.166505081177,-6.51106679185,2.997,0,0,0,0,0,0,0,0,0,0,0,0
1551390608.71,31,35,31.0,35.3333333333,10.6181818182,2.4975,-0.758033395923,2.33099491882,0,0,0,0,0,0,0,0,0,0,0,0
1551390608.81,30,35,30.6666666667,35.6666666667,10.6878787879,3.8295,3.45048330204,1.332,0,0,0,0,0,0,0,0,0,0,0,0
1551390608.9,30,36,30.0,36.3333333333,10.6545454545,5.4945,7.21974165102,1.665,0,0,0,0,0,0,0,0,0,0,0,0
1551390609.0,28,37,28.6666666667,37.6666666667,10.7636363636,7.4925,11.1023708255,1.998,0,0,0,0,0,0,0,0,0,0,0,0
1551390609.09,28,37,28.6666666667,37.6666666667,10.8,8.4915,14.0426854128,0.999,0,0,0,0,0,0,0,0,0,0,0,0
1551390609.18,28,38,28.3333333333,38.0,10.803030303,9.1575,16.1788427064,0.666,0,0,0,0,0,0,0,0,0,0,0,0
1551390609.28,28,37,28.6666666667,37.6666666667,10.8393939394,8.991,17.0804213532,-0.1665,0,0,0,0,0,0,0,0,0,0,0,0
1551390609.37,29,37,29.0,37.3333333333,11.0393939394,8.4915,17.0317106766,-0.4995,0,0,0,0,0,0,0,0,0,0,0,0
1551390609.46,27,38,27.6666666667,38.6666666667,11.7939393939,9.8235,18.3393553383,1.332,0,0,0,0,0,0,0,0,0,0,0,0
1551390609.56,26,39,26.6666666667,39.6666666667,12.1424242424,11.4885,20.6581776691,1.665,0,0,0,0,0,0,0,0,0,0,0,0
1551390609.65,25,40,25.6666666667,40.6666666667,12.5,13.4865,23.8155888346,1.998,0,0,0,0,0,0,0,0,0,0,0,0
1551390609.75,23,43,23.3333333333,43.0,12.3303030303,17.1495,29.0572944173,3.663,0,0,0,0,0,0,0,0,0,0,0,0
1551390609.84,22,43,22.3333333333,44.0,12.0303030303,19.8135,34.3421472086,2.664,0,0,0,0,0,0,0,0,0,0,0,0
1551390609.93,22,43,22.3333333333,44.0,11.6878787879,20.8125,37.9835736043,0.999,0,0,0,0,0,0,0,0,0,0,0,0
1551390610.03,20,46,20.0,46.3333333333,11.796969697,23.8095025406,42.8012893427,2.99700254059,0,0,0,0,0,0,0,0,0,0,0,0
1551390610.12,19,46,19.6666666667,46.6666666667,12.696969697,25.641,47.0416446714,1.83149745941,0,0,0,0,0,0,0,0,0,0,0,0
1551390610.22,19,47,19.3333333333,47.0,13.4818181818,26.4735,49.9943223357,0.8325,0,0,0,0,0,0,0,0,0,0,0,0
1551390610.31,20,46,20.0,46.3333333333,13.5393939394,26.307,51.3041611678,-0.1665,0,0,0,0,0,0,0,0,0,0,0,0
1551390610.4,19,47,19.3333333333,47.0,13.0060606061,26.973,52.6250805839,0.666,0,0,0,0,0,0,0,0,0,0,0,0
1551390610.49,19,47,19.3333333333,47.0,12.5272727273,27.1395,53.452040292,0.1665,0,0,0,0,0,0,0,0,0,0,0,0
1551390610.59,19,46,19.3333333333,47.0,12.1,27.1395,53.865520146,0.0,0,0,0,0,0,0,0,0,0,0,0,0
1551390610.68,21,44,21.6666666667,44.6666666667,10.3454545455,24.642,51.574760073,-2.4975,0,0,0,0,0,0,0,0,0,0,0,0
1551390610.78,20,46,20.3333333333,46.0,9.34545454547,24.975,50.7623800365,0.333,0,0,0,0,0,0,0,0,0,0,0,0
L: 0 R: 0 T: 1551390610.85
1551390611.47,20,46,20.0,46.3333333333,11.5787878788,25.4745050812,50.8556950994,0.499505081177,0,0,0,0,0,0,0,0,0,0,0,0
1551390611.56,15,50,15.6666666667,50.6666666667,13.8424242424,31.1355,56.5633475497,5.66099491882,0,0,0,0,0,0,0,0,0,0,0,0
1551390611.65,14,52,14.0,52.3333333333,13.9363636364,35.298,63.5796737749,4.1625,0,0,0,0,0,0,0,0,0,0,0,0
1551390611.75,14,51,14.6666666667,51.6666666667,14.6242424242,35.964,67.7538368874,0.666,0,0,0,0,0,0,0,0,0,0,0,0
1551390611.84,15,50,15.6666666667,50.6666666667,16.0212121212,34.965,68.8419184437,-0.999,0,0,0,0,0,0,0,0,0,0,0,0
1551390611.93,17,49,17.0,49.3333333333,16.9515151515,33.1335,67.5544592219,-1.8315,0,0,0,0,0,0,0,0,0,0,0,0
1551390612.03,18,48,18.3333333333,48.0,15.7818181818,30.969,64.7462296109,-2.1645,0,0,0,0,0,0,0,0,0,0,0,0
1551390612.12,12,53,12.6666666667,53.6666666667,11.696969697,36.63,69.0031148055,5.661,0,0,0,0,0,0,0,0,0,0,0,0
1551390612.21,11,55,11.0,55.3333333333,8.4909090909,40.7925,75.2940574027,4.1625,0,0,0,0,0,0,0,0,0,0,0,0
1551390612.31,11,54,11.6666666667,54.6666666667,8.6606060606,41.958,79.6050287014,1.1655,0,0,0,0,0,0,0,0,0,0,0,0
1551390612.4,12,53,12.6666666667,53.6666666667,11.4606060606,40.959,80.7615143507,-0.999,0,0,0,0,0,0,0,0,0,0,0,0
1551390612.49,14,52,14.0,52.3333333333,13.4757575758,39.1275,79.5082571753,-1.8315,0,0,0,0,0,0,0,0,0,0,0,0
1551390612.59,18,47,18.6666666667,47.6666666667,12.0666666667,32.634,72.3881285877,-6.4935,0,0,0,0,0,0,0,0,0,0,0,0
1551390612.68,21,45,21.3333333333,45.0,11.6545454545,26.8065,63.0005642938,-5.8275,0,0,0,0,0,0,0,0,0,0,0,0
1551390612.78,22,43,23.0,43.3333333333,11.3848484848,22.644,54.1442821469,-4.1625,0,0,0,0,0,0,0,0,0,0,0,0
1551390612.87,24,42,24.0,42.3333333333,11.2151515152,19.8135,46.8856410735,-2.8305,0,0,0,0,0,0,0,0,0,0,0,0
1551390612.96,25,41,25.0,41.3333333333,11.0060606061,17.4825,40.9253205367,-2.331,0,0,0,0,0,0,0,0,0,0,0,0
1551390613.06,26,40,26.0,40.3333333333,10.9242424242,15.318,35.7806602684,-2.1645,0,0,0,0,0,0,0,0,0,0,0,0
1551390613.15,27,39,27.3333333333,39.0,10.8484848485,12.8205,30.7108301342,-2.4975,0,0,0,0,0,0,0,0,0,0,0,0
1551390613.24,28,37,28.6666666667,37.6666666667,10.7424242424,10.4895,25.8449150671,-2.331,0,0,0,0,0,0,0,0,0,0,0,0
1551390613.34,29,37,29.3333333333,37.0,10.6515151515,8.8245,21.7469575335,-1.665,0,0,0,0,0,0,0,0,0,0,0,0
1551390613.43,29,36,30.0,36.3333333333,10.6303030303,7.326,18.1994787668,-1.4985,0,0,0,0,0,0,0,0,0,0,0,0
1551390613.53,30,35,30.6666666667,35.6666666667,10.5939393939,5.994,15.0937393834,-1.332,0,0,0,0,0,0,0,0,0,0,0,0
1551390613.62,31,35,31.3333333333,35.0,10.5575757576,4.662,12.2088696917,-1.332,0,0,0,0,0,0,0,0,0,0,0,0
1551390613.71,31,34,31.6666666667,34.6666666667,10.4606060606,3.4965,9.60093484585,-1.1655,0,0,0,0,0,0,0,0,0,0,0,0
1551390613.81,32,33,32.6666666667,33.6666666667,10.4848484848,2.1645,6.96496742292,-1.332,0,0,0,0,0,0,0,0,0,0,0,0
1551390613.9,32,33,32.6666666667,33.6666666667,10.5454545455,1.332,4.81448371146,-0.8325,0,0,0,0,0,0,0,0,0,0,0,0
1551390613.99,32,33,32.6666666667,33.6666666667,10.5121212121,0.999005081177,3.40624693691,-0.332994918823,0,0,0,0,0,0,0,0,0,0,0,0
1551390614.09,33,33,33.0,33.3333333333,10.5121212121,0.666005081177,2.36912854963,-0.333,0,0,0,0,0,0,0,0,0,0,0,0
1551390614.18,33,33,33.0,33.3333333333,10.5454545455,0.333,1.51756427482,-0.333005081177,0,0,0,0,0,0,0,0,0,0,0,0
1551390614.28,33,33,33.0,33.3333333333,10.4787878788,0.166505081177,0.925287218584,-0.166494918823,0,0,0,0,0,0,0,0,0,0,0,0
1551390614.37,33,33,33.3333333333,33.0,10.5515151515,0.0,0.462643609292,-0.166505081177,0,0,0,0,0,0,0,0,0,0,0,0
1551390614.46,33,33,33.3333333333,33.0,10.5575757576,-0.333,-0.101678195354,-0.333,0,0,0,0,0,0,0,0,0,0,0,0
L: 0 R: 0 T: 1551390614.54
1551390615.16,33,33,33.0,33.3333333333,10.5242424242,5.08117675781e-06,-0.0508340165002,0.333005081177,0,0,0,0,0,0,0,0,0,0,0,0
1551390615.25,36,30,36.3333333333,30.0,10.4575757576,-3.66299491882,-3.68841192707,-3.663,0,0,0,0,0,0,0,0,0,0,0,0
1551390615.34,35,30,35.6666666667,30.6666666667,10.4,-4.49549491882,-6.33970088236,-0.8325,0,0,0,0,0,0,0,0,0,0,0,0
1551390615.43,35,31,35.0,31.3333333333,10.4090909091,-3.99599491882,-7.16584536,0.4995,0,0,0,0,0,0,0,0,0,0,0,0
1551390615.53,34,31,34.6666666667,31.6666666667,10.403030303,-3.32999491882,-6.91291759882,0.666,0,0,0,0,0,0,0,0,0,0,0,0
1551390615.62,34,31,34.6666666667,31.6666666667,10.3939393939,-3.16349491882,-6.61995371824,0.1665,0,0,0,0,0,0,0,0,0,0,0,0
1551390615.71,34,31,34.6666666667,31.6666666667,10.403030303,-2.99699491882,-6.30697177794,0.1665,0,0,0,0,0,0,0,0,0,0,0,0
1551390615.81,34,32,34.3333333333,32.0,10.4,-2.49749491882,-5.65098080779,0.4995,0,0,0,0,0,0,0,0,0,0,0,0
1551390615.9,34,32,34.0,32.3333333333,10.3878787879,-1.83149491882,-4.65698532272,0.666,0,0,0,0,0,0,0,0,0,0,0,0
1551390615.99,33,32,33.6666666667,32.6666666667,10.4121212121,-1.49849491882,-3.82698758018,0.333,0,0,0,0,0,0,0,0,0,0,0,0
1551390616.09,33,33,33.3333333333,33.0,10.4515151515,-0.665994918823,-2.57948870891,0.8325,0,0,0,0,0,0,0,0,0,0,0,0
1551390616.18,32,33,32.6666666667,33.6666666667,10.5090909091,0.333,-0.956744354457,0.998994918823,0,0,0,0,0,0,0,0,0,0,0,0
1551390616.28,32,34,32.3333333333,34.0,10.4636363636,0.999005081177,0.520632903948,0.666005081177,0,0,0,0,0,0,0,0,0,0,0,0
1551390616.37,32,33,32.6666666667,33.6666666667,10.5575757576,0.999,1.25931645197,-5.08117675779e-06,0,0,0,0,0,0,0,0,0,0,0,0
1551390616.46,33,33,33.0,33.3333333333,10.5181818182,0.666005081177,1.29566330716,-0.332994918823,0,0,0,0,0,0,0,0,0,0,0,0
1551390616.56,32,33,32.6666666667,33.6666666667,10.5393939394,0.666,1.31383165358,-5.08117675779e-06,0,0,0,0,0,0,0,0,0,0,0,0
1551390616.65,33,33,33.0,33.3333333333,10.4818181818,0.333005081177,0.989920907968,-0.332994918823,0,0,0,0,0,0,0,0,0,0,0,0
1551390616.74,33,33,33.3333333333,33.0,10.4878787879,5.08117675781e-06,0.494965535161,-0.333,0,0,0,0,0,0,0,0,0,0,0,0
1551390616.84,33,33,33.3333333333,33.0,10.4939393939,-0.332994918823,-0.0855121512429,-0.333,0,0,0,0,0,0,0,0,0,0,0,0
1551390616.93,33,33,33.3333333333,33.0,10.5818181818,-0.333,-0.375756075621,-5.08117675779e-06,0,0,0,0,0,0,0,0,0,0,0,0
1551390617.03,33,33,33.3333333333,33.0,10.6181818182,-0.333,-0.520878037811,0.0,0,0,0,0,0,0,0,0,0,0,0,0
1551390617.12,33,33,33.3333333333,33.0,10.6636363636,-0.4995,-0.759939018905,-0.1665,0,0,0,0,0,0,0,0,0,0,0,0
1551390617.21,33,33,33.3333333333,33.0,10.7,-0.4995,-0.879469509453,0.0,0,0,0,0,0,0,0,0,0,0,0,0
1551390617.31,33,33,33.3333333333,33.0,10.7,-0.4995,-0.939234754726,0.0,0,0,0,0,0,0,0,0,0,0,0,0
1551390617.4,33,33,33.3333333333,33.0,10.7,-0.4995,-0.969117377363,0.0,0,0,0,0,0,0,0,0,0,0,0,0
1551390617.49,33,32,33.6666666667,32.6666666667,11.103030303,-0.832494918823,-1.3170536075,-0.332994918823,0,0,0,0,0,0,0,0,0,0,0,0
1551390617.59,32,33,32.6666666667,33.6666666667,11.1848484848,0.333,-0.325526803752,1.16549491882,0,0,0,0,0,0,0,0,0,0,0,0
1551390617.68,31,35,31.3333333333,35.0,11.1787878788,2.4975,2.33473659812,2.1645,0,0,0,0,0,0,0,0,0,0,0,0
1551390617.78,29,37,29.0,37.3333333333,11.1757575758,6.1605,7.32786829906,3.663,0,0,0,0,0,0,0,0,0,0,0,0
1551390617.92,27,39,27.3333333333,39.0,11.1545454545,9.324,12.9879341495,3.1635,0,0,0,0,0,0,0,0,0,0,0,0
1551390618.07,21,44,21.6666666667,44.6666666667,12.5303030303,17.316,23.8099670748,7.992,0,0,0,0,0,0,0,0,0,0,0,0
L: 0 R: 0 T: 1551390618.14
1551390618.76,19,46,19.6666666667,46.6666666667,14.4424242424,22.977,34.8819835374,5.661,0,0,0,0,0,0,0,0,0,0,0,0
1551390618.85,-1,68,-1.66666666667,68.3333333333,0.178787878788,50.949,68.3899917687,27.972,0,0,0,0,0,0,0,0,0,0,0,0
L: 0 R: 0 T: 1551390618.94
L: 0 R: 0 T: 1551390619.03
1551390619.12,11,55,11.0,55.3333333333,4.84242424243,46.7865,80.9814958843,-4.1625,0,0,0,0,0,0,0,0,0,0,0,0
1551390619.21,20,46,20.0,46.3333333333,11.1545454545,34.299,74.7897479422,-12.4875,0,0,0,0,0,0,0,0,0,0,0,0
1551390619.31,30,36,30.0,36.3333333333,10.4060606061,17.4825,54.8773739711,-16.8165,0,0,0,0,0,0,0,0,0,0,0,0
1551390619.4,36,30,36.0,30.3333333333,9.81818181817,3.33,30.7686869855,-14.1525,0,0,0,0,0,0,0,0,0,0,0,0
1551390619.49,39,27,39.0,27.3333333333,10.1878787879,-5.82749491882,9.55684857395,-9.15749491882,0,0,0,0,0,0,0,0,0,0,0,0
1551390619.59,36,30,36.0,30.3333333333,10.2424242424,-5.82749491882,-1.04907063185,0.0,0,0,0,0,0,0,0,0,0,0,0,0
1551390619.68,34,32,34.0,32.3333333333,10.2303030303,-3.33,-3.85453531592,2.49749491882,0,0,0,0,0,0,0,0,0,0,0,0
1551390619.78,32,33,32.6666666667,33.6666666667,10.2090909091,-0.665994918823,-2.59326257679,2.66400508118,0,0,0,0,0,0,0,0,0,0,0,0
1551390619.87,30,35,31.0,35.3333333333,9.88484848483,2.1645,0.867868711607,2.83049491882,0,0,0,0,0,0,0,0,0,0,0,0
1551390619.96,30,36,30.0,36.3333333333,9.9515151515,4.4955,4.9294343558,2.331,0,0,0,0,0,0,0,0,0,0,0,0
1551390620.06,29,36,29.6666666667,36.6666666667,9.9515151515,6.1605,8.6252171779,1.665,0,0,0,0,0,0,0,0,0,0,0,0
1551390620.15,30,36,30.0,36.3333333333,10.3666666667,6.327,10.639608589,0.1665,0,0,0,0,0,0,0,0,0,0,0,0
1551390620.24,29,36,29.6666666667,36.6666666667,10.4636363636,6.66,11.9798042945,0.333,0,0,0,0,0,0,0,0,0,0,0,0
1551390620.34,29,37,29.0,37.3333333333,10.4333333333,7.659,13.6489021472,0.999,0,0,0,0,0,0,0,0,0,0,0,0
1551390620.43,30,36,30.0,36.3333333333,10.3515151515,6.993,13.8174510736,-0.666,0,0,0,0,0,0,0,0,0,0,0,0
1551390620.53,30,36,30.3333333333,36.0,10.3090909091,6.327,13.2357255368,-0.666,0,0,0,0,0,0,0,0,0,0,0,0
1551390620.62,30,36,30.3333333333,36.0,10.3393939394,5.8275,12.4453627684,-0.4995,0,0,0,0,0,0,0,0,0,0,0,0
1551390620.71,30,35,30.6666666667,35.6666666667,10.1848484848,5.1615,11.3841813842,-0.666,0,0,0,0,0,0,0,0,0,0,0,0
1551390620.81,30,36,30.0,36.3333333333,10.3484848485,5.661,11.3530906921,0.4995,0,0,0,0,0,0,0,0,0,0,0,0
1551390620.9,30,36,30.3333333333,36.0,10.3333333333,5.4945,11.1710453461,-0.1665,0,0,0,0,0,0,0,0,0,0,0,0
1551390620.99,31,35,31.0,35.3333333333,10.3575757576,4.8285,10.414022673,-0.666,0,0,0,0,0,0,0,0,0,0,0,0
1551390621.09,31,34,31.6666666667,34.6666666667,10.3515151515,3.8295,9.03651133651,-0.999,0,0,0,0,0,0,0,0,0,0,0,0
1551390621.18,32,34,32.0,34.3333333333,10.403030303,2.997,7.51525566826,-0.8325,0,0,0,0,0,0,0,0,0,0,0,0
1551390621.28,32,34,32.3333333333,34.0,10.3939393939,2.1645,5.92212783413,-0.8325,0,0,0,0,0,0,0,0,0,0,0,0
1551390621.37,32,34,32.3333333333,34.0,10.4,1.8315,4.79256391706,-0.333,0,0,0,0,0,0,0,0,0,0,0,0
1551390621.46,32,34,32.3333333333,34.0,10.3909090909,1.665,4.06128195853,-0.1665,0,0,0,0,0,0,0,0,0,0,0,0
1551390621.56,32,34,32.3333333333,34.0,10.4151515152,1.665,3.69564097927,0.0,0,0,0,0,0,0,0,0,0,0,0,0
1551390621.65,32,34,32.3333333333,34.0,10.4181818182,1.4985,3.34632048963,-0.1665,0,0,0,0,0,0,0,0,0,0,0,0
1551390621.74,32,34,32.3333333333,34.0,10.4393939394,1.665,3.33816024482,0.1665,0,0,0,0,0,0,0,0,0,0,0,0
L: 0 R: 0 T: 1551390621.82
1551390622.44,32,34,32.3333333333,34.0,10.4454545455,1.665,3.33408012241,0.0,0,0,0,0,0,0,0,0,0,0,0,0
1551390622.53,37,29,37.3333333333,29.0,10.4454545455,-4.32899491882,-2.66195485762,-5.99399491882,0,0,0,0,0,0,0,0,0,0,0,0
1551390622.62,36,30,36.3333333333,30.0,10.4696969697,-5.66099491882,-6.99197234763,-1.332,0,0,0,0,0,0,0,0,0,0,0,0
1551390622.71,35,30,35.6666666667,30.6666666667,10.4696969697,-5.32799491882,-8.82398109264,0.333,0,0,0,0,0,0,0,0,0,0,0,0
1551390622.81,35,31,35.3333333333,31.0,10.5393939394,-4.662,-9.07399054632,0.665994918823,0,0,0,0,0,0,0,0,0,0,0,0
1551390622.9,34,31,34.6666666667,31.6666666667,10.4666666667,-3.82949491882,-8.36649019198,0.832505081177,0,0,0,0,0,0,0,0,0,0,0,0
1551390622.99,34,32,34.3333333333,32.0,10.5393939394,-2.997,-7.18024509599,0.832494918823,0,0,0,0,0,0,0,0,0,0,0,0
1551390623.09,34,32,34.0,32.3333333333,10.5878787879,-1.998,-5.588122548,0.999,0,0,0,0,0,0,0,0,0,0,0,0
1551390623.18,33,32,33.6666666667,32.6666666667,10.6181818182,-1.332,-4.126061274,0.666,0,0,0,0,0,0,0,0,0,0,0,0
1551390623.28,33,33,33.0,33.3333333333,10.6575757576,-0.4995,-2.562530637,0.8325,0,0,0,0,0,0,0,0,0,0,0,0
1551390623.37,33,33,33.0,33.3333333333,10.6181818182,0.166505081177,-1.11476023732,0.666005081177,0,0,0,0,0,0,0,0,0,0,0,0
1551390623.46,33,33,33.0,33.3333333333,10.7454545455,0.1665,-0.390880118661,-5.08117675782e-06,0,0,0,0,0,0,0,0,0,0,0,0
1551390623.61,33,33,33.0,33.3333333333,10.8212121212,0.1665,-0.0289400593307,0.0,0,0,0,0,0,0,0,0,0,0,0,0
1551390623.71,31,35,31.0,35.3333333333,11.1878787879,2.4975,2.48302997033,2.331,0,0,0,0,0,0,0,0,0,0,0,0
1551390623.81,29,36,29.6666666667,36.6666666667,11.3787878788,5.328,6.56951498517,2.8305,0,0,0,0,0,0,0,0,0,0,0,0
1551390623.9,27,39,27.0,39.3333333333,11.3848484848,9.324,12.6087574926,3.996,0,0,0,0,0,0,0,0,0,0,0,0
1551390623.99,26,40,26.0,40.3333333333,11.3818181818,12.321,18.6253787463,2.997,0,0,0,0,0,0,0,0,0,0,0,0
1551390624.09,24,41,25.0,41.3333333333,11.3939393939,14.4855,23.7981893731,2.1645,0,0,0,0,0,0,0,0,0,0,0,0
1551390624.18,24,41,24.6666666667,41.6666666667,11.3151515152,15.8175,27.7165946866,1.332,0,0,0,0,0,0,0,0,0,0,0,0
1551390624.28,25,41,25.0,41.3333333333,11.2787878788,15.8175,29.6757973433,0.0,0,0,0,0,0,0,0,0,0,0,0,0
1551390624.42,24,41,25.0,41.3333333333,11.2303030303,16.1505,30.9883986716,0.333,0,0,0,0,0,0,0,0,0,0,0,0
1551390624.46,25,40,25.6666666667,40.6666666667,11.1121212121,15.4845,30.9786993358,-0.666,0,0,0,0,0,0,0,0,0,0,0,0
1551390624.49,25,40,25.6666666667,40.6666666667,11.0818181818,15.1515,30.6408496679,-0.333,0,0,0,0,0,0,0,0,0,0,0,0
1551390624.64,26,40,26.3333333333,40.0,11.0181818182,13.986,29.306424834,-1.1655,0,0,0,0,0,0,0,0,0,0,0,0
1551390624.73,27,39,27.0,39.3333333333,11.9848484848,12.8205,27.473712417,-1.1655,0,0,0,0,0,0,0,0,0,0,0,0
1551390624.82,25,40,25.6666666667,40.6666666667,12.7,13.8195,27.5563562085,0.999,0,0,0,0,0,0,0,0,0,0,0,0
1551390624.91,25,41,25.3333333333,41.0,13.396969697,14.652,28.4301781042,0.8325,0,0,0,0,0,0,0,0,0,0,0,0
1551390625.0,21,44,21.6666666667,44.6666666667,13.0727272727,19.4805,33.6955890521,4.8285,0,0,0,0,0,0,0,0,0,0,0,0
1551390625.09,20,46,20.3333333333,46.0,12.9060606061,23.1435,39.9912945261,3.663,0,0,0,0,0,0,0,0,0,0,0,0
1551390625.18,19,46,19.6666666667,46.6666666667,12.6636363636,25.308,45.303647263,2.1645,0,0,0,0,0,0,0,0,0,0,0,0
1551390625.28,20,45,20.6666666667,45.6666666667,12.3515151515,24.8085,47.4603236315,-0.4995,0,0,0,0,0,0,0,0,0,0,0,0
1551390625.37,22,44,22.3333333333,44.0,12.0818181818,22.8105,46.5406618158,-1.998,0,0,0,0,0,0,0,0,0,0,0,0
L: 0 R: 0 T: 1551390625.44
1551390626.06,23,42,23.6666666667,42.6666666667,11.8212121212,20.313,43.5833309079,-2.4975,0,0,0,0,0,0,0,0,0,0,0,0
1551390626.15,13,53,13.3333333333,53.0,11.2666666667,31.635,53.4266654539,11.322,0,0,0,0,0,0,0,0,0,0,0,0
1551390626.24,17,49,17.3333333333,49.0,9.87575757577,31.302,58.015332727,-0.333,0,0,0,0,0,0,0,0,0,0,0,0
1551390626.34,21,45,21.0,45.3333333333,8.5303030303,26.973,55.9806663635,-4.329,0,0,0,0,0,0,0,0,0,0,0,0
1551390626.43,23,43,23.0,43.3333333333,8.3090909091,22.8105,50.8008331817,-4.1625,0,0,0,0,0,0,0,0,0,0,0,0
1551390626.53,24,42,24.0,42.3333333333,10.0727272727,19.9800050812,45.380421672,-2.83049491882,0,0,0,0,0,0,0,0,0,0,0,0
1551390626.62,24,41,24.6666666667,41.6666666667,9.54242424243,17.982,40.672210836,-1.99800508118,0,0,0,0,0,0,0,0,0,0,0,0
1551390626.71,26,40,26.0,40.3333333333,9.1696969697,15.651,35.987105418,-2.331,0,0,0,0,0,0,0,0,0,0,0,0
1551390626.81,27,39,27.3333333333,39.0,9.6393939394,12.987,30.980552709,-2.664,0,0,0,0,0,0,0,0,0,0,0,0
1551390626.9,28,38,28.0,38.3333333333,8.64545454547,11.322,26.8122763545,-1.665,0,0,0,0,0,0,0,0,0,0,0,0
1551390626.99,28,37,28.6666666667,37.6666666667,5.7606060606,9.99,23.3961381773,-1.332,0,0,0,0,0,0,0,0,0,0,0,0
1551390627.09,29,37,29.0,37.3333333333,7.95757575757,8.991,20.6890690886,-0.999,0,0,0,0,0,0,0,0,0,0,0,0
1551390627.18,30,36,30.0,36.3333333333,7.20606060607,7.4925,17.8370345443,-1.4985,0,0,0,0,0,0,0,0,0,0,0,0
1551390627.28,28,38,28.0,38.3333333333,8.69696969697,8.991,17.9095172722,1.4985,0,0,0,0,0,0,0,0,0,0,0,0
1551390627.37,27,39,27.3333333333,39.0,10.7,10.656,19.6107586361,1.665,0,0,0,0,0,0,0,0,0,0,0,0
1551390627.46,23,42,23.6666666667,42.6666666667,9.52727272727,15.6510050812,25.4563843992,4.99500508118,0,0,0,0,0,0,0,0,0,0,0,0
1551390627.56,22,44,22.3333333333,44.0,10.6121212121,19.1475050812,31.8756972808,3.4965,0,0,0,0,0,0,0,0,0,0,0,0
1551390627.65,22,43,22.6666666667,43.6666666667,10.103030303,20.1465025406,36.084351181,0.998997459412,0,0,0,0,0,0,0,0,0,0,0,0
1551390627.74,22,43,22.6666666667,43.6666666667,10.2272727273,20.646,38.6881755905,0.499497459412,0,0,0,0,0,0,0,0,0,0,0,0
1551390627.84,23,43,23.3333333333,43.0,9.47575757577,19.8135050812,39.1575928764,-0.832494918823,0,0,0,0,0,0,0,0,0,0,0,0
1551390627.93,24,42,24.0,42.3333333333,9.1484848485,18.648,38.2267964382,-1.16550508118,0,0,0,0,0,0,0,0,0,0,0,0
1551390628.03,24,41,24.6666666667,41.6666666667,9.5696969697,17.316,36.4293982191,-1.332,0,0,0,0,0,0,0,0,0,0,0,0
1551390628.12,25,41,25.3333333333,41.0,9.0515151515,16.317,34.5316991096,-0.999,0,0,0,0,0,0,0,0,0,0,0,0
1551390628.21,25,41,25.0,41.3333333333,10.1515151515,16.1505,33.4163495548,-0.1665,0,0,0,0,0,0,0,0,0,0,0,0
1551390628.31,24,42,24.3333333333,42.0,10.5515151515,16.983,33.6911747774,0.8325,0,0,0,0,0,0,0,0,0,0,0,0
1551390628.4,23,42,23.6666666667,42.6666666667,13.3454545455,17.982,34.8275873887,0.999,0,0,0,0,0,0,0,0,0,0,0,0
1551390628.49,22,44,22.0,44.3333333333,13.2303030303,20.4795,37.8932936943,2.4975,0,0,0,0,0,0,0,0,0,0,0,0
1551390628.59,21,45,21.0,45.3333333333,11.7060606061,22.4775,41.4241468472,1.998,0,0,0,0,0,0,0,0,0,0,0,0
1551390628.68,18,47,18.6666666667,47.6666666667,12.2606060606,26.307,47.0190734236,3.8295,0,0,0,0,0,0,0,0,0,0,0,0
1551390628.77,20,46,20.0,46.3333333333,12.1545454545,26.3070050812,49.816541793,5.08117675579e-06,0,0,0,0,0,0,0,0,0,0,0,0
1551390628.87,21,44,21.6666666667,44.6666666667,11.8666666667,24.1425,49.0507708965,-2.16450508118,0,0,0,0,0,0,0,0,0,0,0,0
1551390628.96,23,43,23.0,43.3333333333,11.5757575758,21.645,46.1703854482,-2.4975,0,0,0,0,0,0,0,0,0,0,0,0
1551390629.06,24,42,24.3333333333,42.0,11.4848484848,19.1475050812,42.2326978053,-2.49749491882,0,0,0,0,0,0,0,0,0,0,0,0
L: 0 R: 0 T: 1551390629.13
1551390629.75,24,42,24.3333333333,42.0,11.3909090909,17.982,39.0983489026,-1.16550508118,0,0,0,0,0,0,0,0,0,0,0,0
1551390629.84,27,38,27.6666666667,38.6666666667,9.09696969697,13.4865,33.0356744513,-4.4955,0,0,0,0,0,0,0,0,0,0,0,0
1551390629.93,27,39,27.0,39.3333333333,11.196969697,12.8205,29.3383372257,-0.666,0,0,0,0,0,0,0,0,0,0,0,0
1551390630.02,26,39,26.6666666667,39.6666666667,7.32727272727,12.987,27.6561686128,0.1665,0,0,0,0,0,0,0,0,0,0,0,0
1551390630.12,26,40,26.3333333333,40.0,7.5606060606,13.32,27.1480843064,0.333,0,0,0,0,0,0,0,0,0,0,0,0
1551390630.21,26,39,26.6666666667,39.6666666667,6.9787878788,13.1535,26.7275421532,-0.1665,0,0,0,0,0,0,0,0,0,0,0,0
1551390630.31,28,38,28.0,38.3333333333,6.28787878787,11.322,24.6857710766,-1.8315,0,0,0,0,0,0,0,0,0,0,0,0
1551390630.4,28,38,28.0,38.3333333333,5.3606060606,10.656,22.9988855383,-0.666,0,0,0,0,0,0,0,0,0,0,0,0
1551390630.49,28,38,28.3333333333,38.0,7.01515151517,9.99,21.4894427692,-0.666,0,0,0,0,0,0,0,0,0,0,0,0
1551390630.59,29,37,29.3333333333,37.0,7.7606060606,8.4915,19.2362213846,-1.4985,0,0,0,0,0,0,0,0,0,0,0,0
1551390630.68,30,36,30.0,36.3333333333,9.3090909091,7.326,16.9441106923,-1.1655,0,0,0,0,0,0,0,0,0,0,0,0
1551390630.83,30,35,31.0,35.3333333333,10.8060606061,5.4945,13.9665553461,-1.8315,0,0,0,0,0,0,0,0,0,0,0,0
1551390630.92,33,33,33.0,33.3333333333,10.8757575758,2.4975,9.48077767307,-2.997,0,0,0,0,0,0,0,0,0,0,0,0
1551390630.96,34,31,34.6666666667,31.6666666667,11.2181818182,-0.666,4.07438883654,-3.1635,0,0,0,0,0,0,0,0,0,0,0,0
1551390631.05,37,29,37.0,29.3333333333,11.9424242424,-4.8285,-2.79130558173,-4.1625,0,0,0,0,0,0,0,0,0,0,0,0
1551390631.19,38,28,38.0,28.3333333333,12.9727272727,-7.8255,-9.22115279087,-2.997,0,0,0,0,0,0,0,0,0,0,0,0
1551390631.28,42,23,42.6666666667,23.6666666667,13.0151515152,-14.319,-18.9295763954,-6.4935,0,0,0,0,0,0,0,0,0,0,0,0
1551390631.37,44,22,44.3333333333,22.0,12.8151515152,-19.1474898376,-28.6122780354,-4.82848983765,0,0,0,0,0,0,0,0,0,0,0,0
1551390631.46,45,21,45.3333333333,21.0,12.4363636364,-22.311,-36.6171390177,-3.16351016235,0,0,0,0,0,0,0,0,0,0,0,0
1551390631.56,45,20,45.6666666667,20.6666666667,12.0,-23.643,-41.9515695088,-1.332,0,0,0,0,0,0,0,0,0,0,0,0
1551390631.65,45,20,45.6666666667,20.6666666667,11.7878787879,-24.1425,-45.1182847544,-0.4995,0,0,0,0,0,0,0,0,0,0,0,0
1551390631.75,45,21,45.3333333333,21.0,11.5424242424,-24.1425,-46.7016423772,0.0,0,0,0,0,0,0,0,0,0,0,0,0
1551390631.84,46,20,46.0,20.3333333333,11.8393939394,-24.8085,-48.1593211886,-0.666,0,0,0,0,0,0,0,0,0,0,0,0
1551390631.93,45,21,45.3333333333,21.0,12.5454545455,-24.4755,-48.5551605943,0.333,0,0,0,0,0,0,0,0,0,0,0,0
1551390632.03,43,22,43.6666666667,22.6666666667,13.2484848485,-22.311,-46.5885802972,2.1645,0,0,0,0,0,0,0,0,0,0,0,0
1551390632.12,41,24,41.6666666667,24.6666666667,13.1757575758,-18.981,-42.2752901486,3.33,0,0,0,0,0,0,0,0,0,0,0,0
1551390632.21,44,22,44.0,22.3333333333,12.8333333333,-20.313,-41.4506450743,-1.332,0,0,0,0,0,0,0,0,0,0,0,0
1551390632.31,44,22,44.0,22.3333333333,12.4121212121,-21.1455,-41.8708225371,-0.8325,0,0,0,0,0,0,0,0,0,0,0,0
1551390632.4,43,23,43.3333333333,23.0,12.5393939394,-20.646,-41.5814112686,0.4995,0,0,0,0,0,0,0,0,0,0,0,0
1551390632.49,43,22,43.6666666667,22.6666666667,12.3818181818,-20.646,-41.4367056343,0.0,0,0,0,0,0,0,0,0,0,0,0,0
1551390632.59,43,23,43.0,23.3333333333,12.3212121212,-19.98,-40.6983528171,0.666,0,0,0,0,0,0,0,0,0,0,0,0
1551390632.68,43,22,43.6666666667,22.6666666667,11.7393939394,-20.4795,-40.8286764086,-0.4995,0,0,0,0,0,0,0,0,0,0,0,0
L: 0 R: 0 T: 1551390632.75
1551390633.38,43,23,43.0,23.3333333333,11.4787878788,-19.9799898376,-40.3943280419,0.499510162354,0,0,0,0,0,0,0,0,0,0,0,0
1551390633.47,21,45,21.0,45.3333333333,10.3636363636,6.8265,-13.370664021,26.8064898376,0,0,0,0,0,0,0,0,0,0,0,0
1551390633.57,23,43,23.3333333333,43.0,10.7848484848,14.4855,7.80016798952,7.659,0,0,0,0,0,0,0,0,0,0,0,0
1551390633.66,24,41,24.6666666667,41.6666666667,10.9606060606,15.8175,19.7175839948,1.332,0,0,0,0,0,0,0,0,0,0,0,0
1551390633.75,27,38,28.0,38.3333333333,10.8818181818,12.321,22.1797919974,-3.4965,0,0,0,0,0,0,0,0,0,0,0,0
1551390633.84,28,38,28.3333333333,38.0,10.8181818182,10.8225,21.9123959987,-1.4985,0,0,0,0,0,0,0,0,0,0,0,0
1551390633.93,29,37,29.0,37.3333333333,10.796969697,9.324,20.2801979993,-1.4985,0,0,0,0,0,0,0,0,0,0,0,0
1551390634.03,29,37,29.0,37.3333333333,10.7757575758,8.4915,18.6315989997,-0.8325,0,0,0,0,0,0,0,0,0,0,0,0
1551390634.12,29,37,29.3333333333,37.0,10.7303030303,7.8255,17.1412994998,-0.666,0,0,0,0,0,0,0,0,0,0,0,0
1551390634.21,29,36,29.6666666667,36.6666666667,10.7606060606,7.326,15.8966497499,-0.4995,0,0,0,0,0,0,0,0,0,0,0,0
1551390634.31,29,36,29.6666666667,36.6666666667,11.2515151515,6.993,14.941324875,-0.333,0,0,0,0,0,0,0,0,0,0,0,0
1551390634.4,28,38,28.0,38.3333333333,11.8909090909,8.8245,16.2951624375,1.8315,0,0,0,0,0,0,0,0,0,0,0,0
1551390634.49,27,39,27.3333333333,39.0,12.2,10.4895,18.6370812187,1.665,0,0,0,0,0,0,0,0,0,0,0,0
1551390634.59,25,41,25.3333333333,41.0,12.2060606061,13.32,22.6385406094,2.8305,0,0,0,0,0,0,0,0,0,0,0,0
1551390634.68,23,42,23.6666666667,42.6666666667,12.0606060606,16.65,27.9692703047,3.33,0,0,0,0,0,0,0,0,0,0,0,0
1551390634.78,22,43,22.6666666667,43.6666666667,11.8181818182,18.981,32.9656351523,2.331,0,0,0,0,0,0,0,0,0,0,0,0
1551390634.87,23,43,23.0,43.3333333333,11.3242424242,19.8135,36.2963175762,0.8325,0,0,0,0,0,0,0,0,0,0,0,0
1551390634.96,20,45,20.6666666667,45.6666666667,11.8121212121,22.8105,40.9586587881,2.997,0,0,0,0,0,0,0,0,0,0,0,0
1551390635.06,20,46,20.0,46.3333333333,12.6424242424,24.642,45.121329394,1.8315,0,0,0,0,0,0,0,0,0,0,0,0
1551390635.15,20,46,20.0,46.3333333333,13.5848484848,25.308,47.868664697,0.666,0,0,0,0,0,0,0,0,0,0,0,0
1551390635.25,20,46,20.0,46.3333333333,13.403030303,25.641,49.5753323485,0.333,0,0,0,0,0,0,0,0,0,0,0,0
1551390635.34,19,47,19.3333333333,47.0,12.9151515152,26.4735,51.2611661743,0.8325,0,0,0,0,0,0,0,0,0,0,0,0
1551390635.43,20,46,20.0,46.3333333333,12.4515151515,26.1405,51.7710830871,-0.333,0,0,0,0,0,0,0,0,0,0,0,0
1551390635.53,21,45,21.3333333333,45.0,10.3060606061,24.4755,50.3610415436,-1.665,0,0,0,0,0,0,0,0,0,0,0,0
1551390635.62,21,45,21.3333333333,45.0,9.3212121212,23.643,48.8235207718,-0.8325,0,0,0,0,0,0,0,0,0,0,0,0
1551390635.71,20,46,20.3333333333,46.0,9.78181818183,24.8085,49.2202603859,1.1655,0,0,0,0,0,0,0,0,0,0,0,0
1551390635.81,20,45,20.6666666667,45.6666666667,9.9,24.8085,49.4186301929,0.0,0,0,0,0,0,0,0,0,0,0,0,0
1551390635.9,21,44,21.6666666667,44.6666666667,14.2303030303,23.643,48.3523150965,-1.1655,0,0,0,0,0,0,0,0,0,0,0,0
1551390635.99,20,46,20.3333333333,46.0,13.596969697,24.8085,48.9846575482,1.1655,0,0,0,0,0,0,0,0,0,0,0,0
1551390636.09,18,47,18.6666666667,47.6666666667,13.0575757576,27.1395,51.6318287741,2.331,0,0,0,0,0,0,0,0,0,0,0,0
1551390636.18,17,49,17.3333333333,49.0,12.9,29.4705,55.2864143871,2.331,0,0,0,0,0,0,0,0,0,0,0,0
1551390636.28,17,48,17.6666666667,48.6666666667,13.3272727273,30.1365,57.7797071935,0.666,0,0,0,0,0,0,0,0,0,0,0,0
1551390636.37,19,47,19.0,47.3333333333,13.496969697,28.971,57.8608535968,-1.1655,0,0,0,0,0,0,0,0,0,0,0,0
L: 0 R: 0 T: 1551390636.44
1551390637.07,20,46,20.3333333333,46.0,13.5757575758,26.8065,55.7369267984,-2.1645,0,0,0,0,0,0,0,0,0,0,0,0
1551390637.16,1,65,1.0,65.3333333333,0.927272727273,49.1175,76.9859633992,22.311,0,0,0,0,0,0,0,0,0,0,0,0
L: 0 R: 0 T: 1551390637.24
1551390637.34,6,59,7.0,59.3333333333,0.627272727273,50.616,89.1089816996,1.4985,0,0,0,0,0,0,0,0,0,0,0,0
1551390637.43,13,53,13.3333333333,53.0,9.4212121212,43.7895012703,88.3439921201,-6.82649872971,0,0,0,0,0,0,0,0,0,0,0,0
1551390637.53,22,43,22.6666666667,43.6666666667,11.2515151515,29.8035025406,73.9754986006,-13.9859987297,0,0,0,0,0,0,0,0,0,0,0,0
1551390637.62,26,39,26.6666666667,39.6666666667,11.0696969697,19.314,56.3017493003,-10.4895025406,0,0,0,0,0,0,0,0,0,0,0,0
1551390637.77,27,38,27.6666666667,38.6666666667,11.0727272727,13.986,42.1368746502,-5.328,0,0,0,0,0,0,0,0,0,0,0,0
1551390637.86,27,38,27.6666666667,38.6666666667,11.0181818182,11.988,33.0564373251,-1.998,0,0,0,0,0,0,0,0,0,0,0,0
1551390637.89,27,39,27.3333333333,39.0,10.9272727273,11.8215,28.3497186625,-0.1665,0,0,0,0,0,0,0,0,0,0,0,0
1551390638.04,27,39,27.3333333333,39.0,10.9060606061,11.655,25.8298593313,-0.1665,0,0,0,0,0,0,0,0,0,0,0,0
1551390638.13,28,38,28.3333333333,38.0,10.8,10.4895,23.4044296656,-1.1655,0,0,0,0,0,0,0,0,0,0,0,0
1551390638.22,28,37,28.6666666667,37.6666666667,10.6848484848,9.324,21.0262148328,-1.1655,0,0,0,0,0,0,0,0,0,0,0,0
1551390638.31,29,37,29.3333333333,37.0,10.6424242424,8.325,18.8381074164,-0.999,0,0,0,0,0,0,0,0,0,0,0,0
1551390638.4,30,36,30.0,36.3333333333,10.6,6.993,16.4120537082,-1.332,0,0,0,0,0,0,0,0,0,0,0,0
1551390638.49,31,35,31.0,35.3333333333,10.5515151515,5.328,13.5340268541,-1.665,0,0,0,0,0,0,0,0,0,0,0,0
1551390638.59,31,34,31.6666666667,34.6666666667,10.4757575758,3.996,10.7630134271,-1.332,0,0,0,0,0,0,0,0,0,0,0,0
1551390638.68,32,34,32.0,34.3333333333,10.4939393939,2.997,8.37850671353,-0.999,0,0,0,0,0,0,0,0,0,0,0,0
1551390638.77,32,34,32.3333333333,34.0,10.5757575758,1.998,6.18725335676,-0.999,0,0,0,0,0,0,0,0,0,0,0,0
1551390638.87,32,33,32.6666666667,33.6666666667,10.5,1.332,4.42562667838,-0.666,0,0,0,0,0,0,0,0,0,0,0,0
1551390638.96,32,33,32.6666666667,33.6666666667,10.5818181818,0.999,3.21181333919,-0.333,0,0,0,0,0,0,0,0,0,0,0,0
1551390639.05,32,33,32.6666666667,33.6666666667,10.5303030303,0.999005081177,2.60491175077,5.08117675779e-06,0,0,0,0,0,0,0,0,0,0,0,0
1551390639.15,33,33,33.0,33.3333333333,10.5060606061,0.666005081177,1.96846095656,-0.333,0,0,0,0,0,0,0,0,0,0,0,0
1551390639.24,33,33,33.0,33.3333333333,10.5484848485,0.499505081177,1.48373555946,-0.1665,0,0,0,0,0,0,0,0,0,0,0,0
1551390639.34,33,33,33.0,33.3333333333,10.5727272727,0.4995,1.24136777973,-5.08117675779e-06,0,0,0,0,0,0,0,0,0,0,0,0
1551390639.43,32,33,32.6666666667,33.6666666667,10.5878787879,0.666,1.28668388986,0.1665,0,0,0,0,0,0,0,0,0,0,0,0
1551390639.52,32,33,32.6666666667,33.6666666667,10.6060606061,0.666,1.30934194493,0.0,0,0,0,0,0,0,0,0,0,0,0,0
1551390639.62,32,33,32.6666666667,33.6666666667,10.6303030303,0.666,1.32067097247,0.0,0,0,0,0,0,0,0,0,0,0,0,0
1551390639.71,33,33,33.0,33.3333333333,10.6393939394,0.4995,1.15983548623,-0.1665,0,0,0,0,0,0,0,0,0,0,0,0
1551390639.8,33,33,33.3333333333,33.0,10.6060606061,0.0,0.579917743117,-0.4995,0,0,0,0,0,0,0,0,0,0,0,0
1551390639.9,33,32,33.6666666667,32.6666666667,10.5757575758,-0.666,-0.376041128442,-0.666,0,0,0,0,0,0,0,0,0,0,0,0
1551390639.99,33,32,33.6666666667,32.6666666667,10.5636363636,-0.999,-1.18702056422,-0.333,0,0,0,0,0,0,0,0,0,0,0,0
L: 0 R: 0 T: 1551390640.07
1551390640.69,34,32,34.0,32.3333333333,10.4848484848,-1.49849491882,-2.09200520093,-0.499494918823,0,0,0,0,0,0,0,0,0,0,0,0
1551390640.78,34,31,34.6666666667,31.6666666667,10.4,-2.49749491882,-3.54349751929,-0.999,0,0,0,0,0,0,0,0,0,0,0,0
1551390640.87,34,32,34.3333333333,32.0,10.4212121212,-2.33099491882,-4.10274367847,0.1665,0,0,0,0,0,0,0,0,0,0,0,0
1551390640.96,34,32,34.3333333333,32.0,10.4424242424,-2.16449491882,-4.21586675806,0.1665,0,0,0,0,0,0,0,0,0,0,0,0
1551390641.06,34,32,34.0,32.3333333333,10.4454545455,-1.66499491882,-3.77292829785,0.4995,0,0,0,0,0,0,0,0,0,0,0,0
1551390641.15,33,32,33.6666666667,32.6666666667,10.5242424242,-1.16549491882,-3.05195906775,0.4995,0,0,0,0,0,0,0,0,0,0,0,0
1551390641.24,33,33,33.3333333333,33.0,10.4818181818,-0.665994918823,-2.1919744527,0.4995,0,0,0,0,0,0,0,0,0,0,0,0
1551390641.34,33,33,33.3333333333,33.0,10.4757575758,-0.332994918823,-1.42898214517,0.333,0,0,0,0,0,0,0,0,0,0,0,0
1551390641.43,33,33,33.3333333333,33.0,10.4575757576,-0.332994918823,-1.04748599141,0.0,0,0,0,0,0,0,0,0,0,0,0,0
1551390641.52,33,32,33.6666666667,32.6666666667,10.4424242424,-0.832494918823,-1.35623791453,-0.4995,0,0,0,0,0,0,0,0,0,0,0,0
1551390641.62,34,32,34.0,32.3333333333,10.4515151515,-1.33199491882,-2.01011387609,-0.4995,0,0,0,0,0,0,0,0,0,0,0,0
1551390641.71,34,32,34.0,32.3333333333,10.4787878788,-1.49849491882,-2.50355185687,-0.1665,0,0,0,0,0,0,0,0,0,0,0,0
1551390641.8,34,32,34.0,32.3333333333,10.5636363636,-1.665,-2.91677592843,-0.166505081177,0,0,0,0,0,0,0,0,0,0,0,0
1551390641.9,34,32,34.0,32.3333333333,10.6060606061,-1.665,-3.12338796422,0.0,0,0,0,0,0,0,0,0,0,0,0,0
1551390641.99,34,32,34.0,32.3333333333,10.6333333333,-1.4985,-3.06019398211,0.1665,0,0,0,0,0,0,0,0,0,0,0,0
1551390642.09,34,32,34.0,32.3333333333,10.6787878788,-1.665,-3.19509699105,-0.1665,0,0,0,0,0,0,0,0,0,0,0,0
1551390642.18,34,32,34.0,32.3333333333,10.6878787879,-1.8315,-3.42904849553,-0.1665,0,0,0,0,0,0,0,0,0,0,0,0
1551390642.28,34,32,34.0,32.3333333333,10.6939393939,-1.8315,-3.54602424776,0.0,0,0,0,0,0,0,0,0,0,0,0,0
1551390642.37,34,32,34.0,32.3333333333,10.696969697,-1.665,-3.43801212388,0.1665,0,0,0,0,0,0,0,0,0,0,0,0
1551390642.46,34,32,34.0,32.3333333333,11.1545454545,-1.49849491882,-3.21750098076,0.166505081177,0,0,0,0,0,0,0,0,0,0,0,0
1551390642.56,32,34,32.3333333333,34.0,11.1484848485,0.333,-1.27575049038,1.83149491882,0,0,0,0,0,0,0,0,0,0,0,0
1551390642.65,30,35,30.6666666667,35.6666666667,11.1333333333,3.1635,2.52562475481,2.8305,0,0,0,0,0,0,0,0,0,0,0,0
1551390642.74,28,38,28.3333333333,38.0,11.2151515152,6.993,8.2558123774,3.8295,0,0,0,0,0,0,0,0,0,0,0,0
1551390642.84,26,39,27.0,39.3333333333,11.1909090909,9.99,14.1179061887,2.997,0,0,0,0,0,0,0,0,0,0,0,0
1551390642.93,24,42,24.3333333333,42.0,11.5121212121,14.652,21.7109530944,4.662,0,0,0,0,0,0,0,0,0,0,0,0
1551390643.03,21,44,22.0,44.3333333333,12.9727272727,19.314,30.1694765472,4.662,0,0,0,0,0,0,0,0,0,0,0,0
1551390643.12,21,45,21.0,45.3333333333,14.4818181818,22.1445,37.2292382736,2.8305,0,0,0,0,0,0,0,0,0,0,0,0
1551390643.21,19,47,19.0,47.3333333333,14.6454545455,25.641,44.2556191368,3.4965,0,0,0,0,0,0,0,0,0,0,0,0
1551390643.3,14,52,14.3333333333,52.0,14.3606060606,32.8005,54.9283095684,7.1595,0,0,0,0,0,0,0,0,0,0,0,0
1551390643.4,15,51,15.3333333333,51.0,14.7939393939,34.4655,61.9296547842,1.665,0,0,0,0,0,0,0,0,0,0,0,0
1551390643.49,16,50,16.0,50.3333333333,15.9393939394,34.1325,65.0973273921,-0.333,0,0,0,0,0,0,0,0,0,0,0,0
1551390643.59,17,49,17.0,49.3333333333,16.7727272727,32.967,65.515663696,-1.1655,0,0,0,0,0,0,0,0,0,0,0,0
1551390643.68,17,49,17.3333333333,49.0,16.0,31.9680025406,64.7258343886,-0.998997459412,0,0,0,0,0,0,0,0,0,0,0,0
L: 0 R: 0 T: 1551390643.75
1551390644.38,14,52,14.0,52.3333333333,14.4818181818,35.6310025406,67.9939197349,3.663,0,0,0,0,0,0,0,0,0,0,0,0
1551390644.46,22,43,22.6666666667,43.6666666667,10.9393939394,26.4735,60.4704598674,-9.15750254059,0,0,0,0,0,0,0,0,0,0,0,0
1551390644.56,25,41,25.0,41.3333333333,10.6272727273,20.1465,50.3817299337,-6.327,0,0,0,0,0,0,0,0,0,0,0,0
1551390644.65,27,39,27.3333333333,39.0,10.3545454545,14.985,40.1758649669,-5.1615,0,0,0,0,0,0,0,0,0,0,0,0
1551390644.74,27,38,27.6666666667,38.6666666667,10.1636363636,12.321,32.4089324834,-2.664,0,0,0,0,0,0,0,0,0,0,0,0
1551390644.84,28,38,28.0,38.3333333333,10.1939393939,11.1555,27.3599662417,-1.1655,0,0,0,0,0,0,0,0,0,0,0,0
1551390644.93,29,37,29.3333333333,37.0,10.3939393939,8.991,22.6709831209,-2.1645,0,0,0,0,0,0,0,0,0,0,0,0
1551390645.08,29,36,29.6666666667,36.6666666667,10.2787878788,7.659,18.9944915604,-1.332,0,0,0,0,0,0,0,0,0,0,0,0
1551390645.17,30,36,30.3333333333,36.0,10.3696969697,6.4935,15.9907457802,-1.1655,0,0,0,0,0,0,0,0,0,0,0,0
1551390645.21,30,36,30.3333333333,36.0,10.3333333333,5.8275,13.8228728901,-0.666,0,0,0,0,0,0,0,0,0,0,0,0
1551390645.3,30,35,30.6666666667,35.6666666667,10.2515151515,5.1615,12.0729364451,-0.666,0,0,0,0,0,0,0,0,0,0,0,0
1551390645.45,31,35,31.0,35.3333333333,10.2848484848,4.4955,10.5319682225,-0.666,0,0,0,0,0,0,0,0,0,0,0,0
1551390645.49,32,34,32.0,34.3333333333,10.2303030303,2.997,8.26298411126,-1.4985,0,0,0,0,0,0,0,0,0,0,0,0
1551390645.52,32,34,32.0,34.3333333333,10.2454545455,2.4975,6.62899205563,-0.4995,0,0,0,0,0,0,0,0,0,0,0,0
1551390645.61,32,34,32.3333333333,34.0,10.2575757576,1.8315,5.14599602782,-0.666,0,0,0,0,0,0,0,0,0,0,0,0
1551390645.71,32,33,32.6666666667,33.6666666667,10.2757575758,1.16550508118,3.73850309508,-0.665994918823,0,0,0,0,0,0,0,0,0,0,0,0
1551390645.86,33,33,33.0,33.3333333333,10.3333333333,0.832505081177,2.70175662872,-0.333,0,0,0,0,0,0,0,0,0,0,0,0
1551390646.01,33,32,33.6666666667,32.6666666667,10.4,-0.166494918823,1.18438339554,-0.999,0,0,0,0,0,0,0,0,0,0,0,0
1551390646.1,33,32,33.6666666667,32.6666666667,10.3878787879,-0.499494918823,0.0926967789449,-0.333,0,0,0,0,0,0,0,0,0,0,0,0
1551390646.19,33,32,33.6666666667,32.6666666667,10.403030303,-0.665994918823,-0.619646529351,-0.1665,0,0,0,0,0,0,0,0,0,0,0,0
1551390646.27,33,32,33.6666666667,32.6666666667,10.3515151515,-0.666,-0.975823264675,-5.08117675779e-06,0,0,0,0,0,0,0,0,0,0,0,0
1551390646.37,33,32,33.6666666667,32.6666666667,10.4121212121,-0.832494918823,-1.32040655116,-0.166494918823,0,0,0,0,0,0,0,0,0,0,0,0
1551390646.46,34,32,34.0,32.3333333333,10.4121212121,-1.16549491882,-1.8256981944,-0.333,0,0,0,0,0,0,0,0,0,0,0,0
1551390646.55,34,32,34.0,32.3333333333,10.4212121212,-1.33199491882,-2.24484401603,-0.1665,0,0,0,0,0,0,0,0,0,0,0,0
1551390646.65,34,32,34.0,32.3333333333,10.4363636364,-1.49849491882,-2.62091692684,-0.1665,0,0,0,0,0,0,0,0,0,0,0,0
1551390646.74,34,32,34.0,32.3333333333,10.4060606061,-1.66499491882,-2.97545338224,-0.1665,0,0,0,0,0,0,0,0,0,0,0,0
1551390646.83,34,32,34.0,32.3333333333,10.4272727273,-1.66499491882,-3.15272160994,0.0,0,0,0,0,0,0,0,0,0,0,0,0
1551390646.93,33,32,33.6666666667,32.6666666667,10.4181818182,-1.16549491882,-2.7418557238,0.4995,0,0,0,0,0,0,0,0,0,0,0,0
1551390647.02,33,32,33.6666666667,32.6666666667,10.4272727273,-0.998994918823,-2.36992278072,0.1665,0,0,0,0,0,0,0,0,0,0,0,0
1551390647.12,33,32,33.6666666667,32.6666666667,10.4303030303,-0.832494918823,-2.01745630918,0.1665,0,0,0,0,0,0,0,0,0,0,0,0
1551390647.21,33,33,33.3333333333,33.0,10.4393939394,-0.665994918823,-1.67472307342,0.1665,0,0,0,0,0,0,0,0,0,0,0,0
1551390647.3,33,33,33.0,33.3333333333,10.4424242424,5.08117675781e-06,-0.837356455531,0.666,0,0,0,0,0,0,0,0,0,0,0,0
L: 0 R: 0 T: 1551390647.38
1551390648.0,33,33,33.3333333333,33.0,10.4363636364,-0.332994918823,-0.751673146589,-0.333,0,0,0,0,0,0,0,0,0,0,0,0
1551390648.09,34,32,34.3333333333,32.0,10.6545454545,-1.665,-2.04083657329,-1.33200508118,0,0,0,0,0,0,0,0,0,0,0,0
1551390648.18,34,32,34.0,32.3333333333,10.6363636364,-1.8315,-2.85191828665,-0.1665,0,0,0,0,0,0,0,0,0,0,0,0
1551390648.27,33,32,33.6666666667,32.6666666667,10.6575757576,-1.1655,-2.59145914332,0.666,0,0,0,0,0,0,0,0,0,0,0,0
1551390648.37,33,33,33.3333333333,33.0,10.6393939394,-0.8325,-2.12822957166,0.333,0,0,0,0,0,0,0,0,0,0,0,0
1551390648.46,33,33,33.0,33.3333333333,11.1393939394,0.0,-1.06411478583,0.8325,0,0,0,0,0,0,0,0,0,0,0,0
1551390648.56,31,35,31.3333333333,35.0,11.1424242424,1.998,1.46594260708,1.998,0,0,0,0,0,0,0,0,0,0,0,0
1551390648.65,29,37,29.3333333333,37.0,11.3848484848,5.328,6.06097130354,3.33,0,0,0,0,0,0,0,0,0,0,0,0
1551390648.74,26,39,27.0,39.3333333333,11.4484848485,9.324,12.3544856518,3.996,0,0,0,0,0,0,0,0,0,0,0,0
1551390648.84,25,40,25.6666666667,40.6666666667,11.4545454545,12.4875050812,18.6647479071,3.16350508118,0,0,0,0,0,0,0,0,0,0,0,0
1551390648.93,25,41,25.3333333333,41.0,11.4212121212,14.1525050812,23.4848790347,1.665,0,0,0,0,0,0,0,0,0,0,0,0
1551390649.02,25,41,25.3333333333,41.0,11.3666666667,14.985,26.7274395174,0.832494918823,0,0,0,0,0,0,0,0,0,0,0,0
1551390649.12,25,40,25.6666666667,40.6666666667,11.2,14.985,28.3487197587,0.0,0,0,0,0,0,0,0,0,0,0,0,0
1551390649.21,26,40,26.0,40.3333333333,11.1242424242,14.4855,28.6598598793,-0.4995,0,0,0,0,0,0,0,0,0,0,0,0
1551390649.3,26,40,26.3333333333,40.0,11.0121212121,13.8195,28.1494299397,-0.666,0,0,0,0,0,0,0,0,0,0,0,0
1551390649.4,27,39,27.0,39.3333333333,10.9666666667,12.987,27.0617149698,-0.8325,0,0,0,0,0,0,0,0,0,0,0,0
1551390649.49,27,38,27.6666666667,38.6666666667,11.3757575758,11.655,25.1858574849,-1.332,0,0,0,0,0,0,0,0,0,0,0,0
1551390649.59,26,40,26.0,40.3333333333,12.4636363636,12.987,25.5799287425,1.332,0,0,0,0,0,0,0,0,0,0,0,0
1551390649.68,25,41,25.3333333333,41.0,13.0121212121,14.6520050812,27.4419694524,1.66500508118,0,0,0,0,0,0,0,0,0,0,0,0
1551390649.77,23,42,23.6666666667,42.6666666667,13.3545454545,17.316,31.0369847262,2.66399491882,0,0,0,0,0,0,0,0,0,0,0,0
1551390649.87,20,46,20.3333333333,46.0,13.1393939394,21.978,37.4964923631,4.662,0,0,0,0,0,0,0,0,0,0,0,0
1551390649.96,19,47,19.0,47.3333333333,12.8909090909,25.641,44.3892461816,3.663,0,0,0,0,0,0,0,0,0,0,0,0
1551390650.05,19,47,19.3333333333,47.0,12.6151515152,26.8065,49.0011230908,1.1655,0,0,0,0,0,0,0,0,0,0,0,0
1551390650.15,20,45,20.6666666667,45.6666666667,12.3363636364,25.4745,49.9750615454,-1.332,0,0,0,0,0,0,0,0,0,0,0,0
1551390650.24,22,44,22.3333333333,44.0,12.103030303,22.977,47.9645307727,-2.4975,0,0,0,0,0,0,0,0,0,0,0,0
1551390650.34,23,43,23.3333333333,43.0,11.7575757576,20.646,44.6282653863,-2.331,0,0,0,0,0,0,0,0,0,0,0,0
1551390650.43,24,42,24.3333333333,42.0,11.3545454545,18.8145,41.1286326932,-1.8315,0,0,0,0,0,0,0,0,0,0,0,0
1551390650.52,24,42,24.0,42.3333333333,9.84545454547,18.315,38.8793163466,-0.4995,0,0,0,0,0,0,0,0,0,0,0,0
1551390650.62,21,45,21.0,45.3333333333,12.8696969697,21.8115,41.2511581733,3.4965,0,0,0,0,0,0,0,0,0,0,0,0
1551390650.71,21,45,21.0,45.3333333333,12.6272727273,22.977,43.6025790866,1.1655,0,0,0,0,0,0,0,0,0,0,0,0
1551390650.8,16,50,16.0,50.3333333333,11.1242424242,29.4705,51.2717895433,6.4935,0,0,0,0,0,0,0,0,0,0,0,0
1551390650.9,17,49,17.3333333333,49.0,12.2787878788,30.4695,56.1053947717,0.999,0,0,0,0,0,0,0,0,0,0,0,0
1551390650.99,17,49,17.3333333333,49.0,9.87575757577,30.8025,58.8551973858,0.333,0,0,0,0,0,0,0,0,0,0,0,0
L: 0 R: 0 T: 1551390651.07
1551390651.69,21,44,21.6666666667,44.6666666667,10.1393939394,25.9740050812,55.4016037741,-4.82849491882,0,0,0,0,0,0,0,0,0,0,0,0
1551390651.78,61,4,61.6666666667,4.66666666667,9.2303030303,-23.976,3.72480188705,-49.9500050812,0,0,0,0,0,0,0,0,0,0,0,0
1551390651.87,51,14,52.0,14.3333333333,10.596969697,-31.968,-30.1055990565,-7.992,0,0,0,0,0,0,0,0,0,0,0,0
1551390651.96,46,20,46.0,20.3333333333,10.5848484848,-28.1385,-43.1912995282,3.8295,0,0,0,0,0,0,0,0,0,0,0,0
1551390652.05,39,26,39.6666666667,26.6666666667,10.8545454545,-18.8145,-40.4101497641,9.324,0,0,0,0,0,0,0,0,0,0,0,0
1551390652.2,34,31,34.6666666667,31.6666666667,9.04545454547,-9.07736476135,-29.2824396434,9.73713523865,0,0,0,0,0,0,0,0,0,0,0,0
1551390652.29,29,36,29.6666666667,36.6666666667,10.7666666667,0.4995,-14.1417198217,9.57686476135,0,0,0,0,0,0,0,0,0,0,0,0
1551390652.38,23,42,23.6666666667,42.6666666667,12.3515151515,11.655,4.58414008915,11.1555,0,0,0,0,0,0,0,0,0,0,0,0
1551390652.47,22,44,22.0,44.3333333333,12.7848484848,17.8155,20.1075700446,6.1605,0,0,0,0,0,0,0,0,0,0,0,0
1551390652.56,20,46,20.3333333333,46.0,12.7424242424,22.311,32.3647850223,4.4955,0,0,0,0,0,0,0,0,0,0,0,0
1551390652.65,20,45,20.6666666667,45.6666666667,12.2151515152,23.8095,39.9918925111,1.4985,0,0,0,0,0,0,0,0,0,0,0,0
1551390652.74,21,45,21.0,45.3333333333,10.2242424242,23.976,43.9719462556,0.1665,0,0,0,0,0,0,0,0,0,0,0,0
1551390652.83,21,45,21.0,45.3333333333,10.0181818182,23.8095,45.7954731278,-0.1665,0,0,0,0,0,0,0,0,0,0,0,0
1551390652.93,23,43,23.3333333333,43.0,11.3242424242,21.312,44.2097365639,-2.4975,0,0,0,0,0,0,0,0,0,0,0,0
1551390653.08,22,44,22.0,44.3333333333,10.4242424242,21.8115,43.9163682819,0.4995,0,0,0,0,0,0,0,0,0,0,0,0
1551390653.11,21,45,21.3333333333,45.0,11.2454545455,22.644,44.602184141,0.8325,0,0,0,0,0,0,0,0,0,0,0,0
1551390653.15,21,44,21.6666666667,44.6666666667,10.9242424242,22.8105,45.1115920705,0.1665,0,0,0,0,0,0,0,0,0,0,0,0
1551390653.24,21,45,21.0,45.3333333333,14.1696969697,23.4765,46.0322960352,0.666,0,0,0,0,0,0,0,0,0,0,0,0
1551390653.33,19,46,19.6666666667,46.6666666667,13.796969697,25.4745,48.4906480176,1.998,0,0,0,0,0,0,0,0,0,0,0,0
1551390653.48,18,48,18.3333333333,48.0,13.2151515152,27.972,52.2173240088,2.4975,0,0,0,0,0,0,0,0,0,0,0,0
1551390653.57,18,48,18.0,48.3333333333,12.6090909091,28.971,55.0796620044,0.999,0,0,0,0,0,0,0,0,0,0,0,0
1551390653.66,18,47,18.6666666667,47.6666666667,10.8878787879,28.8045,56.3443310022,-0.1665,0,0,0,0,0,0,0,0,0,0,0,0
1551390653.75,21,45,21.3333333333,45.0,11.8727272727,25.308,53.4801655011,-3.4965,0,0,0,0,0,0,0,0,0,0,0,0
1551390653.84,23,43,23.0,43.3333333333,11.6212121212,21.978,48.7180827506,-3.33,0,0,0,0,0,0,0,0,0,0,0,0
1551390653.93,24,42,24.0,42.3333333333,11.4545454545,19.4805,43.8395413753,-2.4975,0,0,0,0,0,0,0,0,0,0,0,0
1551390654.02,25,41,25.3333333333,41.0,11.3787878788,16.983,38.9027706876,-2.4975,0,0,0,0,0,0,0,0,0,0,0,0
1551390654.12,26,40,26.0,40.3333333333,11.3,15.318,34.7693853438,-1.665,0,0,0,0,0,0,0,0,0,0,0,0
1551390654.21,26,39,26.6666666667,39.6666666667,11.7515151515,13.8195,31.2041926719,-1.4985,0,0,0,0,0,0,0,0,0,0,0,0
1551390654.3,26,40,26.0,40.3333333333,9.59393939393,13.986,29.588096336,0.1665,0,0,0,0,0,0,0,0,0,0,0,0
1551390654.4,26,40,26.0,40.3333333333,14.4575757576,13.986,28.780048168,0.0,0,0,0,0,0,0,0,0,0,0,0,0
1551390654.49,25,41,25.0,41.3333333333,13.3848484848,15.318,29.708024084,1.332,0,0,0,0,0,0,0,0,0,0,0,0
1551390654.59,21,44,21.6666666667,44.6666666667,12.0515151515,19.8135050812,34.6675171232,4.49550508118,0,0,0,0,0,0,0,0,0,0,0,0
1551390654.68,22,44,22.3333333333,44.0,9.7909090909,20.8125,38.1462585616,0.998994918823,0,0,0,0,0,0,0,0,0,0,0,0
L: 0 R: 0 T: 1551390654.75
1551390655.38,22,44,22.3333333333,44.0,11.4606060606,20.979,40.0521292808,0.1665,0,0,0,0,0,0,0,0,0,0,0,0
1551390655.46,42,24,42.0,24.3333333333,7.7303030303,-2.16449491882,17.8615697216,-23.1434949188,0,0,0,0,0,0,0,0,0,0,0,0
1551390655.55,38,27,38.6666666667,27.6666666667,8.32424242423,-7.659,1.27178486079,-5.49450508118,0,0,0,0,0,0,0,0,0,0,0,0
1551390655.65,38,28,38.3333333333,28.0,10.9151515152,-9.1575,-8.52160756961,-1.4985,0,0,0,0,0,0,0,0,0,0,0,0
1551390655.74,37,28,37.6666666667,28.6666666667,9.27272727273,-8.82449491882,-13.0852987036,0.333005081177,0,0,0,0,0,0,0,0,0,0,0,0
1551390655.83,39,27,39.3333333333,27.0,9.8515151515,-10.9889898376,-17.5316391895,-2.16449491882,0,0,0,0,0,0,0,0,0,0,0,0
